[0.439s] DEBUG:colcon:Command line arguments: ['/usr/bin/colcon', 'build', '--packages-select', 'dummy2_description']
[0.439s] DEBUG:colcon:Parsed command line arguments: Namespace(log_base=None, log_level=None, verb_name='build', build_base='build', install_base='install', merge_install=False, symlink_install=False, test_result_base=None, continue_on_error=False, executor='parallel', parallel_workers=4, event_handlers=None, ignore_user_meta=False, metas=['./colcon.meta'], base_paths=['.'], packages_ignore=None, packages_ignore_regex=None, paths=None, packages_up_to=None, packages_up_to_regex=None, packages_above=None, packages_above_and_dependencies=None, packages_above_depth=None, packages_select_by_dep=None, packages_skip_by_dep=None, packages_skip_up_to=None, packages_select_build_failed=False, packages_skip_build_finished=False, packages_select_test_failures=False, packages_skip_test_passed=False, packages_select=['dummy2_description'], packages_skip=None, packages_select_regex=None, packages_skip_regex=None, packages_start=None, packages_end=None, allow_overriding=[], cmake_args=None, cmake_target=None, cmake_target_skip_unavailable=False, cmake_clean_cache=False, cmake_clean_first=False, cmake_force_configure=False, ament_cmake_args=None, catkin_cmake_args=None, catkin_skip_building_tests=False, verb_parser=<colcon_defaults.argument_parser.defaults.DefaultArgumentsDecorator object at 0x7a5efe43bc10>, verb_extension=<colcon_core.verb.build.BuildVerb object at 0x7a5efe43b6a0>, main=<bound method BuildVerb.main of <colcon_core.verb.build.BuildVerb object at 0x7a5efe43b6a0>>)
[0.858s] Level 1:colcon.colcon_core.package_discovery:discover_packages(colcon_meta) check parameters
[0.858s] Level 1:colcon.colcon_core.package_discovery:discover_packages(recursive) check parameters
[0.858s] Level 1:colcon.colcon_core.package_discovery:discover_packages(ignore) check parameters
[0.858s] Level 1:colcon.colcon_core.package_discovery:discover_packages(path) check parameters
[0.858s] Level 1:colcon.colcon_core.package_discovery:discover_packages(colcon_meta) discover
[0.859s] Level 1:colcon.colcon_core.package_discovery:discover_packages(recursive) discover
[0.859s] INFO:colcon.colcon_core.package_discovery:Crawling recursively for packages in '/home/jj/dual_dummy'
[0.859s] Level 1:colcon.colcon_core.package_identification:_identify(.) by extensions ['ignore', 'ignore_ament_install']
[0.859s] Level 1:colcon.colcon_core.package_identification:_identify(.) by extension 'ignore'
[0.859s] Level 1:colcon.colcon_core.package_identification:_identify(.) by extension 'ignore_ament_install'
[0.859s] Level 1:colcon.colcon_core.package_identification:_identify(.) by extensions ['colcon_pkg']
[0.859s] Level 1:colcon.colcon_core.package_identification:_identify(.) by extension 'colcon_pkg'
[0.859s] Level 1:colcon.colcon_core.package_identification:_identify(.) by extensions ['colcon_meta']
[0.859s] Level 1:colcon.colcon_core.package_identification:_identify(.) by extension 'colcon_meta'
[0.859s] Level 1:colcon.colcon_core.package_identification:_identify(.) by extensions ['ros']
[0.859s] Level 1:colcon.colcon_core.package_identification:_identify(.) by extension 'ros'
[0.880s] Level 1:colcon.colcon_core.package_identification:_identify(.) by extensions ['cmake', 'python']
[0.880s] Level 1:colcon.colcon_core.package_identification:_identify(.) by extension 'cmake'
[0.880s] Level 1:colcon.colcon_core.package_identification:_identify(.) by extension 'python'
[0.880s] Level 1:colcon.colcon_core.package_identification:_identify(.) by extensions ['python_setup_py']
[0.880s] Level 1:colcon.colcon_core.package_identification:_identify(.) by extension 'python_setup_py'
[0.880s] Level 1:colcon.colcon_core.package_identification:_identify(build) by extensions ['ignore', 'ignore_ament_install']
[0.880s] Level 1:colcon.colcon_core.package_identification:_identify(build) by extension 'ignore'
[0.880s] Level 1:colcon.colcon_core.package_identification:_identify(build) ignored
[0.880s] Level 1:colcon.colcon_core.package_identification:_identify(install) by extensions ['ignore', 'ignore_ament_install']
[0.881s] Level 1:colcon.colcon_core.package_identification:_identify(install) by extension 'ignore'
[0.881s] Level 1:colcon.colcon_core.package_identification:_identify(install) ignored
[0.881s] Level 1:colcon.colcon_core.package_identification:_identify(log) by extensions ['ignore', 'ignore_ament_install']
[0.881s] Level 1:colcon.colcon_core.package_identification:_identify(log) by extension 'ignore'
[0.881s] Level 1:colcon.colcon_core.package_identification:_identify(log) ignored
[0.881s] Level 1:colcon.colcon_core.package_identification:_identify(src) by extensions ['ignore', 'ignore_ament_install']
[0.881s] Level 1:colcon.colcon_core.package_identification:_identify(src) by extension 'ignore'
[0.881s] Level 1:colcon.colcon_core.package_identification:_identify(src) by extension 'ignore_ament_install'
[0.881s] Level 1:colcon.colcon_core.package_identification:_identify(src) by extensions ['colcon_pkg']
[0.881s] Level 1:colcon.colcon_core.package_identification:_identify(src) by extension 'colcon_pkg'
[0.881s] Level 1:colcon.colcon_core.package_identification:_identify(src) by extensions ['colcon_meta']
[0.881s] Level 1:colcon.colcon_core.package_identification:_identify(src) by extension 'colcon_meta'
[0.881s] Level 1:colcon.colcon_core.package_identification:_identify(src) by extensions ['ros']
[0.881s] Level 1:colcon.colcon_core.package_identification:_identify(src) by extension 'ros'
[0.881s] Level 1:colcon.colcon_core.package_identification:_identify(src) by extensions ['cmake', 'python']
[0.881s] Level 1:colcon.colcon_core.package_identification:_identify(src) by extension 'cmake'
[0.881s] Level 1:colcon.colcon_core.package_identification:_identify(src) by extension 'python'
[0.881s] Level 1:colcon.colcon_core.package_identification:_identify(src) by extensions ['python_setup_py']
[0.881s] Level 1:colcon.colcon_core.package_identification:_identify(src) by extension 'python_setup_py'
[0.881s] Level 1:colcon.colcon_core.package_identification:_identify(src/arm_control) by extensions ['ignore', 'ignore_ament_install']
[0.882s] Level 1:colcon.colcon_core.package_identification:_identify(src/arm_control) by extension 'ignore'
[0.882s] Level 1:colcon.colcon_core.package_identification:_identify(src/arm_control) by extension 'ignore_ament_install'
[0.882s] Level 1:colcon.colcon_core.package_identification:_identify(src/arm_control) by extensions ['colcon_pkg']
[0.882s] Level 1:colcon.colcon_core.package_identification:_identify(src/arm_control) by extension 'colcon_pkg'
[0.882s] Level 1:colcon.colcon_core.package_identification:_identify(src/arm_control) by extensions ['colcon_meta']
[0.882s] Level 1:colcon.colcon_core.package_identification:_identify(src/arm_control) by extension 'colcon_meta'
[0.882s] Level 1:colcon.colcon_core.package_identification:_identify(src/arm_control) by extensions ['ros']
[0.882s] Level 1:colcon.colcon_core.package_identification:_identify(src/arm_control) by extension 'ros'
[0.889s] DEBUG:colcon.colcon_core.package_identification:Package 'src/arm_control' with type 'ros.ament_cmake' and name 'arm_control'
[0.889s] Level 1:colcon.colcon_core.package_identification:_identify(src/dummy2_description) by extensions ['ignore', 'ignore_ament_install']
[0.889s] Level 1:colcon.colcon_core.package_identification:_identify(src/dummy2_description) by extension 'ignore'
[0.890s] Level 1:colcon.colcon_core.package_identification:_identify(src/dummy2_description) by extension 'ignore_ament_install'
[0.890s] Level 1:colcon.colcon_core.package_identification:_identify(src/dummy2_description) by extensions ['colcon_pkg']
[0.890s] Level 1:colcon.colcon_core.package_identification:_identify(src/dummy2_description) by extension 'colcon_pkg'
[0.890s] Level 1:colcon.colcon_core.package_identification:_identify(src/dummy2_description) by extensions ['colcon_meta']
[0.890s] Level 1:colcon.colcon_core.package_identification:_identify(src/dummy2_description) by extension 'colcon_meta'
[0.890s] Level 1:colcon.colcon_core.package_identification:_identify(src/dummy2_description) by extensions ['ros']
[0.890s] Level 1:colcon.colcon_core.package_identification:_identify(src/dummy2_description) by extension 'ros'
[0.892s] DEBUG:colcon.colcon_core.package_identification:Package 'src/dummy2_description' with type 'ros.ament_python' and name 'dummy2_description'
[0.892s] Level 1:colcon.colcon_core.package_discovery:discover_packages(recursive) using defaults
[0.892s] Level 1:colcon.colcon_core.package_discovery:discover_packages(ignore) discover
[0.892s] Level 1:colcon.colcon_core.package_discovery:discover_packages(ignore) using defaults
[0.892s] Level 1:colcon.colcon_core.package_discovery:discover_packages(path) discover
[0.892s] Level 1:colcon.colcon_core.package_discovery:discover_packages(path) using defaults
[0.951s] INFO:colcon.colcon_core.package_selection:Skipping not selected package 'arm_control' in 'src/arm_control'
[0.952s] Level 1:colcon.colcon_core.package_discovery:discover_packages(prefix_path) check parameters
[0.953s] Level 1:colcon.colcon_core.package_discovery:discover_packages(prefix_path) discover
[0.961s] DEBUG:colcon.colcon_installed_package_information.package_discovery:Found 360 installed packages in /opt/ros/humble
[0.985s] Level 1:colcon.colcon_core.package_discovery:discover_packages(prefix_path) using defaults
[1.110s] Level 5:colcon.colcon_core.verb:set package 'dummy2_description' build argument 'cmake_args' from command line to 'None'
[1.110s] Level 5:colcon.colcon_core.verb:set package 'dummy2_description' build argument 'cmake_target' from command line to 'None'
[1.110s] Level 5:colcon.colcon_core.verb:set package 'dummy2_description' build argument 'cmake_target_skip_unavailable' from command line to 'False'
[1.110s] Level 5:colcon.colcon_core.verb:set package 'dummy2_description' build argument 'cmake_clean_cache' from command line to 'False'
[1.110s] Level 5:colcon.colcon_core.verb:set package 'dummy2_description' build argument 'cmake_clean_first' from command line to 'False'
[1.110s] Level 5:colcon.colcon_core.verb:set package 'dummy2_description' build argument 'cmake_force_configure' from command line to 'False'
[1.110s] Level 5:colcon.colcon_core.verb:set package 'dummy2_description' build argument 'ament_cmake_args' from command line to 'None'
[1.110s] Level 5:colcon.colcon_core.verb:set package 'dummy2_description' build argument 'catkin_cmake_args' from command line to 'None'
[1.110s] Level 5:colcon.colcon_core.verb:set package 'dummy2_description' build argument 'catkin_skip_building_tests' from command line to 'False'
[1.110s] DEBUG:colcon.colcon_core.verb:Building package 'dummy2_description' with the following arguments: {'ament_cmake_args': None, 'build_base': '/home/jj/dual_dummy/build/dummy2_description', 'catkin_cmake_args': None, 'catkin_skip_building_tests': False, 'cmake_args': None, 'cmake_clean_cache': False, 'cmake_clean_first': False, 'cmake_force_configure': False, 'cmake_target': None, 'cmake_target_skip_unavailable': False, 'install_base': '/home/jj/dual_dummy/install/dummy2_description', 'merge_install': False, 'path': '/home/jj/dual_dummy/src/dummy2_description', 'symlink_install': False, 'test_result_base': None}
[1.111s] INFO:colcon.colcon_core.executor:Executing jobs using 'parallel' executor
[1.112s] DEBUG:colcon.colcon_parallel_executor.executor.parallel:run_until_complete
[1.113s] INFO:colcon.colcon_ros.task.ament_python.build:Building ROS package in '/home/jj/dual_dummy/src/dummy2_description' with build type 'ament_python'
[1.113s] Level 1:colcon.colcon_core.shell:create_environment_hook('dummy2_description', 'ament_prefix_path')
[1.126s] INFO:colcon.colcon_core.plugin_system:Skipping extension 'colcon_core.shell.bat': Not used on non-Windows systems
[1.127s] INFO:colcon.colcon_core.shell:Creating environment hook '/home/jj/dual_dummy/install/dummy2_description/share/dummy2_description/hook/ament_prefix_path.ps1'
[1.130s] INFO:colcon.colcon_core.shell:Creating environment descriptor '/home/jj/dual_dummy/install/dummy2_description/share/dummy2_description/hook/ament_prefix_path.dsv'
[1.131s] INFO:colcon.colcon_core.shell:Creating environment hook '/home/jj/dual_dummy/install/dummy2_description/share/dummy2_description/hook/ament_prefix_path.sh'
[1.133s] INFO:colcon.colcon_core.shell:Skip shell extension 'powershell' for command environment: Not usable outside of PowerShell
[1.133s] DEBUG:colcon.colcon_core.shell:Skip shell extension 'dsv' for command environment
[1.481s] INFO:colcon.colcon_core.task.python.build:Building Python package in '/home/jj/dual_dummy/src/dummy2_description'
[1.481s] INFO:colcon.colcon_core.shell:Skip shell extension 'powershell' for command environment: Not usable outside of PowerShell
[1.481s] DEBUG:colcon.colcon_core.shell:Skip shell extension 'dsv' for command environment
[2.600s] DEBUG:colcon.colcon_core.event_handler.log_command:Invoking command in '/home/jj/dual_dummy/src/dummy2_description': PYTHONPATH=/home/jj/dual_dummy/build/dummy2_description/prefix_override:/usr/lib/python3/dist-packages/colcon_core/task/python/colcon_distutils_commands:/home/jj/dual_dummy/install/dummy2_description/lib/python3.10/site-packages:${PYTHONPATH} /usr/bin/python3 -W ignore:setup.py install is deprecated -W ignore:easy_install command is deprecated setup.py egg_info --egg-base ../../build/dummy2_description build --build-base /home/jj/dual_dummy/build/dummy2_description/build install --record /home/jj/dual_dummy/build/dummy2_description/install.log --single-version-externally-managed install_data
[2.929s] DEBUG:colcon.colcon_core.event_handler.log_command:Invoked command in '/home/jj/dual_dummy/src/dummy2_description' returned '0': PYTHONPATH=/home/jj/dual_dummy/build/dummy2_description/prefix_override:/usr/lib/python3/dist-packages/colcon_core/task/python/colcon_distutils_commands:/home/jj/dual_dummy/install/dummy2_description/lib/python3.10/site-packages:${PYTHONPATH} /usr/bin/python3 -W ignore:setup.py install is deprecated -W ignore:easy_install command is deprecated setup.py egg_info --egg-base ../../build/dummy2_description build --build-base /home/jj/dual_dummy/build/dummy2_description/build install --record /home/jj/dual_dummy/build/dummy2_description/install.log --single-version-externally-managed install_data
[2.944s] Level 1:colcon.colcon_core.environment:checking '/home/jj/dual_dummy/install/dummy2_description' for CMake module files
[2.945s] Level 1:colcon.colcon_core.environment:checking '/home/jj/dual_dummy/install/dummy2_description' for CMake config files
[2.946s] Level 1:colcon.colcon_core.environment:checking '/home/jj/dual_dummy/install/dummy2_description/lib'
[2.946s] Level 1:colcon.colcon_core.environment:checking '/home/jj/dual_dummy/install/dummy2_description/bin'
[2.946s] Level 1:colcon.colcon_core.environment:checking '/home/jj/dual_dummy/install/dummy2_description/lib/pkgconfig/dummy2_description.pc'
[2.946s] Level 1:colcon.colcon_core.environment:checking '/home/jj/dual_dummy/install/dummy2_description/lib/python3.10/site-packages'
[2.946s] Level 1:colcon.colcon_core.shell:create_environment_hook('dummy2_description', 'pythonpath')
[2.947s] INFO:colcon.colcon_core.shell:Creating environment hook '/home/jj/dual_dummy/install/dummy2_description/share/dummy2_description/hook/pythonpath.ps1'
[2.947s] INFO:colcon.colcon_core.shell:Creating environment descriptor '/home/jj/dual_dummy/install/dummy2_description/share/dummy2_description/hook/pythonpath.dsv'
[2.948s] INFO:colcon.colcon_core.shell:Creating environment hook '/home/jj/dual_dummy/install/dummy2_description/share/dummy2_description/hook/pythonpath.sh'
[2.949s] Level 1:colcon.colcon_core.environment:checking '/home/jj/dual_dummy/install/dummy2_description/bin'
[2.949s] Level 1:colcon.colcon_core.environment:create_environment_scripts_only(dummy2_description)
[2.950s] INFO:colcon.colcon_core.shell:Creating package script '/home/jj/dual_dummy/install/dummy2_description/share/dummy2_description/package.ps1'
[2.952s] INFO:colcon.colcon_core.shell:Creating package descriptor '/home/jj/dual_dummy/install/dummy2_description/share/dummy2_description/package.dsv'
[2.953s] INFO:colcon.colcon_core.shell:Creating package script '/home/jj/dual_dummy/install/dummy2_description/share/dummy2_description/package.sh'
[2.955s] INFO:colcon.colcon_core.shell:Creating package script '/home/jj/dual_dummy/install/dummy2_description/share/dummy2_description/package.bash'
[2.959s] INFO:colcon.colcon_core.shell:Creating package script '/home/jj/dual_dummy/install/dummy2_description/share/dummy2_description/package.zsh'
[2.961s] Level 1:colcon.colcon_core.environment:create_file_with_runtime_dependencies(/home/jj/dual_dummy/install/dummy2_description/share/colcon-core/packages/dummy2_description)
[2.962s] DEBUG:colcon.colcon_parallel_executor.executor.parallel:closing loop
[2.963s] DEBUG:colcon.colcon_parallel_executor.executor.parallel:loop closed
[2.963s] DEBUG:colcon.colcon_parallel_executor.executor.parallel:run_until_complete finished with '0'
[2.963s] DEBUG:colcon.colcon_core.event_reactor:joining thread
[2.982s] INFO:colcon.colcon_core.plugin_system:Skipping extension 'colcon_notification.desktop_notification.terminal_notifier': Not used on non-Darwin systems
[2.982s] INFO:colcon.colcon_core.plugin_system:Skipping extension 'colcon_notification.desktop_notification.win32': Not used on non-Windows systems
[2.982s] INFO:colcon.colcon_notification.desktop_notification:Sending desktop notification using 'notify2'
[3.030s] DEBUG:colcon.colcon_core.event_reactor:joined thread
[3.031s] INFO:colcon.colcon_core.shell:Creating prefix script '/home/jj/dual_dummy/install/local_setup.ps1'
[3.033s] INFO:colcon.colcon_core.shell:Creating prefix util module '/home/jj/dual_dummy/install/_local_setup_util_ps1.py'
[3.037s] INFO:colcon.colcon_core.shell:Creating prefix chain script '/home/jj/dual_dummy/install/setup.ps1'
[3.040s] INFO:colcon.colcon_core.shell:Creating prefix script '/home/jj/dual_dummy/install/local_setup.sh'
[3.042s] INFO:colcon.colcon_core.shell:Creating prefix util module '/home/jj/dual_dummy/install/_local_setup_util_sh.py'
[3.044s] INFO:colcon.colcon_core.shell:Creating prefix chain script '/home/jj/dual_dummy/install/setup.sh'
[3.048s] INFO:colcon.colcon_core.shell:Creating prefix script '/home/jj/dual_dummy/install/local_setup.bash'
[3.050s] INFO:colcon.colcon_core.shell:Creating prefix chain script '/home/jj/dual_dummy/install/setup.bash'
[3.052s] INFO:colcon.colcon_core.shell:Creating prefix script '/home/jj/dual_dummy/install/local_setup.zsh'
[3.054s] INFO:colcon.colcon_core.shell:Creating prefix chain script '/home/jj/dual_dummy/install/setup.zsh'
