[35m[1mConsolidate compiler generated dependencies of target arm_control__rosidl_generator_c[0m
[  1%] Built target arm_control__cpp
[ 10%] Built target arm_control__rosidl_generator_c
[ 10%] Built target ament_cmake_python_copy_arm_control
[35m[1mConsolidate compiler generated dependencies of target arm_control__rosidl_typesupport_cpp[0m
[35m[1mConsolidate compiler generated dependencies of target arm_control__rosidl_typesupport_fastrtps_cpp[0m
[35m[1mConsolidate compiler generated dependencies of target arm_control__rosidl_typesupport_introspection_cpp[0m
[35m[1mConsolidate compiler generated dependencies of target arm_control__rosidl_typesupport_fastrtps_c[0m
[ 20%] Built target arm_control__rosidl_typesupport_introspection_cpp
[ 29%] Built target arm_control__rosidl_typesupport_cpp
[ 38%] Built target arm_control__rosidl_typesupport_fastrtps_cpp
[35m[1mConsolidate compiler generated dependencies of target arm_control__rosidl_typesupport_introspection_c[0m
[ 47%] Built target arm_control__rosidl_typesupport_fastrtps_c
[35m[1mConsolidate compiler generated dependencies of target arm_control__rosidl_typesupport_c[0m
[ 56%] Built target arm_control__rosidl_typesupport_introspection_c
[35m[1mConsolidate compiler generated dependencies of target ik_node[0m
[ 65%] Built target arm_control__rosidl_typesupport_c
[35m[1mConsolidate compiler generated dependencies of target trajectory_node[0m
[35m[1mConsolidate compiler generated dependencies of target arm_controller_node[0m
[ 67%] [32mBuilding CXX object CMakeFiles/ik_node.dir/src/ik_node.cpp.o[0m
[ 69%] [32mBuilding CXX object CMakeFiles/trajectory_node.dir/src/trajectory_node.cpp.o[0m
[ 70%] [32mBuilding CXX object CMakeFiles/arm_controller_node.dir/src/controller_node.cpp.o[0m
running egg_info
writing arm_control.egg-info/PKG-INFO
writing dependency_links to arm_control.egg-info/dependency_links.txt
writing top-level names to arm_control.egg-info/top_level.txt
reading manifest file 'arm_control.egg-info/SOURCES.txt'
writing manifest file 'arm_control.egg-info/SOURCES.txt'
[ 70%] Built target ament_cmake_python_build_arm_control_egg
[35m[1mConsolidate compiler generated dependencies of target trajectory_viewer[0m
[ 72%] [32mBuilding CXX object CMakeFiles/trajectory_viewer.dir/src/trajectory_viewer.cpp.o[0m
[ 74%] [32m[1mLinking CXX executable trajectory_viewer[0m
[ 76%] [32m[1mLinking CXX executable ik_node[0m
/usr/bin/ld: CMakeFiles/trajectory_viewer.dir/src/trajectory_viewer.cpp.o: in function `TrajectoryViewer::traj_callback(std::shared_ptr<arm_control::msg::TrajectoryPoint_<std::allocator<void> > >)':
trajectory_viewer.cpp:(.text._ZN16TrajectoryViewer13traj_callbackESt10shared_ptrIN11arm_control3msg16TrajectoryPoint_ISaIvEEEE[_ZN16TrajectoryViewer13traj_callbackESt10shared_ptrIN11arm_control3msg16TrajectoryPoint_ISaIvEEEE]+0x124): undefined reference to `forwardKinematics(std::vector<ModifiedDHParameter, std::allocator<ModifiedDHParameter> > const&, Eigen::Matrix<double, -1, 1, 0, -1, 1> const&, int const&)'
collect2: error: ld returned 1 exit status
gmake[2]: *** [CMakeFiles/trajectory_viewer.dir/build.make:184: trajectory_viewer] Error 1
gmake[1]: *** [CMakeFiles/Makefile2:680: CMakeFiles/trajectory_viewer.dir/all] Error 2
gmake[1]: *** Waiting for unfinished jobs....
/usr/bin/ld: CMakeFiles/ik_node.dir/src/ik_node.cpp.o: in function `IKNode::terminal_input()':
ik_node.cpp:(.text._ZN6IKNode14terminal_inputEv[_ZN6IKNode14terminal_inputEv]+0x5ea): undefined reference to `inverseKinematics(std::vector<ModifiedDHParameter, std::allocator<ModifiedDHParameter> > const&, Eigen::Matrix<double, -1, 1, 0, -1, 1> const&, Eigen::Matrix<double, 4, 4, 0, 4, 4> const&, int const&, std::vector<std::pair<double, double>, std::allocator<std::pair<double, double> > > const&, int, double, double)'
collect2: error: ld returned 1 exit status
gmake[2]: *** [CMakeFiles/ik_node.dir/build.make:177: ik_node] Error 1
gmake[1]: *** [CMakeFiles/Makefile2:599: CMakeFiles/ik_node.dir/all] Error 2
[ 78%] [32m[1mLinking CXX executable arm_controller_node[0m
[ 80%] [32m[1mLinking CXX executable trajectory_node[0m
[ 80%] Built target arm_controller_node
/usr/bin/ld: CMakeFiles/trajectory_node.dir/src/trajectory_node.cpp.o: in function `TrajectoryNode::ik_callback(std::shared_ptr<arm_control::msg::IKResult_<std::allocator<void> > >)':
trajectory_node.cpp:(.text._ZN14TrajectoryNode11ik_callbackESt10shared_ptrIN11arm_control3msg9IKResult_ISaIvEEEE[_ZN14TrajectoryNode11ik_callbackESt10shared_ptrIN11arm_control3msg9IKResult_ISaIvEEEE]+0x6bc): undefined reference to `jointSpaceTrajectory(Eigen::Matrix<double, -1, 1, 0, -1, 1> const&, Eigen::Matrix<double, -1, 1, 0, -1, 1> const&, double, double, std::vector<std::pair<double, double>, std::allocator<std::pair<double, double> > > const&)'
collect2: error: ld returned 1 exit status
gmake[2]: *** [CMakeFiles/trajectory_node.dir/build.make:177: trajectory_node] Error 1
gmake[1]: *** [CMakeFiles/Makefile2:626: CMakeFiles/trajectory_node.dir/all] Error 2
gmake: *** [Makefile:146: all] Error 2
