[35m[1mConsolidate compiler generated dependencies of target arm_control__rosidl_generator_c[0m
[  1%] Built target arm_control__cpp
[ 10%] Built target arm_control__rosidl_generator_c
[ 10%] Built target ament_cmake_python_copy_arm_control
[35m[1mConsolidate compiler generated dependencies of target arm_control__rosidl_typesupport_cpp[0m
[35m[1mConsolidate compiler generated dependencies of target arm_control__rosidl_typesupport_fastrtps_cpp[0m
[35m[1mConsolidate compiler generated dependencies of target arm_control__rosidl_typesupport_introspection_cpp[0m
[35m[1mConsolidate compiler generated dependencies of target arm_control__rosidl_typesupport_fastrtps_c[0m
[ 20%] Built target arm_control__rosidl_typesupport_introspection_cpp
[ 29%] Built target arm_control__rosidl_typesupport_cpp
[ 38%] Built target arm_control__rosidl_typesupport_fastrtps_cpp
[35m[1mConsolidate compiler generated dependencies of target arm_control__rosidl_typesupport_introspection_c[0m
[ 47%] Built target arm_control__rosidl_typesupport_fastrtps_c
[35m[1mConsolidate compiler generated dependencies of target arm_control__rosidl_typesupport_c[0m
[ 56%] Built target arm_control__rosidl_typesupport_introspection_c
[35m[1mConsolidate compiler generated dependencies of target ik_node[0m
[ 65%] Built target arm_control__rosidl_typesupport_c
[35m[1mConsolidate compiler generated dependencies of target trajectory_node[0m
[35m[1mConsolidate compiler generated dependencies of target arm_controller_node[0m
[ 67%] [32mBuilding CXX object CMakeFiles/ik_node.dir/src/ik_node.cpp.o[0m
[ 69%] [32mBuilding CXX object CMakeFiles/trajectory_node.dir/src/trajectory_node.cpp.o[0m
[ 70%] [32mBuilding CXX object CMakeFiles/arm_controller_node.dir/src/controller_node.cpp.o[0m
running egg_info
writing arm_control.egg-info/PKG-INFO
writing dependency_links to arm_control.egg-info/dependency_links.txt
writing top-level names to arm_control.egg-info/top_level.txt
reading manifest file 'arm_control.egg-info/SOURCES.txt'
writing manifest file 'arm_control.egg-info/SOURCES.txt'
[ 70%] Built target ament_cmake_python_build_arm_control_egg
[35m[1mConsolidate compiler generated dependencies of target trajectory_viewer[0m
[ 72%] [32mBuilding CXX object CMakeFiles/trajectory_viewer.dir/src/trajectory_viewer.cpp.o[0m
[ 74%] [32m[1mLinking CXX executable trajectory_viewer[0m
[ 76%] [32m[1mLinking CXX executable ik_node[0m
[ 78%] [32m[1mLinking CXX executable arm_controller_node[0m
[ 80%] [32m[1mLinking CXX executable trajectory_node[0m
[ 80%] Built target arm_controller_node
