[0.018s] Invoking command in '/home/jj/dual_dummy/src/arm_control/build/arm_control': CMAKE_PREFIX_PATH=/opt/ros/humble /usr/bin/cmake --build /home/jj/dual_dummy/src/arm_control/build/arm_control -- -j4 -l4
[0.082s] [35m[1mConsolidate compiler generated dependencies of target arm_control__rosidl_generator_c[0m
[0.094s] [  1%] Built target arm_control__cpp
[0.099s] [ 10%] Built target arm_control__rosidl_generator_c
[0.107s] [ 10%] Built target ament_cmake_python_copy_arm_control
[0.107s] [35m[1mConsolidate compiler generated dependencies of target arm_control__rosidl_typesupport_cpp[0m
[0.109s] [35m[1mConsolidate compiler generated dependencies of target arm_control__rosidl_typesupport_fastrtps_cpp[0m
[0.112s] [35m[1mConsolidate compiler generated dependencies of target arm_control__rosidl_typesupport_introspection_cpp[0m
[0.126s] [35m[1mConsolidate compiler generated dependencies of target arm_control__rosidl_typesupport_fastrtps_c[0m
[0.138s] [ 20%] Built target arm_control__rosidl_typesupport_introspection_cpp
[0.148s] [ 29%] Built target arm_control__rosidl_typesupport_cpp
[0.150s] [ 38%] Built target arm_control__rosidl_typesupport_fastrtps_cpp
[0.163s] [35m[1mConsolidate compiler generated dependencies of target arm_control__rosidl_typesupport_introspection_c[0m
[0.171s] [ 47%] Built target arm_control__rosidl_typesupport_fastrtps_c
[0.177s] [35m[1mConsolidate compiler generated dependencies of target arm_control__rosidl_typesupport_c[0m
[0.178s] [ 56%] Built target arm_control__rosidl_typesupport_introspection_c
[0.192s] [35m[1mConsolidate compiler generated dependencies of target ik_node[0m
[0.199s] [ 65%] Built target arm_control__rosidl_typesupport_c
[0.200s] [35m[1mConsolidate compiler generated dependencies of target trajectory_node[0m
[0.217s] [35m[1mConsolidate compiler generated dependencies of target arm_controller_node[0m
[0.246s] [ 67%] [32mBuilding CXX object CMakeFiles/ik_node.dir/src/ik_node.cpp.o[0m
[0.261s] [ 69%] [32mBuilding CXX object CMakeFiles/trajectory_node.dir/src/trajectory_node.cpp.o[0m
[0.269s] [ 70%] [32mBuilding CXX object CMakeFiles/arm_controller_node.dir/src/controller_node.cpp.o[0m
[0.490s] running egg_info
[0.491s] writing arm_control.egg-info/PKG-INFO
[0.492s] writing dependency_links to arm_control.egg-info/dependency_links.txt
[0.492s] writing top-level names to arm_control.egg-info/top_level.txt
[0.496s] reading manifest file 'arm_control.egg-info/SOURCES.txt'
[0.497s] writing manifest file 'arm_control.egg-info/SOURCES.txt'
[0.551s] [ 70%] Built target ament_cmake_python_build_arm_control_egg
[0.563s] [35m[1mConsolidate compiler generated dependencies of target trajectory_viewer[0m
[0.594s] [ 72%] [32mBuilding CXX object CMakeFiles/trajectory_viewer.dir/src/trajectory_viewer.cpp.o[0m
[14.727s] [ 74%] [32m[1mLinking CXX executable trajectory_viewer[0m
[15.527s] [ 76%] [32m[1mLinking CXX executable ik_node[0m
[16.091s] /usr/bin/ld: CMakeFiles/trajectory_viewer.dir/src/trajectory_viewer.cpp.o: in function `TrajectoryViewer::traj_callback(std::shared_ptr<arm_control::msg::TrajectoryPoint_<std::allocator<void> > >)':
[16.099s] trajectory_viewer.cpp:(.text._ZN16TrajectoryViewer13traj_callbackESt10shared_ptrIN11arm_control3msg16TrajectoryPoint_ISaIvEEEE[_ZN16TrajectoryViewer13traj_callbackESt10shared_ptrIN11arm_control3msg16TrajectoryPoint_ISaIvEEEE]+0x124): undefined reference to `forwardKinematics(std::vector<ModifiedDHParameter, std::allocator<ModifiedDHParameter> > const&, Eigen::Matrix<double, -1, 1, 0, -1, 1> const&, int const&)'
[16.263s] collect2: error: ld returned 1 exit status
[16.264s] gmake[2]: *** [CMakeFiles/trajectory_viewer.dir/build.make:184: trajectory_viewer] Error 1
[16.271s] gmake[1]: *** [CMakeFiles/Makefile2:680: CMakeFiles/trajectory_viewer.dir/all] Error 2
[16.272s] gmake[1]: *** Waiting for unfinished jobs....
[16.450s] /usr/bin/ld: CMakeFiles/ik_node.dir/src/ik_node.cpp.o: in function `IKNode::terminal_input()':
[16.451s] ik_node.cpp:(.text._ZN6IKNode14terminal_inputEv[_ZN6IKNode14terminal_inputEv]+0x5ea): undefined reference to `inverseKinematics(std::vector<ModifiedDHParameter, std::allocator<ModifiedDHParameter> > const&, Eigen::Matrix<double, -1, 1, 0, -1, 1> const&, Eigen::Matrix<double, 4, 4, 0, 4, 4> const&, int const&, std::vector<std::pair<double, double>, std::allocator<std::pair<double, double> > > const&, int, double, double)'
[16.542s] collect2: error: ld returned 1 exit status
[16.552s] gmake[2]: *** [CMakeFiles/ik_node.dir/build.make:177: ik_node] Error 1
[16.556s] gmake[1]: *** [CMakeFiles/Makefile2:599: CMakeFiles/ik_node.dir/all] Error 2
[18.461s] [ 78%] [32m[1mLinking CXX executable arm_controller_node[0m
[19.140s] [ 80%] [32m[1mLinking CXX executable trajectory_node[0m
[19.550s] [ 80%] Built target arm_controller_node
[20.041s] /usr/bin/ld: CMakeFiles/trajectory_node.dir/src/trajectory_node.cpp.o: in function `TrajectoryNode::ik_callback(std::shared_ptr<arm_control::msg::IKResult_<std::allocator<void> > >)':
[20.042s] trajectory_node.cpp:(.text._ZN14TrajectoryNode11ik_callbackESt10shared_ptrIN11arm_control3msg9IKResult_ISaIvEEEE[_ZN14TrajectoryNode11ik_callbackESt10shared_ptrIN11arm_control3msg9IKResult_ISaIvEEEE]+0x6bc): undefined reference to `jointSpaceTrajectory(Eigen::Matrix<double, -1, 1, 0, -1, 1> const&, Eigen::Matrix<double, -1, 1, 0, -1, 1> const&, double, double, std::vector<std::pair<double, double>, std::allocator<std::pair<double, double> > > const&)'
[20.138s] collect2: error: ld returned 1 exit status
[20.141s] gmake[2]: *** [CMakeFiles/trajectory_node.dir/build.make:177: trajectory_node] Error 1
[20.144s] gmake[1]: *** [CMakeFiles/Makefile2:626: CMakeFiles/trajectory_node.dir/all] Error 2
[20.150s] gmake: *** [Makefile:146: all] Error 2
[20.242s] Invoked command in '/home/jj/dual_dummy/src/arm_control/build/arm_control' returned '2': CMAKE_PREFIX_PATH=/opt/ros/humble /usr/bin/cmake --build /home/jj/dual_dummy/src/arm_control/build/arm_control -- -j4 -l4
