[0.018s] Invoking command in '/home/jj/dual_dummy/src/arm_control/build/arm_control': CMAKE_PREFIX_PATH=${CMAKE_PREFIX_PATH}:/opt/ros/humble /usr/bin/cmake --build /home/jj/dual_dummy/src/arm_control/build/arm_control -- -j4 -l4
[0.092s] [  1%] Built target arm_control__cpp
[0.092s] [ 10%] Built target arm_control__rosidl_generator_c
[0.096s] [ 14%] Built target motionlib
[0.103s] [ 14%] Built target ament_cmake_python_copy_arm_control
[0.122s] [ 22%] Built target arm_control__rosidl_typesupport_cpp
[0.131s] [ 31%] Built target arm_control__rosidl_typesupport_introspection_c
[0.135s] [ 40%] Built target arm_control__rosidl_typesupport_fastrtps_cpp
[0.143s] [ 49%] Built target arm_control__rosidl_typesupport_c
[0.162s] [ 57%] Built target arm_control__rosidl_typesupport_introspection_cpp
[0.178s] [ 61%] Built target ik_node
[0.181s] [ 64%] Built target trajectory_node
[0.201s] [ 68%] Built target arm_controller_node
[0.212s] [ 77%] Built target arm_control__rosidl_typesupport_fastrtps_c
[0.216s] [ 80%] Built target trajectory_viewer
[0.245s] [ 80%] Built target arm_control
[0.275s] [ 82%] Built target arm_control__py
[0.310s] [ 89%] Built target arm_control__rosidl_generator_py
[0.343s] [ 92%] Built target arm_control__rosidl_typesupport_introspection_c__pyext
[0.352s] [ 96%] Built target arm_control__rosidl_typesupport_fastrtps_c__pyext
[0.357s] [100%] Built target arm_control__rosidl_typesupport_c__pyext
[0.378s] running egg_info
[0.379s] writing arm_control.egg-info/PKG-INFO
[0.380s] writing dependency_links to arm_control.egg-info/dependency_links.txt
[0.380s] writing top-level names to arm_control.egg-info/top_level.txt
[0.382s] reading manifest file 'arm_control.egg-info/SOURCES.txt'
[0.383s] writing manifest file 'arm_control.egg-info/SOURCES.txt'
[0.426s] [100%] Built target ament_cmake_python_build_arm_control_egg
[0.447s] Invoked command in '/home/jj/dual_dummy/src/arm_control/build/arm_control' returned '0': CMAKE_PREFIX_PATH=${CMAKE_PREFIX_PATH}:/opt/ros/humble /usr/bin/cmake --build /home/jj/dual_dummy/src/arm_control/build/arm_control -- -j4 -l4
[0.461s] Invoking command in '/home/jj/dual_dummy/src/arm_control/build/arm_control': CMAKE_PREFIX_PATH=${CMAKE_PREFIX_PATH}:/opt/ros/humble /usr/bin/cmake --install /home/jj/dual_dummy/src/arm_control/build/arm_control
[0.470s] -- Install configuration: ""
[0.470s] -- Up-to-date: /home/jj/dual_dummy/src/arm_control/install/arm_control/share/ament_index/resource_index/rosidl_interfaces/arm_control
[0.471s] -- Up-to-date: /home/jj/dual_dummy/src/arm_control/install/arm_control/include/arm_control/arm_control
[0.472s] -- Up-to-date: /home/jj/dual_dummy/src/arm_control/install/arm_control/include/arm_control/arm_control/msg
[0.472s] -- Up-to-date: /home/jj/dual_dummy/src/arm_control/install/arm_control/include/arm_control/arm_control/msg/control_command.h
[0.472s] -- Up-to-date: /home/jj/dual_dummy/src/arm_control/install/arm_control/include/arm_control/arm_control/msg/rosidl_generator_c__visibility_control.h
[0.473s] -- Up-to-date: /home/jj/dual_dummy/src/arm_control/install/arm_control/include/arm_control/arm_control/msg/ik_result.h
[0.473s] -- Up-to-date: /home/jj/dual_dummy/src/arm_control/install/arm_control/include/arm_control/arm_control/msg/detail
[0.473s] -- Up-to-date: /home/jj/dual_dummy/src/arm_control/install/arm_control/include/arm_control/arm_control/msg/detail/trajectory_point__functions.h
[0.473s] -- Up-to-date: /home/jj/dual_dummy/src/arm_control/install/arm_control/include/arm_control/arm_control/msg/detail/control_command__type_support.h
[0.473s] -- Up-to-date: /home/jj/dual_dummy/src/arm_control/install/arm_control/include/arm_control/arm_control/msg/detail/trajectory_point__struct.h
[0.473s] -- Up-to-date: /home/jj/dual_dummy/src/arm_control/install/arm_control/include/arm_control/arm_control/msg/detail/ik_result__struct.h
[0.474s] -- Up-to-date: /home/jj/dual_dummy/src/arm_control/install/arm_control/include/arm_control/arm_control/msg/detail/control_command__functions.h
[0.474s] -- Up-to-date: /home/jj/dual_dummy/src/arm_control/install/arm_control/include/arm_control/arm_control/msg/detail/control_command__struct.h
[0.474s] -- Up-to-date: /home/jj/dual_dummy/src/arm_control/install/arm_control/include/arm_control/arm_control/msg/detail/trajectory_point__functions.c
[0.474s] -- Up-to-date: /home/jj/dual_dummy/src/arm_control/install/arm_control/include/arm_control/arm_control/msg/detail/ik_result__functions.c
[0.474s] -- Up-to-date: /home/jj/dual_dummy/src/arm_control/install/arm_control/include/arm_control/arm_control/msg/detail/control_command__functions.c
[0.474s] -- Up-to-date: /home/jj/dual_dummy/src/arm_control/install/arm_control/include/arm_control/arm_control/msg/detail/trajectory_point__type_support.h
[0.474s] -- Up-to-date: /home/jj/dual_dummy/src/arm_control/install/arm_control/include/arm_control/arm_control/msg/detail/ik_result__type_support.h
[0.474s] -- Up-to-date: /home/jj/dual_dummy/src/arm_control/install/arm_control/include/arm_control/arm_control/msg/detail/ik_result__functions.h
[0.474s] -- Up-to-date: /home/jj/dual_dummy/src/arm_control/install/arm_control/include/arm_control/arm_control/msg/trajectory_point.h
[0.474s] -- Up-to-date: /home/jj/dual_dummy/src/arm_control/install/arm_control/share/arm_control/environment/library_path.sh
[0.474s] -- Up-to-date: /home/jj/dual_dummy/src/arm_control/install/arm_control/share/arm_control/environment/library_path.dsv
[0.475s] -- Up-to-date: /home/jj/dual_dummy/src/arm_control/install/arm_control/lib/libarm_control__rosidl_generator_c.so
[0.475s] -- Up-to-date: /home/jj/dual_dummy/src/arm_control/install/arm_control/include/arm_control/arm_control
[0.475s] -- Up-to-date: /home/jj/dual_dummy/src/arm_control/install/arm_control/include/arm_control/arm_control/msg
[0.475s] -- Up-to-date: /home/jj/dual_dummy/src/arm_control/install/arm_control/include/arm_control/arm_control/msg/rosidl_typesupport_fastrtps_c__visibility_control.h
[0.475s] -- Up-to-date: /home/jj/dual_dummy/src/arm_control/install/arm_control/include/arm_control/arm_control/msg/detail
[0.475s] -- Up-to-date: /home/jj/dual_dummy/src/arm_control/install/arm_control/include/arm_control/arm_control/msg/detail/ik_result__rosidl_typesupport_fastrtps_c.h
[0.475s] -- Up-to-date: /home/jj/dual_dummy/src/arm_control/install/arm_control/include/arm_control/arm_control/msg/detail/control_command__rosidl_typesupport_fastrtps_c.h
[0.475s] -- Up-to-date: /home/jj/dual_dummy/src/arm_control/install/arm_control/include/arm_control/arm_control/msg/detail/trajectory_point__rosidl_typesupport_fastrtps_c.h
[0.475s] -- Up-to-date: /home/jj/dual_dummy/src/arm_control/install/arm_control/lib/libarm_control__rosidl_typesupport_fastrtps_c.so
[0.475s] -- Up-to-date: /home/jj/dual_dummy/src/arm_control/install/arm_control/include/arm_control/arm_control
[0.475s] -- Up-to-date: /home/jj/dual_dummy/src/arm_control/install/arm_control/include/arm_control/arm_control/msg
[0.476s] -- Up-to-date: /home/jj/dual_dummy/src/arm_control/install/arm_control/include/arm_control/arm_control/msg/control_command.hpp
[0.476s] -- Up-to-date: /home/jj/dual_dummy/src/arm_control/install/arm_control/include/arm_control/arm_control/msg/ik_result.hpp
[0.476s] -- Up-to-date: /home/jj/dual_dummy/src/arm_control/install/arm_control/include/arm_control/arm_control/msg/rosidl_generator_cpp__visibility_control.hpp
[0.476s] -- Up-to-date: /home/jj/dual_dummy/src/arm_control/install/arm_control/include/arm_control/arm_control/msg/trajectory_point.hpp
[0.476s] -- Up-to-date: /home/jj/dual_dummy/src/arm_control/install/arm_control/include/arm_control/arm_control/msg/detail
[0.476s] -- Up-to-date: /home/jj/dual_dummy/src/arm_control/install/arm_control/include/arm_control/arm_control/msg/detail/control_command__type_support.hpp
[0.477s] -- Up-to-date: /home/jj/dual_dummy/src/arm_control/install/arm_control/include/arm_control/arm_control/msg/detail/trajectory_point__type_support.hpp
[0.477s] -- Up-to-date: /home/jj/dual_dummy/src/arm_control/install/arm_control/include/arm_control/arm_control/msg/detail/trajectory_point__struct.hpp
[0.477s] -- Up-to-date: /home/jj/dual_dummy/src/arm_control/install/arm_control/include/arm_control/arm_control/msg/detail/ik_result__builder.hpp
[0.477s] -- Up-to-date: /home/jj/dual_dummy/src/arm_control/install/arm_control/include/arm_control/arm_control/msg/detail/control_command__struct.hpp
[0.478s] -- Up-to-date: /home/jj/dual_dummy/src/arm_control/install/arm_control/include/arm_control/arm_control/msg/detail/trajectory_point__builder.hpp
[0.478s] -- Up-to-date: /home/jj/dual_dummy/src/arm_control/install/arm_control/include/arm_control/arm_control/msg/detail/ik_result__struct.hpp
[0.478s] -- Up-to-date: /home/jj/dual_dummy/src/arm_control/install/arm_control/include/arm_control/arm_control/msg/detail/control_command__builder.hpp
[0.478s] -- Up-to-date: /home/jj/dual_dummy/src/arm_control/install/arm_control/include/arm_control/arm_control/msg/detail/ik_result__type_support.hpp
[0.478s] -- Up-to-date: /home/jj/dual_dummy/src/arm_control/install/arm_control/include/arm_control/arm_control/msg/detail/control_command__traits.hpp
[0.478s] -- Up-to-date: /home/jj/dual_dummy/src/arm_control/install/arm_control/include/arm_control/arm_control/msg/detail/trajectory_point__traits.hpp
[0.478s] -- Up-to-date: /home/jj/dual_dummy/src/arm_control/install/arm_control/include/arm_control/arm_control/msg/detail/ik_result__traits.hpp
[0.478s] -- Up-to-date: /home/jj/dual_dummy/src/arm_control/install/arm_control/include/arm_control/arm_control
[0.478s] -- Up-to-date: /home/jj/dual_dummy/src/arm_control/install/arm_control/include/arm_control/arm_control/msg
[0.479s] -- Up-to-date: /home/jj/dual_dummy/src/arm_control/install/arm_control/include/arm_control/arm_control/msg/rosidl_typesupport_fastrtps_cpp__visibility_control.h
[0.479s] -- Up-to-date: /home/jj/dual_dummy/src/arm_control/install/arm_control/include/arm_control/arm_control/msg/detail
[0.479s] -- Up-to-date: /home/jj/dual_dummy/src/arm_control/install/arm_control/include/arm_control/arm_control/msg/detail/dds_fastrtps
[0.479s] -- Up-to-date: /home/jj/dual_dummy/src/arm_control/install/arm_control/include/arm_control/arm_control/msg/detail/ik_result__rosidl_typesupport_fastrtps_cpp.hpp
[0.479s] -- Up-to-date: /home/jj/dual_dummy/src/arm_control/install/arm_control/include/arm_control/arm_control/msg/detail/control_command__rosidl_typesupport_fastrtps_cpp.hpp
[0.479s] -- Up-to-date: /home/jj/dual_dummy/src/arm_control/install/arm_control/include/arm_control/arm_control/msg/detail/trajectory_point__rosidl_typesupport_fastrtps_cpp.hpp
[0.479s] -- Up-to-date: /home/jj/dual_dummy/src/arm_control/install/arm_control/lib/libarm_control__rosidl_typesupport_fastrtps_cpp.so
[0.479s] -- Up-to-date: /home/jj/dual_dummy/src/arm_control/install/arm_control/include/arm_control/arm_control
[0.479s] -- Up-to-date: /home/jj/dual_dummy/src/arm_control/install/arm_control/include/arm_control/arm_control/msg
[0.479s] -- Up-to-date: /home/jj/dual_dummy/src/arm_control/install/arm_control/include/arm_control/arm_control/msg/rosidl_typesupport_introspection_c__visibility_control.h
[0.479s] -- Up-to-date: /home/jj/dual_dummy/src/arm_control/install/arm_control/include/arm_control/arm_control/msg/detail
[0.479s] -- Up-to-date: /home/jj/dual_dummy/src/arm_control/install/arm_control/include/arm_control/arm_control/msg/detail/trajectory_point__rosidl_typesupport_introspection_c.h
[0.479s] -- Up-to-date: /home/jj/dual_dummy/src/arm_control/install/arm_control/include/arm_control/arm_control/msg/detail/ik_result__rosidl_typesupport_introspection_c.h
[0.480s] -- Up-to-date: /home/jj/dual_dummy/src/arm_control/install/arm_control/include/arm_control/arm_control/msg/detail/control_command__rosidl_typesupport_introspection_c.h
[0.480s] -- Up-to-date: /home/jj/dual_dummy/src/arm_control/install/arm_control/include/arm_control/arm_control/msg/detail/control_command__type_support.c
[0.480s] -- Up-to-date: /home/jj/dual_dummy/src/arm_control/install/arm_control/include/arm_control/arm_control/msg/detail/trajectory_point__type_support.c
[0.480s] -- Up-to-date: /home/jj/dual_dummy/src/arm_control/install/arm_control/include/arm_control/arm_control/msg/detail/ik_result__type_support.c
[0.480s] -- Up-to-date: /home/jj/dual_dummy/src/arm_control/install/arm_control/lib/libarm_control__rosidl_typesupport_introspection_c.so
[0.480s] -- Up-to-date: /home/jj/dual_dummy/src/arm_control/install/arm_control/lib/libarm_control__rosidl_typesupport_c.so
[0.480s] -- Up-to-date: /home/jj/dual_dummy/src/arm_control/install/arm_control/include/arm_control/arm_control
[0.480s] -- Up-to-date: /home/jj/dual_dummy/src/arm_control/install/arm_control/include/arm_control/arm_control/msg
[0.480s] -- Up-to-date: /home/jj/dual_dummy/src/arm_control/install/arm_control/include/arm_control/arm_control/msg/detail
[0.480s] -- Up-to-date: /home/jj/dual_dummy/src/arm_control/install/arm_control/include/arm_control/arm_control/msg/detail/control_command__type_support.cpp
[0.480s] -- Up-to-date: /home/jj/dual_dummy/src/arm_control/install/arm_control/include/arm_control/arm_control/msg/detail/trajectory_point__type_support.cpp
[0.480s] -- Up-to-date: /home/jj/dual_dummy/src/arm_control/install/arm_control/include/arm_control/arm_control/msg/detail/trajectory_point__rosidl_typesupport_introspection_cpp.hpp
[0.480s] -- Up-to-date: /home/jj/dual_dummy/src/arm_control/install/arm_control/include/arm_control/arm_control/msg/detail/control_command__rosidl_typesupport_introspection_cpp.hpp
[0.480s] -- Up-to-date: /home/jj/dual_dummy/src/arm_control/install/arm_control/include/arm_control/arm_control/msg/detail/ik_result__type_support.cpp
[0.481s] -- Up-to-date: /home/jj/dual_dummy/src/arm_control/install/arm_control/include/arm_control/arm_control/msg/detail/ik_result__rosidl_typesupport_introspection_cpp.hpp
[0.481s] -- Up-to-date: /home/jj/dual_dummy/src/arm_control/install/arm_control/lib/libarm_control__rosidl_typesupport_introspection_cpp.so
[0.481s] -- Up-to-date: /home/jj/dual_dummy/src/arm_control/install/arm_control/lib/libarm_control__rosidl_typesupport_cpp.so
[0.481s] -- Up-to-date: /home/jj/dual_dummy/src/arm_control/install/arm_control/share/arm_control/environment/pythonpath.sh
[0.481s] -- Up-to-date: /home/jj/dual_dummy/src/arm_control/install/arm_control/share/arm_control/environment/pythonpath.dsv
[0.481s] -- Up-to-date: /home/jj/dual_dummy/src/arm_control/install/arm_control/local/lib/python3.10/dist-packages/arm_control-0.0.0-py3.10.egg-info
[0.481s] -- Installing: /home/jj/dual_dummy/src/arm_control/install/arm_control/local/lib/python3.10/dist-packages/arm_control-0.0.0-py3.10.egg-info/top_level.txt
[0.481s] -- Installing: /home/jj/dual_dummy/src/arm_control/install/arm_control/local/lib/python3.10/dist-packages/arm_control-0.0.0-py3.10.egg-info/dependency_links.txt
[0.481s] -- Installing: /home/jj/dual_dummy/src/arm_control/install/arm_control/local/lib/python3.10/dist-packages/arm_control-0.0.0-py3.10.egg-info/SOURCES.txt
[0.481s] -- Installing: /home/jj/dual_dummy/src/arm_control/install/arm_control/local/lib/python3.10/dist-packages/arm_control-0.0.0-py3.10.egg-info/PKG-INFO
[0.481s] -- Up-to-date: /home/jj/dual_dummy/src/arm_control/install/arm_control/local/lib/python3.10/dist-packages/arm_control
[0.481s] -- Up-to-date: /home/jj/dual_dummy/src/arm_control/install/arm_control/local/lib/python3.10/dist-packages/arm_control/arm_control_s__rosidl_typesupport_introspection_c.cpython-310-x86_64-linux-gnu.so
[0.481s] -- Up-to-date: /home/jj/dual_dummy/src/arm_control/install/arm_control/local/lib/python3.10/dist-packages/arm_control/_arm_control_s.ep.rosidl_typesupport_c.c
[0.481s] -- Up-to-date: /home/jj/dual_dummy/src/arm_control/install/arm_control/local/lib/python3.10/dist-packages/arm_control/__init__.py
[0.482s] -- Up-to-date: /home/jj/dual_dummy/src/arm_control/install/arm_control/local/lib/python3.10/dist-packages/arm_control/_arm_control_s.ep.rosidl_typesupport_fastrtps_c.c
[0.482s] -- Up-to-date: /home/jj/dual_dummy/src/arm_control/install/arm_control/local/lib/python3.10/dist-packages/arm_control/libarm_control__rosidl_generator_py.so
[0.482s] -- Up-to-date: /home/jj/dual_dummy/src/arm_control/install/arm_control/local/lib/python3.10/dist-packages/arm_control/_arm_control_s.ep.rosidl_typesupport_introspection_c.c
[0.482s] -- Up-to-date: /home/jj/dual_dummy/src/arm_control/install/arm_control/local/lib/python3.10/dist-packages/arm_control/arm_control_s__rosidl_typesupport_c.cpython-310-x86_64-linux-gnu.so
[0.482s] -- Up-to-date: /home/jj/dual_dummy/src/arm_control/install/arm_control/local/lib/python3.10/dist-packages/arm_control/msg
[0.482s] -- Up-to-date: /home/jj/dual_dummy/src/arm_control/install/arm_control/local/lib/python3.10/dist-packages/arm_control/msg/_ik_result_s.c
[0.482s] -- Up-to-date: /home/jj/dual_dummy/src/arm_control/install/arm_control/local/lib/python3.10/dist-packages/arm_control/msg/_trajectory_point.py
[0.482s] -- Up-to-date: /home/jj/dual_dummy/src/arm_control/install/arm_control/local/lib/python3.10/dist-packages/arm_control/msg/_control_command.py
[0.482s] -- Up-to-date: /home/jj/dual_dummy/src/arm_control/install/arm_control/local/lib/python3.10/dist-packages/arm_control/msg/__init__.py
[0.482s] -- Up-to-date: /home/jj/dual_dummy/src/arm_control/install/arm_control/local/lib/python3.10/dist-packages/arm_control/msg/_control_command_s.c
[0.482s] -- Up-to-date: /home/jj/dual_dummy/src/arm_control/install/arm_control/local/lib/python3.10/dist-packages/arm_control/msg/_ik_result.py
[0.482s] -- Up-to-date: /home/jj/dual_dummy/src/arm_control/install/arm_control/local/lib/python3.10/dist-packages/arm_control/msg/_trajectory_point_s.c
[0.482s] -- Up-to-date: /home/jj/dual_dummy/src/arm_control/install/arm_control/local/lib/python3.10/dist-packages/arm_control/arm_control_s__rosidl_typesupport_fastrtps_c.cpython-310-x86_64-linux-gnu.so
[0.513s] Listing '/home/jj/dual_dummy/src/arm_control/install/arm_control/local/lib/python3.10/dist-packages/arm_control'...
[0.513s] Listing '/home/jj/dual_dummy/src/arm_control/install/arm_control/local/lib/python3.10/dist-packages/arm_control/msg'...
[0.519s] -- Up-to-date: /home/jj/dual_dummy/src/arm_control/install/arm_control/local/lib/python3.10/dist-packages/arm_control/arm_control_s__rosidl_typesupport_fastrtps_c.cpython-310-x86_64-linux-gnu.so
[0.519s] -- Up-to-date: /home/jj/dual_dummy/src/arm_control/install/arm_control/local/lib/python3.10/dist-packages/arm_control/arm_control_s__rosidl_typesupport_introspection_c.cpython-310-x86_64-linux-gnu.so
[0.519s] -- Up-to-date: /home/jj/dual_dummy/src/arm_control/install/arm_control/local/lib/python3.10/dist-packages/arm_control/arm_control_s__rosidl_typesupport_c.cpython-310-x86_64-linux-gnu.so
[0.520s] -- Up-to-date: /home/jj/dual_dummy/src/arm_control/install/arm_control/lib/libarm_control__rosidl_generator_py.so
[0.520s] -- Up-to-date: /home/jj/dual_dummy/src/arm_control/install/arm_control/share/arm_control/msg/IKResult.idl
[0.520s] -- Up-to-date: /home/jj/dual_dummy/src/arm_control/install/arm_control/share/arm_control/msg/TrajectoryPoint.idl
[0.520s] -- Up-to-date: /home/jj/dual_dummy/src/arm_control/install/arm_control/share/arm_control/msg/ControlCommand.idl
[0.521s] -- Up-to-date: /home/jj/dual_dummy/src/arm_control/install/arm_control/share/arm_control/msg/IKResult.msg
[0.521s] -- Up-to-date: /home/jj/dual_dummy/src/arm_control/install/arm_control/share/arm_control/msg/TrajectoryPoint.msg
[0.521s] -- Up-to-date: /home/jj/dual_dummy/src/arm_control/install/arm_control/share/arm_control/msg/ControlCommand.msg
[0.521s] -- Up-to-date: /home/jj/dual_dummy/src/arm_control/install/arm_control/lib/arm_control/ik_node
[0.521s] -- Up-to-date: /home/jj/dual_dummy/src/arm_control/install/arm_control/lib/arm_control/trajectory_node
[0.521s] -- Up-to-date: /home/jj/dual_dummy/src/arm_control/install/arm_control/lib/arm_control/arm_controller_node
[0.522s] -- Up-to-date: /home/jj/dual_dummy/src/arm_control/install/arm_control/lib/arm_control/trajectory_viewer
[0.522s] -- Up-to-date: /home/jj/dual_dummy/src/arm_control/install/arm_control/share/arm_control/msg
[0.522s] -- Up-to-date: /home/jj/dual_dummy/src/arm_control/install/arm_control/share/arm_control/msg/ControlCommand.msg
[0.522s] -- Up-to-date: /home/jj/dual_dummy/src/arm_control/install/arm_control/share/arm_control/msg/TrajectoryPoint.msg
[0.522s] -- Up-to-date: /home/jj/dual_dummy/src/arm_control/install/arm_control/share/arm_control/msg/IKResult.msg
[0.523s] -- Up-to-date: /home/jj/dual_dummy/src/arm_control/install/arm_control/share/ament_index/resource_index/package_run_dependencies/arm_control
[0.523s] -- Up-to-date: /home/jj/dual_dummy/src/arm_control/install/arm_control/share/ament_index/resource_index/parent_prefix_path/arm_control
[0.523s] -- Up-to-date: /home/jj/dual_dummy/src/arm_control/install/arm_control/share/arm_control/environment/ament_prefix_path.sh
[0.523s] -- Up-to-date: /home/jj/dual_dummy/src/arm_control/install/arm_control/share/arm_control/environment/ament_prefix_path.dsv
[0.523s] -- Up-to-date: /home/jj/dual_dummy/src/arm_control/install/arm_control/share/arm_control/environment/path.sh
[0.523s] -- Up-to-date: /home/jj/dual_dummy/src/arm_control/install/arm_control/share/arm_control/environment/path.dsv
[0.524s] -- Up-to-date: /home/jj/dual_dummy/src/arm_control/install/arm_control/share/arm_control/local_setup.bash
[0.524s] -- Up-to-date: /home/jj/dual_dummy/src/arm_control/install/arm_control/share/arm_control/local_setup.sh
[0.524s] -- Up-to-date: /home/jj/dual_dummy/src/arm_control/install/arm_control/share/arm_control/local_setup.zsh
[0.524s] -- Up-to-date: /home/jj/dual_dummy/src/arm_control/install/arm_control/share/arm_control/local_setup.dsv
[0.524s] -- Installing: /home/jj/dual_dummy/src/arm_control/install/arm_control/share/arm_control/package.dsv
[0.525s] -- Up-to-date: /home/jj/dual_dummy/src/arm_control/install/arm_control/share/ament_index/resource_index/packages/arm_control
[0.525s] -- Up-to-date: /home/jj/dual_dummy/src/arm_control/install/arm_control/share/arm_control/cmake/export_arm_control__rosidl_generator_cExport.cmake
[0.525s] -- Up-to-date: /home/jj/dual_dummy/src/arm_control/install/arm_control/share/arm_control/cmake/export_arm_control__rosidl_generator_cExport-noconfig.cmake
[0.525s] -- Up-to-date: /home/jj/dual_dummy/src/arm_control/install/arm_control/share/arm_control/cmake/export_arm_control__rosidl_typesupport_fastrtps_cExport.cmake
[0.525s] -- Up-to-date: /home/jj/dual_dummy/src/arm_control/install/arm_control/share/arm_control/cmake/export_arm_control__rosidl_typesupport_fastrtps_cExport-noconfig.cmake
[0.525s] -- Up-to-date: /home/jj/dual_dummy/src/arm_control/install/arm_control/share/arm_control/cmake/export_arm_control__rosidl_generator_cppExport.cmake
[0.525s] -- Up-to-date: /home/jj/dual_dummy/src/arm_control/install/arm_control/share/arm_control/cmake/export_arm_control__rosidl_typesupport_fastrtps_cppExport.cmake
[0.525s] -- Up-to-date: /home/jj/dual_dummy/src/arm_control/install/arm_control/share/arm_control/cmake/export_arm_control__rosidl_typesupport_fastrtps_cppExport-noconfig.cmake
[0.525s] -- Up-to-date: /home/jj/dual_dummy/src/arm_control/install/arm_control/share/arm_control/cmake/arm_control__rosidl_typesupport_introspection_cExport.cmake
[0.525s] -- Up-to-date: /home/jj/dual_dummy/src/arm_control/install/arm_control/share/arm_control/cmake/arm_control__rosidl_typesupport_introspection_cExport-noconfig.cmake
[0.526s] -- Up-to-date: /home/jj/dual_dummy/src/arm_control/install/arm_control/share/arm_control/cmake/arm_control__rosidl_typesupport_cExport.cmake
[0.526s] -- Up-to-date: /home/jj/dual_dummy/src/arm_control/install/arm_control/share/arm_control/cmake/arm_control__rosidl_typesupport_cExport-noconfig.cmake
[0.526s] -- Up-to-date: /home/jj/dual_dummy/src/arm_control/install/arm_control/share/arm_control/cmake/arm_control__rosidl_typesupport_introspection_cppExport.cmake
[0.526s] -- Up-to-date: /home/jj/dual_dummy/src/arm_control/install/arm_control/share/arm_control/cmake/arm_control__rosidl_typesupport_introspection_cppExport-noconfig.cmake
[0.526s] -- Up-to-date: /home/jj/dual_dummy/src/arm_control/install/arm_control/share/arm_control/cmake/arm_control__rosidl_typesupport_cppExport.cmake
[0.526s] -- Up-to-date: /home/jj/dual_dummy/src/arm_control/install/arm_control/share/arm_control/cmake/arm_control__rosidl_typesupport_cppExport-noconfig.cmake
[0.526s] -- Up-to-date: /home/jj/dual_dummy/src/arm_control/install/arm_control/share/arm_control/cmake/export_arm_control__rosidl_generator_pyExport.cmake
[0.526s] -- Up-to-date: /home/jj/dual_dummy/src/arm_control/install/arm_control/share/arm_control/cmake/export_arm_control__rosidl_generator_pyExport-noconfig.cmake
[0.526s] -- Up-to-date: /home/jj/dual_dummy/src/arm_control/install/arm_control/share/arm_control/cmake/rosidl_cmake-extras.cmake
[0.526s] -- Up-to-date: /home/jj/dual_dummy/src/arm_control/install/arm_control/share/arm_control/cmake/ament_cmake_export_dependencies-extras.cmake
[0.526s] -- Up-to-date: /home/jj/dual_dummy/src/arm_control/install/arm_control/share/arm_control/cmake/ament_cmake_export_include_directories-extras.cmake
[0.526s] -- Up-to-date: /home/jj/dual_dummy/src/arm_control/install/arm_control/share/arm_control/cmake/ament_cmake_export_libraries-extras.cmake
[0.526s] -- Up-to-date: /home/jj/dual_dummy/src/arm_control/install/arm_control/share/arm_control/cmake/ament_cmake_export_targets-extras.cmake
[0.526s] -- Up-to-date: /home/jj/dual_dummy/src/arm_control/install/arm_control/share/arm_control/cmake/rosidl_cmake_export_typesupport_targets-extras.cmake
[0.526s] -- Up-to-date: /home/jj/dual_dummy/src/arm_control/install/arm_control/share/arm_control/cmake/rosidl_cmake_export_typesupport_libraries-extras.cmake
[0.526s] -- Up-to-date: /home/jj/dual_dummy/src/arm_control/install/arm_control/share/arm_control/cmake/arm_controlConfig.cmake
[0.526s] -- Up-to-date: /home/jj/dual_dummy/src/arm_control/install/arm_control/share/arm_control/cmake/arm_controlConfig-version.cmake
[0.527s] -- Up-to-date: /home/jj/dual_dummy/src/arm_control/install/arm_control/share/arm_control/package.xml
[0.529s] Invoked command in '/home/jj/dual_dummy/src/arm_control/build/arm_control' returned '0': CMAKE_PREFIX_PATH=${CMAKE_PREFIX_PATH}:/opt/ros/humble /usr/bin/cmake --install /home/jj/dual_dummy/src/arm_control/build/arm_control
