[0.036s] Invoking command in '/home/jj/dual_dummy/build/arm_control': CMAKE_PREFIX_PATH=${CMAKE_PREFIX_PATH}:/home/jj/dual_dummy/install/dummy2_description:/opt/ros/humble /usr/bin/cmake --build /home/jj/dual_dummy/build/arm_control -- -j4 -l4
[0.192s] [  1%] Built target arm_control__cpp
[0.211s] [ 10%] Built target arm_control__rosidl_generator_c
[0.212s] [ 10%] Built target ament_cmake_python_copy_arm_control
[0.249s] [ 14%] Built target motionlib
[0.322s] [ 24%] Built target arm_control__rosidl_typesupport_introspection_cpp
[0.324s] [ 33%] Built target arm_control__rosidl_typesupport_fastrtps_cpp
[0.332s] [ 40%] Built target arm_control__rosidl_typesupport_cpp
[0.386s] [ 49%] Built target arm_control__rosidl_typesupport_fastrtps_c
[0.408s] [35m[1mConsolidate compiler generated dependencies of target ik_node[0m
[0.428s] [ 57%] Built target arm_control__rosidl_typesupport_c
[0.485s] [ 66%] Built target arm_control__rosidl_typesupport_introspection_c
[0.565s] [ 70%] Built target ik_node
[0.579s] [ 73%] Built target arm_controller_node
[0.627s] [ 77%] Built target trajectory_node
[0.653s] [ 77%] Built target arm_control
[0.685s] [ 80%] Built target trajectory_viewer
[0.721s] [ 82%] Built target arm_control__py
[0.801s] [ 89%] Built target arm_control__rosidl_generator_py
[0.879s] [ 92%] Built target arm_control__rosidl_typesupport_c__pyext
[0.903s] [ 96%] Built target arm_control__rosidl_typesupport_introspection_c__pyext
[0.911s] [100%] Built target arm_control__rosidl_typesupport_fastrtps_c__pyext
[0.978s] running egg_info
[0.979s] writing arm_control.egg-info/PKG-INFO
[0.979s] writing dependency_links to arm_control.egg-info/dependency_links.txt
[0.980s] writing top-level names to arm_control.egg-info/top_level.txt
[0.989s] reading manifest file 'arm_control.egg-info/SOURCES.txt'
[0.992s] writing manifest file 'arm_control.egg-info/SOURCES.txt'
[1.071s] [100%] Built target ament_cmake_python_build_arm_control_egg
[1.106s] Invoked command in '/home/jj/dual_dummy/build/arm_control' returned '0': CMAKE_PREFIX_PATH=${CMAKE_PREFIX_PATH}:/home/jj/dual_dummy/install/dummy2_description:/opt/ros/humble /usr/bin/cmake --build /home/jj/dual_dummy/build/arm_control -- -j4 -l4
[1.123s] Invoking command in '/home/jj/dual_dummy/build/arm_control': CMAKE_PREFIX_PATH=${CMAKE_PREFIX_PATH}:/home/jj/dual_dummy/install/dummy2_description:/opt/ros/humble /usr/bin/cmake --install /home/jj/dual_dummy/build/arm_control
[1.142s] -- Install configuration: ""
[1.142s] -- Up-to-date: /home/jj/dual_dummy/install/arm_control/share/ament_index/resource_index/rosidl_interfaces/arm_control
[1.148s] -- Up-to-date: /home/jj/dual_dummy/install/arm_control/include/arm_control/arm_control
[1.149s] -- Up-to-date: /home/jj/dual_dummy/install/arm_control/include/arm_control/arm_control/msg
[1.149s] -- Up-to-date: /home/jj/dual_dummy/install/arm_control/include/arm_control/arm_control/msg/control_command.h
[1.149s] -- Up-to-date: /home/jj/dual_dummy/install/arm_control/include/arm_control/arm_control/msg/rosidl_generator_c__visibility_control.h
[1.149s] -- Up-to-date: /home/jj/dual_dummy/install/arm_control/include/arm_control/arm_control/msg/ik_result.h
[1.149s] -- Up-to-date: /home/jj/dual_dummy/install/arm_control/include/arm_control/arm_control/msg/detail
[1.149s] -- Up-to-date: /home/jj/dual_dummy/install/arm_control/include/arm_control/arm_control/msg/detail/trajectory_point__functions.h
[1.151s] -- Up-to-date: /home/jj/dual_dummy/install/arm_control/include/arm_control/arm_control/msg/detail/control_command__type_support.h
[1.151s] -- Up-to-date: /home/jj/dual_dummy/install/arm_control/include/arm_control/arm_control/msg/detail/trajectory_point__struct.h
[1.151s] -- Up-to-date: /home/jj/dual_dummy/install/arm_control/include/arm_control/arm_control/msg/detail/ik_result__struct.h
[1.151s] -- Up-to-date: /home/jj/dual_dummy/install/arm_control/include/arm_control/arm_control/msg/detail/control_command__functions.h
[1.151s] -- Up-to-date: /home/jj/dual_dummy/install/arm_control/include/arm_control/arm_control/msg/detail/control_command__struct.h
[1.151s] -- Up-to-date: /home/jj/dual_dummy/install/arm_control/include/arm_control/arm_control/msg/detail/trajectory_point__functions.c
[1.151s] -- Up-to-date: /home/jj/dual_dummy/install/arm_control/include/arm_control/arm_control/msg/detail/ik_result__functions.c
[1.151s] -- Up-to-date: /home/jj/dual_dummy/install/arm_control/include/arm_control/arm_control/msg/detail/control_command__functions.c
[1.151s] -- Up-to-date: /home/jj/dual_dummy/install/arm_control/include/arm_control/arm_control/msg/detail/trajectory_point__type_support.h
[1.151s] -- Up-to-date: /home/jj/dual_dummy/install/arm_control/include/arm_control/arm_control/msg/detail/ik_result__type_support.h
[1.151s] -- Up-to-date: /home/jj/dual_dummy/install/arm_control/include/arm_control/arm_control/msg/detail/ik_result__functions.h
[1.151s] -- Up-to-date: /home/jj/dual_dummy/install/arm_control/include/arm_control/arm_control/msg/trajectory_point.h
[1.152s] -- Up-to-date: /home/jj/dual_dummy/install/arm_control/share/arm_control/environment/library_path.sh
[1.152s] -- Up-to-date: /home/jj/dual_dummy/install/arm_control/share/arm_control/environment/library_path.dsv
[1.152s] -- Up-to-date: /home/jj/dual_dummy/install/arm_control/lib/libarm_control__rosidl_generator_c.so
[1.152s] -- Up-to-date: /home/jj/dual_dummy/install/arm_control/include/arm_control/arm_control
[1.152s] -- Up-to-date: /home/jj/dual_dummy/install/arm_control/include/arm_control/arm_control/msg
[1.152s] -- Up-to-date: /home/jj/dual_dummy/install/arm_control/include/arm_control/arm_control/msg/rosidl_typesupport_fastrtps_c__visibility_control.h
[1.152s] -- Up-to-date: /home/jj/dual_dummy/install/arm_control/include/arm_control/arm_control/msg/detail
[1.152s] -- Up-to-date: /home/jj/dual_dummy/install/arm_control/include/arm_control/arm_control/msg/detail/ik_result__rosidl_typesupport_fastrtps_c.h
[1.152s] -- Up-to-date: /home/jj/dual_dummy/install/arm_control/include/arm_control/arm_control/msg/detail/control_command__rosidl_typesupport_fastrtps_c.h
[1.152s] -- Up-to-date: /home/jj/dual_dummy/install/arm_control/include/arm_control/arm_control/msg/detail/trajectory_point__rosidl_typesupport_fastrtps_c.h
[1.152s] -- Up-to-date: /home/jj/dual_dummy/install/arm_control/lib/libarm_control__rosidl_typesupport_fastrtps_c.so
[1.152s] -- Up-to-date: /home/jj/dual_dummy/install/arm_control/include/arm_control/arm_control
[1.152s] -- Up-to-date: /home/jj/dual_dummy/install/arm_control/include/arm_control/arm_control/msg
[1.152s] -- Up-to-date: /home/jj/dual_dummy/install/arm_control/include/arm_control/arm_control/msg/control_command.hpp
[1.152s] -- Up-to-date: /home/jj/dual_dummy/install/arm_control/include/arm_control/arm_control/msg/ik_result.hpp
[1.152s] -- Up-to-date: /home/jj/dual_dummy/install/arm_control/include/arm_control/arm_control/msg/rosidl_generator_cpp__visibility_control.hpp
[1.152s] -- Up-to-date: /home/jj/dual_dummy/install/arm_control/include/arm_control/arm_control/msg/trajectory_point.hpp
[1.152s] -- Up-to-date: /home/jj/dual_dummy/install/arm_control/include/arm_control/arm_control/msg/detail
[1.152s] -- Up-to-date: /home/jj/dual_dummy/install/arm_control/include/arm_control/arm_control/msg/detail/control_command__type_support.hpp
[1.152s] -- Up-to-date: /home/jj/dual_dummy/install/arm_control/include/arm_control/arm_control/msg/detail/trajectory_point__type_support.hpp
[1.153s] -- Up-to-date: /home/jj/dual_dummy/install/arm_control/include/arm_control/arm_control/msg/detail/trajectory_point__struct.hpp
[1.153s] -- Up-to-date: /home/jj/dual_dummy/install/arm_control/include/arm_control/arm_control/msg/detail/ik_result__builder.hpp
[1.153s] -- Up-to-date: /home/jj/dual_dummy/install/arm_control/include/arm_control/arm_control/msg/detail/control_command__struct.hpp
[1.153s] -- Up-to-date: /home/jj/dual_dummy/install/arm_control/include/arm_control/arm_control/msg/detail/trajectory_point__builder.hpp
[1.153s] -- Up-to-date: /home/jj/dual_dummy/install/arm_control/include/arm_control/arm_control/msg/detail/ik_result__struct.hpp
[1.153s] -- Up-to-date: /home/jj/dual_dummy/install/arm_control/include/arm_control/arm_control/msg/detail/control_command__builder.hpp
[1.153s] -- Up-to-date: /home/jj/dual_dummy/install/arm_control/include/arm_control/arm_control/msg/detail/ik_result__type_support.hpp
[1.153s] -- Up-to-date: /home/jj/dual_dummy/install/arm_control/include/arm_control/arm_control/msg/detail/control_command__traits.hpp
[1.153s] -- Up-to-date: /home/jj/dual_dummy/install/arm_control/include/arm_control/arm_control/msg/detail/trajectory_point__traits.hpp
[1.153s] -- Up-to-date: /home/jj/dual_dummy/install/arm_control/include/arm_control/arm_control/msg/detail/ik_result__traits.hpp
[1.153s] -- Up-to-date: /home/jj/dual_dummy/install/arm_control/include/arm_control/arm_control
[1.153s] -- Up-to-date: /home/jj/dual_dummy/install/arm_control/include/arm_control/arm_control/msg
[1.153s] -- Up-to-date: /home/jj/dual_dummy/install/arm_control/include/arm_control/arm_control/msg/rosidl_typesupport_fastrtps_cpp__visibility_control.h
[1.156s] -- Up-to-date: /home/jj/dual_dummy/install/arm_control/include/arm_control/arm_control/msg/detail
[1.156s] -- Up-to-date: /home/jj/dual_dummy/install/arm_control/include/arm_control/arm_control/msg/detail/dds_fastrtps
[1.156s] -- Up-to-date: /home/jj/dual_dummy/install/arm_control/include/arm_control/arm_control/msg/detail/ik_result__rosidl_typesupport_fastrtps_cpp.hpp
[1.156s] -- Up-to-date: /home/jj/dual_dummy/install/arm_control/include/arm_control/arm_control/msg/detail/control_command__rosidl_typesupport_fastrtps_cpp.hpp
[1.157s] -- Up-to-date: /home/jj/dual_dummy/install/arm_control/include/arm_control/arm_control/msg/detail/trajectory_point__rosidl_typesupport_fastrtps_cpp.hpp
[1.157s] -- Up-to-date: /home/jj/dual_dummy/install/arm_control/lib/libarm_control__rosidl_typesupport_fastrtps_cpp.so
[1.157s] -- Up-to-date: /home/jj/dual_dummy/install/arm_control/include/arm_control/arm_control
[1.157s] -- Up-to-date: /home/jj/dual_dummy/install/arm_control/include/arm_control/arm_control/msg
[1.157s] -- Up-to-date: /home/jj/dual_dummy/install/arm_control/include/arm_control/arm_control/msg/rosidl_typesupport_introspection_c__visibility_control.h
[1.157s] -- Up-to-date: /home/jj/dual_dummy/install/arm_control/include/arm_control/arm_control/msg/detail
[1.157s] -- Up-to-date: /home/jj/dual_dummy/install/arm_control/include/arm_control/arm_control/msg/detail/trajectory_point__rosidl_typesupport_introspection_c.h
[1.157s] -- Up-to-date: /home/jj/dual_dummy/install/arm_control/include/arm_control/arm_control/msg/detail/ik_result__rosidl_typesupport_introspection_c.h
[1.157s] -- Up-to-date: /home/jj/dual_dummy/install/arm_control/include/arm_control/arm_control/msg/detail/control_command__rosidl_typesupport_introspection_c.h
[1.157s] -- Up-to-date: /home/jj/dual_dummy/install/arm_control/include/arm_control/arm_control/msg/detail/control_command__type_support.c
[1.162s] -- Up-to-date: /home/jj/dual_dummy/install/arm_control/include/arm_control/arm_control/msg/detail/trajectory_point__type_support.c
[1.163s] -- Up-to-date: /home/jj/dual_dummy/install/arm_control/include/arm_control/arm_control/msg/detail/ik_result__type_support.c
[1.163s] -- Up-to-date: /home/jj/dual_dummy/install/arm_control/lib/libarm_control__rosidl_typesupport_introspection_c.so
[1.163s] -- Up-to-date: /home/jj/dual_dummy/install/arm_control/lib/libarm_control__rosidl_typesupport_c.so
[1.163s] -- Up-to-date: /home/jj/dual_dummy/install/arm_control/include/arm_control/arm_control
[1.163s] -- Up-to-date: /home/jj/dual_dummy/install/arm_control/include/arm_control/arm_control/msg
[1.163s] -- Up-to-date: /home/jj/dual_dummy/install/arm_control/include/arm_control/arm_control/msg/detail
[1.163s] -- Up-to-date: /home/jj/dual_dummy/install/arm_control/include/arm_control/arm_control/msg/detail/control_command__type_support.cpp
[1.163s] -- Up-to-date: /home/jj/dual_dummy/install/arm_control/include/arm_control/arm_control/msg/detail/trajectory_point__type_support.cpp
[1.163s] -- Up-to-date: /home/jj/dual_dummy/install/arm_control/include/arm_control/arm_control/msg/detail/trajectory_point__rosidl_typesupport_introspection_cpp.hpp
[1.163s] -- Up-to-date: /home/jj/dual_dummy/install/arm_control/include/arm_control/arm_control/msg/detail/control_command__rosidl_typesupport_introspection_cpp.hpp
[1.164s] -- Up-to-date: /home/jj/dual_dummy/install/arm_control/include/arm_control/arm_control/msg/detail/ik_result__type_support.cpp
[1.164s] -- Up-to-date: /home/jj/dual_dummy/install/arm_control/include/arm_control/arm_control/msg/detail/ik_result__rosidl_typesupport_introspection_cpp.hpp
[1.164s] -- Up-to-date: /home/jj/dual_dummy/install/arm_control/lib/libarm_control__rosidl_typesupport_introspection_cpp.so
[1.167s] -- Up-to-date: /home/jj/dual_dummy/install/arm_control/lib/libarm_control__rosidl_typesupport_cpp.so
[1.168s] -- Up-to-date: /home/jj/dual_dummy/install/arm_control/share/arm_control/environment/pythonpath.sh
[1.168s] -- Up-to-date: /home/jj/dual_dummy/install/arm_control/share/arm_control/environment/pythonpath.dsv
[1.168s] -- Up-to-date: /home/jj/dual_dummy/install/arm_control/local/lib/python3.10/dist-packages/arm_control-0.0.0-py3.10.egg-info
[1.168s] -- Installing: /home/jj/dual_dummy/install/arm_control/local/lib/python3.10/dist-packages/arm_control-0.0.0-py3.10.egg-info/top_level.txt
[1.168s] -- Installing: /home/jj/dual_dummy/install/arm_control/local/lib/python3.10/dist-packages/arm_control-0.0.0-py3.10.egg-info/dependency_links.txt
[1.168s] -- Installing: /home/jj/dual_dummy/install/arm_control/local/lib/python3.10/dist-packages/arm_control-0.0.0-py3.10.egg-info/SOURCES.txt
[1.168s] -- Installing: /home/jj/dual_dummy/install/arm_control/local/lib/python3.10/dist-packages/arm_control-0.0.0-py3.10.egg-info/PKG-INFO
[1.168s] -- Up-to-date: /home/jj/dual_dummy/install/arm_control/local/lib/python3.10/dist-packages/arm_control
[1.168s] -- Up-to-date: /home/jj/dual_dummy/install/arm_control/local/lib/python3.10/dist-packages/arm_control/arm_control_s__rosidl_typesupport_introspection_c.cpython-310-x86_64-linux-gnu.so
[1.168s] -- Up-to-date: /home/jj/dual_dummy/install/arm_control/local/lib/python3.10/dist-packages/arm_control/_arm_control_s.ep.rosidl_typesupport_c.c
[1.168s] -- Up-to-date: /home/jj/dual_dummy/install/arm_control/local/lib/python3.10/dist-packages/arm_control/__init__.py
[1.168s] -- Up-to-date: /home/jj/dual_dummy/install/arm_control/local/lib/python3.10/dist-packages/arm_control/_arm_control_s.ep.rosidl_typesupport_fastrtps_c.c
[1.168s] -- Up-to-date: /home/jj/dual_dummy/install/arm_control/local/lib/python3.10/dist-packages/arm_control/libarm_control__rosidl_generator_py.so
[1.168s] -- Up-to-date: /home/jj/dual_dummy/install/arm_control/local/lib/python3.10/dist-packages/arm_control/_arm_control_s.ep.rosidl_typesupport_introspection_c.c
[1.168s] -- Up-to-date: /home/jj/dual_dummy/install/arm_control/local/lib/python3.10/dist-packages/arm_control/arm_control_s__rosidl_typesupport_c.cpython-310-x86_64-linux-gnu.so
[1.168s] -- Up-to-date: /home/jj/dual_dummy/install/arm_control/local/lib/python3.10/dist-packages/arm_control/msg
[1.168s] -- Up-to-date: /home/jj/dual_dummy/install/arm_control/local/lib/python3.10/dist-packages/arm_control/msg/_ik_result_s.c
[1.168s] -- Up-to-date: /home/jj/dual_dummy/install/arm_control/local/lib/python3.10/dist-packages/arm_control/msg/_trajectory_point.py
[1.168s] -- Up-to-date: /home/jj/dual_dummy/install/arm_control/local/lib/python3.10/dist-packages/arm_control/msg/_control_command.py
[1.168s] -- Up-to-date: /home/jj/dual_dummy/install/arm_control/local/lib/python3.10/dist-packages/arm_control/msg/__init__.py
[1.169s] -- Up-to-date: /home/jj/dual_dummy/install/arm_control/local/lib/python3.10/dist-packages/arm_control/msg/_control_command_s.c
[1.169s] -- Up-to-date: /home/jj/dual_dummy/install/arm_control/local/lib/python3.10/dist-packages/arm_control/msg/_ik_result.py
[1.169s] -- Up-to-date: /home/jj/dual_dummy/install/arm_control/local/lib/python3.10/dist-packages/arm_control/msg/_trajectory_point_s.c
[1.172s] -- Up-to-date: /home/jj/dual_dummy/install/arm_control/local/lib/python3.10/dist-packages/arm_control/arm_control_s__rosidl_typesupport_fastrtps_c.cpython-310-x86_64-linux-gnu.so
[1.248s] Listing '/home/jj/dual_dummy/install/arm_control/local/lib/python3.10/dist-packages/arm_control'...
[1.249s] Listing '/home/jj/dual_dummy/install/arm_control/local/lib/python3.10/dist-packages/arm_control/msg'...
[1.258s] -- Up-to-date: /home/jj/dual_dummy/install/arm_control/local/lib/python3.10/dist-packages/arm_control/arm_control_s__rosidl_typesupport_fastrtps_c.cpython-310-x86_64-linux-gnu.so
[1.259s] -- Up-to-date: /home/jj/dual_dummy/install/arm_control/local/lib/python3.10/dist-packages/arm_control/arm_control_s__rosidl_typesupport_introspection_c.cpython-310-x86_64-linux-gnu.so
[1.262s] -- Up-to-date: /home/jj/dual_dummy/install/arm_control/local/lib/python3.10/dist-packages/arm_control/arm_control_s__rosidl_typesupport_c.cpython-310-x86_64-linux-gnu.so
[1.264s] -- Up-to-date: /home/jj/dual_dummy/install/arm_control/lib/libarm_control__rosidl_generator_py.so
[1.264s] -- Up-to-date: /home/jj/dual_dummy/install/arm_control/share/arm_control/msg/IKResult.idl
[1.265s] -- Up-to-date: /home/jj/dual_dummy/install/arm_control/share/arm_control/msg/TrajectoryPoint.idl
[1.265s] -- Up-to-date: /home/jj/dual_dummy/install/arm_control/share/arm_control/msg/ControlCommand.idl
[1.265s] -- Up-to-date: /home/jj/dual_dummy/install/arm_control/share/arm_control/msg/IKResult.msg
[1.265s] -- Up-to-date: /home/jj/dual_dummy/install/arm_control/share/arm_control/msg/TrajectoryPoint.msg
[1.265s] -- Up-to-date: /home/jj/dual_dummy/install/arm_control/share/arm_control/msg/ControlCommand.msg
[1.268s] -- Up-to-date: /home/jj/dual_dummy/install/arm_control/lib/arm_control/ik_node
[1.270s] -- Up-to-date: /home/jj/dual_dummy/install/arm_control/lib/arm_control/trajectory_node
[1.270s] -- Up-to-date: /home/jj/dual_dummy/install/arm_control/lib/arm_control/arm_controller_node
[1.270s] -- Up-to-date: /home/jj/dual_dummy/install/arm_control/lib/arm_control/trajectory_viewer
[1.270s] -- Up-to-date: /home/jj/dual_dummy/install/arm_control/share/arm_control/msg
[1.271s] -- Up-to-date: /home/jj/dual_dummy/install/arm_control/share/arm_control/msg/ControlCommand.msg
[1.274s] -- Up-to-date: /home/jj/dual_dummy/install/arm_control/share/arm_control/msg/TrajectoryPoint.msg
[1.274s] -- Up-to-date: /home/jj/dual_dummy/install/arm_control/share/arm_control/msg/IKResult.msg
[1.274s] -- Up-to-date: /home/jj/dual_dummy/install/arm_control/share/arm_control/launch
[1.274s] -- Up-to-date: /home/jj/dual_dummy/install/arm_control/share/arm_control/launch/ik_node.launch.py
[1.274s] -- Up-to-date: /home/jj/dual_dummy/install/arm_control/share/ament_index/resource_index/package_run_dependencies/arm_control
[1.274s] -- Up-to-date: /home/jj/dual_dummy/install/arm_control/share/ament_index/resource_index/parent_prefix_path/arm_control
[1.274s] -- Up-to-date: /home/jj/dual_dummy/install/arm_control/share/arm_control/environment/ament_prefix_path.sh
[1.274s] -- Up-to-date: /home/jj/dual_dummy/install/arm_control/share/arm_control/environment/ament_prefix_path.dsv
[1.274s] -- Up-to-date: /home/jj/dual_dummy/install/arm_control/share/arm_control/environment/path.sh
[1.274s] -- Up-to-date: /home/jj/dual_dummy/install/arm_control/share/arm_control/environment/path.dsv
[1.274s] -- Up-to-date: /home/jj/dual_dummy/install/arm_control/share/arm_control/local_setup.bash
[1.274s] -- Up-to-date: /home/jj/dual_dummy/install/arm_control/share/arm_control/local_setup.sh
[1.274s] -- Up-to-date: /home/jj/dual_dummy/install/arm_control/share/arm_control/local_setup.zsh
[1.275s] -- Up-to-date: /home/jj/dual_dummy/install/arm_control/share/arm_control/local_setup.dsv
[1.275s] -- Installing: /home/jj/dual_dummy/install/arm_control/share/arm_control/package.dsv
[1.275s] -- Up-to-date: /home/jj/dual_dummy/install/arm_control/share/ament_index/resource_index/packages/arm_control
[1.281s] -- Up-to-date: /home/jj/dual_dummy/install/arm_control/share/arm_control/cmake/export_arm_control__rosidl_generator_cExport.cmake
[1.281s] -- Up-to-date: /home/jj/dual_dummy/install/arm_control/share/arm_control/cmake/export_arm_control__rosidl_generator_cExport-noconfig.cmake
[1.281s] -- Up-to-date: /home/jj/dual_dummy/install/arm_control/share/arm_control/cmake/export_arm_control__rosidl_typesupport_fastrtps_cExport.cmake
[1.281s] -- Up-to-date: /home/jj/dual_dummy/install/arm_control/share/arm_control/cmake/export_arm_control__rosidl_typesupport_fastrtps_cExport-noconfig.cmake
[1.281s] -- Up-to-date: /home/jj/dual_dummy/install/arm_control/share/arm_control/cmake/export_arm_control__rosidl_generator_cppExport.cmake
[1.281s] -- Up-to-date: /home/jj/dual_dummy/install/arm_control/share/arm_control/cmake/export_arm_control__rosidl_typesupport_fastrtps_cppExport.cmake
[1.281s] -- Up-to-date: /home/jj/dual_dummy/install/arm_control/share/arm_control/cmake/export_arm_control__rosidl_typesupport_fastrtps_cppExport-noconfig.cmake
[1.281s] -- Up-to-date: /home/jj/dual_dummy/install/arm_control/share/arm_control/cmake/arm_control__rosidl_typesupport_introspection_cExport.cmake
[1.281s] -- Up-to-date: /home/jj/dual_dummy/install/arm_control/share/arm_control/cmake/arm_control__rosidl_typesupport_introspection_cExport-noconfig.cmake
[1.281s] -- Up-to-date: /home/jj/dual_dummy/install/arm_control/share/arm_control/cmake/arm_control__rosidl_typesupport_cExport.cmake
[1.281s] -- Up-to-date: /home/jj/dual_dummy/install/arm_control/share/arm_control/cmake/arm_control__rosidl_typesupport_cExport-noconfig.cmake
[1.281s] -- Up-to-date: /home/jj/dual_dummy/install/arm_control/share/arm_control/cmake/arm_control__rosidl_typesupport_introspection_cppExport.cmake
[1.281s] -- Up-to-date: /home/jj/dual_dummy/install/arm_control/share/arm_control/cmake/arm_control__rosidl_typesupport_introspection_cppExport-noconfig.cmake
[1.281s] -- Up-to-date: /home/jj/dual_dummy/install/arm_control/share/arm_control/cmake/arm_control__rosidl_typesupport_cppExport.cmake
[1.282s] -- Up-to-date: /home/jj/dual_dummy/install/arm_control/share/arm_control/cmake/arm_control__rosidl_typesupport_cppExport-noconfig.cmake
[1.282s] -- Up-to-date: /home/jj/dual_dummy/install/arm_control/share/arm_control/cmake/export_arm_control__rosidl_generator_pyExport.cmake
[1.282s] -- Up-to-date: /home/jj/dual_dummy/install/arm_control/share/arm_control/cmake/export_arm_control__rosidl_generator_pyExport-noconfig.cmake
[1.282s] -- Up-to-date: /home/jj/dual_dummy/install/arm_control/share/arm_control/cmake/rosidl_cmake-extras.cmake
[1.287s] -- Up-to-date: /home/jj/dual_dummy/install/arm_control/share/arm_control/cmake/ament_cmake_export_dependencies-extras.cmake
[1.287s] -- Up-to-date: /home/jj/dual_dummy/install/arm_control/share/arm_control/cmake/ament_cmake_export_include_directories-extras.cmake
[1.288s] -- Up-to-date: /home/jj/dual_dummy/install/arm_control/share/arm_control/cmake/ament_cmake_export_libraries-extras.cmake
[1.288s] -- Up-to-date: /home/jj/dual_dummy/install/arm_control/share/arm_control/cmake/ament_cmake_export_targets-extras.cmake
[1.288s] -- Up-to-date: /home/jj/dual_dummy/install/arm_control/share/arm_control/cmake/rosidl_cmake_export_typesupport_targets-extras.cmake
[1.288s] -- Up-to-date: /home/jj/dual_dummy/install/arm_control/share/arm_control/cmake/rosidl_cmake_export_typesupport_libraries-extras.cmake
[1.288s] -- Up-to-date: /home/jj/dual_dummy/install/arm_control/share/arm_control/cmake/arm_controlConfig.cmake
[1.288s] -- Up-to-date: /home/jj/dual_dummy/install/arm_control/share/arm_control/cmake/arm_controlConfig-version.cmake
[1.290s] -- Up-to-date: /home/jj/dual_dummy/install/arm_control/share/arm_control/package.xml
[1.298s] Invoked command in '/home/jj/dual_dummy/build/arm_control' returned '0': CMAKE_PREFIX_PATH=${CMAKE_PREFIX_PATH}:/home/jj/dual_dummy/install/dummy2_description:/opt/ros/humble /usr/bin/cmake --install /home/jj/dual_dummy/build/arm_control
