[1.096s] Invoking command in '/home/jj/dual_dummy/src/rboot_topic': PYTHONPATH=/home/jj/dual_dummy/build/rboot_topic/prefix_override:/usr/lib/python3/dist-packages/colcon_core/task/python/colcon_distutils_commands:/home/jj/dual_dummy/install/rboot_topic/lib/python3.10/site-packages:${PYTHONPATH} /usr/bin/python3 -W ignore:setup.py install is deprecated -W ignore:easy_install command is deprecated setup.py egg_info --egg-base ../../build/rboot_topic build --build-base /home/jj/dual_dummy/build/rboot_topic/build install --record /home/jj/dual_dummy/build/rboot_topic/install.log --single-version-externally-managed install_data
[1.407s] running egg_info
[1.410s] writing ../../build/rboot_topic/rboot_topic.egg-info/PKG-INFO
[1.410s] writing dependency_links to ../../build/rboot_topic/rboot_topic.egg-info/dependency_links.txt
[1.410s] writing entry points to ../../build/rboot_topic/rboot_topic.egg-info/entry_points.txt
[1.410s] writing requirements to ../../build/rboot_topic/rboot_topic.egg-info/requires.txt
[1.411s] writing top-level names to ../../build/rboot_topic/rboot_topic.egg-info/top_level.txt
[1.412s] reading manifest file '../../build/rboot_topic/rboot_topic.egg-info/SOURCES.txt'
[1.416s] writing manifest file '../../build/rboot_topic/rboot_topic.egg-info/SOURCES.txt'
[1.416s] running build
[1.416s] running build_py
[1.416s] copying rboot_topic/right_ros_controller.py -> /home/jj/dual_dummy/build/rboot_topic/build/lib/rboot_topic
[1.416s] copying rboot_topic/left_ros_controller.py -> /home/jj/dual_dummy/build/rboot_topic/build/lib/rboot_topic
[1.416s] running install
[1.417s] running install_lib
[1.418s] copying /home/jj/dual_dummy/build/rboot_topic/build/lib/rboot_topic/right_ros_controller.py -> /home/jj/dual_dummy/install/rboot_topic/lib/python3.10/site-packages/rboot_topic
[1.418s] copying /home/jj/dual_dummy/build/rboot_topic/build/lib/rboot_topic/left_ros_controller.py -> /home/jj/dual_dummy/install/rboot_topic/lib/python3.10/site-packages/rboot_topic
[1.419s] byte-compiling /home/jj/dual_dummy/install/rboot_topic/lib/python3.10/site-packages/rboot_topic/right_ros_controller.py to right_ros_controller.cpython-310.pyc
[1.422s] byte-compiling /home/jj/dual_dummy/install/rboot_topic/lib/python3.10/site-packages/rboot_topic/left_ros_controller.py to left_ros_controller.cpython-310.pyc
[1.424s] running install_data
[1.424s] running install_egg_info
[1.426s] removing '/home/jj/dual_dummy/install/rboot_topic/lib/python3.10/site-packages/rboot_topic-0.0.1-py3.10.egg-info' (and everything under it)
[1.427s] Copying ../../build/rboot_topic/rboot_topic.egg-info to /home/jj/dual_dummy/install/rboot_topic/lib/python3.10/site-packages/rboot_topic-0.0.1-py3.10.egg-info
[1.430s] running install_scripts
[1.454s] Installing dummy2_ros_controller script to /home/jj/dual_dummy/install/rboot_topic/lib/rboot_topic
[1.455s] writing list of installed files to '/home/jj/dual_dummy/build/rboot_topic/install.log'
[1.501s] Invoked command in '/home/jj/dual_dummy/src/rboot_topic' returned '0': PYTHONPATH=/home/jj/dual_dummy/build/rboot_topic/prefix_override:/usr/lib/python3/dist-packages/colcon_core/task/python/colcon_distutils_commands:/home/jj/dual_dummy/install/rboot_topic/lib/python3.10/site-packages:${PYTHONPATH} /usr/bin/python3 -W ignore:setup.py install is deprecated -W ignore:easy_install command is deprecated setup.py egg_info --egg-base ../../build/rboot_topic build --build-base /home/jj/dual_dummy/build/rboot_topic/build install --record /home/jj/dual_dummy/build/rboot_topic/install.log --single-version-externally-managed install_data
