/home/jj/dual_dummy/install/dummy2_description/lib/python3.10/site-packages/dummy2_description/__init__.py
/home/jj/dual_dummy/install/dummy2_description/lib/python3.10/site-packages/dummy2_description/__pycache__/__init__.cpython-310.pyc
/home/jj/dual_dummy/install/dummy2_description/share/ament_index/resource_index/packages/dummy2_description
/home/jj/dual_dummy/install/dummy2_description/share/dummy2_description/package.xml
/home/jj/dual_dummy/install/dummy2_description/share/dummy2_description/launch/display.launch.py
/home/jj/dual_dummy/install/dummy2_description/share/dummy2_description/urdf/dual_dummy.urdf
/home/jj/dual_dummy/install/dummy2_description/share/dummy2_description/urdf/dual_dummy.urdf.bak
/home/jj/dual_dummy/install/dummy2_description/share/dummy2_description/meshes/camera_1.stl
/home/jj/dual_dummy/install/dummy2_description/share/dummy2_description/meshes/link5_1.stl
/home/jj/dual_dummy/install/dummy2_description/share/dummy2_description/meshes/link6_1.stl
/home/jj/dual_dummy/install/dummy2_description/share/dummy2_description/meshes/camera_eye_1.stl
/home/jj/dual_dummy/install/dummy2_description/share/dummy2_description/meshes/link1_1.stl
/home/jj/dual_dummy/install/dummy2_description/share/dummy2_description/meshes/link2_1.stl
/home/jj/dual_dummy/install/dummy2_description/share/dummy2_description/meshes/figer1_1.stl
/home/jj/dual_dummy/install/dummy2_description/share/dummy2_description/meshes/link3_1.stl
/home/jj/dual_dummy/install/dummy2_description/share/dummy2_description/meshes/base_link.stl
/home/jj/dual_dummy/install/dummy2_description/share/dummy2_description/meshes/figer2_1.stl
/home/jj/dual_dummy/install/dummy2_description/share/dummy2_description/meshes/link4_1.stl
/home/jj/dual_dummy/install/dummy2_description/share/dummy2_description/config/robot_view.rviz
/home/jj/dual_dummy/install/dummy2_description/lib/python3.10/site-packages/dummy2_description-0.0.0-py3.10.egg-info/zip-safe
/home/jj/dual_dummy/install/dummy2_description/lib/python3.10/site-packages/dummy2_description-0.0.0-py3.10.egg-info/top_level.txt
/home/jj/dual_dummy/install/dummy2_description/lib/python3.10/site-packages/dummy2_description-0.0.0-py3.10.egg-info/entry_points.txt
/home/jj/dual_dummy/install/dummy2_description/lib/python3.10/site-packages/dummy2_description-0.0.0-py3.10.egg-info/dependency_links.txt
/home/jj/dual_dummy/install/dummy2_description/lib/python3.10/site-packages/dummy2_description-0.0.0-py3.10.egg-info/SOURCES.txt
/home/jj/dual_dummy/install/dummy2_description/lib/python3.10/site-packages/dummy2_description-0.0.0-py3.10.egg-info/PKG-INFO
/home/jj/dual_dummy/install/dummy2_description/lib/python3.10/site-packages/dummy2_description-0.0.0-py3.10.egg-info/requires.txt
