[0.175s] DEBUG:colcon:Command line arguments: ['/usr/bin/colcon', 'build', '--packages-select', 'arm_control']
[0.176s] DEBUG:colcon:Parsed command line arguments: Namespace(log_base=None, log_level=None, verb_name='build', build_base='build', install_base='install', merge_install=False, symlink_install=False, test_result_base=None, continue_on_error=False, executor='parallel', parallel_workers=4, event_handlers=None, ignore_user_meta=False, metas=['./colcon.meta'], base_paths=['.'], packages_ignore=None, packages_ignore_regex=None, paths=None, packages_up_to=None, packages_up_to_regex=None, packages_above=None, packages_above_and_dependencies=None, packages_above_depth=None, packages_select_by_dep=None, packages_skip_by_dep=None, packages_skip_up_to=None, packages_select_build_failed=False, packages_skip_build_finished=False, packages_select_test_failures=False, packages_skip_test_passed=False, packages_select=['arm_control'], packages_skip=None, packages_select_regex=None, packages_skip_regex=None, packages_start=None, packages_end=None, allow_overriding=[], cmake_args=None, cmake_target=None, cmake_target_skip_unavailable=False, cmake_clean_cache=False, cmake_clean_first=False, cmake_force_configure=False, ament_cmake_args=None, catkin_cmake_args=None, catkin_skip_building_tests=False, verb_parser=<colcon_defaults.argument_parser.defaults.DefaultArgumentsDecorator object at 0x7c5cd3627c10>, verb_extension=<colcon_core.verb.build.BuildVerb object at 0x7c5cd36276a0>, main=<bound method BuildVerb.main of <colcon_core.verb.build.BuildVerb object at 0x7c5cd36276a0>>)
[0.348s] Level 1:colcon.colcon_core.package_discovery:discover_packages(colcon_meta) check parameters
[0.348s] Level 1:colcon.colcon_core.package_discovery:discover_packages(recursive) check parameters
[0.348s] Level 1:colcon.colcon_core.package_discovery:discover_packages(ignore) check parameters
[0.348s] Level 1:colcon.colcon_core.package_discovery:discover_packages(path) check parameters
[0.348s] Level 1:colcon.colcon_core.package_discovery:discover_packages(colcon_meta) discover
[0.348s] Level 1:colcon.colcon_core.package_discovery:discover_packages(recursive) discover
[0.348s] INFO:colcon.colcon_core.package_discovery:Crawling recursively for packages in '/home/jj/dual_dummy/src/arm_control'
[0.348s] Level 1:colcon.colcon_core.package_identification:_identify(.) by extensions ['ignore', 'ignore_ament_install']
[0.348s] Level 1:colcon.colcon_core.package_identification:_identify(.) by extension 'ignore'
[0.349s] Level 1:colcon.colcon_core.package_identification:_identify(.) by extension 'ignore_ament_install'
[0.349s] Level 1:colcon.colcon_core.package_identification:_identify(.) by extensions ['colcon_pkg']
[0.349s] Level 1:colcon.colcon_core.package_identification:_identify(.) by extension 'colcon_pkg'
[0.349s] Level 1:colcon.colcon_core.package_identification:_identify(.) by extensions ['colcon_meta']
[0.349s] Level 1:colcon.colcon_core.package_identification:_identify(.) by extension 'colcon_meta'
[0.349s] Level 1:colcon.colcon_core.package_identification:_identify(.) by extensions ['ros']
[0.349s] Level 1:colcon.colcon_core.package_identification:_identify(.) by extension 'ros'
[0.366s] DEBUG:colcon.colcon_core.package_identification:Package '.' with type 'ros.ament_cmake' and name 'arm_control'
[0.366s] Level 1:colcon.colcon_core.package_discovery:discover_packages(recursive) using defaults
[0.366s] Level 1:colcon.colcon_core.package_discovery:discover_packages(ignore) discover
[0.366s] Level 1:colcon.colcon_core.package_discovery:discover_packages(ignore) using defaults
[0.367s] Level 1:colcon.colcon_core.package_discovery:discover_packages(path) discover
[0.367s] Level 1:colcon.colcon_core.package_discovery:discover_packages(path) using defaults
[0.399s] Level 1:colcon.colcon_core.package_discovery:discover_packages(prefix_path) check parameters
[0.399s] Level 1:colcon.colcon_core.package_discovery:discover_packages(prefix_path) discover
[0.405s] DEBUG:colcon.colcon_installed_package_information.package_discovery:Found 360 installed packages in /opt/ros/humble
[0.425s] Level 1:colcon.colcon_core.package_discovery:discover_packages(prefix_path) using defaults
[0.525s] Level 5:colcon.colcon_core.verb:set package 'arm_control' build argument 'cmake_args' from command line to 'None'
[0.525s] Level 5:colcon.colcon_core.verb:set package 'arm_control' build argument 'cmake_target' from command line to 'None'
[0.525s] Level 5:colcon.colcon_core.verb:set package 'arm_control' build argument 'cmake_target_skip_unavailable' from command line to 'False'
[0.525s] Level 5:colcon.colcon_core.verb:set package 'arm_control' build argument 'cmake_clean_cache' from command line to 'False'
[0.525s] Level 5:colcon.colcon_core.verb:set package 'arm_control' build argument 'cmake_clean_first' from command line to 'False'
[0.525s] Level 5:colcon.colcon_core.verb:set package 'arm_control' build argument 'cmake_force_configure' from command line to 'False'
[0.525s] Level 5:colcon.colcon_core.verb:set package 'arm_control' build argument 'ament_cmake_args' from command line to 'None'
[0.525s] Level 5:colcon.colcon_core.verb:set package 'arm_control' build argument 'catkin_cmake_args' from command line to 'None'
[0.525s] Level 5:colcon.colcon_core.verb:set package 'arm_control' build argument 'catkin_skip_building_tests' from command line to 'False'
[0.525s] DEBUG:colcon.colcon_core.verb:Building package 'arm_control' with the following arguments: {'ament_cmake_args': None, 'build_base': '/home/jj/dual_dummy/src/arm_control/build/arm_control', 'catkin_cmake_args': None, 'catkin_skip_building_tests': False, 'cmake_args': None, 'cmake_clean_cache': False, 'cmake_clean_first': False, 'cmake_force_configure': False, 'cmake_target': None, 'cmake_target_skip_unavailable': False, 'install_base': '/home/jj/dual_dummy/src/arm_control/install/arm_control', 'merge_install': False, 'path': '/home/jj/dual_dummy/src/arm_control', 'symlink_install': False, 'test_result_base': None}
[0.525s] INFO:colcon.colcon_core.executor:Executing jobs using 'parallel' executor
[0.527s] DEBUG:colcon.colcon_parallel_executor.executor.parallel:run_until_complete
[0.528s] INFO:colcon.colcon_ros.task.ament_cmake.build:Building ROS package in '/home/jj/dual_dummy/src/arm_control' with build type 'ament_cmake'
[0.528s] INFO:colcon.colcon_cmake.task.cmake.build:Building CMake package in '/home/jj/dual_dummy/src/arm_control'
[0.533s] INFO:colcon.colcon_core.plugin_system:Skipping extension 'colcon_core.shell.bat': Not used on non-Windows systems
[0.533s] INFO:colcon.colcon_core.shell:Skip shell extension 'powershell' for command environment: Not usable outside of PowerShell
[0.533s] DEBUG:colcon.colcon_core.shell:Skip shell extension 'dsv' for command environment
[0.547s] DEBUG:colcon.colcon_core.event_handler.log_command:Invoking command in '/home/jj/dual_dummy/src/arm_control/build/arm_control': CMAKE_PREFIX_PATH=/opt/ros/humble /usr/bin/cmake --build /home/jj/dual_dummy/src/arm_control/build/arm_control -- -j4 -l4
[20.780s] DEBUG:colcon.colcon_core.event_handler.log_command:Invoked command in '/home/jj/dual_dummy/src/arm_control/build/arm_control' returned '2': CMAKE_PREFIX_PATH=/opt/ros/humble /usr/bin/cmake --build /home/jj/dual_dummy/src/arm_control/build/arm_control -- -j4 -l4
[20.822s] Level 1:colcon.colcon_core.environment:create_environment_scripts_only(arm_control)
[20.862s] Level 1:colcon.colcon_core.environment:checking '/home/jj/dual_dummy/src/arm_control/install/arm_control' for CMake module files
[20.865s] Level 1:colcon.colcon_core.environment:checking '/home/jj/dual_dummy/src/arm_control/install/arm_control' for CMake config files
[20.869s] Level 1:colcon.colcon_core.environment:checking '/home/jj/dual_dummy/src/arm_control/install/arm_control/bin'
[20.870s] Level 1:colcon.colcon_core.environment:checking '/home/jj/dual_dummy/src/arm_control/install/arm_control/lib/pkgconfig/arm_control.pc'
[20.876s] Level 1:colcon.colcon_core.environment:checking '/home/jj/dual_dummy/src/arm_control/install/arm_control/lib/python3.10/site-packages'
[20.876s] Level 1:colcon.colcon_core.environment:checking '/home/jj/dual_dummy/src/arm_control/install/arm_control/bin'
[20.877s] INFO:colcon.colcon_core.shell:Creating package script '/home/jj/dual_dummy/src/arm_control/install/arm_control/share/arm_control/package.ps1'
[20.889s] INFO:colcon.colcon_core.shell:Creating package descriptor '/home/jj/dual_dummy/src/arm_control/install/arm_control/share/arm_control/package.dsv'
[20.891s] INFO:colcon.colcon_core.shell:Creating package script '/home/jj/dual_dummy/src/arm_control/install/arm_control/share/arm_control/package.sh'
[20.894s] INFO:colcon.colcon_core.shell:Creating package script '/home/jj/dual_dummy/src/arm_control/install/arm_control/share/arm_control/package.bash'
[20.898s] INFO:colcon.colcon_core.shell:Creating package script '/home/jj/dual_dummy/src/arm_control/install/arm_control/share/arm_control/package.zsh'
[20.901s] Level 1:colcon.colcon_core.environment:create_file_with_runtime_dependencies(/home/jj/dual_dummy/src/arm_control/install/arm_control/share/colcon-core/packages/arm_control)
[20.919s] DEBUG:colcon.colcon_parallel_executor.executor.parallel:closing loop
[20.922s] DEBUG:colcon.colcon_parallel_executor.executor.parallel:loop closed
[20.923s] DEBUG:colcon.colcon_parallel_executor.executor.parallel:run_until_complete finished with '2'
[20.923s] DEBUG:colcon.colcon_core.event_reactor:joining thread
[20.980s] INFO:colcon.colcon_core.plugin_system:Skipping extension 'colcon_notification.desktop_notification.terminal_notifier': Not used on non-Darwin systems
[20.980s] INFO:colcon.colcon_core.plugin_system:Skipping extension 'colcon_notification.desktop_notification.win32': Not used on non-Windows systems
[20.981s] INFO:colcon.colcon_notification.desktop_notification:Sending desktop notification using 'notify2'
[21.497s] DEBUG:colcon.colcon_core.event_reactor:joined thread
[21.500s] INFO:colcon.colcon_core.shell:Creating prefix script '/home/jj/dual_dummy/src/arm_control/install/local_setup.ps1'
[21.503s] INFO:colcon.colcon_core.shell:Creating prefix util module '/home/jj/dual_dummy/src/arm_control/install/_local_setup_util_ps1.py'
[21.506s] INFO:colcon.colcon_core.shell:Creating prefix chain script '/home/jj/dual_dummy/src/arm_control/install/setup.ps1'
[21.510s] INFO:colcon.colcon_core.shell:Creating prefix script '/home/jj/dual_dummy/src/arm_control/install/local_setup.sh'
[21.512s] INFO:colcon.colcon_core.shell:Creating prefix util module '/home/jj/dual_dummy/src/arm_control/install/_local_setup_util_sh.py'
[21.514s] INFO:colcon.colcon_core.shell:Creating prefix chain script '/home/jj/dual_dummy/src/arm_control/install/setup.sh'
[21.516s] INFO:colcon.colcon_core.shell:Creating prefix script '/home/jj/dual_dummy/src/arm_control/install/local_setup.bash'
[21.518s] INFO:colcon.colcon_core.shell:Creating prefix chain script '/home/jj/dual_dummy/src/arm_control/install/setup.bash'
[21.520s] INFO:colcon.colcon_core.shell:Creating prefix script '/home/jj/dual_dummy/src/arm_control/install/local_setup.zsh'
[21.522s] INFO:colcon.colcon_core.shell:Creating prefix chain script '/home/jj/dual_dummy/src/arm_control/install/setup.zsh'
