running egg_info
creating ../../build/dummy2_description/dummy2_description.egg-info
writing ../../build/dummy2_description/dummy2_description.egg-info/PKG-INFO
writing dependency_links to ../../build/dummy2_description/dummy2_description.egg-info/dependency_links.txt
writing entry points to ../../build/dummy2_description/dummy2_description.egg-info/entry_points.txt
writing requirements to ../../build/dummy2_description/dummy2_description.egg-info/requires.txt
writing top-level names to ../../build/dummy2_description/dummy2_description.egg-info/top_level.txt
writing manifest file '../../build/dummy2_description/dummy2_description.egg-info/SOURCES.txt'
reading manifest file '../../build/dummy2_description/dummy2_description.egg-info/SOURCES.txt'
writing manifest file '../../build/dummy2_description/dummy2_description.egg-info/SOURCES.txt'
running build
running build_py
creating /home/jj/dual_dummy/build/dummy2_description/build
creating /home/jj/dual_dummy/build/dummy2_description/build/lib
creating /home/jj/dual_dummy/build/dummy2_description/build/lib/dummy2_description
copying dummy2_description/__init__.py -> /home/jj/dual_dummy/build/dummy2_description/build/lib/dummy2_description
running install
running install_lib
creating /home/jj/dual_dummy/install/dummy2_description/lib/python3.10/site-packages/dummy2_description
copying /home/jj/dual_dummy/build/dummy2_description/build/lib/dummy2_description/__init__.py -> /home/jj/dual_dummy/install/dummy2_description/lib/python3.10/site-packages/dummy2_description
byte-compiling /home/jj/dual_dummy/install/dummy2_description/lib/python3.10/site-packages/dummy2_description/__init__.py to __init__.cpython-310.pyc
running install_data
creating /home/jj/dual_dummy/install/dummy2_description/share/ament_index
creating /home/jj/dual_dummy/install/dummy2_description/share/ament_index/resource_index
creating /home/jj/dual_dummy/install/dummy2_description/share/ament_index/resource_index/packages
copying resource/dummy2_description -> /home/jj/dual_dummy/install/dummy2_description/share/ament_index/resource_index/packages
copying package.xml -> /home/jj/dual_dummy/install/dummy2_description/share/dummy2_description
creating /home/jj/dual_dummy/install/dummy2_description/share/dummy2_description/launch
copying launch/display.launch.py -> /home/jj/dual_dummy/install/dummy2_description/share/dummy2_description/launch
creating /home/jj/dual_dummy/install/dummy2_description/share/dummy2_description/urdf
copying urdf/dual_dummy.urdf -> /home/jj/dual_dummy/install/dummy2_description/share/dummy2_description/urdf
copying urdf/dual_dummy.urdf.bak -> /home/jj/dual_dummy/install/dummy2_description/share/dummy2_description/urdf
creating /home/jj/dual_dummy/install/dummy2_description/share/dummy2_description/meshes
copying meshes/camera_1.stl -> /home/jj/dual_dummy/install/dummy2_description/share/dummy2_description/meshes
copying meshes/link5_1.stl -> /home/jj/dual_dummy/install/dummy2_description/share/dummy2_description/meshes
copying meshes/link6_1.stl -> /home/jj/dual_dummy/install/dummy2_description/share/dummy2_description/meshes
copying meshes/camera_eye_1.stl -> /home/jj/dual_dummy/install/dummy2_description/share/dummy2_description/meshes
copying meshes/link1_1.stl -> /home/jj/dual_dummy/install/dummy2_description/share/dummy2_description/meshes
copying meshes/link2_1.stl -> /home/jj/dual_dummy/install/dummy2_description/share/dummy2_description/meshes
copying meshes/figer1_1.stl -> /home/jj/dual_dummy/install/dummy2_description/share/dummy2_description/meshes
copying meshes/link3_1.stl -> /home/jj/dual_dummy/install/dummy2_description/share/dummy2_description/meshes
copying meshes/base_link.stl -> /home/jj/dual_dummy/install/dummy2_description/share/dummy2_description/meshes
copying meshes/figer2_1.stl -> /home/jj/dual_dummy/install/dummy2_description/share/dummy2_description/meshes
copying meshes/link4_1.stl -> /home/jj/dual_dummy/install/dummy2_description/share/dummy2_description/meshes
creating /home/jj/dual_dummy/install/dummy2_description/share/dummy2_description/config
copying config/robot_view.rviz -> /home/jj/dual_dummy/install/dummy2_description/share/dummy2_description/config
running install_egg_info
Copying ../../build/dummy2_description/dummy2_description.egg-info to /home/jj/dual_dummy/install/dummy2_description/lib/python3.10/site-packages/dummy2_description-0.0.0-py3.10.egg-info
running install_scripts
writing list of installed files to '/home/jj/dual_dummy/build/dummy2_description/install.log'
