running egg_info
creating ../../build/rboot_libs/rboot_libs.egg-info
writing ../../build/rboot_libs/rboot_libs.egg-info/PKG-INFO
writing dependency_links to ../../build/rboot_libs/rboot_libs.egg-info/dependency_links.txt
writing entry points to ../../build/rboot_libs/rboot_libs.egg-info/entry_points.txt
writing requirements to ../../build/rboot_libs/rboot_libs.egg-info/requires.txt
writing top-level names to ../../build/rboot_libs/rboot_libs.egg-info/top_level.txt
writing manifest file '../../build/rboot_libs/rboot_libs.egg-info/SOURCES.txt'
reading manifest file '../../build/rboot_libs/rboot_libs.egg-info/SOURCES.txt'
writing manifest file '../../build/rboot_libs/rboot_libs.egg-info/SOURCES.txt'
running build
running build_py
creating /home/jj/dual_dummy/build/rboot_libs/build
creating /home/jj/dual_dummy/build/rboot_libs/build/lib
creating /home/jj/dual_dummy/build/rboot_libs/build/lib/rboot_libs
copying rboot_libs/__init__.py -> /home/jj/dual_dummy/build/rboot_libs/build/lib/rboot_libs
copying rboot_libs/rbootlibs.py -> /home/jj/dual_dummy/build/rboot_libs/build/lib/rboot_libs
running install
running install_lib
creating /home/jj/dual_dummy/install/rboot_libs/lib/python3.10/site-packages/rboot_libs
copying /home/jj/dual_dummy/build/rboot_libs/build/lib/rboot_libs/__init__.py -> /home/jj/dual_dummy/install/rboot_libs/lib/python3.10/site-packages/rboot_libs
copying /home/jj/dual_dummy/build/rboot_libs/build/lib/rboot_libs/rbootlibs.py -> /home/jj/dual_dummy/install/rboot_libs/lib/python3.10/site-packages/rboot_libs
byte-compiling /home/jj/dual_dummy/install/rboot_libs/lib/python3.10/site-packages/rboot_libs/__init__.py to __init__.cpython-310.pyc
byte-compiling /home/jj/dual_dummy/install/rboot_libs/lib/python3.10/site-packages/rboot_libs/rbootlibs.py to rbootlibs.cpython-310.pyc
running install_data
creating /home/jj/dual_dummy/install/rboot_libs/share/ament_index
creating /home/jj/dual_dummy/install/rboot_libs/share/ament_index/resource_index
creating /home/jj/dual_dummy/install/rboot_libs/share/ament_index/resource_index/packages
copying resource/rboot_libs -> /home/jj/dual_dummy/install/rboot_libs/share/ament_index/resource_index/packages
copying package.xml -> /home/jj/dual_dummy/install/rboot_libs/share/rboot_libs
running install_egg_info
Copying ../../build/rboot_libs/rboot_libs.egg-info to /home/jj/dual_dummy/install/rboot_libs/lib/python3.10/site-packages/rboot_libs-0.0.0-py3.10.egg-info
running install_scripts
writing list of installed files to '/home/jj/dual_dummy/build/rboot_libs/install.log'
