[0.031s] Invoking command in '/home/jj/dual_dummy/build/arm_control': CMAKE_PREFIX_PATH=${CMAKE_PREFIX_PATH}:/home/jj/dual_dummy/install/dummy2_description:/opt/ros/humble /usr/bin/cmake --build /home/jj/dual_dummy/build/arm_control -- -j4 -l4
[0.132s] [35m[1mConsolidate compiler generated dependencies of target arm_control__rosidl_generator_c[0m
[0.133s] [35m[1mConsolidate compiler generated dependencies of target motionlib[0m
[0.144s] [  1%] Built target arm_control__cpp
[0.163s] [  5%] Built target motionlib
[0.173s] [35m[1mConsolidate compiler generated dependencies of target arm_control__rosidl_typesupport_cpp[0m
[0.181s] [ 14%] Built target arm_control__rosidl_generator_c
[0.182s] [ 14%] Built target ament_cmake_python_copy_arm_control
[0.206s] [35m[1mConsolidate compiler generated dependencies of target arm_control__rosidl_typesupport_fastrtps_cpp[0m
[0.235s] [ 22%] Built target arm_control__rosidl_typesupport_cpp
[0.236s] [35m[1mConsolidate compiler generated dependencies of target arm_control__rosidl_typesupport_fastrtps_c[0m
[0.611s] [35m[1mConsolidate compiler generated dependencies of target arm_control__rosidl_typesupport_introspection_cpp[0m
[0.646s] [ 31%] Built target arm_control__rosidl_typesupport_fastrtps_cpp
[0.655s] [35m[1mConsolidate compiler generated dependencies of target arm_control__rosidl_typesupport_introspection_c[0m
[0.670s] [ 40%] Built target arm_control__rosidl_typesupport_fastrtps_c
[0.672s] [ 49%] Built target arm_control__rosidl_typesupport_introspection_cpp
[0.675s] [35m[1mConsolidate compiler generated dependencies of target arm_control__rosidl_typesupport_c[0m
[0.708s] [ 57%] Built target arm_control__rosidl_typesupport_introspection_c
[0.715s] [35m[1mConsolidate compiler generated dependencies of target ik_node[0m
[0.730s] [ 66%] Built target arm_control__rosidl_typesupport_c
[0.753s] [35m[1mConsolidate compiler generated dependencies of target trajectory_node[0m
[0.763s] [35m[1mConsolidate compiler generated dependencies of target arm_controller_node[0m
[0.785s] [ 68%] [32mBuilding CXX object CMakeFiles/ik_node.dir/src/ik_node.cpp.o[0m
[0.817s] [ 71%] Built target arm_controller_node
[0.838s] [35m[1mConsolidate compiler generated dependencies of target trajectory_viewer[0m
[0.861s] [ 75%] Built target trajectory_node
[0.896s] [ 78%] Built target trajectory_viewer
[0.913s] [ 78%] Built target arm_control
[0.960s] [ 80%] Built target arm_control__py
[0.980s] [35m[1mConsolidate compiler generated dependencies of target arm_control__rosidl_generator_py[0m
[1.010s] [ 87%] Built target arm_control__rosidl_generator_py
[1.025s] [35m[1mConsolidate compiler generated dependencies of target arm_control__rosidl_typesupport_fastrtps_c__pyext[0m
[1.030s] [35m[1mConsolidate compiler generated dependencies of target arm_control__rosidl_typesupport_introspection_c__pyext[0m
[1.056s] running egg_info
[1.061s] writing arm_control.egg-info/PKG-INFO
[1.063s] writing dependency_links to arm_control.egg-info/dependency_links.txt
[1.063s] writing top-level names to arm_control.egg-info/top_level.txt
[1.069s] [ 91%] Built target arm_control__rosidl_typesupport_fastrtps_c__pyext
[1.070s] reading manifest file 'arm_control.egg-info/SOURCES.txt'
[1.075s] writing manifest file 'arm_control.egg-info/SOURCES.txt'
[1.081s] [ 94%] Built target arm_control__rosidl_typesupport_introspection_c__pyext
[1.098s] [35m[1mConsolidate compiler generated dependencies of target arm_control__rosidl_typesupport_c__pyext[0m
[1.140s] [ 98%] Built target arm_control__rosidl_typesupport_c__pyext
[1.158s] [ 98%] Built target ament_cmake_python_build_arm_control_egg
[5.174s] [01m[K/home/jj/dual_dummy/src/arm_control/src/ik_node.cpp:[m[K In member function ‘[01m[Kvoid IKNode::executeSynchronizedMotion(const std::vector<PathPoint>&, const std::vector<PathPoint>&)[m[K’:
[5.174s] [01m[K/home/jj/dual_dummy/src/arm_control/src/ik_node.cpp:269:22:[m[K [01;35m[Kwarning: [m[Kcomparison of integer expressions of different signedness: ‘[01m[Kint[m[K’ and ‘[01m[Ksize_t[m[K’ {aka ‘[01m[Klong unsigned int[m[K’} [[01;35m[K]8;;https://gcc.gnu.org/onlinedocs/gcc/Warning-Options.html#index-Wsign-compare-Wsign-compare]8;;[m[K]
[5.175s]   269 |         for(int i=0;[01;35m[Ki<path_length[m[K;i++){
[5.175s]       |                     [01;35m[K~^~~~~~~~~~~~[m[K
[5.175s] [01m[K/home/jj/dual_dummy/src/arm_control/src/ik_node.cpp:[m[K In member function ‘[01m[Kvoid IKNode::handleCooperativeManipulation(const string&, const Matrix4d&, const Matrix4d&, const Matrix4d&, const Matrix4d&)[m[K’:
[5.175s] [01m[K/home/jj/dual_dummy/src/arm_control/src/ik_node.cpp:276:59:[m[K [01;35m[Kwarning: [m[Kunused parameter ‘[01m[Kobject_id[m[K’ [[01;35m[K]8;;https://gcc.gnu.org/onlinedocs/gcc/Warning-Options.html#index-Wunused-parameter-Wunused-parameter]8;;[m[K]
[5.176s]   276 |     void handleCooperativeManipulation([01;35m[Kconst std::string& object_id[m[K,
[5.176s]       |                                        [01;35m[K~~~~~~~~~~~~~~~~~~~^~~~~~~~~[m[K
[13.705s] [100%] [32m[1mLinking CXX executable ik_node[0m
[14.638s] [100%] Built target ik_node
[14.656s] Invoked command in '/home/jj/dual_dummy/build/arm_control' returned '0': CMAKE_PREFIX_PATH=${CMAKE_PREFIX_PATH}:/home/jj/dual_dummy/install/dummy2_description:/opt/ros/humble /usr/bin/cmake --build /home/jj/dual_dummy/build/arm_control -- -j4 -l4
[14.672s] Invoking command in '/home/jj/dual_dummy/build/arm_control': CMAKE_PREFIX_PATH=${CMAKE_PREFIX_PATH}:/home/jj/dual_dummy/install/dummy2_description:/opt/ros/humble /usr/bin/cmake --install /home/jj/dual_dummy/build/arm_control
[14.681s] -- Install configuration: ""
[14.682s] -- Up-to-date: /home/jj/dual_dummy/install/arm_control/share/ament_index/resource_index/rosidl_interfaces/arm_control
[14.682s] -- Up-to-date: /home/jj/dual_dummy/install/arm_control/include/arm_control/arm_control
[14.682s] -- Up-to-date: /home/jj/dual_dummy/install/arm_control/include/arm_control/arm_control/msg
[14.682s] -- Up-to-date: /home/jj/dual_dummy/install/arm_control/include/arm_control/arm_control/msg/control_command.h
[14.682s] -- Up-to-date: /home/jj/dual_dummy/install/arm_control/include/arm_control/arm_control/msg/rosidl_generator_c__visibility_control.h
[14.682s] -- Up-to-date: /home/jj/dual_dummy/install/arm_control/include/arm_control/arm_control/msg/ik_result.h
[14.682s] -- Up-to-date: /home/jj/dual_dummy/install/arm_control/include/arm_control/arm_control/msg/detail
[14.682s] -- Up-to-date: /home/jj/dual_dummy/install/arm_control/include/arm_control/arm_control/msg/detail/trajectory_point__functions.h
[14.682s] -- Up-to-date: /home/jj/dual_dummy/install/arm_control/include/arm_control/arm_control/msg/detail/control_command__type_support.h
[14.683s] -- Up-to-date: /home/jj/dual_dummy/install/arm_control/include/arm_control/arm_control/msg/detail/trajectory_point__struct.h
[14.683s] -- Up-to-date: /home/jj/dual_dummy/install/arm_control/include/arm_control/arm_control/msg/detail/ik_result__struct.h
[14.683s] -- Up-to-date: /home/jj/dual_dummy/install/arm_control/include/arm_control/arm_control/msg/detail/control_command__functions.h
[14.684s] -- Up-to-date: /home/jj/dual_dummy/install/arm_control/include/arm_control/arm_control/msg/detail/control_command__struct.h
[14.684s] -- Up-to-date: /home/jj/dual_dummy/install/arm_control/include/arm_control/arm_control/msg/detail/trajectory_point__functions.c
[14.684s] -- Up-to-date: /home/jj/dual_dummy/install/arm_control/include/arm_control/arm_control/msg/detail/ik_result__functions.c
[14.684s] -- Up-to-date: /home/jj/dual_dummy/install/arm_control/include/arm_control/arm_control/msg/detail/control_command__functions.c
[14.684s] -- Up-to-date: /home/jj/dual_dummy/install/arm_control/include/arm_control/arm_control/msg/detail/trajectory_point__type_support.h
[14.684s] -- Up-to-date: /home/jj/dual_dummy/install/arm_control/include/arm_control/arm_control/msg/detail/ik_result__type_support.h
[14.684s] -- Up-to-date: /home/jj/dual_dummy/install/arm_control/include/arm_control/arm_control/msg/detail/ik_result__functions.h
[14.684s] -- Up-to-date: /home/jj/dual_dummy/install/arm_control/include/arm_control/arm_control/msg/trajectory_point.h
[14.684s] -- Up-to-date: /home/jj/dual_dummy/install/arm_control/share/arm_control/environment/library_path.sh
[14.685s] -- Up-to-date: /home/jj/dual_dummy/install/arm_control/share/arm_control/environment/library_path.dsv
[14.685s] -- Up-to-date: /home/jj/dual_dummy/install/arm_control/lib/libarm_control__rosidl_generator_c.so
[14.685s] -- Up-to-date: /home/jj/dual_dummy/install/arm_control/include/arm_control/arm_control
[14.685s] -- Up-to-date: /home/jj/dual_dummy/install/arm_control/include/arm_control/arm_control/msg
[14.685s] -- Up-to-date: /home/jj/dual_dummy/install/arm_control/include/arm_control/arm_control/msg/rosidl_typesupport_fastrtps_c__visibility_control.h
[14.685s] -- Up-to-date: /home/jj/dual_dummy/install/arm_control/include/arm_control/arm_control/msg/detail
[14.685s] -- Up-to-date: /home/jj/dual_dummy/install/arm_control/include/arm_control/arm_control/msg/detail/ik_result__rosidl_typesupport_fastrtps_c.h
[14.686s] -- Up-to-date: /home/jj/dual_dummy/install/arm_control/include/arm_control/arm_control/msg/detail/control_command__rosidl_typesupport_fastrtps_c.h
[14.686s] -- Up-to-date: /home/jj/dual_dummy/install/arm_control/include/arm_control/arm_control/msg/detail/trajectory_point__rosidl_typesupport_fastrtps_c.h
[14.686s] -- Up-to-date: /home/jj/dual_dummy/install/arm_control/lib/libarm_control__rosidl_typesupport_fastrtps_c.so
[14.686s] -- Up-to-date: /home/jj/dual_dummy/install/arm_control/include/arm_control/arm_control
[14.686s] -- Up-to-date: /home/jj/dual_dummy/install/arm_control/include/arm_control/arm_control/msg
[14.686s] -- Up-to-date: /home/jj/dual_dummy/install/arm_control/include/arm_control/arm_control/msg/control_command.hpp
[14.686s] -- Up-to-date: /home/jj/dual_dummy/install/arm_control/include/arm_control/arm_control/msg/ik_result.hpp
[14.687s] -- Up-to-date: /home/jj/dual_dummy/install/arm_control/include/arm_control/arm_control/msg/rosidl_generator_cpp__visibility_control.hpp
[14.687s] -- Up-to-date: /home/jj/dual_dummy/install/arm_control/include/arm_control/arm_control/msg/trajectory_point.hpp
[14.687s] -- Up-to-date: /home/jj/dual_dummy/install/arm_control/include/arm_control/arm_control/msg/detail
[14.687s] -- Up-to-date: /home/jj/dual_dummy/install/arm_control/include/arm_control/arm_control/msg/detail/control_command__type_support.hpp
[14.687s] -- Up-to-date: /home/jj/dual_dummy/install/arm_control/include/arm_control/arm_control/msg/detail/trajectory_point__type_support.hpp
[14.687s] -- Up-to-date: /home/jj/dual_dummy/install/arm_control/include/arm_control/arm_control/msg/detail/trajectory_point__struct.hpp
[14.687s] -- Up-to-date: /home/jj/dual_dummy/install/arm_control/include/arm_control/arm_control/msg/detail/ik_result__builder.hpp
[14.687s] -- Up-to-date: /home/jj/dual_dummy/install/arm_control/include/arm_control/arm_control/msg/detail/control_command__struct.hpp
[14.687s] -- Up-to-date: /home/jj/dual_dummy/install/arm_control/include/arm_control/arm_control/msg/detail/trajectory_point__builder.hpp
[14.687s] -- Up-to-date: /home/jj/dual_dummy/install/arm_control/include/arm_control/arm_control/msg/detail/ik_result__struct.hpp
[14.688s] -- Up-to-date: /home/jj/dual_dummy/install/arm_control/include/arm_control/arm_control/msg/detail/control_command__builder.hpp
[14.688s] -- Up-to-date: /home/jj/dual_dummy/install/arm_control/include/arm_control/arm_control/msg/detail/ik_result__type_support.hpp
[14.688s] -- Up-to-date: /home/jj/dual_dummy/install/arm_control/include/arm_control/arm_control/msg/detail/control_command__traits.hpp
[14.688s] -- Up-to-date: /home/jj/dual_dummy/install/arm_control/include/arm_control/arm_control/msg/detail/trajectory_point__traits.hpp
[14.688s] -- Up-to-date: /home/jj/dual_dummy/install/arm_control/include/arm_control/arm_control/msg/detail/ik_result__traits.hpp
[14.688s] -- Up-to-date: /home/jj/dual_dummy/install/arm_control/include/arm_control/arm_control
[14.688s] -- Up-to-date: /home/jj/dual_dummy/install/arm_control/include/arm_control/arm_control/msg
[14.688s] -- Up-to-date: /home/jj/dual_dummy/install/arm_control/include/arm_control/arm_control/msg/rosidl_typesupport_fastrtps_cpp__visibility_control.h
[14.688s] -- Up-to-date: /home/jj/dual_dummy/install/arm_control/include/arm_control/arm_control/msg/detail
[14.688s] -- Up-to-date: /home/jj/dual_dummy/install/arm_control/include/arm_control/arm_control/msg/detail/dds_fastrtps
[14.689s] -- Up-to-date: /home/jj/dual_dummy/install/arm_control/include/arm_control/arm_control/msg/detail/ik_result__rosidl_typesupport_fastrtps_cpp.hpp
[14.689s] -- Up-to-date: /home/jj/dual_dummy/install/arm_control/include/arm_control/arm_control/msg/detail/control_command__rosidl_typesupport_fastrtps_cpp.hpp
[14.689s] -- Up-to-date: /home/jj/dual_dummy/install/arm_control/include/arm_control/arm_control/msg/detail/trajectory_point__rosidl_typesupport_fastrtps_cpp.hpp
[14.689s] -- Up-to-date: /home/jj/dual_dummy/install/arm_control/lib/libarm_control__rosidl_typesupport_fastrtps_cpp.so
[14.689s] -- Up-to-date: /home/jj/dual_dummy/install/arm_control/include/arm_control/arm_control
[14.689s] -- Up-to-date: /home/jj/dual_dummy/install/arm_control/include/arm_control/arm_control/msg
[14.689s] -- Up-to-date: /home/jj/dual_dummy/install/arm_control/include/arm_control/arm_control/msg/rosidl_typesupport_introspection_c__visibility_control.h
[14.689s] -- Up-to-date: /home/jj/dual_dummy/install/arm_control/include/arm_control/arm_control/msg/detail
[14.689s] -- Up-to-date: /home/jj/dual_dummy/install/arm_control/include/arm_control/arm_control/msg/detail/trajectory_point__rosidl_typesupport_introspection_c.h
[14.690s] -- Up-to-date: /home/jj/dual_dummy/install/arm_control/include/arm_control/arm_control/msg/detail/ik_result__rosidl_typesupport_introspection_c.h
[14.690s] -- Up-to-date: /home/jj/dual_dummy/install/arm_control/include/arm_control/arm_control/msg/detail/control_command__rosidl_typesupport_introspection_c.h
[14.690s] -- Up-to-date: /home/jj/dual_dummy/install/arm_control/include/arm_control/arm_control/msg/detail/control_command__type_support.c
[14.690s] -- Up-to-date: /home/jj/dual_dummy/install/arm_control/include/arm_control/arm_control/msg/detail/trajectory_point__type_support.c
[14.690s] -- Up-to-date: /home/jj/dual_dummy/install/arm_control/include/arm_control/arm_control/msg/detail/ik_result__type_support.c
[14.690s] -- Up-to-date: /home/jj/dual_dummy/install/arm_control/lib/libarm_control__rosidl_typesupport_introspection_c.so
[14.690s] -- Up-to-date: /home/jj/dual_dummy/install/arm_control/lib/libarm_control__rosidl_typesupport_c.so
[14.690s] -- Up-to-date: /home/jj/dual_dummy/install/arm_control/include/arm_control/arm_control
[14.690s] -- Up-to-date: /home/jj/dual_dummy/install/arm_control/include/arm_control/arm_control/msg
[14.690s] -- Up-to-date: /home/jj/dual_dummy/install/arm_control/include/arm_control/arm_control/msg/detail
[14.690s] -- Up-to-date: /home/jj/dual_dummy/install/arm_control/include/arm_control/arm_control/msg/detail/control_command__type_support.cpp
[14.690s] -- Up-to-date: /home/jj/dual_dummy/install/arm_control/include/arm_control/arm_control/msg/detail/trajectory_point__type_support.cpp
[14.690s] -- Up-to-date: /home/jj/dual_dummy/install/arm_control/include/arm_control/arm_control/msg/detail/trajectory_point__rosidl_typesupport_introspection_cpp.hpp
[14.691s] -- Up-to-date: /home/jj/dual_dummy/install/arm_control/include/arm_control/arm_control/msg/detail/control_command__rosidl_typesupport_introspection_cpp.hpp
[14.691s] -- Up-to-date: /home/jj/dual_dummy/install/arm_control/include/arm_control/arm_control/msg/detail/ik_result__type_support.cpp
[14.691s] -- Up-to-date: /home/jj/dual_dummy/install/arm_control/include/arm_control/arm_control/msg/detail/ik_result__rosidl_typesupport_introspection_cpp.hpp
[14.691s] -- Up-to-date: /home/jj/dual_dummy/install/arm_control/lib/libarm_control__rosidl_typesupport_introspection_cpp.so
[14.691s] -- Up-to-date: /home/jj/dual_dummy/install/arm_control/lib/libarm_control__rosidl_typesupport_cpp.so
[14.691s] -- Up-to-date: /home/jj/dual_dummy/install/arm_control/share/arm_control/environment/pythonpath.sh
[14.691s] -- Up-to-date: /home/jj/dual_dummy/install/arm_control/share/arm_control/environment/pythonpath.dsv
[14.691s] -- Up-to-date: /home/jj/dual_dummy/install/arm_control/local/lib/python3.10/dist-packages/arm_control-0.0.0-py3.10.egg-info
[14.691s] -- Installing: /home/jj/dual_dummy/install/arm_control/local/lib/python3.10/dist-packages/arm_control-0.0.0-py3.10.egg-info/top_level.txt
[14.691s] -- Installing: /home/jj/dual_dummy/install/arm_control/local/lib/python3.10/dist-packages/arm_control-0.0.0-py3.10.egg-info/dependency_links.txt
[14.691s] -- Installing: /home/jj/dual_dummy/install/arm_control/local/lib/python3.10/dist-packages/arm_control-0.0.0-py3.10.egg-info/SOURCES.txt
[14.692s] -- Installing: /home/jj/dual_dummy/install/arm_control/local/lib/python3.10/dist-packages/arm_control-0.0.0-py3.10.egg-info/PKG-INFO
[14.692s] -- Up-to-date: /home/jj/dual_dummy/install/arm_control/local/lib/python3.10/dist-packages/arm_control
[14.692s] -- Up-to-date: /home/jj/dual_dummy/install/arm_control/local/lib/python3.10/dist-packages/arm_control/arm_control_s__rosidl_typesupport_introspection_c.cpython-310-x86_64-linux-gnu.so
[14.692s] -- Up-to-date: /home/jj/dual_dummy/install/arm_control/local/lib/python3.10/dist-packages/arm_control/_arm_control_s.ep.rosidl_typesupport_c.c
[14.692s] -- Up-to-date: /home/jj/dual_dummy/install/arm_control/local/lib/python3.10/dist-packages/arm_control/__init__.py
[14.692s] -- Up-to-date: /home/jj/dual_dummy/install/arm_control/local/lib/python3.10/dist-packages/arm_control/_arm_control_s.ep.rosidl_typesupport_fastrtps_c.c
[14.692s] -- Up-to-date: /home/jj/dual_dummy/install/arm_control/local/lib/python3.10/dist-packages/arm_control/libarm_control__rosidl_generator_py.so
[14.692s] -- Up-to-date: /home/jj/dual_dummy/install/arm_control/local/lib/python3.10/dist-packages/arm_control/_arm_control_s.ep.rosidl_typesupport_introspection_c.c
[14.692s] -- Up-to-date: /home/jj/dual_dummy/install/arm_control/local/lib/python3.10/dist-packages/arm_control/arm_control_s__rosidl_typesupport_c.cpython-310-x86_64-linux-gnu.so
[14.692s] -- Up-to-date: /home/jj/dual_dummy/install/arm_control/local/lib/python3.10/dist-packages/arm_control/msg
[14.692s] -- Up-to-date: /home/jj/dual_dummy/install/arm_control/local/lib/python3.10/dist-packages/arm_control/msg/_ik_result_s.c
[14.692s] -- Up-to-date: /home/jj/dual_dummy/install/arm_control/local/lib/python3.10/dist-packages/arm_control/msg/_trajectory_point.py
[14.692s] -- Up-to-date: /home/jj/dual_dummy/install/arm_control/local/lib/python3.10/dist-packages/arm_control/msg/_control_command.py
[14.693s] -- Up-to-date: /home/jj/dual_dummy/install/arm_control/local/lib/python3.10/dist-packages/arm_control/msg/__init__.py
[14.693s] -- Up-to-date: /home/jj/dual_dummy/install/arm_control/local/lib/python3.10/dist-packages/arm_control/msg/_control_command_s.c
[14.693s] -- Up-to-date: /home/jj/dual_dummy/install/arm_control/local/lib/python3.10/dist-packages/arm_control/msg/_ik_result.py
[14.693s] -- Up-to-date: /home/jj/dual_dummy/install/arm_control/local/lib/python3.10/dist-packages/arm_control/msg/_trajectory_point_s.c
[14.693s] -- Up-to-date: /home/jj/dual_dummy/install/arm_control/local/lib/python3.10/dist-packages/arm_control/arm_control_s__rosidl_typesupport_fastrtps_c.cpython-310-x86_64-linux-gnu.so
[14.728s] Listing '/home/jj/dual_dummy/install/arm_control/local/lib/python3.10/dist-packages/arm_control'...
[14.729s] Listing '/home/jj/dual_dummy/install/arm_control/local/lib/python3.10/dist-packages/arm_control/msg'...
[14.734s] -- Up-to-date: /home/jj/dual_dummy/install/arm_control/local/lib/python3.10/dist-packages/arm_control/arm_control_s__rosidl_typesupport_fastrtps_c.cpython-310-x86_64-linux-gnu.so
[14.734s] -- Up-to-date: /home/jj/dual_dummy/install/arm_control/local/lib/python3.10/dist-packages/arm_control/arm_control_s__rosidl_typesupport_introspection_c.cpython-310-x86_64-linux-gnu.so
[14.735s] -- Up-to-date: /home/jj/dual_dummy/install/arm_control/local/lib/python3.10/dist-packages/arm_control/arm_control_s__rosidl_typesupport_c.cpython-310-x86_64-linux-gnu.so
[14.735s] -- Up-to-date: /home/jj/dual_dummy/install/arm_control/lib/libarm_control__rosidl_generator_py.so
[14.735s] -- Up-to-date: /home/jj/dual_dummy/install/arm_control/share/arm_control/msg/IKResult.idl
[14.735s] -- Up-to-date: /home/jj/dual_dummy/install/arm_control/share/arm_control/msg/TrajectoryPoint.idl
[14.735s] -- Up-to-date: /home/jj/dual_dummy/install/arm_control/share/arm_control/msg/ControlCommand.idl
[14.735s] -- Up-to-date: /home/jj/dual_dummy/install/arm_control/share/arm_control/msg/IKResult.msg
[14.736s] -- Up-to-date: /home/jj/dual_dummy/install/arm_control/share/arm_control/msg/TrajectoryPoint.msg
[14.736s] -- Up-to-date: /home/jj/dual_dummy/install/arm_control/share/arm_control/msg/ControlCommand.msg
[14.736s] -- Installing: /home/jj/dual_dummy/install/arm_control/lib/arm_control/ik_node
[14.746s] -- Set runtime path of "/home/jj/dual_dummy/install/arm_control/lib/arm_control/ik_node" to ""
[14.746s] -- Up-to-date: /home/jj/dual_dummy/install/arm_control/lib/arm_control/trajectory_node
[14.746s] -- Up-to-date: /home/jj/dual_dummy/install/arm_control/lib/arm_control/arm_controller_node
[14.746s] -- Up-to-date: /home/jj/dual_dummy/install/arm_control/lib/arm_control/trajectory_viewer
[14.747s] -- Up-to-date: /home/jj/dual_dummy/install/arm_control/share/arm_control/msg
[14.748s] -- Up-to-date: /home/jj/dual_dummy/install/arm_control/share/arm_control/msg/ControlCommand.msg
[14.748s] -- Up-to-date: /home/jj/dual_dummy/install/arm_control/share/arm_control/msg/TrajectoryPoint.msg
[14.748s] -- Up-to-date: /home/jj/dual_dummy/install/arm_control/share/arm_control/msg/IKResult.msg
[14.748s] -- Up-to-date: /home/jj/dual_dummy/install/arm_control/share/arm_control/launch
[14.748s] -- Up-to-date: /home/jj/dual_dummy/install/arm_control/share/arm_control/launch/ik_node.launch.py
[14.749s] -- Up-to-date: /home/jj/dual_dummy/install/arm_control/share/ament_index/resource_index/package_run_dependencies/arm_control
[14.749s] -- Up-to-date: /home/jj/dual_dummy/install/arm_control/share/ament_index/resource_index/parent_prefix_path/arm_control
[14.749s] -- Up-to-date: /home/jj/dual_dummy/install/arm_control/share/arm_control/environment/ament_prefix_path.sh
[14.749s] -- Up-to-date: /home/jj/dual_dummy/install/arm_control/share/arm_control/environment/ament_prefix_path.dsv
[14.749s] -- Up-to-date: /home/jj/dual_dummy/install/arm_control/share/arm_control/environment/path.sh
[14.750s] -- Up-to-date: /home/jj/dual_dummy/install/arm_control/share/arm_control/environment/path.dsv
[14.750s] -- Up-to-date: /home/jj/dual_dummy/install/arm_control/share/arm_control/local_setup.bash
[14.750s] -- Up-to-date: /home/jj/dual_dummy/install/arm_control/share/arm_control/local_setup.sh
[14.750s] -- Up-to-date: /home/jj/dual_dummy/install/arm_control/share/arm_control/local_setup.zsh
[14.750s] -- Up-to-date: /home/jj/dual_dummy/install/arm_control/share/arm_control/local_setup.dsv
[14.750s] -- Installing: /home/jj/dual_dummy/install/arm_control/share/arm_control/package.dsv
[14.750s] -- Up-to-date: /home/jj/dual_dummy/install/arm_control/share/ament_index/resource_index/packages/arm_control
[14.750s] -- Up-to-date: /home/jj/dual_dummy/install/arm_control/share/arm_control/cmake/export_arm_control__rosidl_generator_cExport.cmake
[14.751s] -- Up-to-date: /home/jj/dual_dummy/install/arm_control/share/arm_control/cmake/export_arm_control__rosidl_generator_cExport-noconfig.cmake
[14.751s] -- Up-to-date: /home/jj/dual_dummy/install/arm_control/share/arm_control/cmake/export_arm_control__rosidl_typesupport_fastrtps_cExport.cmake
[14.751s] -- Up-to-date: /home/jj/dual_dummy/install/arm_control/share/arm_control/cmake/export_arm_control__rosidl_typesupport_fastrtps_cExport-noconfig.cmake
[14.751s] -- Up-to-date: /home/jj/dual_dummy/install/arm_control/share/arm_control/cmake/export_arm_control__rosidl_generator_cppExport.cmake
[14.751s] -- Up-to-date: /home/jj/dual_dummy/install/arm_control/share/arm_control/cmake/export_arm_control__rosidl_typesupport_fastrtps_cppExport.cmake
[14.751s] -- Up-to-date: /home/jj/dual_dummy/install/arm_control/share/arm_control/cmake/export_arm_control__rosidl_typesupport_fastrtps_cppExport-noconfig.cmake
[14.751s] -- Up-to-date: /home/jj/dual_dummy/install/arm_control/share/arm_control/cmake/arm_control__rosidl_typesupport_introspection_cExport.cmake
[14.751s] -- Up-to-date: /home/jj/dual_dummy/install/arm_control/share/arm_control/cmake/arm_control__rosidl_typesupport_introspection_cExport-noconfig.cmake
[14.751s] -- Up-to-date: /home/jj/dual_dummy/install/arm_control/share/arm_control/cmake/arm_control__rosidl_typesupport_cExport.cmake
[14.752s] -- Up-to-date: /home/jj/dual_dummy/install/arm_control/share/arm_control/cmake/arm_control__rosidl_typesupport_cExport-noconfig.cmake
[14.752s] -- Up-to-date: /home/jj/dual_dummy/install/arm_control/share/arm_control/cmake/arm_control__rosidl_typesupport_introspection_cppExport.cmake
[14.752s] -- Up-to-date: /home/jj/dual_dummy/install/arm_control/share/arm_control/cmake/arm_control__rosidl_typesupport_introspection_cppExport-noconfig.cmake
[14.752s] -- Up-to-date: /home/jj/dual_dummy/install/arm_control/share/arm_control/cmake/arm_control__rosidl_typesupport_cppExport.cmake
[14.752s] -- Up-to-date: /home/jj/dual_dummy/install/arm_control/share/arm_control/cmake/arm_control__rosidl_typesupport_cppExport-noconfig.cmake
[14.752s] -- Up-to-date: /home/jj/dual_dummy/install/arm_control/share/arm_control/cmake/export_arm_control__rosidl_generator_pyExport.cmake
[14.753s] -- Up-to-date: /home/jj/dual_dummy/install/arm_control/share/arm_control/cmake/export_arm_control__rosidl_generator_pyExport-noconfig.cmake
[14.755s] -- Up-to-date: /home/jj/dual_dummy/install/arm_control/share/arm_control/cmake/rosidl_cmake-extras.cmake
[14.756s] -- Up-to-date: /home/jj/dual_dummy/install/arm_control/share/arm_control/cmake/ament_cmake_export_dependencies-extras.cmake
[14.756s] -- Up-to-date: /home/jj/dual_dummy/install/arm_control/share/arm_control/cmake/ament_cmake_export_include_directories-extras.cmake
[14.756s] -- Up-to-date: /home/jj/dual_dummy/install/arm_control/share/arm_control/cmake/ament_cmake_export_libraries-extras.cmake
[14.758s] -- Up-to-date: /home/jj/dual_dummy/install/arm_control/share/arm_control/cmake/ament_cmake_export_targets-extras.cmake
[14.759s] -- Up-to-date: /home/jj/dual_dummy/install/arm_control/share/arm_control/cmake/rosidl_cmake_export_typesupport_targets-extras.cmake
[14.759s] -- Up-to-date: /home/jj/dual_dummy/install/arm_control/share/arm_control/cmake/rosidl_cmake_export_typesupport_libraries-extras.cmake
[14.759s] -- Up-to-date: /home/jj/dual_dummy/install/arm_control/share/arm_control/cmake/arm_controlConfig.cmake
[14.760s] -- Up-to-date: /home/jj/dual_dummy/install/arm_control/share/arm_control/cmake/arm_controlConfig-version.cmake
[14.760s] -- Up-to-date: /home/jj/dual_dummy/install/arm_control/share/arm_control/package.xml
[14.762s] Invoked command in '/home/jj/dual_dummy/build/arm_control' returned '0': CMAKE_PREFIX_PATH=${CMAKE_PREFIX_PATH}:/home/jj/dual_dummy/install/dummy2_description:/opt/ros/humble /usr/bin/cmake --install /home/jj/dual_dummy/build/arm_control
