[0.298s] DEBUG:colcon:Command line arguments: ['/usr/bin/colcon', 'build']
[0.298s] DEBUG:colcon:Parsed command line arguments: Namespace(log_base=None, log_level=None, verb_name='build', build_base='build', install_base='install', merge_install=False, symlink_install=False, test_result_base=None, continue_on_error=False, executor='parallel', parallel_workers=4, event_handlers=None, ignore_user_meta=False, metas=['./colcon.meta'], base_paths=['.'], packages_ignore=None, packages_ignore_regex=None, paths=None, packages_up_to=None, packages_up_to_regex=None, packages_above=None, packages_above_and_dependencies=None, packages_above_depth=None, packages_select_by_dep=None, packages_skip_by_dep=None, packages_skip_up_to=None, packages_select_build_failed=False, packages_skip_build_finished=False, packages_select_test_failures=False, packages_skip_test_passed=False, packages_select=None, packages_skip=None, packages_select_regex=None, packages_skip_regex=None, packages_start=None, packages_end=None, allow_overriding=[], cmake_args=None, cmake_target=None, cmake_target_skip_unavailable=False, cmake_clean_cache=False, cmake_clean_first=False, cmake_force_configure=False, ament_cmake_args=None, catkin_cmake_args=None, catkin_skip_building_tests=False, verb_parser=<colcon_defaults.argument_parser.defaults.DefaultArgumentsDecorator object at 0x7d198005c0a0>, verb_extension=<colcon_core.verb.build.BuildVerb object at 0x7d198001faf0>, main=<bound method BuildVerb.main of <colcon_core.verb.build.BuildVerb object at 0x7d198001faf0>>)
[0.651s] Level 1:colcon.colcon_core.package_discovery:discover_packages(colcon_meta) check parameters
[0.651s] Level 1:colcon.colcon_core.package_discovery:discover_packages(recursive) check parameters
[0.651s] Level 1:colcon.colcon_core.package_discovery:discover_packages(ignore) check parameters
[0.651s] Level 1:colcon.colcon_core.package_discovery:discover_packages(path) check parameters
[0.651s] Level 1:colcon.colcon_core.package_discovery:discover_packages(colcon_meta) discover
[0.651s] Level 1:colcon.colcon_core.package_discovery:discover_packages(recursive) discover
[0.651s] INFO:colcon.colcon_core.package_discovery:Crawling recursively for packages in '/home/jj/dual_dummy'
[0.651s] Level 1:colcon.colcon_core.package_identification:_identify(.) by extensions ['ignore', 'ignore_ament_install']
[0.651s] Level 1:colcon.colcon_core.package_identification:_identify(.) by extension 'ignore'
[0.652s] Level 1:colcon.colcon_core.package_identification:_identify(.) by extension 'ignore_ament_install'
[0.652s] Level 1:colcon.colcon_core.package_identification:_identify(.) by extensions ['colcon_pkg']
[0.652s] Level 1:colcon.colcon_core.package_identification:_identify(.) by extension 'colcon_pkg'
[0.652s] Level 1:colcon.colcon_core.package_identification:_identify(.) by extensions ['colcon_meta']
[0.652s] Level 1:colcon.colcon_core.package_identification:_identify(.) by extension 'colcon_meta'
[0.652s] Level 1:colcon.colcon_core.package_identification:_identify(.) by extensions ['ros']
[0.652s] Level 1:colcon.colcon_core.package_identification:_identify(.) by extension 'ros'
[0.672s] Level 1:colcon.colcon_core.package_identification:_identify(.) by extensions ['cmake', 'python']
[0.672s] Level 1:colcon.colcon_core.package_identification:_identify(.) by extension 'cmake'
[0.672s] Level 1:colcon.colcon_core.package_identification:_identify(.) by extension 'python'
[0.672s] Level 1:colcon.colcon_core.package_identification:_identify(.) by extensions ['python_setup_py']
[0.672s] Level 1:colcon.colcon_core.package_identification:_identify(.) by extension 'python_setup_py'
[0.672s] Level 1:colcon.colcon_core.package_identification:_identify(build) by extensions ['ignore', 'ignore_ament_install']
[0.673s] Level 1:colcon.colcon_core.package_identification:_identify(build) by extension 'ignore'
[0.673s] Level 1:colcon.colcon_core.package_identification:_identify(build) ignored
[0.673s] Level 1:colcon.colcon_core.package_identification:_identify(install) by extensions ['ignore', 'ignore_ament_install']
[0.673s] Level 1:colcon.colcon_core.package_identification:_identify(install) by extension 'ignore'
[0.673s] Level 1:colcon.colcon_core.package_identification:_identify(install) ignored
[0.673s] Level 1:colcon.colcon_core.package_identification:_identify(log) by extensions ['ignore', 'ignore_ament_install']
[0.673s] Level 1:colcon.colcon_core.package_identification:_identify(log) by extension 'ignore'
[0.673s] Level 1:colcon.colcon_core.package_identification:_identify(log) ignored
[0.673s] Level 1:colcon.colcon_core.package_identification:_identify(src) by extensions ['ignore', 'ignore_ament_install']
[0.673s] Level 1:colcon.colcon_core.package_identification:_identify(src) by extension 'ignore'
[0.673s] Level 1:colcon.colcon_core.package_identification:_identify(src) by extension 'ignore_ament_install'
[0.673s] Level 1:colcon.colcon_core.package_identification:_identify(src) by extensions ['colcon_pkg']
[0.673s] Level 1:colcon.colcon_core.package_identification:_identify(src) by extension 'colcon_pkg'
[0.673s] Level 1:colcon.colcon_core.package_identification:_identify(src) by extensions ['colcon_meta']
[0.674s] Level 1:colcon.colcon_core.package_identification:_identify(src) by extension 'colcon_meta'
[0.674s] Level 1:colcon.colcon_core.package_identification:_identify(src) by extensions ['ros']
[0.674s] Level 1:colcon.colcon_core.package_identification:_identify(src) by extension 'ros'
[0.674s] Level 1:colcon.colcon_core.package_identification:_identify(src) by extensions ['cmake', 'python']
[0.674s] Level 1:colcon.colcon_core.package_identification:_identify(src) by extension 'cmake'
[0.674s] Level 1:colcon.colcon_core.package_identification:_identify(src) by extension 'python'
[0.674s] Level 1:colcon.colcon_core.package_identification:_identify(src) by extensions ['python_setup_py']
[0.674s] Level 1:colcon.colcon_core.package_identification:_identify(src) by extension 'python_setup_py'
[0.674s] Level 1:colcon.colcon_core.package_identification:_identify(src/arm_control) by extensions ['ignore', 'ignore_ament_install']
[0.674s] Level 1:colcon.colcon_core.package_identification:_identify(src/arm_control) by extension 'ignore'
[0.674s] Level 1:colcon.colcon_core.package_identification:_identify(src/arm_control) by extension 'ignore_ament_install'
[0.674s] Level 1:colcon.colcon_core.package_identification:_identify(src/arm_control) by extensions ['colcon_pkg']
[0.674s] Level 1:colcon.colcon_core.package_identification:_identify(src/arm_control) by extension 'colcon_pkg'
[0.674s] Level 1:colcon.colcon_core.package_identification:_identify(src/arm_control) by extensions ['colcon_meta']
[0.674s] Level 1:colcon.colcon_core.package_identification:_identify(src/arm_control) by extension 'colcon_meta'
[0.674s] Level 1:colcon.colcon_core.package_identification:_identify(src/arm_control) by extensions ['ros']
[0.674s] Level 1:colcon.colcon_core.package_identification:_identify(src/arm_control) by extension 'ros'
[0.682s] DEBUG:colcon.colcon_core.package_identification:Package 'src/arm_control' with type 'ros.ament_cmake' and name 'arm_control'
[0.682s] Level 1:colcon.colcon_core.package_identification:_identify(src/dummy2_description) by extensions ['ignore', 'ignore_ament_install']
[0.683s] Level 1:colcon.colcon_core.package_identification:_identify(src/dummy2_description) by extension 'ignore'
[0.683s] Level 1:colcon.colcon_core.package_identification:_identify(src/dummy2_description) by extension 'ignore_ament_install'
[0.683s] Level 1:colcon.colcon_core.package_identification:_identify(src/dummy2_description) by extensions ['colcon_pkg']
[0.683s] Level 1:colcon.colcon_core.package_identification:_identify(src/dummy2_description) by extension 'colcon_pkg'
[0.683s] Level 1:colcon.colcon_core.package_identification:_identify(src/dummy2_description) by extensions ['colcon_meta']
[0.683s] Level 1:colcon.colcon_core.package_identification:_identify(src/dummy2_description) by extension 'colcon_meta'
[0.683s] Level 1:colcon.colcon_core.package_identification:_identify(src/dummy2_description) by extensions ['ros']
[0.683s] Level 1:colcon.colcon_core.package_identification:_identify(src/dummy2_description) by extension 'ros'
[0.686s] DEBUG:colcon.colcon_core.package_identification:Package 'src/dummy2_description' with type 'ros.ament_python' and name 'dummy2_description'
[0.686s] Level 1:colcon.colcon_core.package_discovery:discover_packages(recursive) using defaults
[0.686s] Level 1:colcon.colcon_core.package_discovery:discover_packages(ignore) discover
[0.686s] Level 1:colcon.colcon_core.package_discovery:discover_packages(ignore) using defaults
[0.686s] Level 1:colcon.colcon_core.package_discovery:discover_packages(path) discover
[0.686s] Level 1:colcon.colcon_core.package_discovery:discover_packages(path) using defaults
[0.736s] Level 1:colcon.colcon_core.package_discovery:discover_packages(prefix_path) check parameters
[0.736s] Level 1:colcon.colcon_core.package_discovery:discover_packages(prefix_path) discover
[0.741s] DEBUG:colcon.colcon_installed_package_information.package_discovery:Found 2 installed packages in /home/jj/dual_dummy/install
[0.748s] DEBUG:colcon.colcon_installed_package_information.package_discovery:Found 360 installed packages in /opt/ros/humble
[0.779s] Level 1:colcon.colcon_core.package_discovery:discover_packages(prefix_path) using defaults
[0.914s] Level 5:colcon.colcon_core.verb:set package 'arm_control' build argument 'cmake_args' from command line to 'None'
[0.914s] Level 5:colcon.colcon_core.verb:set package 'arm_control' build argument 'cmake_target' from command line to 'None'
[0.914s] Level 5:colcon.colcon_core.verb:set package 'arm_control' build argument 'cmake_target_skip_unavailable' from command line to 'False'
[0.914s] Level 5:colcon.colcon_core.verb:set package 'arm_control' build argument 'cmake_clean_cache' from command line to 'False'
[0.914s] Level 5:colcon.colcon_core.verb:set package 'arm_control' build argument 'cmake_clean_first' from command line to 'False'
[0.914s] Level 5:colcon.colcon_core.verb:set package 'arm_control' build argument 'cmake_force_configure' from command line to 'False'
[0.914s] Level 5:colcon.colcon_core.verb:set package 'arm_control' build argument 'ament_cmake_args' from command line to 'None'
[0.914s] Level 5:colcon.colcon_core.verb:set package 'arm_control' build argument 'catkin_cmake_args' from command line to 'None'
[0.914s] Level 5:colcon.colcon_core.verb:set package 'arm_control' build argument 'catkin_skip_building_tests' from command line to 'False'
[0.914s] DEBUG:colcon.colcon_core.verb:Building package 'arm_control' with the following arguments: {'ament_cmake_args': None, 'build_base': '/home/jj/dual_dummy/build/arm_control', 'catkin_cmake_args': None, 'catkin_skip_building_tests': False, 'cmake_args': None, 'cmake_clean_cache': False, 'cmake_clean_first': False, 'cmake_force_configure': False, 'cmake_target': None, 'cmake_target_skip_unavailable': False, 'install_base': '/home/jj/dual_dummy/install/arm_control', 'merge_install': False, 'path': '/home/jj/dual_dummy/src/arm_control', 'symlink_install': False, 'test_result_base': None}
[0.915s] Level 5:colcon.colcon_core.verb:set package 'dummy2_description' build argument 'cmake_args' from command line to 'None'
[0.915s] Level 5:colcon.colcon_core.verb:set package 'dummy2_description' build argument 'cmake_target' from command line to 'None'
[0.916s] Level 5:colcon.colcon_core.verb:set package 'dummy2_description' build argument 'cmake_target_skip_unavailable' from command line to 'False'
[0.916s] Level 5:colcon.colcon_core.verb:set package 'dummy2_description' build argument 'cmake_clean_cache' from command line to 'False'
[0.916s] Level 5:colcon.colcon_core.verb:set package 'dummy2_description' build argument 'cmake_clean_first' from command line to 'False'
[0.916s] Level 5:colcon.colcon_core.verb:set package 'dummy2_description' build argument 'cmake_force_configure' from command line to 'False'
[0.916s] Level 5:colcon.colcon_core.verb:set package 'dummy2_description' build argument 'ament_cmake_args' from command line to 'None'
[0.916s] Level 5:colcon.colcon_core.verb:set package 'dummy2_description' build argument 'catkin_cmake_args' from command line to 'None'
[0.916s] Level 5:colcon.colcon_core.verb:set package 'dummy2_description' build argument 'catkin_skip_building_tests' from command line to 'False'
[0.916s] DEBUG:colcon.colcon_core.verb:Building package 'dummy2_description' with the following arguments: {'ament_cmake_args': None, 'build_base': '/home/jj/dual_dummy/build/dummy2_description', 'catkin_cmake_args': None, 'catkin_skip_building_tests': False, 'cmake_args': None, 'cmake_clean_cache': False, 'cmake_clean_first': False, 'cmake_force_configure': False, 'cmake_target': None, 'cmake_target_skip_unavailable': False, 'install_base': '/home/jj/dual_dummy/install/dummy2_description', 'merge_install': False, 'path': '/home/jj/dual_dummy/src/dummy2_description', 'symlink_install': False, 'test_result_base': None}
[0.916s] INFO:colcon.colcon_core.executor:Executing jobs using 'parallel' executor
[0.920s] DEBUG:colcon.colcon_parallel_executor.executor.parallel:run_until_complete
[0.920s] INFO:colcon.colcon_ros.task.ament_cmake.build:Building ROS package in '/home/jj/dual_dummy/src/arm_control' with build type 'ament_cmake'
[0.921s] INFO:colcon.colcon_cmake.task.cmake.build:Building CMake package in '/home/jj/dual_dummy/src/arm_control'
[0.930s] INFO:colcon.colcon_core.plugin_system:Skipping extension 'colcon_core.shell.bat': Not used on non-Windows systems
[0.930s] INFO:colcon.colcon_core.shell:Skip shell extension 'powershell' for command environment: Not usable outside of PowerShell
[0.930s] DEBUG:colcon.colcon_core.shell:Skip shell extension 'dsv' for command environment
[0.943s] INFO:colcon.colcon_ros.task.ament_python.build:Building ROS package in '/home/jj/dual_dummy/src/dummy2_description' with build type 'ament_python'
[0.944s] Level 1:colcon.colcon_core.shell:create_environment_hook('dummy2_description', 'ament_prefix_path')
[0.944s] INFO:colcon.colcon_core.shell:Creating environment hook '/home/jj/dual_dummy/install/dummy2_description/share/dummy2_description/hook/ament_prefix_path.ps1'
[0.950s] INFO:colcon.colcon_core.shell:Creating environment descriptor '/home/jj/dual_dummy/install/dummy2_description/share/dummy2_description/hook/ament_prefix_path.dsv'
[0.951s] INFO:colcon.colcon_core.shell:Creating environment hook '/home/jj/dual_dummy/install/dummy2_description/share/dummy2_description/hook/ament_prefix_path.sh'
[0.953s] INFO:colcon.colcon_core.shell:Skip shell extension 'powershell' for command environment: Not usable outside of PowerShell
[0.953s] DEBUG:colcon.colcon_core.shell:Skip shell extension 'dsv' for command environment
[0.972s] DEBUG:colcon.colcon_core.event_handler.log_command:Invoking command in '/home/jj/dual_dummy/build/arm_control': CMAKE_PREFIX_PATH=${CMAKE_PREFIX_PATH}:/home/jj/dual_dummy/install/dummy2_description:/opt/ros/humble /usr/bin/cmake --build /home/jj/dual_dummy/build/arm_control -- -j4 -l4
[1.628s] INFO:colcon.colcon_core.task.python.build:Building Python package in '/home/jj/dual_dummy/src/dummy2_description'
[1.631s] INFO:colcon.colcon_core.shell:Skip shell extension 'powershell' for command environment: Not usable outside of PowerShell
[1.631s] DEBUG:colcon.colcon_core.shell:Skip shell extension 'dsv' for command environment
[2.737s] DEBUG:colcon.colcon_core.event_handler.log_command:Invoking command in '/home/jj/dual_dummy/src/dummy2_description': PYTHONPATH=/home/jj/dual_dummy/build/dummy2_description/prefix_override:/usr/lib/python3/dist-packages/colcon_core/task/python/colcon_distutils_commands:/home/jj/dual_dummy/install/dummy2_description/lib/python3.10/site-packages:${PYTHONPATH} /usr/bin/python3 -W ignore:setup.py install is deprecated -W ignore:easy_install command is deprecated setup.py egg_info --egg-base ../../build/dummy2_description build --build-base /home/jj/dual_dummy/build/dummy2_description/build install --record /home/jj/dual_dummy/build/dummy2_description/install.log --single-version-externally-managed install_data
[3.369s] DEBUG:colcon.colcon_core.event_handler.log_command:Invoked command in '/home/jj/dual_dummy/src/dummy2_description' returned '0': PYTHONPATH=/home/jj/dual_dummy/build/dummy2_description/prefix_override:/usr/lib/python3/dist-packages/colcon_core/task/python/colcon_distutils_commands:/home/jj/dual_dummy/install/dummy2_description/lib/python3.10/site-packages:${PYTHONPATH} /usr/bin/python3 -W ignore:setup.py install is deprecated -W ignore:easy_install command is deprecated setup.py egg_info --egg-base ../../build/dummy2_description build --build-base /home/jj/dual_dummy/build/dummy2_description/build install --record /home/jj/dual_dummy/build/dummy2_description/install.log --single-version-externally-managed install_data
[3.385s] Level 1:colcon.colcon_core.environment:checking '/home/jj/dual_dummy/install/dummy2_description' for CMake module files
[3.386s] Level 1:colcon.colcon_core.environment:checking '/home/jj/dual_dummy/install/dummy2_description' for CMake config files
[3.387s] Level 1:colcon.colcon_core.environment:checking '/home/jj/dual_dummy/install/dummy2_description/lib'
[3.388s] Level 1:colcon.colcon_core.environment:checking '/home/jj/dual_dummy/install/dummy2_description/bin'
[3.394s] Level 1:colcon.colcon_core.environment:checking '/home/jj/dual_dummy/install/dummy2_description/lib/pkgconfig/dummy2_description.pc'
[3.395s] Level 1:colcon.colcon_core.environment:checking '/home/jj/dual_dummy/install/dummy2_description/lib/python3.10/site-packages'
[3.395s] Level 1:colcon.colcon_core.shell:create_environment_hook('dummy2_description', 'pythonpath')
[3.395s] INFO:colcon.colcon_core.shell:Creating environment hook '/home/jj/dual_dummy/install/dummy2_description/share/dummy2_description/hook/pythonpath.ps1'
[3.402s] INFO:colcon.colcon_core.shell:Creating environment descriptor '/home/jj/dual_dummy/install/dummy2_description/share/dummy2_description/hook/pythonpath.dsv'
[3.407s] INFO:colcon.colcon_core.shell:Creating environment hook '/home/jj/dual_dummy/install/dummy2_description/share/dummy2_description/hook/pythonpath.sh'
[3.410s] Level 1:colcon.colcon_core.environment:checking '/home/jj/dual_dummy/install/dummy2_description/bin'
[3.410s] Level 1:colcon.colcon_core.environment:create_environment_scripts_only(dummy2_description)
[3.414s] INFO:colcon.colcon_core.shell:Creating package script '/home/jj/dual_dummy/install/dummy2_description/share/dummy2_description/package.ps1'
[3.416s] INFO:colcon.colcon_core.shell:Creating package descriptor '/home/jj/dual_dummy/install/dummy2_description/share/dummy2_description/package.dsv'
[3.421s] INFO:colcon.colcon_core.shell:Creating package script '/home/jj/dual_dummy/install/dummy2_description/share/dummy2_description/package.sh'
[3.425s] INFO:colcon.colcon_core.shell:Creating package script '/home/jj/dual_dummy/install/dummy2_description/share/dummy2_description/package.bash'
[3.426s] INFO:colcon.colcon_core.shell:Creating package script '/home/jj/dual_dummy/install/dummy2_description/share/dummy2_description/package.zsh'
[3.430s] Level 1:colcon.colcon_core.environment:create_file_with_runtime_dependencies(/home/jj/dual_dummy/install/dummy2_description/share/colcon-core/packages/dummy2_description)
[20.595s] DEBUG:colcon.colcon_core.event_handler.log_command:Invoked command in '/home/jj/dual_dummy/build/arm_control' returned '0': CMAKE_PREFIX_PATH=${CMAKE_PREFIX_PATH}:/home/jj/dual_dummy/install/dummy2_description:/opt/ros/humble /usr/bin/cmake --build /home/jj/dual_dummy/build/arm_control -- -j4 -l4
[20.614s] DEBUG:colcon.colcon_core.event_handler.log_command:Invoking command in '/home/jj/dual_dummy/build/arm_control': CMAKE_PREFIX_PATH=${CMAKE_PREFIX_PATH}:/home/jj/dual_dummy/install/dummy2_description:/opt/ros/humble /usr/bin/cmake --install /home/jj/dual_dummy/build/arm_control
[20.723s] Level 1:colcon.colcon_core.environment:create_environment_scripts_only(arm_control)
[20.724s] Level 1:colcon.colcon_core.environment:checking '/home/jj/dual_dummy/install/arm_control' for CMake module files
[20.725s] DEBUG:colcon.colcon_core.event_handler.log_command:Invoked command in '/home/jj/dual_dummy/build/arm_control' returned '0': CMAKE_PREFIX_PATH=${CMAKE_PREFIX_PATH}:/home/jj/dual_dummy/install/dummy2_description:/opt/ros/humble /usr/bin/cmake --install /home/jj/dual_dummy/build/arm_control
[20.726s] Level 1:colcon.colcon_core.environment:checking '/home/jj/dual_dummy/install/arm_control' for CMake config files
[20.726s] Level 1:colcon.colcon_core.shell:create_environment_hook('arm_control', 'cmake_prefix_path')
[20.727s] INFO:colcon.colcon_core.shell:Creating environment hook '/home/jj/dual_dummy/install/arm_control/share/arm_control/hook/cmake_prefix_path.ps1'
[20.728s] INFO:colcon.colcon_core.shell:Creating environment descriptor '/home/jj/dual_dummy/install/arm_control/share/arm_control/hook/cmake_prefix_path.dsv'
[20.729s] INFO:colcon.colcon_core.shell:Creating environment hook '/home/jj/dual_dummy/install/arm_control/share/arm_control/hook/cmake_prefix_path.sh'
[20.731s] Level 1:colcon.colcon_core.environment:checking '/home/jj/dual_dummy/install/arm_control/lib'
[20.731s] Level 1:colcon.colcon_core.shell:create_environment_hook('arm_control', 'ld_library_path_lib')
[20.732s] INFO:colcon.colcon_core.shell:Creating environment hook '/home/jj/dual_dummy/install/arm_control/share/arm_control/hook/ld_library_path_lib.ps1'
[20.733s] INFO:colcon.colcon_core.shell:Creating environment descriptor '/home/jj/dual_dummy/install/arm_control/share/arm_control/hook/ld_library_path_lib.dsv'
[20.734s] INFO:colcon.colcon_core.shell:Creating environment hook '/home/jj/dual_dummy/install/arm_control/share/arm_control/hook/ld_library_path_lib.sh'
[20.735s] Level 1:colcon.colcon_core.environment:checking '/home/jj/dual_dummy/install/arm_control/bin'
[20.735s] Level 1:colcon.colcon_core.environment:checking '/home/jj/dual_dummy/install/arm_control/lib/pkgconfig/arm_control.pc'
[20.735s] Level 1:colcon.colcon_core.environment:checking '/home/jj/dual_dummy/install/arm_control/lib/python3.10/site-packages'
[20.736s] Level 1:colcon.colcon_core.environment:checking '/home/jj/dual_dummy/install/arm_control/bin'
[20.736s] INFO:colcon.colcon_core.shell:Creating package script '/home/jj/dual_dummy/install/arm_control/share/arm_control/package.ps1'
[20.738s] INFO:colcon.colcon_core.shell:Creating package descriptor '/home/jj/dual_dummy/install/arm_control/share/arm_control/package.dsv'
[20.738s] INFO:colcon.colcon_core.shell:Creating package script '/home/jj/dual_dummy/install/arm_control/share/arm_control/package.sh'
[20.739s] INFO:colcon.colcon_core.shell:Creating package script '/home/jj/dual_dummy/install/arm_control/share/arm_control/package.bash'
[20.740s] INFO:colcon.colcon_core.shell:Creating package script '/home/jj/dual_dummy/install/arm_control/share/arm_control/package.zsh'
[20.741s] Level 1:colcon.colcon_core.environment:create_file_with_runtime_dependencies(/home/jj/dual_dummy/install/arm_control/share/colcon-core/packages/arm_control)
[20.742s] Level 1:colcon.colcon_core.environment:create_environment_scripts_only(arm_control)
[20.743s] Level 1:colcon.colcon_core.environment:checking '/home/jj/dual_dummy/install/arm_control' for CMake module files
[20.744s] Level 1:colcon.colcon_core.environment:checking '/home/jj/dual_dummy/install/arm_control' for CMake config files
[20.744s] Level 1:colcon.colcon_core.shell:create_environment_hook('arm_control', 'cmake_prefix_path')
[20.745s] INFO:colcon.colcon_core.shell:Creating environment hook '/home/jj/dual_dummy/install/arm_control/share/arm_control/hook/cmake_prefix_path.ps1'
[20.746s] INFO:colcon.colcon_core.shell:Creating environment descriptor '/home/jj/dual_dummy/install/arm_control/share/arm_control/hook/cmake_prefix_path.dsv'
[20.748s] INFO:colcon.colcon_core.shell:Creating environment hook '/home/jj/dual_dummy/install/arm_control/share/arm_control/hook/cmake_prefix_path.sh'
[20.749s] Level 1:colcon.colcon_core.environment:checking '/home/jj/dual_dummy/install/arm_control/lib'
[20.750s] Level 1:colcon.colcon_core.shell:create_environment_hook('arm_control', 'ld_library_path_lib')
[20.750s] INFO:colcon.colcon_core.shell:Creating environment hook '/home/jj/dual_dummy/install/arm_control/share/arm_control/hook/ld_library_path_lib.ps1'
[20.751s] INFO:colcon.colcon_core.shell:Creating environment descriptor '/home/jj/dual_dummy/install/arm_control/share/arm_control/hook/ld_library_path_lib.dsv'
[20.752s] INFO:colcon.colcon_core.shell:Creating environment hook '/home/jj/dual_dummy/install/arm_control/share/arm_control/hook/ld_library_path_lib.sh'
[20.753s] Level 1:colcon.colcon_core.environment:checking '/home/jj/dual_dummy/install/arm_control/bin'
[20.753s] Level 1:colcon.colcon_core.environment:checking '/home/jj/dual_dummy/install/arm_control/lib/pkgconfig/arm_control.pc'
[20.754s] Level 1:colcon.colcon_core.environment:checking '/home/jj/dual_dummy/install/arm_control/lib/python3.10/site-packages'
[20.754s] Level 1:colcon.colcon_core.environment:checking '/home/jj/dual_dummy/install/arm_control/bin'
[20.755s] INFO:colcon.colcon_core.shell:Creating package script '/home/jj/dual_dummy/install/arm_control/share/arm_control/package.ps1'
[20.756s] INFO:colcon.colcon_core.shell:Creating package descriptor '/home/jj/dual_dummy/install/arm_control/share/arm_control/package.dsv'
[20.757s] INFO:colcon.colcon_core.shell:Creating package script '/home/jj/dual_dummy/install/arm_control/share/arm_control/package.sh'
[20.758s] INFO:colcon.colcon_core.shell:Creating package script '/home/jj/dual_dummy/install/arm_control/share/arm_control/package.bash'
[20.759s] INFO:colcon.colcon_core.shell:Creating package script '/home/jj/dual_dummy/install/arm_control/share/arm_control/package.zsh'
[20.761s] Level 1:colcon.colcon_core.environment:create_file_with_runtime_dependencies(/home/jj/dual_dummy/install/arm_control/share/colcon-core/packages/arm_control)
[20.762s] DEBUG:colcon.colcon_parallel_executor.executor.parallel:closing loop
[20.762s] DEBUG:colcon.colcon_parallel_executor.executor.parallel:loop closed
[20.762s] DEBUG:colcon.colcon_parallel_executor.executor.parallel:run_until_complete finished with '0'
[20.762s] DEBUG:colcon.colcon_core.event_reactor:joining thread
[20.782s] INFO:colcon.colcon_core.plugin_system:Skipping extension 'colcon_notification.desktop_notification.terminal_notifier': Not used on non-Darwin systems
[20.782s] INFO:colcon.colcon_core.plugin_system:Skipping extension 'colcon_notification.desktop_notification.win32': Not used on non-Windows systems
[20.782s] INFO:colcon.colcon_notification.desktop_notification:Sending desktop notification using 'notify2'
[20.805s] DEBUG:colcon.colcon_core.event_reactor:joined thread
[20.806s] INFO:colcon.colcon_core.shell:Creating prefix script '/home/jj/dual_dummy/install/local_setup.ps1'
[20.808s] INFO:colcon.colcon_core.shell:Creating prefix util module '/home/jj/dual_dummy/install/_local_setup_util_ps1.py'
[20.811s] INFO:colcon.colcon_core.shell:Creating prefix chain script '/home/jj/dual_dummy/install/setup.ps1'
[20.813s] INFO:colcon.colcon_core.shell:Creating prefix script '/home/jj/dual_dummy/install/local_setup.sh'
[20.814s] INFO:colcon.colcon_core.shell:Creating prefix util module '/home/jj/dual_dummy/install/_local_setup_util_sh.py'
[20.815s] INFO:colcon.colcon_core.shell:Creating prefix chain script '/home/jj/dual_dummy/install/setup.sh'
[20.818s] INFO:colcon.colcon_core.shell:Creating prefix script '/home/jj/dual_dummy/install/local_setup.bash'
[20.820s] INFO:colcon.colcon_core.shell:Creating prefix chain script '/home/jj/dual_dummy/install/setup.bash'
[20.822s] INFO:colcon.colcon_core.shell:Creating prefix script '/home/jj/dual_dummy/install/local_setup.zsh'
[20.824s] INFO:colcon.colcon_core.shell:Creating prefix chain script '/home/jj/dual_dummy/install/setup.zsh'
