[1.354s] Invoking command in '/home/jj/dual_dummy/src/dummy2_description': PYTHONPATH=/home/jj/dual_dummy/build/dummy2_description/prefix_override:/usr/lib/python3/dist-packages/colcon_core/task/python/colcon_distutils_commands:/home/jj/dual_dummy/install/dummy2_description/lib/python3.10/site-packages:${PYTHONPATH} /usr/bin/python3 -W ignore:setup.py install is deprecated -W ignore:easy_install command is deprecated setup.py egg_info --egg-base ../../build/dummy2_description build --build-base /home/jj/dual_dummy/build/dummy2_description/build install --record /home/jj/dual_dummy/build/dummy2_description/install.log --single-version-externally-managed install_data
[1.638s] running egg_info
[1.640s] writing ../../build/dummy2_description/dummy2_description.egg-info/PKG-INFO
[1.642s] writing dependency_links to ../../build/dummy2_description/dummy2_description.egg-info/dependency_links.txt
[1.643s] writing entry points to ../../build/dummy2_description/dummy2_description.egg-info/entry_points.txt
[1.643s] writing requirements to ../../build/dummy2_description/dummy2_description.egg-info/requires.txt
[1.643s] writing top-level names to ../../build/dummy2_description/dummy2_description.egg-info/top_level.txt
[1.645s] reading manifest file '../../build/dummy2_description/dummy2_description.egg-info/SOURCES.txt'
[1.649s] writing manifest file '../../build/dummy2_description/dummy2_description.egg-info/SOURCES.txt'
[1.649s] running build
[1.649s] running build_py
[1.649s] running install
[1.649s] running install_lib
[1.650s] running install_data
[1.651s] running install_egg_info
[1.653s] removing '/home/jj/dual_dummy/install/dummy2_description/lib/python3.10/site-packages/dummy2_description-0.0.0-py3.10.egg-info' (and everything under it)
[1.654s] Copying ../../build/dummy2_description/dummy2_description.egg-info to /home/jj/dual_dummy/install/dummy2_description/lib/python3.10/site-packages/dummy2_description-0.0.0-py3.10.egg-info
[1.655s] running install_scripts
[1.689s] writing list of installed files to '/home/jj/dual_dummy/build/dummy2_description/install.log'
[1.752s] Invoked command in '/home/jj/dual_dummy/src/dummy2_description' returned '0': PYTHONPATH=/home/jj/dual_dummy/build/dummy2_description/prefix_override:/usr/lib/python3/dist-packages/colcon_core/task/python/colcon_distutils_commands:/home/jj/dual_dummy/install/dummy2_description/lib/python3.10/site-packages:${PYTHONPATH} /usr/bin/python3 -W ignore:setup.py install is deprecated -W ignore:easy_install command is deprecated setup.py egg_info --egg-base ../../build/dummy2_description build --build-base /home/jj/dual_dummy/build/dummy2_description/build install --record /home/jj/dual_dummy/build/dummy2_description/install.log --single-version-externally-managed install_data
