[0.141s] DEBUG:colcon:Command line arguments: ['/usr/bin/colcon', 'build']
[0.142s] DEBUG:colcon:Parsed command line arguments: Namespace(log_base=None, log_level=None, verb_name='build', build_base='build', install_base='install', merge_install=False, symlink_install=False, test_result_base=None, continue_on_error=False, executor='parallel', parallel_workers=4, event_handlers=None, ignore_user_meta=False, metas=['./colcon.meta'], base_paths=['.'], packages_ignore=None, packages_ignore_regex=None, paths=None, packages_up_to=None, packages_up_to_regex=None, packages_above=None, packages_above_and_dependencies=None, packages_above_depth=None, packages_select_by_dep=None, packages_skip_by_dep=None, packages_skip_up_to=None, packages_select_build_failed=False, packages_skip_build_finished=False, packages_select_test_failures=False, packages_skip_test_passed=False, packages_select=None, packages_skip=None, packages_select_regex=None, packages_skip_regex=None, packages_start=None, packages_end=None, allow_overriding=[], cmake_args=None, cmake_target=None, cmake_target_skip_unavailable=False, cmake_clean_cache=False, cmake_clean_first=False, cmake_force_configure=False, ament_cmake_args=None, catkin_cmake_args=None, catkin_skip_building_tests=False, verb_parser=<colcon_defaults.argument_parser.defaults.DefaultArgumentsDecorator object at 0x7557fcb640d0>, verb_extension=<colcon_core.verb.build.BuildVerb object at 0x7557fcb2bb20>, main=<bound method BuildVerb.main of <colcon_core.verb.build.BuildVerb object at 0x7557fcb2bb20>>)
[0.351s] Level 1:colcon.colcon_core.package_discovery:discover_packages(colcon_meta) check parameters
[0.351s] Level 1:colcon.colcon_core.package_discovery:discover_packages(recursive) check parameters
[0.351s] Level 1:colcon.colcon_core.package_discovery:discover_packages(ignore) check parameters
[0.351s] Level 1:colcon.colcon_core.package_discovery:discover_packages(path) check parameters
[0.351s] Level 1:colcon.colcon_core.package_discovery:discover_packages(colcon_meta) discover
[0.351s] Level 1:colcon.colcon_core.package_discovery:discover_packages(recursive) discover
[0.351s] INFO:colcon.colcon_core.package_discovery:Crawling recursively for packages in '/home/jj/dual_dummy'
[0.352s] Level 1:colcon.colcon_core.package_identification:_identify(.) by extensions ['ignore', 'ignore_ament_install']
[0.352s] Level 1:colcon.colcon_core.package_identification:_identify(.) by extension 'ignore'
[0.352s] Level 1:colcon.colcon_core.package_identification:_identify(.) by extension 'ignore_ament_install'
[0.352s] Level 1:colcon.colcon_core.package_identification:_identify(.) by extensions ['colcon_pkg']
[0.353s] Level 1:colcon.colcon_core.package_identification:_identify(.) by extension 'colcon_pkg'
[0.353s] Level 1:colcon.colcon_core.package_identification:_identify(.) by extensions ['colcon_meta']
[0.353s] Level 1:colcon.colcon_core.package_identification:_identify(.) by extension 'colcon_meta'
[0.353s] Level 1:colcon.colcon_core.package_identification:_identify(.) by extensions ['ros']
[0.353s] Level 1:colcon.colcon_core.package_identification:_identify(.) by extension 'ros'
[0.368s] Level 1:colcon.colcon_core.package_identification:_identify(.) by extensions ['cmake', 'python']
[0.368s] Level 1:colcon.colcon_core.package_identification:_identify(.) by extension 'cmake'
[0.368s] Level 1:colcon.colcon_core.package_identification:_identify(.) by extension 'python'
[0.368s] Level 1:colcon.colcon_core.package_identification:_identify(.) by extensions ['python_setup_py']
[0.368s] Level 1:colcon.colcon_core.package_identification:_identify(.) by extension 'python_setup_py'
[0.369s] Level 1:colcon.colcon_core.package_identification:_identify(build) by extensions ['ignore', 'ignore_ament_install']
[0.369s] Level 1:colcon.colcon_core.package_identification:_identify(build) by extension 'ignore'
[0.369s] Level 1:colcon.colcon_core.package_identification:_identify(build) ignored
[0.369s] Level 1:colcon.colcon_core.package_identification:_identify(install) by extensions ['ignore', 'ignore_ament_install']
[0.369s] Level 1:colcon.colcon_core.package_identification:_identify(install) by extension 'ignore'
[0.369s] Level 1:colcon.colcon_core.package_identification:_identify(install) ignored
[0.369s] Level 1:colcon.colcon_core.package_identification:_identify(log) by extensions ['ignore', 'ignore_ament_install']
[0.369s] Level 1:colcon.colcon_core.package_identification:_identify(log) by extension 'ignore'
[0.369s] Level 1:colcon.colcon_core.package_identification:_identify(log) ignored
[0.369s] Level 1:colcon.colcon_core.package_identification:_identify(src) by extensions ['ignore', 'ignore_ament_install']
[0.370s] Level 1:colcon.colcon_core.package_identification:_identify(src) by extension 'ignore'
[0.370s] Level 1:colcon.colcon_core.package_identification:_identify(src) by extension 'ignore_ament_install'
[0.370s] Level 1:colcon.colcon_core.package_identification:_identify(src) by extensions ['colcon_pkg']
[0.370s] Level 1:colcon.colcon_core.package_identification:_identify(src) by extension 'colcon_pkg'
[0.370s] Level 1:colcon.colcon_core.package_identification:_identify(src) by extensions ['colcon_meta']
[0.370s] Level 1:colcon.colcon_core.package_identification:_identify(src) by extension 'colcon_meta'
[0.370s] Level 1:colcon.colcon_core.package_identification:_identify(src) by extensions ['ros']
[0.370s] Level 1:colcon.colcon_core.package_identification:_identify(src) by extension 'ros'
[0.370s] Level 1:colcon.colcon_core.package_identification:_identify(src) by extensions ['cmake', 'python']
[0.370s] Level 1:colcon.colcon_core.package_identification:_identify(src) by extension 'cmake'
[0.370s] Level 1:colcon.colcon_core.package_identification:_identify(src) by extension 'python'
[0.370s] Level 1:colcon.colcon_core.package_identification:_identify(src) by extensions ['python_setup_py']
[0.370s] Level 1:colcon.colcon_core.package_identification:_identify(src) by extension 'python_setup_py'
[0.370s] Level 1:colcon.colcon_core.package_identification:_identify(src/arm_control) by extensions ['ignore', 'ignore_ament_install']
[0.370s] Level 1:colcon.colcon_core.package_identification:_identify(src/arm_control) by extension 'ignore'
[0.370s] Level 1:colcon.colcon_core.package_identification:_identify(src/arm_control) by extension 'ignore_ament_install'
[0.370s] Level 1:colcon.colcon_core.package_identification:_identify(src/arm_control) by extensions ['colcon_pkg']
[0.370s] Level 1:colcon.colcon_core.package_identification:_identify(src/arm_control) by extension 'colcon_pkg'
[0.371s] Level 1:colcon.colcon_core.package_identification:_identify(src/arm_control) by extensions ['colcon_meta']
[0.371s] Level 1:colcon.colcon_core.package_identification:_identify(src/arm_control) by extension 'colcon_meta'
[0.371s] Level 1:colcon.colcon_core.package_identification:_identify(src/arm_control) by extensions ['ros']
[0.371s] Level 1:colcon.colcon_core.package_identification:_identify(src/arm_control) by extension 'ros'
[0.376s] DEBUG:colcon.colcon_core.package_identification:Package 'src/arm_control' with type 'ros.ament_cmake' and name 'arm_control'
[0.376s] Level 1:colcon.colcon_core.package_identification:_identify(src/dummy2_description) by extensions ['ignore', 'ignore_ament_install']
[0.376s] Level 1:colcon.colcon_core.package_identification:_identify(src/dummy2_description) by extension 'ignore'
[0.376s] Level 1:colcon.colcon_core.package_identification:_identify(src/dummy2_description) by extension 'ignore_ament_install'
[0.377s] Level 1:colcon.colcon_core.package_identification:_identify(src/dummy2_description) by extensions ['colcon_pkg']
[0.377s] Level 1:colcon.colcon_core.package_identification:_identify(src/dummy2_description) by extension 'colcon_pkg'
[0.377s] Level 1:colcon.colcon_core.package_identification:_identify(src/dummy2_description) by extensions ['colcon_meta']
[0.377s] Level 1:colcon.colcon_core.package_identification:_identify(src/dummy2_description) by extension 'colcon_meta'
[0.377s] Level 1:colcon.colcon_core.package_identification:_identify(src/dummy2_description) by extensions ['ros']
[0.377s] Level 1:colcon.colcon_core.package_identification:_identify(src/dummy2_description) by extension 'ros'
[0.378s] DEBUG:colcon.colcon_core.package_identification:Package 'src/dummy2_description' with type 'ros.ament_python' and name 'dummy2_description'
[0.378s] Level 1:colcon.colcon_core.package_discovery:discover_packages(recursive) using defaults
[0.378s] Level 1:colcon.colcon_core.package_discovery:discover_packages(ignore) discover
[0.378s] Level 1:colcon.colcon_core.package_discovery:discover_packages(ignore) using defaults
[0.378s] Level 1:colcon.colcon_core.package_discovery:discover_packages(path) discover
[0.378s] Level 1:colcon.colcon_core.package_discovery:discover_packages(path) using defaults
[0.406s] Level 1:colcon.colcon_core.package_discovery:discover_packages(prefix_path) check parameters
[0.406s] Level 1:colcon.colcon_core.package_discovery:discover_packages(prefix_path) discover
[0.408s] DEBUG:colcon.colcon_installed_package_information.package_discovery:Found 2 installed packages in /home/jj/dual_dummy/install
[0.410s] DEBUG:colcon.colcon_installed_package_information.package_discovery:Found 360 installed packages in /opt/ros/humble
[0.433s] Level 1:colcon.colcon_core.package_discovery:discover_packages(prefix_path) using defaults
[0.483s] Level 5:colcon.colcon_core.verb:set package 'arm_control' build argument 'cmake_args' from command line to 'None'
[0.483s] Level 5:colcon.colcon_core.verb:set package 'arm_control' build argument 'cmake_target' from command line to 'None'
[0.483s] Level 5:colcon.colcon_core.verb:set package 'arm_control' build argument 'cmake_target_skip_unavailable' from command line to 'False'
[0.483s] Level 5:colcon.colcon_core.verb:set package 'arm_control' build argument 'cmake_clean_cache' from command line to 'False'
[0.483s] Level 5:colcon.colcon_core.verb:set package 'arm_control' build argument 'cmake_clean_first' from command line to 'False'
[0.483s] Level 5:colcon.colcon_core.verb:set package 'arm_control' build argument 'cmake_force_configure' from command line to 'False'
[0.483s] Level 5:colcon.colcon_core.verb:set package 'arm_control' build argument 'ament_cmake_args' from command line to 'None'
[0.483s] Level 5:colcon.colcon_core.verb:set package 'arm_control' build argument 'catkin_cmake_args' from command line to 'None'
[0.483s] Level 5:colcon.colcon_core.verb:set package 'arm_control' build argument 'catkin_skip_building_tests' from command line to 'False'
[0.483s] DEBUG:colcon.colcon_core.verb:Building package 'arm_control' with the following arguments: {'ament_cmake_args': None, 'build_base': '/home/jj/dual_dummy/build/arm_control', 'catkin_cmake_args': None, 'catkin_skip_building_tests': False, 'cmake_args': None, 'cmake_clean_cache': False, 'cmake_clean_first': False, 'cmake_force_configure': False, 'cmake_target': None, 'cmake_target_skip_unavailable': False, 'install_base': '/home/jj/dual_dummy/install/arm_control', 'merge_install': False, 'path': '/home/jj/dual_dummy/src/arm_control', 'symlink_install': False, 'test_result_base': None}
[0.483s] Level 5:colcon.colcon_core.verb:set package 'dummy2_description' build argument 'cmake_args' from command line to 'None'
[0.483s] Level 5:colcon.colcon_core.verb:set package 'dummy2_description' build argument 'cmake_target' from command line to 'None'
[0.483s] Level 5:colcon.colcon_core.verb:set package 'dummy2_description' build argument 'cmake_target_skip_unavailable' from command line to 'False'
[0.483s] Level 5:colcon.colcon_core.verb:set package 'dummy2_description' build argument 'cmake_clean_cache' from command line to 'False'
[0.483s] Level 5:colcon.colcon_core.verb:set package 'dummy2_description' build argument 'cmake_clean_first' from command line to 'False'
[0.483s] Level 5:colcon.colcon_core.verb:set package 'dummy2_description' build argument 'cmake_force_configure' from command line to 'False'
[0.483s] Level 5:colcon.colcon_core.verb:set package 'dummy2_description' build argument 'ament_cmake_args' from command line to 'None'
[0.483s] Level 5:colcon.colcon_core.verb:set package 'dummy2_description' build argument 'catkin_cmake_args' from command line to 'None'
[0.484s] Level 5:colcon.colcon_core.verb:set package 'dummy2_description' build argument 'catkin_skip_building_tests' from command line to 'False'
[0.484s] DEBUG:colcon.colcon_core.verb:Building package 'dummy2_description' with the following arguments: {'ament_cmake_args': None, 'build_base': '/home/jj/dual_dummy/build/dummy2_description', 'catkin_cmake_args': None, 'catkin_skip_building_tests': False, 'cmake_args': None, 'cmake_clean_cache': False, 'cmake_clean_first': False, 'cmake_force_configure': False, 'cmake_target': None, 'cmake_target_skip_unavailable': False, 'install_base': '/home/jj/dual_dummy/install/dummy2_description', 'merge_install': False, 'path': '/home/jj/dual_dummy/src/dummy2_description', 'symlink_install': False, 'test_result_base': None}
[0.484s] INFO:colcon.colcon_core.executor:Executing jobs using 'parallel' executor
[0.486s] DEBUG:colcon.colcon_parallel_executor.executor.parallel:run_until_complete
[0.486s] INFO:colcon.colcon_ros.task.ament_cmake.build:Building ROS package in '/home/jj/dual_dummy/src/arm_control' with build type 'ament_cmake'
[0.487s] INFO:colcon.colcon_cmake.task.cmake.build:Building CMake package in '/home/jj/dual_dummy/src/arm_control'
[0.489s] INFO:colcon.colcon_core.plugin_system:Skipping extension 'colcon_core.shell.bat': Not used on non-Windows systems
[0.490s] INFO:colcon.colcon_core.shell:Skip shell extension 'powershell' for command environment: Not usable outside of PowerShell
[0.490s] DEBUG:colcon.colcon_core.shell:Skip shell extension 'dsv' for command environment
[0.496s] INFO:colcon.colcon_ros.task.ament_python.build:Building ROS package in '/home/jj/dual_dummy/src/dummy2_description' with build type 'ament_python'
[0.496s] Level 1:colcon.colcon_core.shell:create_environment_hook('dummy2_description', 'ament_prefix_path')
[0.497s] INFO:colcon.colcon_core.shell:Creating environment hook '/home/jj/dual_dummy/install/dummy2_description/share/dummy2_description/hook/ament_prefix_path.ps1'
[0.499s] INFO:colcon.colcon_core.shell:Creating environment descriptor '/home/jj/dual_dummy/install/dummy2_description/share/dummy2_description/hook/ament_prefix_path.dsv'
[0.500s] INFO:colcon.colcon_core.shell:Creating environment hook '/home/jj/dual_dummy/install/dummy2_description/share/dummy2_description/hook/ament_prefix_path.sh'
[0.502s] INFO:colcon.colcon_core.shell:Skip shell extension 'powershell' for command environment: Not usable outside of PowerShell
[0.502s] DEBUG:colcon.colcon_core.shell:Skip shell extension 'dsv' for command environment
[0.520s] DEBUG:colcon.colcon_core.event_handler.log_command:Invoking command in '/home/jj/dual_dummy/build/arm_control': CMAKE_PREFIX_PATH=${CMAKE_PREFIX_PATH}:/home/jj/dual_dummy/install/dummy2_description:/opt/ros/humble /usr/bin/cmake --build /home/jj/dual_dummy/build/arm_control -- -j4 -l4
[1.554s] INFO:colcon.colcon_core.task.python.build:Building Python package in '/home/jj/dual_dummy/src/dummy2_description'
[1.555s] INFO:colcon.colcon_core.shell:Skip shell extension 'powershell' for command environment: Not usable outside of PowerShell
[1.556s] DEBUG:colcon.colcon_core.shell:Skip shell extension 'dsv' for command environment
[2.190s] DEBUG:colcon.colcon_core.event_handler.log_command:Invoking command in '/home/jj/dual_dummy/src/dummy2_description': PYTHONPATH=/home/jj/dual_dummy/build/dummy2_description/prefix_override:/usr/lib/python3/dist-packages/colcon_core/task/python/colcon_distutils_commands:/home/jj/dual_dummy/install/dummy2_description/lib/python3.10/site-packages:${PYTHONPATH} /usr/bin/python3 -W ignore:setup.py install is deprecated -W ignore:easy_install command is deprecated setup.py egg_info --egg-base ../../build/dummy2_description build --build-base /home/jj/dual_dummy/build/dummy2_description/build install --record /home/jj/dual_dummy/build/dummy2_description/install.log --single-version-externally-managed install_data
[2.684s] DEBUG:colcon.colcon_core.event_handler.log_command:Invoked command in '/home/jj/dual_dummy/src/dummy2_description' returned '0': PYTHONPATH=/home/jj/dual_dummy/build/dummy2_description/prefix_override:/usr/lib/python3/dist-packages/colcon_core/task/python/colcon_distutils_commands:/home/jj/dual_dummy/install/dummy2_description/lib/python3.10/site-packages:${PYTHONPATH} /usr/bin/python3 -W ignore:setup.py install is deprecated -W ignore:easy_install command is deprecated setup.py egg_info --egg-base ../../build/dummy2_description build --build-base /home/jj/dual_dummy/build/dummy2_description/build install --record /home/jj/dual_dummy/build/dummy2_description/install.log --single-version-externally-managed install_data
[2.689s] Level 1:colcon.colcon_core.environment:checking '/home/jj/dual_dummy/install/dummy2_description' for CMake module files
[2.691s] Level 1:colcon.colcon_core.environment:checking '/home/jj/dual_dummy/install/dummy2_description' for CMake config files
[2.692s] Level 1:colcon.colcon_core.environment:checking '/home/jj/dual_dummy/install/dummy2_description/lib'
[2.693s] Level 1:colcon.colcon_core.environment:checking '/home/jj/dual_dummy/install/dummy2_description/bin'
[2.693s] Level 1:colcon.colcon_core.environment:checking '/home/jj/dual_dummy/install/dummy2_description/lib/pkgconfig/dummy2_description.pc'
[2.693s] Level 1:colcon.colcon_core.environment:checking '/home/jj/dual_dummy/install/dummy2_description/lib/python3.10/site-packages'
[2.693s] Level 1:colcon.colcon_core.shell:create_environment_hook('dummy2_description', 'pythonpath')
[2.694s] INFO:colcon.colcon_core.shell:Creating environment hook '/home/jj/dual_dummy/install/dummy2_description/share/dummy2_description/hook/pythonpath.ps1'
[2.695s] INFO:colcon.colcon_core.shell:Creating environment descriptor '/home/jj/dual_dummy/install/dummy2_description/share/dummy2_description/hook/pythonpath.dsv'
[2.696s] INFO:colcon.colcon_core.shell:Creating environment hook '/home/jj/dual_dummy/install/dummy2_description/share/dummy2_description/hook/pythonpath.sh'
[2.697s] Level 1:colcon.colcon_core.environment:checking '/home/jj/dual_dummy/install/dummy2_description/bin'
[2.698s] Level 1:colcon.colcon_core.environment:create_environment_scripts_only(dummy2_description)
[2.698s] INFO:colcon.colcon_core.shell:Creating package script '/home/jj/dual_dummy/install/dummy2_description/share/dummy2_description/package.ps1'
[2.700s] INFO:colcon.colcon_core.shell:Creating package descriptor '/home/jj/dual_dummy/install/dummy2_description/share/dummy2_description/package.dsv'
[2.702s] INFO:colcon.colcon_core.shell:Creating package script '/home/jj/dual_dummy/install/dummy2_description/share/dummy2_description/package.sh'
[2.704s] INFO:colcon.colcon_core.shell:Creating package script '/home/jj/dual_dummy/install/dummy2_description/share/dummy2_description/package.bash'
[2.707s] INFO:colcon.colcon_core.shell:Creating package script '/home/jj/dual_dummy/install/dummy2_description/share/dummy2_description/package.zsh'
[2.711s] Level 1:colcon.colcon_core.environment:create_file_with_runtime_dependencies(/home/jj/dual_dummy/install/dummy2_description/share/colcon-core/packages/dummy2_description)
[17.559s] DEBUG:colcon.colcon_core.event_handler.log_command:Invoked command in '/home/jj/dual_dummy/build/arm_control' returned '0': CMAKE_PREFIX_PATH=${CMAKE_PREFIX_PATH}:/home/jj/dual_dummy/install/dummy2_description:/opt/ros/humble /usr/bin/cmake --build /home/jj/dual_dummy/build/arm_control -- -j4 -l4
[17.575s] DEBUG:colcon.colcon_core.event_handler.log_command:Invoking command in '/home/jj/dual_dummy/build/arm_control': CMAKE_PREFIX_PATH=${CMAKE_PREFIX_PATH}:/home/jj/dual_dummy/install/dummy2_description:/opt/ros/humble /usr/bin/cmake --install /home/jj/dual_dummy/build/arm_control
[17.676s] Level 1:colcon.colcon_core.environment:create_environment_scripts_only(arm_control)
[17.677s] Level 1:colcon.colcon_core.environment:checking '/home/jj/dual_dummy/install/arm_control' for CMake module files
[17.678s] DEBUG:colcon.colcon_core.event_handler.log_command:Invoked command in '/home/jj/dual_dummy/build/arm_control' returned '0': CMAKE_PREFIX_PATH=${CMAKE_PREFIX_PATH}:/home/jj/dual_dummy/install/dummy2_description:/opt/ros/humble /usr/bin/cmake --install /home/jj/dual_dummy/build/arm_control
[17.679s] Level 1:colcon.colcon_core.environment:checking '/home/jj/dual_dummy/install/arm_control' for CMake config files
[17.679s] Level 1:colcon.colcon_core.shell:create_environment_hook('arm_control', 'cmake_prefix_path')
[17.680s] INFO:colcon.colcon_core.shell:Creating environment hook '/home/jj/dual_dummy/install/arm_control/share/arm_control/hook/cmake_prefix_path.ps1'
[17.681s] INFO:colcon.colcon_core.shell:Creating environment descriptor '/home/jj/dual_dummy/install/arm_control/share/arm_control/hook/cmake_prefix_path.dsv'
[17.682s] INFO:colcon.colcon_core.shell:Creating environment hook '/home/jj/dual_dummy/install/arm_control/share/arm_control/hook/cmake_prefix_path.sh'
[17.683s] Level 1:colcon.colcon_core.environment:checking '/home/jj/dual_dummy/install/arm_control/lib'
[17.683s] Level 1:colcon.colcon_core.shell:create_environment_hook('arm_control', 'ld_library_path_lib')
[17.684s] INFO:colcon.colcon_core.shell:Creating environment hook '/home/jj/dual_dummy/install/arm_control/share/arm_control/hook/ld_library_path_lib.ps1'
[17.684s] INFO:colcon.colcon_core.shell:Creating environment descriptor '/home/jj/dual_dummy/install/arm_control/share/arm_control/hook/ld_library_path_lib.dsv'
[17.685s] INFO:colcon.colcon_core.shell:Creating environment hook '/home/jj/dual_dummy/install/arm_control/share/arm_control/hook/ld_library_path_lib.sh'
[17.686s] Level 1:colcon.colcon_core.environment:checking '/home/jj/dual_dummy/install/arm_control/bin'
[17.686s] Level 1:colcon.colcon_core.environment:checking '/home/jj/dual_dummy/install/arm_control/lib/pkgconfig/arm_control.pc'
[17.686s] Level 1:colcon.colcon_core.environment:checking '/home/jj/dual_dummy/install/arm_control/lib/python3.10/site-packages'
[17.686s] Level 1:colcon.colcon_core.environment:checking '/home/jj/dual_dummy/install/arm_control/bin'
[17.687s] INFO:colcon.colcon_core.shell:Creating package script '/home/jj/dual_dummy/install/arm_control/share/arm_control/package.ps1'
[17.688s] INFO:colcon.colcon_core.shell:Creating package descriptor '/home/jj/dual_dummy/install/arm_control/share/arm_control/package.dsv'
[17.689s] INFO:colcon.colcon_core.shell:Creating package script '/home/jj/dual_dummy/install/arm_control/share/arm_control/package.sh'
[17.690s] INFO:colcon.colcon_core.shell:Creating package script '/home/jj/dual_dummy/install/arm_control/share/arm_control/package.bash'
[17.691s] INFO:colcon.colcon_core.shell:Creating package script '/home/jj/dual_dummy/install/arm_control/share/arm_control/package.zsh'
[17.691s] Level 1:colcon.colcon_core.environment:create_file_with_runtime_dependencies(/home/jj/dual_dummy/install/arm_control/share/colcon-core/packages/arm_control)
[17.692s] Level 1:colcon.colcon_core.environment:create_environment_scripts_only(arm_control)
[17.693s] Level 1:colcon.colcon_core.environment:checking '/home/jj/dual_dummy/install/arm_control' for CMake module files
[17.693s] Level 1:colcon.colcon_core.environment:checking '/home/jj/dual_dummy/install/arm_control' for CMake config files
[17.694s] Level 1:colcon.colcon_core.shell:create_environment_hook('arm_control', 'cmake_prefix_path')
[17.694s] INFO:colcon.colcon_core.shell:Creating environment hook '/home/jj/dual_dummy/install/arm_control/share/arm_control/hook/cmake_prefix_path.ps1'
[17.695s] INFO:colcon.colcon_core.shell:Creating environment descriptor '/home/jj/dual_dummy/install/arm_control/share/arm_control/hook/cmake_prefix_path.dsv'
[17.695s] INFO:colcon.colcon_core.shell:Creating environment hook '/home/jj/dual_dummy/install/arm_control/share/arm_control/hook/cmake_prefix_path.sh'
[17.696s] Level 1:colcon.colcon_core.environment:checking '/home/jj/dual_dummy/install/arm_control/lib'
[17.696s] Level 1:colcon.colcon_core.shell:create_environment_hook('arm_control', 'ld_library_path_lib')
[17.697s] INFO:colcon.colcon_core.shell:Creating environment hook '/home/jj/dual_dummy/install/arm_control/share/arm_control/hook/ld_library_path_lib.ps1'
[17.698s] INFO:colcon.colcon_core.shell:Creating environment descriptor '/home/jj/dual_dummy/install/arm_control/share/arm_control/hook/ld_library_path_lib.dsv'
[17.699s] INFO:colcon.colcon_core.shell:Creating environment hook '/home/jj/dual_dummy/install/arm_control/share/arm_control/hook/ld_library_path_lib.sh'
[17.700s] Level 1:colcon.colcon_core.environment:checking '/home/jj/dual_dummy/install/arm_control/bin'
[17.700s] Level 1:colcon.colcon_core.environment:checking '/home/jj/dual_dummy/install/arm_control/lib/pkgconfig/arm_control.pc'
[17.701s] Level 1:colcon.colcon_core.environment:checking '/home/jj/dual_dummy/install/arm_control/lib/python3.10/site-packages'
[17.701s] Level 1:colcon.colcon_core.environment:checking '/home/jj/dual_dummy/install/arm_control/bin'
[17.702s] INFO:colcon.colcon_core.shell:Creating package script '/home/jj/dual_dummy/install/arm_control/share/arm_control/package.ps1'
[17.703s] INFO:colcon.colcon_core.shell:Creating package descriptor '/home/jj/dual_dummy/install/arm_control/share/arm_control/package.dsv'
[17.704s] INFO:colcon.colcon_core.shell:Creating package script '/home/jj/dual_dummy/install/arm_control/share/arm_control/package.sh'
[17.705s] INFO:colcon.colcon_core.shell:Creating package script '/home/jj/dual_dummy/install/arm_control/share/arm_control/package.bash'
[17.707s] INFO:colcon.colcon_core.shell:Creating package script '/home/jj/dual_dummy/install/arm_control/share/arm_control/package.zsh'
[17.708s] Level 1:colcon.colcon_core.environment:create_file_with_runtime_dependencies(/home/jj/dual_dummy/install/arm_control/share/colcon-core/packages/arm_control)
[17.708s] DEBUG:colcon.colcon_parallel_executor.executor.parallel:closing loop
[17.709s] DEBUG:colcon.colcon_parallel_executor.executor.parallel:loop closed
[17.709s] DEBUG:colcon.colcon_parallel_executor.executor.parallel:run_until_complete finished with '0'
[17.709s] DEBUG:colcon.colcon_core.event_reactor:joining thread
[17.717s] INFO:colcon.colcon_core.plugin_system:Skipping extension 'colcon_notification.desktop_notification.terminal_notifier': Not used on non-Darwin systems
[17.717s] INFO:colcon.colcon_core.plugin_system:Skipping extension 'colcon_notification.desktop_notification.win32': Not used on non-Windows systems
[17.717s] INFO:colcon.colcon_notification.desktop_notification:Sending desktop notification using 'notify2'
[17.739s] DEBUG:colcon.colcon_core.event_reactor:joined thread
[17.739s] INFO:colcon.colcon_core.shell:Creating prefix script '/home/jj/dual_dummy/install/local_setup.ps1'
[17.741s] INFO:colcon.colcon_core.shell:Creating prefix util module '/home/jj/dual_dummy/install/_local_setup_util_ps1.py'
[17.743s] INFO:colcon.colcon_core.shell:Creating prefix chain script '/home/jj/dual_dummy/install/setup.ps1'
[17.746s] INFO:colcon.colcon_core.shell:Creating prefix script '/home/jj/dual_dummy/install/local_setup.sh'
[17.747s] INFO:colcon.colcon_core.shell:Creating prefix util module '/home/jj/dual_dummy/install/_local_setup_util_sh.py'
[17.748s] INFO:colcon.colcon_core.shell:Creating prefix chain script '/home/jj/dual_dummy/install/setup.sh'
[17.750s] INFO:colcon.colcon_core.shell:Creating prefix script '/home/jj/dual_dummy/install/local_setup.bash'
[17.751s] INFO:colcon.colcon_core.shell:Creating prefix chain script '/home/jj/dual_dummy/install/setup.bash'
[17.753s] INFO:colcon.colcon_core.shell:Creating prefix script '/home/jj/dual_dummy/install/local_setup.zsh'
[17.754s] INFO:colcon.colcon_core.shell:Creating prefix chain script '/home/jj/dual_dummy/install/setup.zsh'
