-- Found ament_cmake: 1.3.11 (/opt/ros/humble/share/ament_cmake/cmake)
-- Found rclcpp: 16.0.12 (/opt/ros/humble/share/rclcpp/cmake)
-- Found rosidl_generator_c: 3.1.6 (/opt/ros/humble/share/rosidl_generator_c/cmake)
-- Found rosidl_adapter: 3.1.6 (/opt/ros/humble/share/rosidl_adapter/cmake)
-- Found rosidl_generator_cpp: 3.1.6 (/opt/ros/humble/share/rosidl_generator_cpp/cmake)
-- Using all available rosidl_typesupport_c: rosidl_typesupport_fastrtps_c;rosidl_typesupport_introspection_c
-- Using all available rosidl_typesupport_cpp: rosidl_typesupport_fastrtps_cpp;rosidl_typesupport_introspection_cpp
-- Found rmw_implementation_cmake: 6.1.2 (/opt/ros/humble/share/rmw_implementation_cmake/cmake)
-- Found rmw_fastrtps_cpp: 6.2.7 (/opt/ros/humble/share/rmw_fastrtps_cpp/cmake)
-- Using RMW implementation 'rmw_fastrtps_cpp' as default
-- Found sensor_msgs: 4.9.0 (/opt/ros/humble/share/sensor_msgs/cmake)
-- Found visualization_msgs: 4.9.0 (/opt/ros/humble/share/visualization_msgs/cmake)
-- Found rosidl_default_generators: 1.2.0 (/opt/ros/humble/share/rosidl_default_generators/cmake)
-- Found ament_cmake_ros: 0.10.0 (/opt/ros/humble/share/ament_cmake_ros/cmake)
-- Using all available rosidl_typesupport_c: rosidl_typesupport_fastrtps_c;rosidl_typesupport_introspection_c
-- Using all available rosidl_typesupport_cpp: rosidl_typesupport_fastrtps_cpp;rosidl_typesupport_introspection_cpp
-- Found python_cmake_module: 0.10.0 (/opt/ros/humble/share/python_cmake_module/cmake)
-- Using PYTHON_EXECUTABLE: /usr/bin/python3
-- Using PYTHON_INCLUDE_DIRS: /usr/include/python3.10
-- Using PYTHON_LIBRARIES: /usr/lib/x86_64-linux-gnu/libpython3.10.so
-- Found ament_lint_auto: 0.12.12 (/opt/ros/humble/share/ament_lint_auto/cmake)
-- Added test 'cppcheck' to perform static code analysis on C / C++ code
-- Configured cppcheck include dirs: $<BUILD_INTERFACE:/home/jj/dual_dummy/src/arm_control/build/arm_control/rosidl_generator_c>;$<BUILD_INTERFACE:/home/jj/dual_dummy/src/arm_control/build/arm_control/rosidl_typesupport_fastrtps_c>;$<BUILD_INTERFACE:/home/jj/dual_dummy/src/arm_control/build/arm_control/rosidl_generator_cpp>;$<BUILD_INTERFACE:/home/jj/dual_dummy/src/arm_control/build/arm_control/rosidl_typesupport_fastrtps_cpp>;$<BUILD_INTERFACE:/home/jj/dual_dummy/src/arm_control/build/arm_control/rosidl_typesupport_introspection_c>;$<BUILD_INTERFACE:/home/jj/dual_dummy/src/arm_control/build/arm_control/rosidl_typesupport_introspection_cpp>;/home/jj/dual_dummy/src/arm_control/build/arm_control/rosidl_generator_c;/home/jj/dual_dummy/src/arm_control/build/arm_control/rosidl_generator_py;$<BUILD_INTERFACE:/home/jj/dual_dummy/src/arm_control/src>
-- Configured cppcheck exclude dirs and/or files: 
-- Added test 'flake8' to check Python code syntax and style conventions
-- Added test 'lint_cmake' to check CMake code style
-- Added test 'pep257' to check Python code against some of the docstring style conventions in PEP 257
-- Added test 'uncrustify' to check C / C++ code style
-- Configured uncrustify additional arguments: 
-- Added test 'xmllint' to check XML markup files
-- Configuring done
-- Generating done
-- Build files have been written to: /home/jj/dual_dummy/src/arm_control/build/arm_control
[35m[1mConsolidate compiler generated dependencies of target arm_control__rosidl_generator_c[0m
[  1%] [32mBuilding CXX object CMakeFiles/motionlib.dir/src/motionlib.cpp.o[0m
[  3%] Built target arm_control__cpp
[ 12%] Built target arm_control__rosidl_generator_c
[ 12%] Built target ament_cmake_python_copy_arm_control
[35m[1mConsolidate compiler generated dependencies of target arm_control__rosidl_typesupport_cpp[0m
[35m[1mConsolidate compiler generated dependencies of target arm_control__rosidl_typesupport_fastrtps_cpp[0m
[35m[1mConsolidate compiler generated dependencies of target arm_control__rosidl_typesupport_introspection_c[0m
[ 21%] Built target arm_control__rosidl_typesupport_fastrtps_cpp
[ 29%] Built target arm_control__rosidl_typesupport_cpp
[ 38%] Built target arm_control__rosidl_typesupport_introspection_c
[35m[1mConsolidate compiler generated dependencies of target arm_control__rosidl_typesupport_c[0m
[35m[1mConsolidate compiler generated dependencies of target arm_control__rosidl_typesupport_introspection_cpp[0m
[ 47%] Built target arm_control__rosidl_typesupport_c
[ 56%] Built target arm_control__rosidl_typesupport_introspection_cpp
[35m[1mConsolidate compiler generated dependencies of target arm_control__rosidl_typesupport_fastrtps_c[0m
[ 64%] Built target arm_control__rosidl_typesupport_fastrtps_c
[ 64%] Built target arm_control
[ 66%] [34m[1mGenerating Python code for ROS interfaces[0m
running egg_info
writing arm_control.egg-info/PKG-INFO
writing dependency_links to arm_control.egg-info/dependency_links.txt
writing top-level names to arm_control.egg-info/top_level.txt
reading manifest file 'arm_control.egg-info/SOURCES.txt'
writing manifest file 'arm_control.egg-info/SOURCES.txt'
[ 66%] Built target ament_cmake_python_build_arm_control_egg
[ 66%] Built target arm_control__py
[ 70%] [32mBuilding C object CMakeFiles/arm_control__rosidl_generator_py.dir/rosidl_generator_py/arm_control/msg/_trajectory_point_s.c.o[0m
[ 70%] [32mBuilding C object CMakeFiles/arm_control__rosidl_generator_py.dir/rosidl_generator_py/arm_control/msg/_ik_result_s.c.o[0m
[ 71%] [32mBuilding C object CMakeFiles/arm_control__rosidl_generator_py.dir/rosidl_generator_py/arm_control/msg/_control_command_s.c.o[0m
[ 73%] [32m[1mLinking C shared library rosidl_generator_py/arm_control/libarm_control__rosidl_generator_py.so[0m
[ 73%] Built target arm_control__rosidl_generator_py
[ 75%] [32mBuilding C object CMakeFiles/arm_control__rosidl_typesupport_fastrtps_c__pyext.dir/rosidl_generator_py/arm_control/_arm_control_s.ep.rosidl_typesupport_fastrtps_c.c.o[0m
[ 78%] [32mBuilding C object CMakeFiles/arm_control__rosidl_typesupport_introspection_c__pyext.dir/rosidl_generator_py/arm_control/_arm_control_s.ep.rosidl_typesupport_introspection_c.c.o[0m
[ 78%] [32mBuilding C object CMakeFiles/arm_control__rosidl_typesupport_c__pyext.dir/rosidl_generator_py/arm_control/_arm_control_s.ep.rosidl_typesupport_c.c.o[0m
[ 80%] [32m[1mLinking C shared library rosidl_generator_py/arm_control/arm_control_s__rosidl_typesupport_introspection_c.cpython-310-x86_64-linux-gnu.so[0m
[ 82%] [32m[1mLinking C shared library rosidl_generator_py/arm_control/arm_control_s__rosidl_typesupport_c.cpython-310-x86_64-linux-gnu.so[0m
[ 84%] [32m[1mLinking C shared library rosidl_generator_py/arm_control/arm_control_s__rosidl_typesupport_fastrtps_c.cpython-310-x86_64-linux-gnu.so[0m
[ 84%] Built target arm_control__rosidl_typesupport_c__pyext
[ 84%] Built target arm_control__rosidl_typesupport_introspection_c__pyext
[ 84%] Built target arm_control__rosidl_typesupport_fastrtps_c__pyext
[ 85%] [32m[1mLinking CXX static library libmotionlib.a[0m
[ 85%] Built target motionlib
[35m[1mConsolidate compiler generated dependencies of target trajectory_node[0m
[35m[1mConsolidate compiler generated dependencies of target arm_controller_node[0m
[35m[1mConsolidate compiler generated dependencies of target trajectory_viewer[0m
[35m[1mConsolidate compiler generated dependencies of target ik_node[0m
[ 87%] [32mBuilding CXX object CMakeFiles/trajectory_viewer.dir/src/trajectory_viewer.cpp.o[0m
[ 89%] [32mBuilding CXX object CMakeFiles/ik_node.dir/src/ik_node.cpp.o[0m
[ 91%] [32mBuilding CXX object CMakeFiles/arm_controller_node.dir/src/controller_node.cpp.o[0m
[ 92%] [32mBuilding CXX object CMakeFiles/trajectory_node.dir/src/trajectory_node.cpp.o[0m
[ 94%] [32m[1mLinking CXX executable trajectory_viewer[0m
[ 96%] [32m[1mLinking CXX executable ik_node[0m
[ 96%] Built target ik_node
[ 96%] Built target trajectory_viewer
[ 98%] [32m[1mLinking CXX executable arm_controller_node[0m
[100%] [32m[1mLinking CXX executable trajectory_node[0m
[100%] Built target arm_controller_node
[100%] Built target trajectory_node
-- Install configuration: ""
-- Installing: /home/jj/dual_dummy/src/arm_control/install/arm_control/share/ament_index/resource_index/rosidl_interfaces/arm_control
-- Installing: /home/jj/dual_dummy/src/arm_control/install/arm_control/include/arm_control/arm_control
-- Installing: /home/jj/dual_dummy/src/arm_control/install/arm_control/include/arm_control/arm_control/msg
-- Installing: /home/jj/dual_dummy/src/arm_control/install/arm_control/include/arm_control/arm_control/msg/control_command.h
-- Installing: /home/jj/dual_dummy/src/arm_control/install/arm_control/include/arm_control/arm_control/msg/rosidl_generator_c__visibility_control.h
-- Installing: /home/jj/dual_dummy/src/arm_control/install/arm_control/include/arm_control/arm_control/msg/ik_result.h
-- Installing: /home/jj/dual_dummy/src/arm_control/install/arm_control/include/arm_control/arm_control/msg/detail
-- Installing: /home/jj/dual_dummy/src/arm_control/install/arm_control/include/arm_control/arm_control/msg/detail/trajectory_point__functions.h
-- Installing: /home/jj/dual_dummy/src/arm_control/install/arm_control/include/arm_control/arm_control/msg/detail/control_command__type_support.h
-- Installing: /home/jj/dual_dummy/src/arm_control/install/arm_control/include/arm_control/arm_control/msg/detail/trajectory_point__struct.h
-- Installing: /home/jj/dual_dummy/src/arm_control/install/arm_control/include/arm_control/arm_control/msg/detail/ik_result__struct.h
-- Installing: /home/jj/dual_dummy/src/arm_control/install/arm_control/include/arm_control/arm_control/msg/detail/control_command__functions.h
-- Installing: /home/jj/dual_dummy/src/arm_control/install/arm_control/include/arm_control/arm_control/msg/detail/control_command__struct.h
-- Installing: /home/jj/dual_dummy/src/arm_control/install/arm_control/include/arm_control/arm_control/msg/detail/trajectory_point__functions.c
-- Installing: /home/jj/dual_dummy/src/arm_control/install/arm_control/include/arm_control/arm_control/msg/detail/ik_result__functions.c
-- Installing: /home/jj/dual_dummy/src/arm_control/install/arm_control/include/arm_control/arm_control/msg/detail/control_command__functions.c
-- Installing: /home/jj/dual_dummy/src/arm_control/install/arm_control/include/arm_control/arm_control/msg/detail/trajectory_point__type_support.h
-- Installing: /home/jj/dual_dummy/src/arm_control/install/arm_control/include/arm_control/arm_control/msg/detail/ik_result__type_support.h
-- Installing: /home/jj/dual_dummy/src/arm_control/install/arm_control/include/arm_control/arm_control/msg/detail/ik_result__functions.h
-- Installing: /home/jj/dual_dummy/src/arm_control/install/arm_control/include/arm_control/arm_control/msg/trajectory_point.h
-- Installing: /home/jj/dual_dummy/src/arm_control/install/arm_control/share/arm_control/environment/library_path.sh
-- Installing: /home/jj/dual_dummy/src/arm_control/install/arm_control/share/arm_control/environment/library_path.dsv
-- Installing: /home/jj/dual_dummy/src/arm_control/install/arm_control/lib/libarm_control__rosidl_generator_c.so
-- Set runtime path of "/home/jj/dual_dummy/src/arm_control/install/arm_control/lib/libarm_control__rosidl_generator_c.so" to ""
-- Up-to-date: /home/jj/dual_dummy/src/arm_control/install/arm_control/include/arm_control/arm_control
-- Up-to-date: /home/jj/dual_dummy/src/arm_control/install/arm_control/include/arm_control/arm_control/msg
-- Installing: /home/jj/dual_dummy/src/arm_control/install/arm_control/include/arm_control/arm_control/msg/rosidl_typesupport_fastrtps_c__visibility_control.h
-- Up-to-date: /home/jj/dual_dummy/src/arm_control/install/arm_control/include/arm_control/arm_control/msg/detail
-- Installing: /home/jj/dual_dummy/src/arm_control/install/arm_control/include/arm_control/arm_control/msg/detail/ik_result__rosidl_typesupport_fastrtps_c.h
-- Installing: /home/jj/dual_dummy/src/arm_control/install/arm_control/include/arm_control/arm_control/msg/detail/control_command__rosidl_typesupport_fastrtps_c.h
-- Installing: /home/jj/dual_dummy/src/arm_control/install/arm_control/include/arm_control/arm_control/msg/detail/trajectory_point__rosidl_typesupport_fastrtps_c.h
-- Installing: /home/jj/dual_dummy/src/arm_control/install/arm_control/lib/libarm_control__rosidl_typesupport_fastrtps_c.so
-- Set runtime path of "/home/jj/dual_dummy/src/arm_control/install/arm_control/lib/libarm_control__rosidl_typesupport_fastrtps_c.so" to ""
-- Up-to-date: /home/jj/dual_dummy/src/arm_control/install/arm_control/include/arm_control/arm_control
-- Up-to-date: /home/jj/dual_dummy/src/arm_control/install/arm_control/include/arm_control/arm_control/msg
-- Installing: /home/jj/dual_dummy/src/arm_control/install/arm_control/include/arm_control/arm_control/msg/control_command.hpp
-- Installing: /home/jj/dual_dummy/src/arm_control/install/arm_control/include/arm_control/arm_control/msg/ik_result.hpp
-- Installing: /home/jj/dual_dummy/src/arm_control/install/arm_control/include/arm_control/arm_control/msg/rosidl_generator_cpp__visibility_control.hpp
-- Installing: /home/jj/dual_dummy/src/arm_control/install/arm_control/include/arm_control/arm_control/msg/trajectory_point.hpp
-- Up-to-date: /home/jj/dual_dummy/src/arm_control/install/arm_control/include/arm_control/arm_control/msg/detail
-- Installing: /home/jj/dual_dummy/src/arm_control/install/arm_control/include/arm_control/arm_control/msg/detail/control_command__type_support.hpp
-- Installing: /home/jj/dual_dummy/src/arm_control/install/arm_control/include/arm_control/arm_control/msg/detail/trajectory_point__type_support.hpp
-- Installing: /home/jj/dual_dummy/src/arm_control/install/arm_control/include/arm_control/arm_control/msg/detail/trajectory_point__struct.hpp
-- Installing: /home/jj/dual_dummy/src/arm_control/install/arm_control/include/arm_control/arm_control/msg/detail/ik_result__builder.hpp
-- Installing: /home/jj/dual_dummy/src/arm_control/install/arm_control/include/arm_control/arm_control/msg/detail/control_command__struct.hpp
-- Installing: /home/jj/dual_dummy/src/arm_control/install/arm_control/include/arm_control/arm_control/msg/detail/trajectory_point__builder.hpp
-- Installing: /home/jj/dual_dummy/src/arm_control/install/arm_control/include/arm_control/arm_control/msg/detail/ik_result__struct.hpp
-- Installing: /home/jj/dual_dummy/src/arm_control/install/arm_control/include/arm_control/arm_control/msg/detail/control_command__builder.hpp
-- Installing: /home/jj/dual_dummy/src/arm_control/install/arm_control/include/arm_control/arm_control/msg/detail/ik_result__type_support.hpp
-- Installing: /home/jj/dual_dummy/src/arm_control/install/arm_control/include/arm_control/arm_control/msg/detail/control_command__traits.hpp
-- Installing: /home/jj/dual_dummy/src/arm_control/install/arm_control/include/arm_control/arm_control/msg/detail/trajectory_point__traits.hpp
-- Installing: /home/jj/dual_dummy/src/arm_control/install/arm_control/include/arm_control/arm_control/msg/detail/ik_result__traits.hpp
-- Up-to-date: /home/jj/dual_dummy/src/arm_control/install/arm_control/include/arm_control/arm_control
-- Up-to-date: /home/jj/dual_dummy/src/arm_control/install/arm_control/include/arm_control/arm_control/msg
-- Installing: /home/jj/dual_dummy/src/arm_control/install/arm_control/include/arm_control/arm_control/msg/rosidl_typesupport_fastrtps_cpp__visibility_control.h
-- Up-to-date: /home/jj/dual_dummy/src/arm_control/install/arm_control/include/arm_control/arm_control/msg/detail
-- Installing: /home/jj/dual_dummy/src/arm_control/install/arm_control/include/arm_control/arm_control/msg/detail/dds_fastrtps
-- Installing: /home/jj/dual_dummy/src/arm_control/install/arm_control/include/arm_control/arm_control/msg/detail/ik_result__rosidl_typesupport_fastrtps_cpp.hpp
-- Installing: /home/jj/dual_dummy/src/arm_control/install/arm_control/include/arm_control/arm_control/msg/detail/control_command__rosidl_typesupport_fastrtps_cpp.hpp
-- Installing: /home/jj/dual_dummy/src/arm_control/install/arm_control/include/arm_control/arm_control/msg/detail/trajectory_point__rosidl_typesupport_fastrtps_cpp.hpp
-- Installing: /home/jj/dual_dummy/src/arm_control/install/arm_control/lib/libarm_control__rosidl_typesupport_fastrtps_cpp.so
-- Set runtime path of "/home/jj/dual_dummy/src/arm_control/install/arm_control/lib/libarm_control__rosidl_typesupport_fastrtps_cpp.so" to ""
-- Up-to-date: /home/jj/dual_dummy/src/arm_control/install/arm_control/include/arm_control/arm_control
-- Up-to-date: /home/jj/dual_dummy/src/arm_control/install/arm_control/include/arm_control/arm_control/msg
-- Installing: /home/jj/dual_dummy/src/arm_control/install/arm_control/include/arm_control/arm_control/msg/rosidl_typesupport_introspection_c__visibility_control.h
-- Up-to-date: /home/jj/dual_dummy/src/arm_control/install/arm_control/include/arm_control/arm_control/msg/detail
-- Installing: /home/jj/dual_dummy/src/arm_control/install/arm_control/include/arm_control/arm_control/msg/detail/trajectory_point__rosidl_typesupport_introspection_c.h
-- Installing: /home/jj/dual_dummy/src/arm_control/install/arm_control/include/arm_control/arm_control/msg/detail/ik_result__rosidl_typesupport_introspection_c.h
-- Installing: /home/jj/dual_dummy/src/arm_control/install/arm_control/include/arm_control/arm_control/msg/detail/control_command__rosidl_typesupport_introspection_c.h
-- Installing: /home/jj/dual_dummy/src/arm_control/install/arm_control/include/arm_control/arm_control/msg/detail/control_command__type_support.c
-- Installing: /home/jj/dual_dummy/src/arm_control/install/arm_control/include/arm_control/arm_control/msg/detail/trajectory_point__type_support.c
-- Installing: /home/jj/dual_dummy/src/arm_control/install/arm_control/include/arm_control/arm_control/msg/detail/ik_result__type_support.c
-- Installing: /home/jj/dual_dummy/src/arm_control/install/arm_control/lib/libarm_control__rosidl_typesupport_introspection_c.so
-- Set runtime path of "/home/jj/dual_dummy/src/arm_control/install/arm_control/lib/libarm_control__rosidl_typesupport_introspection_c.so" to ""
-- Installing: /home/jj/dual_dummy/src/arm_control/install/arm_control/lib/libarm_control__rosidl_typesupport_c.so
-- Set runtime path of "/home/jj/dual_dummy/src/arm_control/install/arm_control/lib/libarm_control__rosidl_typesupport_c.so" to ""
-- Up-to-date: /home/jj/dual_dummy/src/arm_control/install/arm_control/include/arm_control/arm_control
-- Up-to-date: /home/jj/dual_dummy/src/arm_control/install/arm_control/include/arm_control/arm_control/msg
-- Up-to-date: /home/jj/dual_dummy/src/arm_control/install/arm_control/include/arm_control/arm_control/msg/detail
-- Installing: /home/jj/dual_dummy/src/arm_control/install/arm_control/include/arm_control/arm_control/msg/detail/control_command__type_support.cpp
-- Installing: /home/jj/dual_dummy/src/arm_control/install/arm_control/include/arm_control/arm_control/msg/detail/trajectory_point__type_support.cpp
-- Installing: /home/jj/dual_dummy/src/arm_control/install/arm_control/include/arm_control/arm_control/msg/detail/trajectory_point__rosidl_typesupport_introspection_cpp.hpp
-- Installing: /home/jj/dual_dummy/src/arm_control/install/arm_control/include/arm_control/arm_control/msg/detail/control_command__rosidl_typesupport_introspection_cpp.hpp
-- Installing: /home/jj/dual_dummy/src/arm_control/install/arm_control/include/arm_control/arm_control/msg/detail/ik_result__type_support.cpp
-- Installing: /home/jj/dual_dummy/src/arm_control/install/arm_control/include/arm_control/arm_control/msg/detail/ik_result__rosidl_typesupport_introspection_cpp.hpp
-- Installing: /home/jj/dual_dummy/src/arm_control/install/arm_control/lib/libarm_control__rosidl_typesupport_introspection_cpp.so
-- Set runtime path of "/home/jj/dual_dummy/src/arm_control/install/arm_control/lib/libarm_control__rosidl_typesupport_introspection_cpp.so" to ""
-- Installing: /home/jj/dual_dummy/src/arm_control/install/arm_control/lib/libarm_control__rosidl_typesupport_cpp.so
-- Set runtime path of "/home/jj/dual_dummy/src/arm_control/install/arm_control/lib/libarm_control__rosidl_typesupport_cpp.so" to ""
-- Installing: /home/jj/dual_dummy/src/arm_control/install/arm_control/share/arm_control/environment/pythonpath.sh
-- Installing: /home/jj/dual_dummy/src/arm_control/install/arm_control/share/arm_control/environment/pythonpath.dsv
-- Installing: /home/jj/dual_dummy/src/arm_control/install/arm_control/local/lib/python3.10/dist-packages/arm_control-0.0.0-py3.10.egg-info
-- Installing: /home/jj/dual_dummy/src/arm_control/install/arm_control/local/lib/python3.10/dist-packages/arm_control-0.0.0-py3.10.egg-info/top_level.txt
-- Installing: /home/jj/dual_dummy/src/arm_control/install/arm_control/local/lib/python3.10/dist-packages/arm_control-0.0.0-py3.10.egg-info/dependency_links.txt
-- Installing: /home/jj/dual_dummy/src/arm_control/install/arm_control/local/lib/python3.10/dist-packages/arm_control-0.0.0-py3.10.egg-info/SOURCES.txt
-- Installing: /home/jj/dual_dummy/src/arm_control/install/arm_control/local/lib/python3.10/dist-packages/arm_control-0.0.0-py3.10.egg-info/PKG-INFO
-- Installing: /home/jj/dual_dummy/src/arm_control/install/arm_control/local/lib/python3.10/dist-packages/arm_control
-- Installing: /home/jj/dual_dummy/src/arm_control/install/arm_control/local/lib/python3.10/dist-packages/arm_control/arm_control_s__rosidl_typesupport_introspection_c.cpython-310-x86_64-linux-gnu.so
-- Installing: /home/jj/dual_dummy/src/arm_control/install/arm_control/local/lib/python3.10/dist-packages/arm_control/_arm_control_s.ep.rosidl_typesupport_c.c
-- Installing: /home/jj/dual_dummy/src/arm_control/install/arm_control/local/lib/python3.10/dist-packages/arm_control/__init__.py
-- Installing: /home/jj/dual_dummy/src/arm_control/install/arm_control/local/lib/python3.10/dist-packages/arm_control/_arm_control_s.ep.rosidl_typesupport_fastrtps_c.c
-- Installing: /home/jj/dual_dummy/src/arm_control/install/arm_control/local/lib/python3.10/dist-packages/arm_control/libarm_control__rosidl_generator_py.so
-- Installing: /home/jj/dual_dummy/src/arm_control/install/arm_control/local/lib/python3.10/dist-packages/arm_control/_arm_control_s.ep.rosidl_typesupport_introspection_c.c
-- Installing: /home/jj/dual_dummy/src/arm_control/install/arm_control/local/lib/python3.10/dist-packages/arm_control/arm_control_s__rosidl_typesupport_c.cpython-310-x86_64-linux-gnu.so
-- Installing: /home/jj/dual_dummy/src/arm_control/install/arm_control/local/lib/python3.10/dist-packages/arm_control/msg
-- Installing: /home/jj/dual_dummy/src/arm_control/install/arm_control/local/lib/python3.10/dist-packages/arm_control/msg/_ik_result_s.c
-- Installing: /home/jj/dual_dummy/src/arm_control/install/arm_control/local/lib/python3.10/dist-packages/arm_control/msg/_trajectory_point.py
-- Installing: /home/jj/dual_dummy/src/arm_control/install/arm_control/local/lib/python3.10/dist-packages/arm_control/msg/_control_command.py
-- Installing: /home/jj/dual_dummy/src/arm_control/install/arm_control/local/lib/python3.10/dist-packages/arm_control/msg/__init__.py
-- Installing: /home/jj/dual_dummy/src/arm_control/install/arm_control/local/lib/python3.10/dist-packages/arm_control/msg/_control_command_s.c
-- Installing: /home/jj/dual_dummy/src/arm_control/install/arm_control/local/lib/python3.10/dist-packages/arm_control/msg/_ik_result.py
-- Installing: /home/jj/dual_dummy/src/arm_control/install/arm_control/local/lib/python3.10/dist-packages/arm_control/msg/_trajectory_point_s.c
-- Installing: /home/jj/dual_dummy/src/arm_control/install/arm_control/local/lib/python3.10/dist-packages/arm_control/arm_control_s__rosidl_typesupport_fastrtps_c.cpython-310-x86_64-linux-gnu.so
Listing '/home/jj/dual_dummy/src/arm_control/install/arm_control/local/lib/python3.10/dist-packages/arm_control'...
Compiling '/home/jj/dual_dummy/src/arm_control/install/arm_control/local/lib/python3.10/dist-packages/arm_control/__init__.py'...
Listing '/home/jj/dual_dummy/src/arm_control/install/arm_control/local/lib/python3.10/dist-packages/arm_control/msg'...
Compiling '/home/jj/dual_dummy/src/arm_control/install/arm_control/local/lib/python3.10/dist-packages/arm_control/msg/__init__.py'...
Compiling '/home/jj/dual_dummy/src/arm_control/install/arm_control/local/lib/python3.10/dist-packages/arm_control/msg/_control_command.py'...
Compiling '/home/jj/dual_dummy/src/arm_control/install/arm_control/local/lib/python3.10/dist-packages/arm_control/msg/_ik_result.py'...
Compiling '/home/jj/dual_dummy/src/arm_control/install/arm_control/local/lib/python3.10/dist-packages/arm_control/msg/_trajectory_point.py'...
-- Installing: /home/jj/dual_dummy/src/arm_control/install/arm_control/local/lib/python3.10/dist-packages/arm_control/arm_control_s__rosidl_typesupport_fastrtps_c.cpython-310-x86_64-linux-gnu.so
-- Set runtime path of "/home/jj/dual_dummy/src/arm_control/install/arm_control/local/lib/python3.10/dist-packages/arm_control/arm_control_s__rosidl_typesupport_fastrtps_c.cpython-310-x86_64-linux-gnu.so" to ""
-- Installing: /home/jj/dual_dummy/src/arm_control/install/arm_control/local/lib/python3.10/dist-packages/arm_control/arm_control_s__rosidl_typesupport_introspection_c.cpython-310-x86_64-linux-gnu.so
-- Set runtime path of "/home/jj/dual_dummy/src/arm_control/install/arm_control/local/lib/python3.10/dist-packages/arm_control/arm_control_s__rosidl_typesupport_introspection_c.cpython-310-x86_64-linux-gnu.so" to ""
-- Installing: /home/jj/dual_dummy/src/arm_control/install/arm_control/local/lib/python3.10/dist-packages/arm_control/arm_control_s__rosidl_typesupport_c.cpython-310-x86_64-linux-gnu.so
-- Set runtime path of "/home/jj/dual_dummy/src/arm_control/install/arm_control/local/lib/python3.10/dist-packages/arm_control/arm_control_s__rosidl_typesupport_c.cpython-310-x86_64-linux-gnu.so" to ""
-- Installing: /home/jj/dual_dummy/src/arm_control/install/arm_control/lib/libarm_control__rosidl_generator_py.so
-- Set runtime path of "/home/jj/dual_dummy/src/arm_control/install/arm_control/lib/libarm_control__rosidl_generator_py.so" to ""
-- Installing: /home/jj/dual_dummy/src/arm_control/install/arm_control/share/arm_control/msg/IKResult.idl
-- Installing: /home/jj/dual_dummy/src/arm_control/install/arm_control/share/arm_control/msg/TrajectoryPoint.idl
-- Installing: /home/jj/dual_dummy/src/arm_control/install/arm_control/share/arm_control/msg/ControlCommand.idl
-- Installing: /home/jj/dual_dummy/src/arm_control/install/arm_control/share/arm_control/msg/IKResult.msg
-- Installing: /home/jj/dual_dummy/src/arm_control/install/arm_control/share/arm_control/msg/TrajectoryPoint.msg
-- Installing: /home/jj/dual_dummy/src/arm_control/install/arm_control/share/arm_control/msg/ControlCommand.msg
-- Installing: /home/jj/dual_dummy/src/arm_control/install/arm_control/lib/arm_control/ik_node
-- Set runtime path of "/home/jj/dual_dummy/src/arm_control/install/arm_control/lib/arm_control/ik_node" to ""
-- Installing: /home/jj/dual_dummy/src/arm_control/install/arm_control/lib/arm_control/trajectory_node
-- Set runtime path of "/home/jj/dual_dummy/src/arm_control/install/arm_control/lib/arm_control/trajectory_node" to ""
-- Installing: /home/jj/dual_dummy/src/arm_control/install/arm_control/lib/arm_control/arm_controller_node
-- Set runtime path of "/home/jj/dual_dummy/src/arm_control/install/arm_control/lib/arm_control/arm_controller_node" to ""
-- Installing: /home/jj/dual_dummy/src/arm_control/install/arm_control/lib/arm_control/trajectory_viewer
-- Set runtime path of "/home/jj/dual_dummy/src/arm_control/install/arm_control/lib/arm_control/trajectory_viewer" to ""
-- Up-to-date: /home/jj/dual_dummy/src/arm_control/install/arm_control/share/arm_control/msg
-- Up-to-date: /home/jj/dual_dummy/src/arm_control/install/arm_control/share/arm_control/msg/ControlCommand.msg
-- Up-to-date: /home/jj/dual_dummy/src/arm_control/install/arm_control/share/arm_control/msg/TrajectoryPoint.msg
-- Up-to-date: /home/jj/dual_dummy/src/arm_control/install/arm_control/share/arm_control/msg/IKResult.msg
-- Installing: /home/jj/dual_dummy/src/arm_control/install/arm_control/share/ament_index/resource_index/package_run_dependencies/arm_control
-- Installing: /home/jj/dual_dummy/src/arm_control/install/arm_control/share/ament_index/resource_index/parent_prefix_path/arm_control
-- Installing: /home/jj/dual_dummy/src/arm_control/install/arm_control/share/arm_control/environment/ament_prefix_path.sh
-- Installing: /home/jj/dual_dummy/src/arm_control/install/arm_control/share/arm_control/environment/ament_prefix_path.dsv
-- Installing: /home/jj/dual_dummy/src/arm_control/install/arm_control/share/arm_control/environment/path.sh
-- Installing: /home/jj/dual_dummy/src/arm_control/install/arm_control/share/arm_control/environment/path.dsv
-- Installing: /home/jj/dual_dummy/src/arm_control/install/arm_control/share/arm_control/local_setup.bash
-- Installing: /home/jj/dual_dummy/src/arm_control/install/arm_control/share/arm_control/local_setup.sh
-- Installing: /home/jj/dual_dummy/src/arm_control/install/arm_control/share/arm_control/local_setup.zsh
-- Installing: /home/jj/dual_dummy/src/arm_control/install/arm_control/share/arm_control/local_setup.dsv
-- Installing: /home/jj/dual_dummy/src/arm_control/install/arm_control/share/arm_control/package.dsv
-- Installing: /home/jj/dual_dummy/src/arm_control/install/arm_control/share/ament_index/resource_index/packages/arm_control
-- Installing: /home/jj/dual_dummy/src/arm_control/install/arm_control/share/arm_control/cmake/export_arm_control__rosidl_generator_cExport.cmake
-- Installing: /home/jj/dual_dummy/src/arm_control/install/arm_control/share/arm_control/cmake/export_arm_control__rosidl_generator_cExport-noconfig.cmake
-- Installing: /home/jj/dual_dummy/src/arm_control/install/arm_control/share/arm_control/cmake/export_arm_control__rosidl_typesupport_fastrtps_cExport.cmake
-- Installing: /home/jj/dual_dummy/src/arm_control/install/arm_control/share/arm_control/cmake/export_arm_control__rosidl_typesupport_fastrtps_cExport-noconfig.cmake
-- Installing: /home/jj/dual_dummy/src/arm_control/install/arm_control/share/arm_control/cmake/export_arm_control__rosidl_generator_cppExport.cmake
-- Installing: /home/jj/dual_dummy/src/arm_control/install/arm_control/share/arm_control/cmake/export_arm_control__rosidl_typesupport_fastrtps_cppExport.cmake
-- Installing: /home/jj/dual_dummy/src/arm_control/install/arm_control/share/arm_control/cmake/export_arm_control__rosidl_typesupport_fastrtps_cppExport-noconfig.cmake
-- Installing: /home/jj/dual_dummy/src/arm_control/install/arm_control/share/arm_control/cmake/arm_control__rosidl_typesupport_introspection_cExport.cmake
-- Installing: /home/jj/dual_dummy/src/arm_control/install/arm_control/share/arm_control/cmake/arm_control__rosidl_typesupport_introspection_cExport-noconfig.cmake
-- Installing: /home/jj/dual_dummy/src/arm_control/install/arm_control/share/arm_control/cmake/arm_control__rosidl_typesupport_cExport.cmake
-- Installing: /home/jj/dual_dummy/src/arm_control/install/arm_control/share/arm_control/cmake/arm_control__rosidl_typesupport_cExport-noconfig.cmake
-- Installing: /home/jj/dual_dummy/src/arm_control/install/arm_control/share/arm_control/cmake/arm_control__rosidl_typesupport_introspection_cppExport.cmake
-- Installing: /home/jj/dual_dummy/src/arm_control/install/arm_control/share/arm_control/cmake/arm_control__rosidl_typesupport_introspection_cppExport-noconfig.cmake
-- Installing: /home/jj/dual_dummy/src/arm_control/install/arm_control/share/arm_control/cmake/arm_control__rosidl_typesupport_cppExport.cmake
-- Installing: /home/jj/dual_dummy/src/arm_control/install/arm_control/share/arm_control/cmake/arm_control__rosidl_typesupport_cppExport-noconfig.cmake
-- Installing: /home/jj/dual_dummy/src/arm_control/install/arm_control/share/arm_control/cmake/export_arm_control__rosidl_generator_pyExport.cmake
-- Installing: /home/jj/dual_dummy/src/arm_control/install/arm_control/share/arm_control/cmake/export_arm_control__rosidl_generator_pyExport-noconfig.cmake
-- Installing: /home/jj/dual_dummy/src/arm_control/install/arm_control/share/arm_control/cmake/rosidl_cmake-extras.cmake
-- Installing: /home/jj/dual_dummy/src/arm_control/install/arm_control/share/arm_control/cmake/ament_cmake_export_dependencies-extras.cmake
-- Installing: /home/jj/dual_dummy/src/arm_control/install/arm_control/share/arm_control/cmake/ament_cmake_export_include_directories-extras.cmake
-- Installing: /home/jj/dual_dummy/src/arm_control/install/arm_control/share/arm_control/cmake/ament_cmake_export_libraries-extras.cmake
-- Installing: /home/jj/dual_dummy/src/arm_control/install/arm_control/share/arm_control/cmake/ament_cmake_export_targets-extras.cmake
-- Installing: /home/jj/dual_dummy/src/arm_control/install/arm_control/share/arm_control/cmake/rosidl_cmake_export_typesupport_targets-extras.cmake
-- Installing: /home/jj/dual_dummy/src/arm_control/install/arm_control/share/arm_control/cmake/rosidl_cmake_export_typesupport_libraries-extras.cmake
-- Installing: /home/jj/dual_dummy/src/arm_control/install/arm_control/share/arm_control/cmake/arm_controlConfig.cmake
-- Installing: /home/jj/dual_dummy/src/arm_control/install/arm_control/share/arm_control/cmake/arm_controlConfig-version.cmake
-- Installing: /home/jj/dual_dummy/src/arm_control/install/arm_control/share/arm_control/package.xml
