[01m[K/home/jj/dual_dummy/src/arm_control/src/ik_node.cpp:[m[K In constructor ‘[01m[KIKNode::IKNode()[m[K’:
[01m[K/home/jj/dual_dummy/src/arm_control/src/ik_node.cpp:49:69:[m[K [01;31m[Kerror: [m[Kreference to ‘[01m[Kplaceholders[m[K’ is ambiguous
   49 |             "joint_states", 10, bind(&IKNode::joint_callback, this, [01;31m[Kplaceholders[m[K::_1));
      |                                                                     [01;31m[K^~~~~~~~~~~~[m[K
In file included from [01m[K/usr/include/eigen3/Eigen/Core:265[m[K,
                 from [01m[K/usr/include/eigen3/Eigen/Dense:1[m[K,
                 from [01m[K/home/jj/dual_dummy/src/arm_control/src/motionlib.h:4[m[K,
                 from [01m[K/home/jj/dual_dummy/src/arm_control/src/ik_node.cpp:5[m[K:
[01m[K/usr/include/eigen3/Eigen/src/Core/util/IndexedViewHelper.h:174:11:[m[K [01;36m[Knote: [m[Kcandidates are: ‘[01m[Knamespace Eigen::placeholders { }[m[K’
  174 | namespace [01;36m[Kplaceholders[m[K {
      |           [01;36m[K^~~~~~~~~~~~[m[K
In file included from [01m[K/usr/include/c++/11/pstl/glue_algorithm_defs.h:13[m[K,
                 from [01m[K/usr/include/c++/11/algorithm:74[m[K,
                 from [01m[K/opt/ros/humble/include/rclcpp/rclcpp/executor.hpp:18[m[K,
                 from [01m[K/opt/ros/humble/include/rclcpp/rclcpp/executors/multi_threaded_executor.hpp:25[m[K,
                 from [01m[K/opt/ros/humble/include/rclcpp/rclcpp/executors.hpp:21[m[K,
                 from [01m[K/opt/ros/humble/include/rclcpp/rclcpp/rclcpp.hpp:155[m[K,
                 from [01m[K/home/jj/dual_dummy/src/arm_control/src/ik_node.cpp:1[m[K:
[01m[K/usr/include/c++/11/functional:219:13:[m[K [01;36m[Knote: [m[K                ‘[01m[Knamespace std::placeholders { }[m[K’
  219 |   namespace [01;36m[Kplaceholders[m[K
      |             [01;36m[K^~~~~~~~~~~~[m[K
[01m[K/home/jj/dual_dummy/src/arm_control/src/trajectory_node.cpp:[m[K In constructor ‘[01m[KTrajectoryNode::TrajectoryNode()[m[K’:
[01m[K/home/jj/dual_dummy/src/arm_control/src/trajectory_node.cpp:19:71:[m[K [01;31m[Kerror: [m[Kreference to ‘[01m[Kplaceholders[m[K’ is ambiguous
   19 |             "ik_result", 10, bind(&TrajectoryNode::ik_callback, this, [01;31m[Kplaceholders[m[K::_1));
      |                                                                       [01;31m[K^~~~~~~~~~~~[m[K
In file included from [01m[K/usr/include/eigen3/Eigen/Core:265[m[K,
                 from [01m[K/usr/include/eigen3/Eigen/Dense:1[m[K,
                 from [01m[K/home/jj/dual_dummy/src/arm_control/src/motionlib.h:4[m[K,
                 from [01m[K/home/jj/dual_dummy/src/arm_control/src/trajectory_node.cpp:5[m[K:
[01m[K/usr/include/eigen3/Eigen/src/Core/util/IndexedViewHelper.h:174:11:[m[K [01;36m[Knote: [m[Kcandidates are: ‘[01m[Knamespace Eigen::placeholders { }[m[K’
  174 | namespace [01;36m[Kplaceholders[m[K {
      |           [01;36m[K^~~~~~~~~~~~[m[K
In file included from [01m[K/usr/include/c++/11/pstl/glue_algorithm_defs.h:13[m[K,
                 from [01m[K/usr/include/c++/11/algorithm:74[m[K,
                 from [01m[K/opt/ros/humble/include/rclcpp/rclcpp/executor.hpp:18[m[K,
                 from [01m[K/opt/ros/humble/include/rclcpp/rclcpp/executors/multi_threaded_executor.hpp:25[m[K,
                 from [01m[K/opt/ros/humble/include/rclcpp/rclcpp/executors.hpp:21[m[K,
                 from [01m[K/opt/ros/humble/include/rclcpp/rclcpp/rclcpp.hpp:155[m[K,
                 from [01m[K/home/jj/dual_dummy/src/arm_control/src/trajectory_node.cpp:1[m[K:
[01m[K/usr/include/c++/11/functional:219:13:[m[K [01;36m[Knote: [m[K                ‘[01m[Knamespace std::placeholders { }[m[K’
  219 |   namespace [01;36m[Kplaceholders[m[K
      |             [01;36m[K^~~~~~~~~~~~[m[K
[01m[K/home/jj/dual_dummy/src/arm_control/src/trajectory_node.cpp:21:77:[m[K [01;31m[Kerror: [m[Kreference to ‘[01m[Kplaceholders[m[K’ is ambiguous
   21 |             "joint_states", 10, bind(&TrajectoryNode::joint_callback, this, [01;31m[Kplaceholders[m[K::_1));
      |                                                                             [01;31m[K^~~~~~~~~~~~[m[K
In file included from [01m[K/usr/include/eigen3/Eigen/Core:265[m[K,
                 from [01m[K/usr/include/eigen3/Eigen/Dense:1[m[K,
                 from [01m[K/home/jj/dual_dummy/src/arm_control/src/motionlib.h:4[m[K,
                 from [01m[K/home/jj/dual_dummy/src/arm_control/src/trajectory_node.cpp:5[m[K:
[01m[K/usr/include/eigen3/Eigen/src/Core/util/IndexedViewHelper.h:174:11:[m[K [01;36m[Knote: [m[Kcandidates are: ‘[01m[Knamespace Eigen::placeholders { }[m[K’
  174 | namespace [01;36m[Kplaceholders[m[K {
      |           [01;36m[K^~~~~~~~~~~~[m[K
In file included from [01m[K/usr/include/c++/11/pstl/glue_algorithm_defs.h:13[m[K,
                 from [01m[K/usr/include/c++/11/algorithm:74[m[K,
                 from [01m[K/opt/ros/humble/include/rclcpp/rclcpp/executor.hpp:18[m[K,
                 from [01m[K/opt/ros/humble/include/rclcpp/rclcpp/executors/multi_threaded_executor.hpp:25[m[K,
                 from [01m[K/opt/ros/humble/include/rclcpp/rclcpp/executors.hpp:21[m[K,
                 from [01m[K/opt/ros/humble/include/rclcpp/rclcpp/rclcpp.hpp:155[m[K,
                 from [01m[K/home/jj/dual_dummy/src/arm_control/src/trajectory_node.cpp:1[m[K:
[01m[K/usr/include/c++/11/functional:219:13:[m[K [01;36m[Knote: [m[K                ‘[01m[Knamespace std::placeholders { }[m[K’
  219 |   namespace [01;36m[Kplaceholders[m[K
      |             [01;36m[K^~~~~~~~~~~~[m[K
gmake[2]: *** [CMakeFiles/trajectory_node.dir/build.make:76: CMakeFiles/trajectory_node.dir/src/trajectory_node.cpp.o] Error 1
gmake[1]: *** [CMakeFiles/Makefile2:626: CMakeFiles/trajectory_node.dir/all] Error 2
gmake[1]: *** Waiting for unfinished jobs....
gmake[2]: *** [CMakeFiles/ik_node.dir/build.make:76: CMakeFiles/ik_node.dir/src/ik_node.cpp.o] Error 1
gmake[1]: *** [CMakeFiles/Makefile2:599: CMakeFiles/ik_node.dir/all] Error 2
/usr/bin/ld: CMakeFiles/trajectory_viewer.dir/src/trajectory_viewer.cpp.o: in function `TrajectoryViewer::traj_callback(std::shared_ptr<arm_control::msg::TrajectoryPoint_<std::allocator<void> > >)':
trajectory_viewer.cpp:(.text._ZN16TrajectoryViewer13traj_callbackESt10shared_ptrIN11arm_control3msg16TrajectoryPoint_ISaIvEEEE[_ZN16TrajectoryViewer13traj_callbackESt10shared_ptrIN11arm_control3msg16TrajectoryPoint_ISaIvEEEE]+0x124): undefined reference to `forwardKinematics(std::vector<ModifiedDHParameter, std::allocator<ModifiedDHParameter> > const&, Eigen::Matrix<double, -1, 1, 0, -1, 1> const&, int const&)'
collect2: error: ld returned 1 exit status
gmake[2]: *** [CMakeFiles/trajectory_viewer.dir/build.make:184: trajectory_viewer] Error 1
gmake[1]: *** [CMakeFiles/Makefile2:680: CMakeFiles/trajectory_viewer.dir/all] Error 2
gmake: *** [Makefile:146: all] Error 2
