-- Found ament_cmake: 1.3.11 (/opt/ros/humble/share/ament_cmake/cmake)
-- Found rclcpp: 16.0.12 (/opt/ros/humble/share/rclcpp/cmake)
-- Found rosidl_generator_c: 3.1.6 (/opt/ros/humble/share/rosidl_generator_c/cmake)
-- Found rosidl_adapter: 3.1.6 (/opt/ros/humble/share/rosidl_adapter/cmake)
-- Found rosidl_generator_cpp: 3.1.6 (/opt/ros/humble/share/rosidl_generator_cpp/cmake)
-- Using all available rosidl_typesupport_c: rosidl_typesupport_fastrtps_c;rosidl_typesupport_introspection_c
-- Using all available rosidl_typesupport_cpp: rosidl_typesupport_fastrtps_cpp;rosidl_typesupport_introspection_cpp
-- Found rmw_implementation_cmake: 6.1.2 (/opt/ros/humble/share/rmw_implementation_cmake/cmake)
-- Found rmw_fastrtps_cpp: 6.2.7 (/opt/ros/humble/share/rmw_fastrtps_cpp/cmake)
-- Using RMW implementation 'rmw_fastrtps_cpp' as default
-- Found sensor_msgs: 4.9.0 (/opt/ros/humble/share/sensor_msgs/cmake)
-- Found visualization_msgs: 4.9.0 (/opt/ros/humble/share/visualization_msgs/cmake)
-- Found rosidl_default_generators: 1.2.0 (/opt/ros/humble/share/rosidl_default_generators/cmake)
-- Found ament_cmake_ros: 0.10.0 (/opt/ros/humble/share/ament_cmake_ros/cmake)
-- Using all available rosidl_typesupport_c: rosidl_typesupport_fastrtps_c;rosidl_typesupport_introspection_c
-- Using all available rosidl_typesupport_cpp: rosidl_typesupport_fastrtps_cpp;rosidl_typesupport_introspection_cpp
-- Found PythonInterp: /usr/bin/python3 (found suitable version "3.10.12", minimum required is "3.6") 
-- Found python_cmake_module: 0.10.0 (/opt/ros/humble/share/python_cmake_module/cmake)
-- Found PythonLibs: /usr/lib/x86_64-linux-gnu/libpython3.10.so (found suitable version "3.10.12", minimum required is "3.5") 
-- Using PYTHON_EXECUTABLE: /usr/bin/python3
-- Using PYTHON_INCLUDE_DIRS: /usr/include/python3.10
-- Using PYTHON_LIBRARIES: /usr/lib/x86_64-linux-gnu/libpython3.10.so
-- Found PythonExtra: .so  
-- Found ament_lint_auto: 0.12.12 (/opt/ros/humble/share/ament_lint_auto/cmake)
-- Added test 'cppcheck' to perform static code analysis on C / C++ code
-- Configured cppcheck include dirs: $<BUILD_INTERFACE:/home/jj/dual_dummy/src/arm_control/build/arm_control/rosidl_generator_c>;$<BUILD_INTERFACE:/home/jj/dual_dummy/src/arm_control/build/arm_control/rosidl_typesupport_fastrtps_c>;$<BUILD_INTERFACE:/home/jj/dual_dummy/src/arm_control/build/arm_control/rosidl_generator_cpp>;$<BUILD_INTERFACE:/home/jj/dual_dummy/src/arm_control/build/arm_control/rosidl_typesupport_fastrtps_cpp>;$<BUILD_INTERFACE:/home/jj/dual_dummy/src/arm_control/build/arm_control/rosidl_typesupport_introspection_c>;$<BUILD_INTERFACE:/home/jj/dual_dummy/src/arm_control/build/arm_control/rosidl_typesupport_introspection_cpp>;/home/jj/dual_dummy/src/arm_control/build/arm_control/rosidl_generator_c;/home/jj/dual_dummy/src/arm_control/build/arm_control/rosidl_generator_py
-- Configured cppcheck exclude dirs and/or files: 
-- Added test 'flake8' to check Python code syntax and style conventions
-- Added test 'lint_cmake' to check CMake code style
-- Added test 'pep257' to check Python code against some of the docstring style conventions in PEP 257
-- Added test 'uncrustify' to check C / C++ code style
-- Configured uncrustify additional arguments: 
-- Added test 'xmllint' to check XML markup files
-- Configuring done
-- Generating done
-- Build files have been written to: /home/jj/dual_dummy/src/arm_control/build/arm_control
[  1%] [34m[1mGenerating C code for ROS interfaces[0m
[  3%] [34m[1mGenerating C++ code for ROS interfaces[0m
[  3%] Built target ament_cmake_python_copy_arm_control
running egg_info
creating arm_control.egg-info
writing arm_control.egg-info/PKG-INFO
writing dependency_links to arm_control.egg-info/dependency_links.txt
writing top-level names to arm_control.egg-info/top_level.txt
writing manifest file 'arm_control.egg-info/SOURCES.txt'
reading manifest file 'arm_control.egg-info/SOURCES.txt'
writing manifest file 'arm_control.egg-info/SOURCES.txt'
[  3%] Built target ament_cmake_python_build_arm_control_egg
[  3%] Built target arm_control__cpp
[  9%] [34m[1mGenerating C++ introspection for ROS interfaces[0m
[  9%] [34m[1mGenerating C++ type support for eProsima Fast-RTPS[0m
[  9%] [34m[1mGenerating C++ type support dispatch for ROS interfaces[0m
[ 10%] [32mBuilding C object CMakeFiles/arm_control__rosidl_generator_c.dir/rosidl_generator_c/arm_control/msg/detail/ik_result__functions.c.o[0m
[ 12%] [32mBuilding C object CMakeFiles/arm_control__rosidl_generator_c.dir/rosidl_generator_c/arm_control/msg/detail/trajectory_point__functions.c.o[0m
[ 14%] [32mBuilding C object CMakeFiles/arm_control__rosidl_generator_c.dir/rosidl_generator_c/arm_control/msg/detail/control_command__functions.c.o[0m
[ 16%] [32m[1mLinking C shared library libarm_control__rosidl_generator_c.so[0m
[ 16%] Built target arm_control__rosidl_generator_c
[ 18%] [34m[1mGenerating C type support for eProsima Fast-RTPS[0m
[ 20%] [32mBuilding CXX object CMakeFiles/arm_control__rosidl_typesupport_cpp.dir/rosidl_typesupport_cpp/arm_control/msg/ik_result__type_support.cpp.o[0m
[ 21%] [32mBuilding CXX object CMakeFiles/arm_control__rosidl_typesupport_introspection_cpp.dir/rosidl_typesupport_introspection_cpp/arm_control/msg/detail/ik_result__type_support.cpp.o[0m
[ 23%] [32mBuilding CXX object CMakeFiles/arm_control__rosidl_typesupport_fastrtps_cpp.dir/rosidl_typesupport_fastrtps_cpp/arm_control/msg/detail/dds_fastrtps/ik_result__type_support.cpp.o[0m
[ 25%] [32mBuilding CXX object CMakeFiles/arm_control__rosidl_typesupport_cpp.dir/rosidl_typesupport_cpp/arm_control/msg/trajectory_point__type_support.cpp.o[0m
[ 27%] [32mBuilding CXX object CMakeFiles/arm_control__rosidl_typesupport_fastrtps_c.dir/rosidl_typesupport_fastrtps_c/arm_control/msg/detail/ik_result__type_support_c.cpp.o[0m
[ 29%] [32mBuilding CXX object CMakeFiles/arm_control__rosidl_typesupport_introspection_cpp.dir/rosidl_typesupport_introspection_cpp/arm_control/msg/detail/trajectory_point__type_support.cpp.o[0m
[ 30%] [32mBuilding CXX object CMakeFiles/arm_control__rosidl_typesupport_fastrtps_cpp.dir/rosidl_typesupport_fastrtps_cpp/arm_control/msg/detail/dds_fastrtps/trajectory_point__type_support.cpp.o[0m
[ 32%] [32mBuilding CXX object CMakeFiles/arm_control__rosidl_typesupport_cpp.dir/rosidl_typesupport_cpp/arm_control/msg/control_command__type_support.cpp.o[0m
[ 34%] [32mBuilding CXX object CMakeFiles/arm_control__rosidl_typesupport_fastrtps_c.dir/rosidl_typesupport_fastrtps_c/arm_control/msg/detail/trajectory_point__type_support_c.cpp.o[0m
[ 36%] [32mBuilding CXX object CMakeFiles/arm_control__rosidl_typesupport_introspection_cpp.dir/rosidl_typesupport_introspection_cpp/arm_control/msg/detail/control_command__type_support.cpp.o[0m
[ 38%] [32mBuilding CXX object CMakeFiles/arm_control__rosidl_typesupport_fastrtps_cpp.dir/rosidl_typesupport_fastrtps_cpp/arm_control/msg/detail/dds_fastrtps/control_command__type_support.cpp.o[0m
[ 40%] [32m[1mLinking CXX shared library libarm_control__rosidl_typesupport_cpp.so[0m
[ 40%] Built target arm_control__rosidl_typesupport_cpp
[ 41%] [32mBuilding CXX object CMakeFiles/arm_control__rosidl_typesupport_fastrtps_c.dir/rosidl_typesupport_fastrtps_c/arm_control/msg/detail/control_command__type_support_c.cpp.o[0m
[ 43%] [34m[1mGenerating C introspection for ROS interfaces[0m
[ 45%] [32m[1mLinking CXX shared library libarm_control__rosidl_typesupport_introspection_cpp.so[0m
[ 47%] [32m[1mLinking CXX shared library libarm_control__rosidl_typesupport_fastrtps_cpp.so[0m
[ 49%] [32m[1mLinking CXX shared library libarm_control__rosidl_typesupport_fastrtps_c.so[0m
[ 49%] Built target arm_control__rosidl_typesupport_fastrtps_cpp
[ 49%] Built target arm_control__rosidl_typesupport_introspection_cpp
[ 50%] [34m[1mGenerating C type support dispatch for ROS interfaces[0m
[ 52%] [32mBuilding CXX object CMakeFiles/ik_node.dir/src/ik_node.cpp.o[0m
[ 52%] Built target arm_control__rosidl_typesupport_fastrtps_c
[ 54%] [32mBuilding C object CMakeFiles/arm_control__rosidl_typesupport_introspection_c.dir/rosidl_typesupport_introspection_c/arm_control/msg/detail/ik_result__type_support.c.o[0m
[ 56%] [32mBuilding C object CMakeFiles/arm_control__rosidl_typesupport_introspection_c.dir/rosidl_typesupport_introspection_c/arm_control/msg/detail/trajectory_point__type_support.c.o[0m
[ 58%] [32mBuilding C object CMakeFiles/arm_control__rosidl_typesupport_introspection_c.dir/rosidl_typesupport_introspection_c/arm_control/msg/detail/control_command__type_support.c.o[0m
[ 60%] [32mBuilding CXX object CMakeFiles/trajectory_node.dir/src/trajectory_node.cpp.o[0m
[ 61%] [32m[1mLinking C shared library libarm_control__rosidl_typesupport_introspection_c.so[0m
[ 61%] Built target arm_control__rosidl_typesupport_introspection_c
[ 63%] [32mBuilding CXX object CMakeFiles/arm_controller_node.dir/src/controller_node.cpp.o[0m
[ 65%] [32mBuilding CXX object CMakeFiles/arm_control__rosidl_typesupport_c.dir/rosidl_typesupport_c/arm_control/msg/ik_result__type_support.cpp.o[0m
[ 67%] [32mBuilding CXX object CMakeFiles/arm_control__rosidl_typesupport_c.dir/rosidl_typesupport_c/arm_control/msg/trajectory_point__type_support.cpp.o[0m
[ 69%] [32mBuilding CXX object CMakeFiles/arm_control__rosidl_typesupport_c.dir/rosidl_typesupport_c/arm_control/msg/control_command__type_support.cpp.o[0m
[ 70%] [32m[1mLinking CXX shared library libarm_control__rosidl_typesupport_c.so[0m
[ 70%] Built target arm_control__rosidl_typesupport_c
[ 72%] [32mBuilding CXX object CMakeFiles/trajectory_viewer.dir/src/trajectory_viewer.cpp.o[0m
[01m[K/home/jj/dual_dummy/src/arm_control/src/ik_node.cpp:[m[K In constructor ‘[01m[KIKNode::IKNode()[m[K’:
[01m[K/home/jj/dual_dummy/src/arm_control/src/ik_node.cpp:49:69:[m[K [01;31m[Kerror: [m[Kreference to ‘[01m[Kplaceholders[m[K’ is ambiguous
   49 |             "joint_states", 10, bind(&IKNode::joint_callback, this, [01;31m[Kplaceholders[m[K::_1));
      |                                                                     [01;31m[K^~~~~~~~~~~~[m[K
In file included from [01m[K/usr/include/eigen3/Eigen/Core:265[m[K,
                 from [01m[K/usr/include/eigen3/Eigen/Dense:1[m[K,
                 from [01m[K/home/jj/dual_dummy/src/arm_control/src/motionlib.h:4[m[K,
                 from [01m[K/home/jj/dual_dummy/src/arm_control/src/ik_node.cpp:5[m[K:
[01m[K/usr/include/eigen3/Eigen/src/Core/util/IndexedViewHelper.h:174:11:[m[K [01;36m[Knote: [m[Kcandidates are: ‘[01m[Knamespace Eigen::placeholders { }[m[K’
  174 | namespace [01;36m[Kplaceholders[m[K {
      |           [01;36m[K^~~~~~~~~~~~[m[K
In file included from [01m[K/usr/include/c++/11/pstl/glue_algorithm_defs.h:13[m[K,
                 from [01m[K/usr/include/c++/11/algorithm:74[m[K,
                 from [01m[K/opt/ros/humble/include/rclcpp/rclcpp/executor.hpp:18[m[K,
                 from [01m[K/opt/ros/humble/include/rclcpp/rclcpp/executors/multi_threaded_executor.hpp:25[m[K,
                 from [01m[K/opt/ros/humble/include/rclcpp/rclcpp/executors.hpp:21[m[K,
                 from [01m[K/opt/ros/humble/include/rclcpp/rclcpp/rclcpp.hpp:155[m[K,
                 from [01m[K/home/jj/dual_dummy/src/arm_control/src/ik_node.cpp:1[m[K:
[01m[K/usr/include/c++/11/functional:219:13:[m[K [01;36m[Knote: [m[K                ‘[01m[Knamespace std::placeholders { }[m[K’
  219 |   namespace [01;36m[Kplaceholders[m[K
      |             [01;36m[K^~~~~~~~~~~~[m[K
[01m[K/home/jj/dual_dummy/src/arm_control/src/trajectory_node.cpp:[m[K In constructor ‘[01m[KTrajectoryNode::TrajectoryNode()[m[K’:
[01m[K/home/jj/dual_dummy/src/arm_control/src/trajectory_node.cpp:19:71:[m[K [01;31m[Kerror: [m[Kreference to ‘[01m[Kplaceholders[m[K’ is ambiguous
   19 |             "ik_result", 10, bind(&TrajectoryNode::ik_callback, this, [01;31m[Kplaceholders[m[K::_1));
      |                                                                       [01;31m[K^~~~~~~~~~~~[m[K
In file included from [01m[K/usr/include/eigen3/Eigen/Core:265[m[K,
                 from [01m[K/usr/include/eigen3/Eigen/Dense:1[m[K,
                 from [01m[K/home/jj/dual_dummy/src/arm_control/src/motionlib.h:4[m[K,
                 from [01m[K/home/jj/dual_dummy/src/arm_control/src/trajectory_node.cpp:5[m[K:
[01m[K/usr/include/eigen3/Eigen/src/Core/util/IndexedViewHelper.h:174:11:[m[K [01;36m[Knote: [m[Kcandidates are: ‘[01m[Knamespace Eigen::placeholders { }[m[K’
  174 | namespace [01;36m[Kplaceholders[m[K {
      |           [01;36m[K^~~~~~~~~~~~[m[K
In file included from [01m[K/usr/include/c++/11/pstl/glue_algorithm_defs.h:13[m[K,
                 from [01m[K/usr/include/c++/11/algorithm:74[m[K,
                 from [01m[K/opt/ros/humble/include/rclcpp/rclcpp/executor.hpp:18[m[K,
                 from [01m[K/opt/ros/humble/include/rclcpp/rclcpp/executors/multi_threaded_executor.hpp:25[m[K,
                 from [01m[K/opt/ros/humble/include/rclcpp/rclcpp/executors.hpp:21[m[K,
                 from [01m[K/opt/ros/humble/include/rclcpp/rclcpp/rclcpp.hpp:155[m[K,
                 from [01m[K/home/jj/dual_dummy/src/arm_control/src/trajectory_node.cpp:1[m[K:
[01m[K/usr/include/c++/11/functional:219:13:[m[K [01;36m[Knote: [m[K                ‘[01m[Knamespace std::placeholders { }[m[K’
  219 |   namespace [01;36m[Kplaceholders[m[K
      |             [01;36m[K^~~~~~~~~~~~[m[K
[01m[K/home/jj/dual_dummy/src/arm_control/src/trajectory_node.cpp:21:77:[m[K [01;31m[Kerror: [m[Kreference to ‘[01m[Kplaceholders[m[K’ is ambiguous
   21 |             "joint_states", 10, bind(&TrajectoryNode::joint_callback, this, [01;31m[Kplaceholders[m[K::_1));
      |                                                                             [01;31m[K^~~~~~~~~~~~[m[K
In file included from [01m[K/usr/include/eigen3/Eigen/Core:265[m[K,
                 from [01m[K/usr/include/eigen3/Eigen/Dense:1[m[K,
                 from [01m[K/home/jj/dual_dummy/src/arm_control/src/motionlib.h:4[m[K,
                 from [01m[K/home/jj/dual_dummy/src/arm_control/src/trajectory_node.cpp:5[m[K:
[01m[K/usr/include/eigen3/Eigen/src/Core/util/IndexedViewHelper.h:174:11:[m[K [01;36m[Knote: [m[Kcandidates are: ‘[01m[Knamespace Eigen::placeholders { }[m[K’
  174 | namespace [01;36m[Kplaceholders[m[K {
      |           [01;36m[K^~~~~~~~~~~~[m[K
In file included from [01m[K/usr/include/c++/11/pstl/glue_algorithm_defs.h:13[m[K,
                 from [01m[K/usr/include/c++/11/algorithm:74[m[K,
                 from [01m[K/opt/ros/humble/include/rclcpp/rclcpp/executor.hpp:18[m[K,
                 from [01m[K/opt/ros/humble/include/rclcpp/rclcpp/executors/multi_threaded_executor.hpp:25[m[K,
                 from [01m[K/opt/ros/humble/include/rclcpp/rclcpp/executors.hpp:21[m[K,
                 from [01m[K/opt/ros/humble/include/rclcpp/rclcpp/rclcpp.hpp:155[m[K,
                 from [01m[K/home/jj/dual_dummy/src/arm_control/src/trajectory_node.cpp:1[m[K:
[01m[K/usr/include/c++/11/functional:219:13:[m[K [01;36m[Knote: [m[K                ‘[01m[Knamespace std::placeholders { }[m[K’
  219 |   namespace [01;36m[Kplaceholders[m[K
      |             [01;36m[K^~~~~~~~~~~~[m[K
gmake[2]: *** [CMakeFiles/trajectory_node.dir/build.make:76: CMakeFiles/trajectory_node.dir/src/trajectory_node.cpp.o] Error 1
gmake[1]: *** [CMakeFiles/Makefile2:626: CMakeFiles/trajectory_node.dir/all] Error 2
gmake[1]: *** Waiting for unfinished jobs....
gmake[2]: *** [CMakeFiles/ik_node.dir/build.make:76: CMakeFiles/ik_node.dir/src/ik_node.cpp.o] Error 1
gmake[1]: *** [CMakeFiles/Makefile2:599: CMakeFiles/ik_node.dir/all] Error 2
[ 74%] [32m[1mLinking CXX executable trajectory_viewer[0m
/usr/bin/ld: CMakeFiles/trajectory_viewer.dir/src/trajectory_viewer.cpp.o: in function `TrajectoryViewer::traj_callback(std::shared_ptr<arm_control::msg::TrajectoryPoint_<std::allocator<void> > >)':
trajectory_viewer.cpp:(.text._ZN16TrajectoryViewer13traj_callbackESt10shared_ptrIN11arm_control3msg16TrajectoryPoint_ISaIvEEEE[_ZN16TrajectoryViewer13traj_callbackESt10shared_ptrIN11arm_control3msg16TrajectoryPoint_ISaIvEEEE]+0x124): undefined reference to `forwardKinematics(std::vector<ModifiedDHParameter, std::allocator<ModifiedDHParameter> > const&, Eigen::Matrix<double, -1, 1, 0, -1, 1> const&, int const&)'
collect2: error: ld returned 1 exit status
gmake[2]: *** [CMakeFiles/trajectory_viewer.dir/build.make:184: trajectory_viewer] Error 1
gmake[1]: *** [CMakeFiles/Makefile2:680: CMakeFiles/trajectory_viewer.dir/all] Error 2
[ 76%] [32m[1mLinking CXX executable arm_controller_node[0m
[ 76%] Built target arm_controller_node
gmake: *** [Makefile:146: all] Error 2
