[0.017s] Invoking command in '/home/jj/dual_dummy/src/arm_control/build/arm_control': CMAKE_PREFIX_PATH=/opt/ros/humble /usr/bin/cmake /home/jj/dual_dummy/src/arm_control -DCMAKE_INSTALL_PREFIX=/home/jj/dual_dummy/src/arm_control/install/arm_control
[0.032s] -- Found ament_cmake: 1.3.11 (/opt/ros/humble/share/ament_cmake/cmake)
[0.172s] -- Found rclcpp: 16.0.12 (/opt/ros/humble/share/rclcpp/cmake)
[0.206s] -- Found rosidl_generator_c: 3.1.6 (/opt/ros/humble/share/rosidl_generator_c/cmake)
[0.208s] -- Found rosidl_adapter: 3.1.6 (/opt/ros/humble/share/rosidl_adapter/cmake)
[0.216s] -- Found rosidl_generator_cpp: 3.1.6 (/opt/ros/humble/share/rosidl_generator_cpp/cmake)
[0.228s] -- Using all available rosidl_typesupport_c: rosidl_typesupport_fastrtps_c;rosidl_typesupport_introspection_c
[0.244s] -- Using all available rosidl_typesupport_cpp: rosidl_typesupport_fastrtps_cpp;rosidl_typesupport_introspection_cpp
[0.288s] -- Found rmw_implementation_cmake: 6.1.2 (/opt/ros/humble/share/rmw_implementation_cmake/cmake)
[0.289s] -- Found rmw_fastrtps_cpp: 6.2.7 (/opt/ros/humble/share/rmw_fastrtps_cpp/cmake)
[0.413s] -- Using RMW implementation 'rmw_fastrtps_cpp' as default
[0.485s] -- Found sensor_msgs: 4.9.0 (/opt/ros/humble/share/sensor_msgs/cmake)
[0.528s] -- Found visualization_msgs: 4.9.0 (/opt/ros/humble/share/visualization_msgs/cmake)
[0.560s] -- Found rosidl_default_generators: 1.2.0 (/opt/ros/humble/share/rosidl_default_generators/cmake)
[0.958s] -- Found ament_cmake_ros: 0.10.0 (/opt/ros/humble/share/ament_cmake_ros/cmake)
[1.588s] -- Using all available rosidl_typesupport_c: rosidl_typesupport_fastrtps_c;rosidl_typesupport_introspection_c
[1.828s] -- Using all available rosidl_typesupport_cpp: rosidl_typesupport_fastrtps_cpp;rosidl_typesupport_introspection_cpp
[1.859s] -- Found PythonInterp: /usr/bin/python3 (found suitable version "3.10.12", minimum required is "3.6") 
[1.863s] -- Found python_cmake_module: 0.10.0 (/opt/ros/humble/share/python_cmake_module/cmake)
[1.897s] -- Found PythonLibs: /usr/lib/x86_64-linux-gnu/libpython3.10.so (found suitable version "3.10.12", minimum required is "3.5") 
[1.897s] -- Using PYTHON_EXECUTABLE: /usr/bin/python3
[1.897s] -- Using PYTHON_INCLUDE_DIRS: /usr/include/python3.10
[1.897s] -- Using PYTHON_LIBRARIES: /usr/lib/x86_64-linux-gnu/libpython3.10.so
[1.923s] -- Found PythonExtra: .so  
[2.030s] -- Found ament_lint_auto: 0.12.12 (/opt/ros/humble/share/ament_lint_auto/cmake)
[2.093s] -- Added test 'cppcheck' to perform static code analysis on C / C++ code
[2.094s] -- Configured cppcheck include dirs: $<BUILD_INTERFACE:/home/jj/dual_dummy/src/arm_control/build/arm_control/rosidl_generator_c>;$<BUILD_INTERFACE:/home/jj/dual_dummy/src/arm_control/build/arm_control/rosidl_typesupport_fastrtps_c>;$<BUILD_INTERFACE:/home/jj/dual_dummy/src/arm_control/build/arm_control/rosidl_generator_cpp>;$<BUILD_INTERFACE:/home/jj/dual_dummy/src/arm_control/build/arm_control/rosidl_typesupport_fastrtps_cpp>;$<BUILD_INTERFACE:/home/jj/dual_dummy/src/arm_control/build/arm_control/rosidl_typesupport_introspection_c>;$<BUILD_INTERFACE:/home/jj/dual_dummy/src/arm_control/build/arm_control/rosidl_typesupport_introspection_cpp>;/home/jj/dual_dummy/src/arm_control/build/arm_control/rosidl_generator_c;/home/jj/dual_dummy/src/arm_control/build/arm_control/rosidl_generator_py
[2.094s] -- Configured cppcheck exclude dirs and/or files: 
[2.097s] -- Added test 'flake8' to check Python code syntax and style conventions
[2.101s] -- Added test 'lint_cmake' to check CMake code style
[2.104s] -- Added test 'pep257' to check Python code against some of the docstring style conventions in PEP 257
[2.118s] -- Added test 'uncrustify' to check C / C++ code style
[2.118s] -- Configured uncrustify additional arguments: 
[2.121s] -- Added test 'xmllint' to check XML markup files
[2.126s] -- Configuring done
[2.209s] -- Generating done
[2.232s] -- Build files have been written to: /home/jj/dual_dummy/src/arm_control/build/arm_control
[2.248s] Invoked command in '/home/jj/dual_dummy/src/arm_control/build/arm_control' returned '0': CMAKE_PREFIX_PATH=/opt/ros/humble /usr/bin/cmake /home/jj/dual_dummy/src/arm_control -DCMAKE_INSTALL_PREFIX=/home/jj/dual_dummy/src/arm_control/install/arm_control
[2.250s] Invoking command in '/home/jj/dual_dummy/src/arm_control/build/arm_control': CMAKE_PREFIX_PATH=/opt/ros/humble /usr/bin/cmake --build /home/jj/dual_dummy/src/arm_control/build/arm_control -- -j4 -l4
[2.304s] [  1%] [34m[1mGenerating C code for ROS interfaces[0m
[2.316s] [  3%] [34m[1mGenerating C++ code for ROS interfaces[0m
[2.328s] [  3%] Built target ament_cmake_python_copy_arm_control
[2.632s] running egg_info
[2.632s] creating arm_control.egg-info
[2.634s] writing arm_control.egg-info/PKG-INFO
[2.635s] writing dependency_links to arm_control.egg-info/dependency_links.txt
[2.637s] writing top-level names to arm_control.egg-info/top_level.txt
[2.637s] writing manifest file 'arm_control.egg-info/SOURCES.txt'
[2.640s] reading manifest file 'arm_control.egg-info/SOURCES.txt'
[2.641s] writing manifest file 'arm_control.egg-info/SOURCES.txt'
[2.688s] [  3%] Built target ament_cmake_python_build_arm_control_egg
[2.921s] [  3%] Built target arm_control__cpp
[2.935s] [  9%] [34m[1mGenerating C++ introspection for ROS interfaces[0m
[2.935s] [  9%] [34m[1mGenerating C++ type support for eProsima Fast-RTPS[0m
[2.935s] [  9%] [34m[1mGenerating C++ type support dispatch for ROS interfaces[0m
[3.095s] [ 10%] [32mBuilding C object CMakeFiles/arm_control__rosidl_generator_c.dir/rosidl_generator_c/arm_control/msg/detail/ik_result__functions.c.o[0m
[3.163s] [ 12%] [32mBuilding C object CMakeFiles/arm_control__rosidl_generator_c.dir/rosidl_generator_c/arm_control/msg/detail/trajectory_point__functions.c.o[0m
[3.222s] [ 14%] [32mBuilding C object CMakeFiles/arm_control__rosidl_generator_c.dir/rosidl_generator_c/arm_control/msg/detail/control_command__functions.c.o[0m
[3.281s] [ 16%] [32m[1mLinking C shared library libarm_control__rosidl_generator_c.so[0m
[3.343s] [ 16%] Built target arm_control__rosidl_generator_c
[3.359s] [ 18%] [34m[1mGenerating C type support for eProsima Fast-RTPS[0m
[3.419s] [ 20%] [32mBuilding CXX object CMakeFiles/arm_control__rosidl_typesupport_cpp.dir/rosidl_typesupport_cpp/arm_control/msg/ik_result__type_support.cpp.o[0m
[3.449s] [ 21%] [32mBuilding CXX object CMakeFiles/arm_control__rosidl_typesupport_introspection_cpp.dir/rosidl_typesupport_introspection_cpp/arm_control/msg/detail/ik_result__type_support.cpp.o[0m
[3.498s] [ 23%] [32mBuilding CXX object CMakeFiles/arm_control__rosidl_typesupport_fastrtps_cpp.dir/rosidl_typesupport_fastrtps_cpp/arm_control/msg/detail/dds_fastrtps/ik_result__type_support.cpp.o[0m
[3.789s] [ 25%] [32mBuilding CXX object CMakeFiles/arm_control__rosidl_typesupport_cpp.dir/rosidl_typesupport_cpp/arm_control/msg/trajectory_point__type_support.cpp.o[0m
[4.039s] [ 27%] [32mBuilding CXX object CMakeFiles/arm_control__rosidl_typesupport_fastrtps_c.dir/rosidl_typesupport_fastrtps_c/arm_control/msg/detail/ik_result__type_support_c.cpp.o[0m
[4.080s] [ 29%] [32mBuilding CXX object CMakeFiles/arm_control__rosidl_typesupport_introspection_cpp.dir/rosidl_typesupport_introspection_cpp/arm_control/msg/detail/trajectory_point__type_support.cpp.o[0m
[4.113s] [ 30%] [32mBuilding CXX object CMakeFiles/arm_control__rosidl_typesupport_fastrtps_cpp.dir/rosidl_typesupport_fastrtps_cpp/arm_control/msg/detail/dds_fastrtps/trajectory_point__type_support.cpp.o[0m
[4.406s] [ 32%] [32mBuilding CXX object CMakeFiles/arm_control__rosidl_typesupport_cpp.dir/rosidl_typesupport_cpp/arm_control/msg/control_command__type_support.cpp.o[0m
[4.602s] [ 34%] [32mBuilding CXX object CMakeFiles/arm_control__rosidl_typesupport_fastrtps_c.dir/rosidl_typesupport_fastrtps_c/arm_control/msg/detail/trajectory_point__type_support_c.cpp.o[0m
[4.647s] [ 36%] [32mBuilding CXX object CMakeFiles/arm_control__rosidl_typesupport_introspection_cpp.dir/rosidl_typesupport_introspection_cpp/arm_control/msg/detail/control_command__type_support.cpp.o[0m
[4.763s] [ 38%] [32mBuilding CXX object CMakeFiles/arm_control__rosidl_typesupport_fastrtps_cpp.dir/rosidl_typesupport_fastrtps_cpp/arm_control/msg/detail/dds_fastrtps/control_command__type_support.cpp.o[0m
[4.875s] [ 40%] [32m[1mLinking CXX shared library libarm_control__rosidl_typesupport_cpp.so[0m
[4.999s] [ 40%] Built target arm_control__rosidl_typesupport_cpp
[5.025s] [ 41%] [32mBuilding CXX object CMakeFiles/arm_control__rosidl_typesupport_fastrtps_c.dir/rosidl_typesupport_fastrtps_c/arm_control/msg/detail/control_command__type_support_c.cpp.o[0m
[5.032s] [ 43%] [34m[1mGenerating C introspection for ROS interfaces[0m
[5.247s] [ 45%] [32m[1mLinking CXX shared library libarm_control__rosidl_typesupport_introspection_cpp.so[0m
[5.364s] [ 47%] [32m[1mLinking CXX shared library libarm_control__rosidl_typesupport_fastrtps_cpp.so[0m
[5.425s] [ 49%] [32m[1mLinking CXX shared library libarm_control__rosidl_typesupport_fastrtps_c.so[0m
[5.496s] [ 49%] Built target arm_control__rosidl_typesupport_fastrtps_cpp
[5.498s] [ 49%] Built target arm_control__rosidl_typesupport_introspection_cpp
[5.511s] [ 50%] [34m[1mGenerating C type support dispatch for ROS interfaces[0m
[5.530s] [ 52%] [32mBuilding CXX object CMakeFiles/ik_node.dir/src/ik_node.cpp.o[0m
[5.609s] [ 52%] Built target arm_control__rosidl_typesupport_fastrtps_c
[5.615s] [ 54%] [32mBuilding C object CMakeFiles/arm_control__rosidl_typesupport_introspection_c.dir/rosidl_typesupport_introspection_c/arm_control/msg/detail/ik_result__type_support.c.o[0m
[5.620s] [ 56%] [32mBuilding C object CMakeFiles/arm_control__rosidl_typesupport_introspection_c.dir/rosidl_typesupport_introspection_c/arm_control/msg/detail/trajectory_point__type_support.c.o[0m
[5.683s] [ 58%] [32mBuilding C object CMakeFiles/arm_control__rosidl_typesupport_introspection_c.dir/rosidl_typesupport_introspection_c/arm_control/msg/detail/control_command__type_support.c.o[0m
[5.689s] [ 60%] [32mBuilding CXX object CMakeFiles/trajectory_node.dir/src/trajectory_node.cpp.o[0m
[5.730s] [ 61%] [32m[1mLinking C shared library libarm_control__rosidl_typesupport_introspection_c.so[0m
[5.781s] [ 61%] Built target arm_control__rosidl_typesupport_introspection_c
[5.811s] [ 63%] [32mBuilding CXX object CMakeFiles/arm_controller_node.dir/src/controller_node.cpp.o[0m
[5.939s] [ 65%] [32mBuilding CXX object CMakeFiles/arm_control__rosidl_typesupport_c.dir/rosidl_typesupport_c/arm_control/msg/ik_result__type_support.cpp.o[0m
[6.001s] [ 67%] [32mBuilding CXX object CMakeFiles/arm_control__rosidl_typesupport_c.dir/rosidl_typesupport_c/arm_control/msg/trajectory_point__type_support.cpp.o[0m
[6.040s] [ 69%] [32mBuilding CXX object CMakeFiles/arm_control__rosidl_typesupport_c.dir/rosidl_typesupport_c/arm_control/msg/control_command__type_support.cpp.o[0m
[6.083s] [ 70%] [32m[1mLinking CXX shared library libarm_control__rosidl_typesupport_c.so[0m
[6.144s] [ 70%] Built target arm_control__rosidl_typesupport_c
[6.173s] [ 72%] [32mBuilding CXX object CMakeFiles/trajectory_viewer.dir/src/trajectory_viewer.cpp.o[0m
[10.096s] [01m[K/home/jj/dual_dummy/src/arm_control/src/ik_node.cpp:[m[K In constructor ‘[01m[KIKNode::IKNode()[m[K’:
[10.096s] [01m[K/home/jj/dual_dummy/src/arm_control/src/ik_node.cpp:49:69:[m[K [01;31m[Kerror: [m[Kreference to ‘[01m[Kplaceholders[m[K’ is ambiguous
[10.096s]    49 |             "joint_states", 10, bind(&IKNode::joint_callback, this, [01;31m[Kplaceholders[m[K::_1));
[10.096s]       |                                                                     [01;31m[K^~~~~~~~~~~~[m[K
[10.096s] In file included from [01m[K/usr/include/eigen3/Eigen/Core:265[m[K,
[10.097s]                  from [01m[K/usr/include/eigen3/Eigen/Dense:1[m[K,
[10.097s]                  from [01m[K/home/jj/dual_dummy/src/arm_control/src/motionlib.h:4[m[K,
[10.097s]                  from [01m[K/home/jj/dual_dummy/src/arm_control/src/ik_node.cpp:5[m[K:
[10.097s] [01m[K/usr/include/eigen3/Eigen/src/Core/util/IndexedViewHelper.h:174:11:[m[K [01;36m[Knote: [m[Kcandidates are: ‘[01m[Knamespace Eigen::placeholders { }[m[K’
[10.097s]   174 | namespace [01;36m[Kplaceholders[m[K {
[10.097s]       |           [01;36m[K^~~~~~~~~~~~[m[K
[10.097s] In file included from [01m[K/usr/include/c++/11/pstl/glue_algorithm_defs.h:13[m[K,
[10.097s]                  from [01m[K/usr/include/c++/11/algorithm:74[m[K,
[10.097s]                  from [01m[K/opt/ros/humble/include/rclcpp/rclcpp/executor.hpp:18[m[K,
[10.097s]                  from [01m[K/opt/ros/humble/include/rclcpp/rclcpp/executors/multi_threaded_executor.hpp:25[m[K,
[10.097s]                  from [01m[K/opt/ros/humble/include/rclcpp/rclcpp/executors.hpp:21[m[K,
[10.097s]                  from [01m[K/opt/ros/humble/include/rclcpp/rclcpp/rclcpp.hpp:155[m[K,
[10.097s]                  from [01m[K/home/jj/dual_dummy/src/arm_control/src/ik_node.cpp:1[m[K:
[10.098s] [01m[K/usr/include/c++/11/functional:219:13:[m[K [01;36m[Knote: [m[K                ‘[01m[Knamespace std::placeholders { }[m[K’
[10.098s]   219 |   namespace [01;36m[Kplaceholders[m[K
[10.098s]       |             [01;36m[K^~~~~~~~~~~~[m[K
[10.155s] [01m[K/home/jj/dual_dummy/src/arm_control/src/trajectory_node.cpp:[m[K In constructor ‘[01m[KTrajectoryNode::TrajectoryNode()[m[K’:
[10.155s] [01m[K/home/jj/dual_dummy/src/arm_control/src/trajectory_node.cpp:19:71:[m[K [01;31m[Kerror: [m[Kreference to ‘[01m[Kplaceholders[m[K’ is ambiguous
[10.155s]    19 |             "ik_result", 10, bind(&TrajectoryNode::ik_callback, this, [01;31m[Kplaceholders[m[K::_1));
[10.155s]       |                                                                       [01;31m[K^~~~~~~~~~~~[m[K
[10.155s] In file included from [01m[K/usr/include/eigen3/Eigen/Core:265[m[K,
[10.155s]                  from [01m[K/usr/include/eigen3/Eigen/Dense:1[m[K,
[10.155s]                  from [01m[K/home/jj/dual_dummy/src/arm_control/src/motionlib.h:4[m[K,
[10.155s]                  from [01m[K/home/jj/dual_dummy/src/arm_control/src/trajectory_node.cpp:5[m[K:
[10.155s] [01m[K/usr/include/eigen3/Eigen/src/Core/util/IndexedViewHelper.h:174:11:[m[K [01;36m[Knote: [m[Kcandidates are: ‘[01m[Knamespace Eigen::placeholders { }[m[K’
[10.155s]   174 | namespace [01;36m[Kplaceholders[m[K {
[10.155s]       |           [01;36m[K^~~~~~~~~~~~[m[K
[10.155s] In file included from [01m[K/usr/include/c++/11/pstl/glue_algorithm_defs.h:13[m[K,
[10.155s]                  from [01m[K/usr/include/c++/11/algorithm:74[m[K,
[10.156s]                  from [01m[K/opt/ros/humble/include/rclcpp/rclcpp/executor.hpp:18[m[K,
[10.156s]                  from [01m[K/opt/ros/humble/include/rclcpp/rclcpp/executors/multi_threaded_executor.hpp:25[m[K,
[10.156s]                  from [01m[K/opt/ros/humble/include/rclcpp/rclcpp/executors.hpp:21[m[K,
[10.156s]                  from [01m[K/opt/ros/humble/include/rclcpp/rclcpp/rclcpp.hpp:155[m[K,
[10.156s]                  from [01m[K/home/jj/dual_dummy/src/arm_control/src/trajectory_node.cpp:1[m[K:
[10.156s] [01m[K/usr/include/c++/11/functional:219:13:[m[K [01;36m[Knote: [m[K                ‘[01m[Knamespace std::placeholders { }[m[K’
[10.156s]   219 |   namespace [01;36m[Kplaceholders[m[K
[10.156s]       |             [01;36m[K^~~~~~~~~~~~[m[K
[10.160s] [01m[K/home/jj/dual_dummy/src/arm_control/src/trajectory_node.cpp:21:77:[m[K [01;31m[Kerror: [m[Kreference to ‘[01m[Kplaceholders[m[K’ is ambiguous
[10.160s]    21 |             "joint_states", 10, bind(&TrajectoryNode::joint_callback, this, [01;31m[Kplaceholders[m[K::_1));
[10.160s]       |                                                                             [01;31m[K^~~~~~~~~~~~[m[K
[10.161s] In file included from [01m[K/usr/include/eigen3/Eigen/Core:265[m[K,
[10.161s]                  from [01m[K/usr/include/eigen3/Eigen/Dense:1[m[K,
[10.161s]                  from [01m[K/home/jj/dual_dummy/src/arm_control/src/motionlib.h:4[m[K,
[10.161s]                  from [01m[K/home/jj/dual_dummy/src/arm_control/src/trajectory_node.cpp:5[m[K:
[10.161s] [01m[K/usr/include/eigen3/Eigen/src/Core/util/IndexedViewHelper.h:174:11:[m[K [01;36m[Knote: [m[Kcandidates are: ‘[01m[Knamespace Eigen::placeholders { }[m[K’
[10.161s]   174 | namespace [01;36m[Kplaceholders[m[K {
[10.161s]       |           [01;36m[K^~~~~~~~~~~~[m[K
[10.163s] In file included from [01m[K/usr/include/c++/11/pstl/glue_algorithm_defs.h:13[m[K,
[10.163s]                  from [01m[K/usr/include/c++/11/algorithm:74[m[K,
[10.164s]                  from [01m[K/opt/ros/humble/include/rclcpp/rclcpp/executor.hpp:18[m[K,
[10.164s]                  from [01m[K/opt/ros/humble/include/rclcpp/rclcpp/executors/multi_threaded_executor.hpp:25[m[K,
[10.164s]                  from [01m[K/opt/ros/humble/include/rclcpp/rclcpp/executors.hpp:21[m[K,
[10.164s]                  from [01m[K/opt/ros/humble/include/rclcpp/rclcpp/rclcpp.hpp:155[m[K,
[10.164s]                  from [01m[K/home/jj/dual_dummy/src/arm_control/src/trajectory_node.cpp:1[m[K:
[10.164s] [01m[K/usr/include/c++/11/functional:219:13:[m[K [01;36m[Knote: [m[K                ‘[01m[Knamespace std::placeholders { }[m[K’
[10.164s]   219 |   namespace [01;36m[Kplaceholders[m[K
[10.164s]       |             [01;36m[K^~~~~~~~~~~~[m[K
[11.520s] gmake[2]: *** [CMakeFiles/trajectory_node.dir/build.make:76: CMakeFiles/trajectory_node.dir/src/trajectory_node.cpp.o] Error 1
[11.521s] gmake[1]: *** [CMakeFiles/Makefile2:626: CMakeFiles/trajectory_node.dir/all] Error 2
[11.522s] gmake[1]: *** Waiting for unfinished jobs....
[12.492s] gmake[2]: *** [CMakeFiles/ik_node.dir/build.make:76: CMakeFiles/ik_node.dir/src/ik_node.cpp.o] Error 1
[12.492s] gmake[1]: *** [CMakeFiles/Makefile2:599: CMakeFiles/ik_node.dir/all] Error 2
[18.928s] [ 74%] [32m[1mLinking CXX executable trajectory_viewer[0m
[19.757s] /usr/bin/ld: CMakeFiles/trajectory_viewer.dir/src/trajectory_viewer.cpp.o: in function `TrajectoryViewer::traj_callback(std::shared_ptr<arm_control::msg::TrajectoryPoint_<std::allocator<void> > >)':
[19.757s] trajectory_viewer.cpp:(.text._ZN16TrajectoryViewer13traj_callbackESt10shared_ptrIN11arm_control3msg16TrajectoryPoint_ISaIvEEEE[_ZN16TrajectoryViewer13traj_callbackESt10shared_ptrIN11arm_control3msg16TrajectoryPoint_ISaIvEEEE]+0x124): undefined reference to `forwardKinematics(std::vector<ModifiedDHParameter, std::allocator<ModifiedDHParameter> > const&, Eigen::Matrix<double, -1, 1, 0, -1, 1> const&, int const&)'
[19.833s] collect2: error: ld returned 1 exit status
[19.837s] gmake[2]: *** [CMakeFiles/trajectory_viewer.dir/build.make:184: trajectory_viewer] Error 1
[19.837s] gmake[1]: *** [CMakeFiles/Makefile2:680: CMakeFiles/trajectory_viewer.dir/all] Error 2
[21.100s] [ 76%] [32m[1mLinking CXX executable arm_controller_node[0m
[21.955s] [ 76%] Built target arm_controller_node
[21.958s] gmake: *** [Makefile:146: all] Error 2
[21.965s] Invoked command in '/home/jj/dual_dummy/src/arm_control/build/arm_control' returned '2': CMAKE_PREFIX_PATH=/opt/ros/humble /usr/bin/cmake --build /home/jj/dual_dummy/src/arm_control/build/arm_control -- -j4 -l4
