[35m[1mConsolidate compiler generated dependencies of target rboot_interface__rosidl_generator_c[0m
[  1%] Built target rboot_interface__cpp
[35m[1mConsolidate compiler generated dependencies of target rboot_interface__rosidl_typesupport_cpp[0m
[ 12%] Built target rboot_interface__rosidl_generator_c
[35m[1mConsolidate compiler generated dependencies of target rboot_interface__rosidl_typesupport_fastrtps_cpp[0m
[ 12%] Built target ament_cmake_python_copy_rboot_interface
[ 23%] Built target rboot_interface__rosidl_typesupport_cpp
[35m[1mConsolidate compiler generated dependencies of target rboot_interface__rosidl_typesupport_introspection_cpp[0m
[ 34%] Built target rboot_interface__rosidl_typesupport_fastrtps_cpp
[35m[1mConsolidate compiler generated dependencies of target rboot_interface__rosidl_typesupport_fastrtps_c[0m
[ 46%] Built target rboot_interface__rosidl_typesupport_introspection_cpp
[35m[1mConsolidate compiler generated dependencies of target rboot_interface__rosidl_typesupport_introspection_c[0m
[35m[1mConsolidate compiler generated dependencies of target rboot_interface__rosidl_typesupport_c[0m
[ 57%] Built target rboot_interface__rosidl_typesupport_introspection_c
[ 68%] Built target rboot_interface__rosidl_typesupport_fastrtps_c
[ 79%] Built target rboot_interface__rosidl_typesupport_c
[ 79%] Built target rboot_interface
[ 80%] Built target rboot_interface__py
[35m[1mConsolidate compiler generated dependencies of target rboot_interface__rosidl_generator_py[0m
[ 90%] Built target rboot_interface__rosidl_generator_py
[35m[1mConsolidate compiler generated dependencies of target rboot_interface__rosidl_typesupport_c__pyext[0m
[35m[1mConsolidate compiler generated dependencies of target rboot_interface__rosidl_typesupport_introspection_c__pyext[0m
[35m[1mConsolidate compiler generated dependencies of target rboot_interface__rosidl_typesupport_fastrtps_c__pyext[0m
[ 93%] Built target rboot_interface__rosidl_typesupport_c__pyext
[ 96%] Built target rboot_interface__rosidl_typesupport_fastrtps_c__pyext
[100%] Built target rboot_interface__rosidl_typesupport_introspection_c__pyext
running egg_info
writing rboot_interface.egg-info/PKG-INFO
writing dependency_links to rboot_interface.egg-info/dependency_links.txt
writing top-level names to rboot_interface.egg-info/top_level.txt
reading manifest file 'rboot_interface.egg-info/SOURCES.txt'
writing manifest file 'rboot_interface.egg-info/SOURCES.txt'
[100%] Built target ament_cmake_python_build_rboot_interface_egg
-- Install configuration: ""
-- Up-to-date: /home/jj/dual_dummy/install/rboot_interface/share/ament_index/resource_index/rosidl_interfaces/rboot_interface
-- Up-to-date: /home/jj/dual_dummy/install/rboot_interface/include/rboot_interface/rboot_interface
-- Up-to-date: /home/jj/dual_dummy/install/rboot_interface/include/rboot_interface/rboot_interface/srv
-- Up-to-date: /home/jj/dual_dummy/install/rboot_interface/include/rboot_interface/rboot_interface/srv/add_two_ints.h
-- Up-to-date: /home/jj/dual_dummy/install/rboot_interface/include/rboot_interface/rboot_interface/srv/get_object_position.h
-- Up-to-date: /home/jj/dual_dummy/install/rboot_interface/include/rboot_interface/rboot_interface/srv/detail
-- Up-to-date: /home/jj/dual_dummy/install/rboot_interface/include/rboot_interface/rboot_interface/srv/detail/get_object_position__functions.c
-- Up-to-date: /home/jj/dual_dummy/install/rboot_interface/include/rboot_interface/rboot_interface/srv/detail/add_two_ints__functions.c
-- Up-to-date: /home/jj/dual_dummy/install/rboot_interface/include/rboot_interface/rboot_interface/srv/detail/get_object_position__type_support.h
-- Up-to-date: /home/jj/dual_dummy/install/rboot_interface/include/rboot_interface/rboot_interface/srv/detail/add_two_ints__type_support.h
-- Up-to-date: /home/jj/dual_dummy/install/rboot_interface/include/rboot_interface/rboot_interface/srv/detail/get_object_position__struct.h
-- Up-to-date: /home/jj/dual_dummy/install/rboot_interface/include/rboot_interface/rboot_interface/srv/detail/get_object_position__functions.h
-- Up-to-date: /home/jj/dual_dummy/install/rboot_interface/include/rboot_interface/rboot_interface/srv/detail/add_two_ints__struct.h
-- Up-to-date: /home/jj/dual_dummy/install/rboot_interface/include/rboot_interface/rboot_interface/srv/detail/add_two_ints__functions.h
-- Up-to-date: /home/jj/dual_dummy/install/rboot_interface/include/rboot_interface/rboot_interface/action
-- Up-to-date: /home/jj/dual_dummy/install/rboot_interface/include/rboot_interface/rboot_interface/action/move_circle.h
-- Up-to-date: /home/jj/dual_dummy/install/rboot_interface/include/rboot_interface/rboot_interface/action/detail
-- Up-to-date: /home/jj/dual_dummy/install/rboot_interface/include/rboot_interface/rboot_interface/action/detail/move_circle__functions.h
-- Up-to-date: /home/jj/dual_dummy/install/rboot_interface/include/rboot_interface/rboot_interface/action/detail/move_circle__struct.h
-- Up-to-date: /home/jj/dual_dummy/install/rboot_interface/include/rboot_interface/rboot_interface/action/detail/move_circle__functions.c
-- Up-to-date: /home/jj/dual_dummy/install/rboot_interface/include/rboot_interface/rboot_interface/action/detail/move_circle__type_support.h
-- Up-to-date: /home/jj/dual_dummy/install/rboot_interface/include/rboot_interface/rboot_interface/msg
-- Up-to-date: /home/jj/dual_dummy/install/rboot_interface/include/rboot_interface/rboot_interface/msg/rboot_position.h
-- Up-to-date: /home/jj/dual_dummy/install/rboot_interface/include/rboot_interface/rboot_interface/msg/rosidl_generator_c__visibility_control.h
-- Up-to-date: /home/jj/dual_dummy/install/rboot_interface/include/rboot_interface/rboot_interface/msg/object_position.h
-- Up-to-date: /home/jj/dual_dummy/install/rboot_interface/include/rboot_interface/rboot_interface/msg/detail
-- Up-to-date: /home/jj/dual_dummy/install/rboot_interface/include/rboot_interface/rboot_interface/msg/detail/object_position__functions.c
-- Up-to-date: /home/jj/dual_dummy/install/rboot_interface/include/rboot_interface/rboot_interface/msg/detail/rboot_position__struct.h
-- Up-to-date: /home/jj/dual_dummy/install/rboot_interface/include/rboot_interface/rboot_interface/msg/detail/object_position__type_support.h
-- Up-to-date: /home/jj/dual_dummy/install/rboot_interface/include/rboot_interface/rboot_interface/msg/detail/rboot_position__type_support.h
-- Up-to-date: /home/jj/dual_dummy/install/rboot_interface/include/rboot_interface/rboot_interface/msg/detail/rboot_position__functions.h
-- Up-to-date: /home/jj/dual_dummy/install/rboot_interface/include/rboot_interface/rboot_interface/msg/detail/object_position__functions.h
-- Up-to-date: /home/jj/dual_dummy/install/rboot_interface/include/rboot_interface/rboot_interface/msg/detail/rboot_position__functions.c
-- Up-to-date: /home/jj/dual_dummy/install/rboot_interface/include/rboot_interface/rboot_interface/msg/detail/object_position__struct.h
-- Up-to-date: /home/jj/dual_dummy/install/rboot_interface/share/rboot_interface/environment/library_path.sh
-- Up-to-date: /home/jj/dual_dummy/install/rboot_interface/share/rboot_interface/environment/library_path.dsv
-- Up-to-date: /home/jj/dual_dummy/install/rboot_interface/lib/librboot_interface__rosidl_generator_c.so
-- Up-to-date: /home/jj/dual_dummy/install/rboot_interface/include/rboot_interface/rboot_interface
-- Up-to-date: /home/jj/dual_dummy/install/rboot_interface/include/rboot_interface/rboot_interface/srv
-- Up-to-date: /home/jj/dual_dummy/install/rboot_interface/include/rboot_interface/rboot_interface/srv/detail
-- Up-to-date: /home/jj/dual_dummy/install/rboot_interface/include/rboot_interface/rboot_interface/srv/detail/get_object_position__rosidl_typesupport_fastrtps_c.h
-- Up-to-date: /home/jj/dual_dummy/install/rboot_interface/include/rboot_interface/rboot_interface/srv/detail/add_two_ints__rosidl_typesupport_fastrtps_c.h
-- Up-to-date: /home/jj/dual_dummy/install/rboot_interface/include/rboot_interface/rboot_interface/action
-- Up-to-date: /home/jj/dual_dummy/install/rboot_interface/include/rboot_interface/rboot_interface/action/detail
-- Up-to-date: /home/jj/dual_dummy/install/rboot_interface/include/rboot_interface/rboot_interface/action/detail/move_circle__rosidl_typesupport_fastrtps_c.h
-- Up-to-date: /home/jj/dual_dummy/install/rboot_interface/include/rboot_interface/rboot_interface/msg
-- Up-to-date: /home/jj/dual_dummy/install/rboot_interface/include/rboot_interface/rboot_interface/msg/rosidl_typesupport_fastrtps_c__visibility_control.h
-- Up-to-date: /home/jj/dual_dummy/install/rboot_interface/include/rboot_interface/rboot_interface/msg/detail
-- Up-to-date: /home/jj/dual_dummy/install/rboot_interface/include/rboot_interface/rboot_interface/msg/detail/rboot_position__rosidl_typesupport_fastrtps_c.h
-- Up-to-date: /home/jj/dual_dummy/install/rboot_interface/include/rboot_interface/rboot_interface/msg/detail/object_position__rosidl_typesupport_fastrtps_c.h
-- Up-to-date: /home/jj/dual_dummy/install/rboot_interface/lib/librboot_interface__rosidl_typesupport_fastrtps_c.so
-- Up-to-date: /home/jj/dual_dummy/install/rboot_interface/include/rboot_interface/rboot_interface
-- Up-to-date: /home/jj/dual_dummy/install/rboot_interface/include/rboot_interface/rboot_interface/srv
-- Up-to-date: /home/jj/dual_dummy/install/rboot_interface/include/rboot_interface/rboot_interface/srv/detail
-- Up-to-date: /home/jj/dual_dummy/install/rboot_interface/include/rboot_interface/rboot_interface/srv/detail/add_two_ints__type_support.c
-- Up-to-date: /home/jj/dual_dummy/install/rboot_interface/include/rboot_interface/rboot_interface/srv/detail/add_two_ints__rosidl_typesupport_introspection_c.h
-- Up-to-date: /home/jj/dual_dummy/install/rboot_interface/include/rboot_interface/rboot_interface/srv/detail/get_object_position__type_support.c
-- Up-to-date: /home/jj/dual_dummy/install/rboot_interface/include/rboot_interface/rboot_interface/srv/detail/get_object_position__rosidl_typesupport_introspection_c.h
-- Up-to-date: /home/jj/dual_dummy/install/rboot_interface/include/rboot_interface/rboot_interface/action
-- Up-to-date: /home/jj/dual_dummy/install/rboot_interface/include/rboot_interface/rboot_interface/action/detail
-- Up-to-date: /home/jj/dual_dummy/install/rboot_interface/include/rboot_interface/rboot_interface/action/detail/move_circle__rosidl_typesupport_introspection_c.h
-- Up-to-date: /home/jj/dual_dummy/install/rboot_interface/include/rboot_interface/rboot_interface/action/detail/move_circle__type_support.c
-- Up-to-date: /home/jj/dual_dummy/install/rboot_interface/include/rboot_interface/rboot_interface/msg
-- Up-to-date: /home/jj/dual_dummy/install/rboot_interface/include/rboot_interface/rboot_interface/msg/rosidl_typesupport_introspection_c__visibility_control.h
-- Up-to-date: /home/jj/dual_dummy/install/rboot_interface/include/rboot_interface/rboot_interface/msg/detail
-- Up-to-date: /home/jj/dual_dummy/install/rboot_interface/include/rboot_interface/rboot_interface/msg/detail/object_position__type_support.c
-- Up-to-date: /home/jj/dual_dummy/install/rboot_interface/include/rboot_interface/rboot_interface/msg/detail/object_position__rosidl_typesupport_introspection_c.h
-- Up-to-date: /home/jj/dual_dummy/install/rboot_interface/include/rboot_interface/rboot_interface/msg/detail/rboot_position__type_support.c
-- Up-to-date: /home/jj/dual_dummy/install/rboot_interface/include/rboot_interface/rboot_interface/msg/detail/rboot_position__rosidl_typesupport_introspection_c.h
-- Up-to-date: /home/jj/dual_dummy/install/rboot_interface/lib/librboot_interface__rosidl_typesupport_introspection_c.so
-- Up-to-date: /home/jj/dual_dummy/install/rboot_interface/lib/librboot_interface__rosidl_typesupport_c.so
-- Up-to-date: /home/jj/dual_dummy/install/rboot_interface/include/rboot_interface/rboot_interface
-- Up-to-date: /home/jj/dual_dummy/install/rboot_interface/include/rboot_interface/rboot_interface/srv
-- Up-to-date: /home/jj/dual_dummy/install/rboot_interface/include/rboot_interface/rboot_interface/srv/add_two_ints.hpp
-- Up-to-date: /home/jj/dual_dummy/install/rboot_interface/include/rboot_interface/rboot_interface/srv/get_object_position.hpp
-- Up-to-date: /home/jj/dual_dummy/install/rboot_interface/include/rboot_interface/rboot_interface/srv/detail
-- Up-to-date: /home/jj/dual_dummy/install/rboot_interface/include/rboot_interface/rboot_interface/srv/detail/get_object_position__type_support.hpp
-- Up-to-date: /home/jj/dual_dummy/install/rboot_interface/include/rboot_interface/rboot_interface/srv/detail/get_object_position__struct.hpp
-- Up-to-date: /home/jj/dual_dummy/install/rboot_interface/include/rboot_interface/rboot_interface/srv/detail/add_two_ints__builder.hpp
-- Up-to-date: /home/jj/dual_dummy/install/rboot_interface/include/rboot_interface/rboot_interface/srv/detail/add_two_ints__type_support.hpp
-- Up-to-date: /home/jj/dual_dummy/install/rboot_interface/include/rboot_interface/rboot_interface/srv/detail/get_object_position__traits.hpp
-- Up-to-date: /home/jj/dual_dummy/install/rboot_interface/include/rboot_interface/rboot_interface/srv/detail/add_two_ints__struct.hpp
-- Up-to-date: /home/jj/dual_dummy/install/rboot_interface/include/rboot_interface/rboot_interface/srv/detail/add_two_ints__traits.hpp
-- Up-to-date: /home/jj/dual_dummy/install/rboot_interface/include/rboot_interface/rboot_interface/srv/detail/get_object_position__builder.hpp
-- Up-to-date: /home/jj/dual_dummy/install/rboot_interface/include/rboot_interface/rboot_interface/action
-- Up-to-date: /home/jj/dual_dummy/install/rboot_interface/include/rboot_interface/rboot_interface/action/move_circle.hpp
-- Up-to-date: /home/jj/dual_dummy/install/rboot_interface/include/rboot_interface/rboot_interface/action/detail
-- Up-to-date: /home/jj/dual_dummy/install/rboot_interface/include/rboot_interface/rboot_interface/action/detail/move_circle__struct.hpp
-- Up-to-date: /home/jj/dual_dummy/install/rboot_interface/include/rboot_interface/rboot_interface/action/detail/move_circle__traits.hpp
-- Up-to-date: /home/jj/dual_dummy/install/rboot_interface/include/rboot_interface/rboot_interface/action/detail/move_circle__type_support.hpp
-- Up-to-date: /home/jj/dual_dummy/install/rboot_interface/include/rboot_interface/rboot_interface/action/detail/move_circle__builder.hpp
-- Up-to-date: /home/jj/dual_dummy/install/rboot_interface/include/rboot_interface/rboot_interface/msg
-- Up-to-date: /home/jj/dual_dummy/install/rboot_interface/include/rboot_interface/rboot_interface/msg/rosidl_generator_cpp__visibility_control.hpp
-- Up-to-date: /home/jj/dual_dummy/install/rboot_interface/include/rboot_interface/rboot_interface/msg/rboot_position.hpp
-- Up-to-date: /home/jj/dual_dummy/install/rboot_interface/include/rboot_interface/rboot_interface/msg/detail
-- Up-to-date: /home/jj/dual_dummy/install/rboot_interface/include/rboot_interface/rboot_interface/msg/detail/rboot_position__struct.hpp
-- Up-to-date: /home/jj/dual_dummy/install/rboot_interface/include/rboot_interface/rboot_interface/msg/detail/object_position__struct.hpp
-- Up-to-date: /home/jj/dual_dummy/install/rboot_interface/include/rboot_interface/rboot_interface/msg/detail/rboot_position__type_support.hpp
-- Up-to-date: /home/jj/dual_dummy/install/rboot_interface/include/rboot_interface/rboot_interface/msg/detail/rboot_position__builder.hpp
-- Up-to-date: /home/jj/dual_dummy/install/rboot_interface/include/rboot_interface/rboot_interface/msg/detail/object_position__builder.hpp
-- Up-to-date: /home/jj/dual_dummy/install/rboot_interface/include/rboot_interface/rboot_interface/msg/detail/rboot_position__traits.hpp
-- Up-to-date: /home/jj/dual_dummy/install/rboot_interface/include/rboot_interface/rboot_interface/msg/detail/object_position__type_support.hpp
-- Up-to-date: /home/jj/dual_dummy/install/rboot_interface/include/rboot_interface/rboot_interface/msg/detail/object_position__traits.hpp
-- Up-to-date: /home/jj/dual_dummy/install/rboot_interface/include/rboot_interface/rboot_interface/msg/object_position.hpp
-- Up-to-date: /home/jj/dual_dummy/install/rboot_interface/include/rboot_interface/rboot_interface
-- Up-to-date: /home/jj/dual_dummy/install/rboot_interface/include/rboot_interface/rboot_interface/srv
-- Up-to-date: /home/jj/dual_dummy/install/rboot_interface/include/rboot_interface/rboot_interface/srv/detail
-- Up-to-date: /home/jj/dual_dummy/install/rboot_interface/include/rboot_interface/rboot_interface/srv/detail/dds_fastrtps
-- Up-to-date: /home/jj/dual_dummy/install/rboot_interface/include/rboot_interface/rboot_interface/srv/detail/add_two_ints__rosidl_typesupport_fastrtps_cpp.hpp
-- Up-to-date: /home/jj/dual_dummy/install/rboot_interface/include/rboot_interface/rboot_interface/srv/detail/get_object_position__rosidl_typesupport_fastrtps_cpp.hpp
-- Up-to-date: /home/jj/dual_dummy/install/rboot_interface/include/rboot_interface/rboot_interface/action
-- Up-to-date: /home/jj/dual_dummy/install/rboot_interface/include/rboot_interface/rboot_interface/action/detail
-- Up-to-date: /home/jj/dual_dummy/install/rboot_interface/include/rboot_interface/rboot_interface/action/detail/dds_fastrtps
-- Up-to-date: /home/jj/dual_dummy/install/rboot_interface/include/rboot_interface/rboot_interface/action/detail/move_circle__rosidl_typesupport_fastrtps_cpp.hpp
-- Up-to-date: /home/jj/dual_dummy/install/rboot_interface/include/rboot_interface/rboot_interface/msg
-- Up-to-date: /home/jj/dual_dummy/install/rboot_interface/include/rboot_interface/rboot_interface/msg/rosidl_typesupport_fastrtps_cpp__visibility_control.h
-- Up-to-date: /home/jj/dual_dummy/install/rboot_interface/include/rboot_interface/rboot_interface/msg/detail
-- Up-to-date: /home/jj/dual_dummy/install/rboot_interface/include/rboot_interface/rboot_interface/msg/detail/dds_fastrtps
-- Up-to-date: /home/jj/dual_dummy/install/rboot_interface/include/rboot_interface/rboot_interface/msg/detail/rboot_position__rosidl_typesupport_fastrtps_cpp.hpp
-- Up-to-date: /home/jj/dual_dummy/install/rboot_interface/include/rboot_interface/rboot_interface/msg/detail/object_position__rosidl_typesupport_fastrtps_cpp.hpp
-- Up-to-date: /home/jj/dual_dummy/install/rboot_interface/lib/librboot_interface__rosidl_typesupport_fastrtps_cpp.so
-- Up-to-date: /home/jj/dual_dummy/install/rboot_interface/include/rboot_interface/rboot_interface
-- Up-to-date: /home/jj/dual_dummy/install/rboot_interface/include/rboot_interface/rboot_interface/srv
-- Up-to-date: /home/jj/dual_dummy/install/rboot_interface/include/rboot_interface/rboot_interface/srv/detail
-- Up-to-date: /home/jj/dual_dummy/install/rboot_interface/include/rboot_interface/rboot_interface/srv/detail/get_object_position__rosidl_typesupport_introspection_cpp.hpp
-- Up-to-date: /home/jj/dual_dummy/install/rboot_interface/include/rboot_interface/rboot_interface/srv/detail/get_object_position__type_support.cpp
-- Up-to-date: /home/jj/dual_dummy/install/rboot_interface/include/rboot_interface/rboot_interface/srv/detail/add_two_ints__type_support.cpp
-- Up-to-date: /home/jj/dual_dummy/install/rboot_interface/include/rboot_interface/rboot_interface/srv/detail/add_two_ints__rosidl_typesupport_introspection_cpp.hpp
-- Up-to-date: /home/jj/dual_dummy/install/rboot_interface/include/rboot_interface/rboot_interface/action
-- Up-to-date: /home/jj/dual_dummy/install/rboot_interface/include/rboot_interface/rboot_interface/action/detail
-- Up-to-date: /home/jj/dual_dummy/install/rboot_interface/include/rboot_interface/rboot_interface/action/detail/move_circle__rosidl_typesupport_introspection_cpp.hpp
-- Up-to-date: /home/jj/dual_dummy/install/rboot_interface/include/rboot_interface/rboot_interface/action/detail/move_circle__type_support.cpp
-- Up-to-date: /home/jj/dual_dummy/install/rboot_interface/include/rboot_interface/rboot_interface/msg
-- Up-to-date: /home/jj/dual_dummy/install/rboot_interface/include/rboot_interface/rboot_interface/msg/detail
-- Up-to-date: /home/jj/dual_dummy/install/rboot_interface/include/rboot_interface/rboot_interface/msg/detail/rboot_position__type_support.cpp
-- Up-to-date: /home/jj/dual_dummy/install/rboot_interface/include/rboot_interface/rboot_interface/msg/detail/object_position__rosidl_typesupport_introspection_cpp.hpp
-- Up-to-date: /home/jj/dual_dummy/install/rboot_interface/include/rboot_interface/rboot_interface/msg/detail/rboot_position__rosidl_typesupport_introspection_cpp.hpp
-- Up-to-date: /home/jj/dual_dummy/install/rboot_interface/include/rboot_interface/rboot_interface/msg/detail/object_position__type_support.cpp
-- Up-to-date: /home/jj/dual_dummy/install/rboot_interface/lib/librboot_interface__rosidl_typesupport_introspection_cpp.so
-- Up-to-date: /home/jj/dual_dummy/install/rboot_interface/lib/librboot_interface__rosidl_typesupport_cpp.so
-- Up-to-date: /home/jj/dual_dummy/install/rboot_interface/share/rboot_interface/environment/pythonpath.sh
-- Up-to-date: /home/jj/dual_dummy/install/rboot_interface/share/rboot_interface/environment/pythonpath.dsv
-- Up-to-date: /home/jj/dual_dummy/install/rboot_interface/local/lib/python3.10/dist-packages/rboot_interface-0.0.0-py3.10.egg-info
-- Installing: /home/jj/dual_dummy/install/rboot_interface/local/lib/python3.10/dist-packages/rboot_interface-0.0.0-py3.10.egg-info/top_level.txt
-- Installing: /home/jj/dual_dummy/install/rboot_interface/local/lib/python3.10/dist-packages/rboot_interface-0.0.0-py3.10.egg-info/dependency_links.txt
-- Installing: /home/jj/dual_dummy/install/rboot_interface/local/lib/python3.10/dist-packages/rboot_interface-0.0.0-py3.10.egg-info/SOURCES.txt
-- Installing: /home/jj/dual_dummy/install/rboot_interface/local/lib/python3.10/dist-packages/rboot_interface-0.0.0-py3.10.egg-info/PKG-INFO
-- Up-to-date: /home/jj/dual_dummy/install/rboot_interface/local/lib/python3.10/dist-packages/rboot_interface
-- Up-to-date: /home/jj/dual_dummy/install/rboot_interface/local/lib/python3.10/dist-packages/rboot_interface/rboot_interface_s__rosidl_typesupport_c.cpython-310-x86_64-linux-gnu.so
-- Up-to-date: /home/jj/dual_dummy/install/rboot_interface/local/lib/python3.10/dist-packages/rboot_interface/_rboot_interface_s.ep.rosidl_typesupport_fastrtps_c.c
-- Up-to-date: /home/jj/dual_dummy/install/rboot_interface/local/lib/python3.10/dist-packages/rboot_interface/librboot_interface__rosidl_generator_py.so
-- Up-to-date: /home/jj/dual_dummy/install/rboot_interface/local/lib/python3.10/dist-packages/rboot_interface/rboot_interface_s__rosidl_typesupport_introspection_c.cpython-310-x86_64-linux-gnu.so
-- Up-to-date: /home/jj/dual_dummy/install/rboot_interface/local/lib/python3.10/dist-packages/rboot_interface/__init__.py
-- Up-to-date: /home/jj/dual_dummy/install/rboot_interface/local/lib/python3.10/dist-packages/rboot_interface/srv
-- Up-to-date: /home/jj/dual_dummy/install/rboot_interface/local/lib/python3.10/dist-packages/rboot_interface/srv/_get_object_position.py
-- Up-to-date: /home/jj/dual_dummy/install/rboot_interface/local/lib/python3.10/dist-packages/rboot_interface/srv/_add_two_ints_s.c
-- Up-to-date: /home/jj/dual_dummy/install/rboot_interface/local/lib/python3.10/dist-packages/rboot_interface/srv/__init__.py
-- Up-to-date: /home/jj/dual_dummy/install/rboot_interface/local/lib/python3.10/dist-packages/rboot_interface/srv/_add_two_ints.py
-- Up-to-date: /home/jj/dual_dummy/install/rboot_interface/local/lib/python3.10/dist-packages/rboot_interface/srv/_get_object_position_s.c
-- Up-to-date: /home/jj/dual_dummy/install/rboot_interface/local/lib/python3.10/dist-packages/rboot_interface/action
-- Up-to-date: /home/jj/dual_dummy/install/rboot_interface/local/lib/python3.10/dist-packages/rboot_interface/action/_move_circle_s.c
-- Up-to-date: /home/jj/dual_dummy/install/rboot_interface/local/lib/python3.10/dist-packages/rboot_interface/action/__init__.py
-- Up-to-date: /home/jj/dual_dummy/install/rboot_interface/local/lib/python3.10/dist-packages/rboot_interface/action/_move_circle.py
-- Up-to-date: /home/jj/dual_dummy/install/rboot_interface/local/lib/python3.10/dist-packages/rboot_interface/msg
-- Up-to-date: /home/jj/dual_dummy/install/rboot_interface/local/lib/python3.10/dist-packages/rboot_interface/msg/_object_position.py
-- Up-to-date: /home/jj/dual_dummy/install/rboot_interface/local/lib/python3.10/dist-packages/rboot_interface/msg/_rboot_position.py
-- Up-to-date: /home/jj/dual_dummy/install/rboot_interface/local/lib/python3.10/dist-packages/rboot_interface/msg/__init__.py
-- Up-to-date: /home/jj/dual_dummy/install/rboot_interface/local/lib/python3.10/dist-packages/rboot_interface/msg/_rboot_position_s.c
-- Up-to-date: /home/jj/dual_dummy/install/rboot_interface/local/lib/python3.10/dist-packages/rboot_interface/msg/_object_position_s.c
-- Up-to-date: /home/jj/dual_dummy/install/rboot_interface/local/lib/python3.10/dist-packages/rboot_interface/rboot_interface_s__rosidl_typesupport_fastrtps_c.cpython-310-x86_64-linux-gnu.so
-- Up-to-date: /home/jj/dual_dummy/install/rboot_interface/local/lib/python3.10/dist-packages/rboot_interface/_rboot_interface_s.ep.rosidl_typesupport_introspection_c.c
-- Up-to-date: /home/jj/dual_dummy/install/rboot_interface/local/lib/python3.10/dist-packages/rboot_interface/_rboot_interface_s.ep.rosidl_typesupport_c.c
Listing '/home/jj/dual_dummy/install/rboot_interface/local/lib/python3.10/dist-packages/rboot_interface'...
Listing '/home/jj/dual_dummy/install/rboot_interface/local/lib/python3.10/dist-packages/rboot_interface/action'...
Listing '/home/jj/dual_dummy/install/rboot_interface/local/lib/python3.10/dist-packages/rboot_interface/msg'...
Listing '/home/jj/dual_dummy/install/rboot_interface/local/lib/python3.10/dist-packages/rboot_interface/srv'...
-- Up-to-date: /home/jj/dual_dummy/install/rboot_interface/local/lib/python3.10/dist-packages/rboot_interface/rboot_interface_s__rosidl_typesupport_fastrtps_c.cpython-310-x86_64-linux-gnu.so
-- Up-to-date: /home/jj/dual_dummy/install/rboot_interface/local/lib/python3.10/dist-packages/rboot_interface/rboot_interface_s__rosidl_typesupport_introspection_c.cpython-310-x86_64-linux-gnu.so
-- Up-to-date: /home/jj/dual_dummy/install/rboot_interface/local/lib/python3.10/dist-packages/rboot_interface/rboot_interface_s__rosidl_typesupport_c.cpython-310-x86_64-linux-gnu.so
-- Up-to-date: /home/jj/dual_dummy/install/rboot_interface/lib/librboot_interface__rosidl_generator_py.so
-- Up-to-date: /home/jj/dual_dummy/install/rboot_interface/share/rboot_interface/msg/ObjectPosition.idl
-- Up-to-date: /home/jj/dual_dummy/install/rboot_interface/share/rboot_interface/msg/RbootPosition.idl
-- Up-to-date: /home/jj/dual_dummy/install/rboot_interface/share/rboot_interface/srv/AddTwoInts.idl
-- Up-to-date: /home/jj/dual_dummy/install/rboot_interface/share/rboot_interface/srv/GetObjectPosition.idl
-- Up-to-date: /home/jj/dual_dummy/install/rboot_interface/share/rboot_interface/action/MoveCircle.idl
-- Up-to-date: /home/jj/dual_dummy/install/rboot_interface/share/rboot_interface/msg/ObjectPosition.msg
-- Up-to-date: /home/jj/dual_dummy/install/rboot_interface/share/rboot_interface/msg/RbootPosition.msg
-- Up-to-date: /home/jj/dual_dummy/install/rboot_interface/share/rboot_interface/srv/AddTwoInts.srv
-- Up-to-date: /home/jj/dual_dummy/install/rboot_interface/share/rboot_interface/srv/AddTwoInts_Request.msg
-- Up-to-date: /home/jj/dual_dummy/install/rboot_interface/share/rboot_interface/srv/AddTwoInts_Response.msg
-- Up-to-date: /home/jj/dual_dummy/install/rboot_interface/share/rboot_interface/srv/GetObjectPosition.srv
-- Up-to-date: /home/jj/dual_dummy/install/rboot_interface/share/rboot_interface/srv/GetObjectPosition_Request.msg
-- Up-to-date: /home/jj/dual_dummy/install/rboot_interface/share/rboot_interface/srv/GetObjectPosition_Response.msg
-- Up-to-date: /home/jj/dual_dummy/install/rboot_interface/share/rboot_interface/action/MoveCircle.action
-- Up-to-date: /home/jj/dual_dummy/install/rboot_interface/share/ament_index/resource_index/package_run_dependencies/rboot_interface
-- Up-to-date: /home/jj/dual_dummy/install/rboot_interface/share/ament_index/resource_index/parent_prefix_path/rboot_interface
-- Up-to-date: /home/jj/dual_dummy/install/rboot_interface/share/rboot_interface/environment/ament_prefix_path.sh
-- Up-to-date: /home/jj/dual_dummy/install/rboot_interface/share/rboot_interface/environment/ament_prefix_path.dsv
-- Up-to-date: /home/jj/dual_dummy/install/rboot_interface/share/rboot_interface/environment/path.sh
-- Up-to-date: /home/jj/dual_dummy/install/rboot_interface/share/rboot_interface/environment/path.dsv
-- Up-to-date: /home/jj/dual_dummy/install/rboot_interface/share/rboot_interface/local_setup.bash
-- Up-to-date: /home/jj/dual_dummy/install/rboot_interface/share/rboot_interface/local_setup.sh
-- Up-to-date: /home/jj/dual_dummy/install/rboot_interface/share/rboot_interface/local_setup.zsh
-- Up-to-date: /home/jj/dual_dummy/install/rboot_interface/share/rboot_interface/local_setup.dsv
-- Installing: /home/jj/dual_dummy/install/rboot_interface/share/rboot_interface/package.dsv
-- Up-to-date: /home/jj/dual_dummy/install/rboot_interface/share/ament_index/resource_index/packages/rboot_interface
-- Up-to-date: /home/jj/dual_dummy/install/rboot_interface/share/rboot_interface/cmake/export_rboot_interface__rosidl_generator_cExport.cmake
-- Up-to-date: /home/jj/dual_dummy/install/rboot_interface/share/rboot_interface/cmake/export_rboot_interface__rosidl_generator_cExport-noconfig.cmake
-- Up-to-date: /home/jj/dual_dummy/install/rboot_interface/share/rboot_interface/cmake/export_rboot_interface__rosidl_typesupport_fastrtps_cExport.cmake
-- Up-to-date: /home/jj/dual_dummy/install/rboot_interface/share/rboot_interface/cmake/export_rboot_interface__rosidl_typesupport_fastrtps_cExport-noconfig.cmake
-- Up-to-date: /home/jj/dual_dummy/install/rboot_interface/share/rboot_interface/cmake/rboot_interface__rosidl_typesupport_introspection_cExport.cmake
-- Up-to-date: /home/jj/dual_dummy/install/rboot_interface/share/rboot_interface/cmake/rboot_interface__rosidl_typesupport_introspection_cExport-noconfig.cmake
-- Up-to-date: /home/jj/dual_dummy/install/rboot_interface/share/rboot_interface/cmake/rboot_interface__rosidl_typesupport_cExport.cmake
-- Up-to-date: /home/jj/dual_dummy/install/rboot_interface/share/rboot_interface/cmake/rboot_interface__rosidl_typesupport_cExport-noconfig.cmake
-- Up-to-date: /home/jj/dual_dummy/install/rboot_interface/share/rboot_interface/cmake/export_rboot_interface__rosidl_generator_cppExport.cmake
-- Up-to-date: /home/jj/dual_dummy/install/rboot_interface/share/rboot_interface/cmake/export_rboot_interface__rosidl_typesupport_fastrtps_cppExport.cmake
-- Up-to-date: /home/jj/dual_dummy/install/rboot_interface/share/rboot_interface/cmake/export_rboot_interface__rosidl_typesupport_fastrtps_cppExport-noconfig.cmake
-- Up-to-date: /home/jj/dual_dummy/install/rboot_interface/share/rboot_interface/cmake/rboot_interface__rosidl_typesupport_introspection_cppExport.cmake
-- Up-to-date: /home/jj/dual_dummy/install/rboot_interface/share/rboot_interface/cmake/rboot_interface__rosidl_typesupport_introspection_cppExport-noconfig.cmake
-- Up-to-date: /home/jj/dual_dummy/install/rboot_interface/share/rboot_interface/cmake/rboot_interface__rosidl_typesupport_cppExport.cmake
-- Up-to-date: /home/jj/dual_dummy/install/rboot_interface/share/rboot_interface/cmake/rboot_interface__rosidl_typesupport_cppExport-noconfig.cmake
-- Up-to-date: /home/jj/dual_dummy/install/rboot_interface/share/rboot_interface/cmake/export_rboot_interface__rosidl_generator_pyExport.cmake
-- Up-to-date: /home/jj/dual_dummy/install/rboot_interface/share/rboot_interface/cmake/export_rboot_interface__rosidl_generator_pyExport-noconfig.cmake
-- Up-to-date: /home/jj/dual_dummy/install/rboot_interface/share/rboot_interface/cmake/rosidl_cmake-extras.cmake
-- Up-to-date: /home/jj/dual_dummy/install/rboot_interface/share/rboot_interface/cmake/ament_cmake_export_dependencies-extras.cmake
-- Up-to-date: /home/jj/dual_dummy/install/rboot_interface/share/rboot_interface/cmake/ament_cmake_export_include_directories-extras.cmake
-- Up-to-date: /home/jj/dual_dummy/install/rboot_interface/share/rboot_interface/cmake/ament_cmake_export_libraries-extras.cmake
-- Up-to-date: /home/jj/dual_dummy/install/rboot_interface/share/rboot_interface/cmake/ament_cmake_export_targets-extras.cmake
-- Up-to-date: /home/jj/dual_dummy/install/rboot_interface/share/rboot_interface/cmake/rosidl_cmake_export_typesupport_targets-extras.cmake
-- Up-to-date: /home/jj/dual_dummy/install/rboot_interface/share/rboot_interface/cmake/rosidl_cmake_export_typesupport_libraries-extras.cmake
-- Up-to-date: /home/jj/dual_dummy/install/rboot_interface/share/rboot_interface/cmake/rboot_interfaceConfig.cmake
-- Up-to-date: /home/jj/dual_dummy/install/rboot_interface/share/rboot_interface/cmake/rboot_interfaceConfig-version.cmake
-- Up-to-date: /home/jj/dual_dummy/install/rboot_interface/share/rboot_interface/package.xml
