[0.253s] DEBUG:colcon:Command line arguments: ['/usr/bin/colcon', 'build', '--packages-select', 'arm_control']
[0.253s] DEBUG:colcon:Parsed command line arguments: Namespace(log_base=None, log_level=None, verb_name='build', build_base='build', install_base='install', merge_install=False, symlink_install=False, test_result_base=None, continue_on_error=False, executor='parallel', parallel_workers=4, event_handlers=None, ignore_user_meta=False, metas=['./colcon.meta'], base_paths=['.'], packages_ignore=None, packages_ignore_regex=None, paths=None, packages_up_to=None, packages_up_to_regex=None, packages_above=None, packages_above_and_dependencies=None, packages_above_depth=None, packages_select_by_dep=None, packages_skip_by_dep=None, packages_skip_up_to=None, packages_select_build_failed=False, packages_skip_build_finished=False, packages_select_test_failures=False, packages_skip_test_passed=False, packages_select=['arm_control'], packages_skip=None, packages_select_regex=None, packages_skip_regex=None, packages_start=None, packages_end=None, allow_overriding=[], cmake_args=None, cmake_target=None, cmake_target_skip_unavailable=False, cmake_clean_cache=False, cmake_clean_first=False, cmake_force_configure=False, ament_cmake_args=None, catkin_cmake_args=None, catkin_skip_building_tests=False, verb_parser=<colcon_defaults.argument_parser.defaults.DefaultArgumentsDecorator object at 0x72b04ac27c10>, verb_extension=<colcon_core.verb.build.BuildVerb object at 0x72b04ac276a0>, main=<bound method BuildVerb.main of <colcon_core.verb.build.BuildVerb object at 0x72b04ac276a0>>)
[0.549s] Level 1:colcon.colcon_core.package_discovery:discover_packages(colcon_meta) check parameters
[0.550s] Level 1:colcon.colcon_core.package_discovery:discover_packages(recursive) check parameters
[0.550s] Level 1:colcon.colcon_core.package_discovery:discover_packages(ignore) check parameters
[0.550s] Level 1:colcon.colcon_core.package_discovery:discover_packages(path) check parameters
[0.550s] Level 1:colcon.colcon_core.package_discovery:discover_packages(colcon_meta) discover
[0.550s] Level 1:colcon.colcon_core.package_discovery:discover_packages(recursive) discover
[0.550s] INFO:colcon.colcon_core.package_discovery:Crawling recursively for packages in '/home/jj/dual_dummy/src/arm_control'
[0.550s] Level 1:colcon.colcon_core.package_identification:_identify(.) by extensions ['ignore', 'ignore_ament_install']
[0.550s] Level 1:colcon.colcon_core.package_identification:_identify(.) by extension 'ignore'
[0.550s] Level 1:colcon.colcon_core.package_identification:_identify(.) by extension 'ignore_ament_install'
[0.550s] Level 1:colcon.colcon_core.package_identification:_identify(.) by extensions ['colcon_pkg']
[0.550s] Level 1:colcon.colcon_core.package_identification:_identify(.) by extension 'colcon_pkg'
[0.550s] Level 1:colcon.colcon_core.package_identification:_identify(.) by extensions ['colcon_meta']
[0.550s] Level 1:colcon.colcon_core.package_identification:_identify(.) by extension 'colcon_meta'
[0.550s] Level 1:colcon.colcon_core.package_identification:_identify(.) by extensions ['ros']
[0.550s] Level 1:colcon.colcon_core.package_identification:_identify(.) by extension 'ros'
[0.572s] DEBUG:colcon.colcon_core.package_identification:Package '.' with type 'ros.ament_cmake' and name 'arm_control'
[0.573s] Level 1:colcon.colcon_core.package_discovery:discover_packages(recursive) using defaults
[0.573s] Level 1:colcon.colcon_core.package_discovery:discover_packages(ignore) discover
[0.573s] Level 1:colcon.colcon_core.package_discovery:discover_packages(ignore) using defaults
[0.573s] Level 1:colcon.colcon_core.package_discovery:discover_packages(path) discover
[0.573s] Level 1:colcon.colcon_core.package_discovery:discover_packages(path) using defaults
[0.608s] Level 1:colcon.colcon_core.package_discovery:discover_packages(prefix_path) check parameters
[0.608s] Level 1:colcon.colcon_core.package_discovery:discover_packages(prefix_path) discover
[0.614s] DEBUG:colcon.colcon_installed_package_information.package_discovery:Found 360 installed packages in /opt/ros/humble
[0.631s] Level 1:colcon.colcon_core.package_discovery:discover_packages(prefix_path) using defaults
[0.725s] Level 5:colcon.colcon_core.verb:set package 'arm_control' build argument 'cmake_args' from command line to 'None'
[0.725s] Level 5:colcon.colcon_core.verb:set package 'arm_control' build argument 'cmake_target' from command line to 'None'
[0.725s] Level 5:colcon.colcon_core.verb:set package 'arm_control' build argument 'cmake_target_skip_unavailable' from command line to 'False'
[0.725s] Level 5:colcon.colcon_core.verb:set package 'arm_control' build argument 'cmake_clean_cache' from command line to 'False'
[0.725s] Level 5:colcon.colcon_core.verb:set package 'arm_control' build argument 'cmake_clean_first' from command line to 'False'
[0.725s] Level 5:colcon.colcon_core.verb:set package 'arm_control' build argument 'cmake_force_configure' from command line to 'False'
[0.725s] Level 5:colcon.colcon_core.verb:set package 'arm_control' build argument 'ament_cmake_args' from command line to 'None'
[0.725s] Level 5:colcon.colcon_core.verb:set package 'arm_control' build argument 'catkin_cmake_args' from command line to 'None'
[0.725s] Level 5:colcon.colcon_core.verb:set package 'arm_control' build argument 'catkin_skip_building_tests' from command line to 'False'
[0.725s] DEBUG:colcon.colcon_core.verb:Building package 'arm_control' with the following arguments: {'ament_cmake_args': None, 'build_base': '/home/jj/dual_dummy/src/arm_control/build/arm_control', 'catkin_cmake_args': None, 'catkin_skip_building_tests': False, 'cmake_args': None, 'cmake_clean_cache': False, 'cmake_clean_first': False, 'cmake_force_configure': False, 'cmake_target': None, 'cmake_target_skip_unavailable': False, 'install_base': '/home/jj/dual_dummy/src/arm_control/install/arm_control', 'merge_install': False, 'path': '/home/jj/dual_dummy/src/arm_control', 'symlink_install': False, 'test_result_base': None}
[0.725s] INFO:colcon.colcon_core.executor:Executing jobs using 'parallel' executor
[0.727s] DEBUG:colcon.colcon_parallel_executor.executor.parallel:run_until_complete
[0.728s] INFO:colcon.colcon_ros.task.ament_cmake.build:Building ROS package in '/home/jj/dual_dummy/src/arm_control' with build type 'ament_cmake'
[0.728s] INFO:colcon.colcon_cmake.task.cmake.build:Building CMake package in '/home/jj/dual_dummy/src/arm_control'
[0.732s] INFO:colcon.colcon_core.plugin_system:Skipping extension 'colcon_core.shell.bat': Not used on non-Windows systems
[0.732s] INFO:colcon.colcon_core.shell:Skip shell extension 'powershell' for command environment: Not usable outside of PowerShell
[0.732s] DEBUG:colcon.colcon_core.shell:Skip shell extension 'dsv' for command environment
[0.748s] DEBUG:colcon.colcon_core.event_handler.log_command:Invoking command in '/home/jj/dual_dummy/src/arm_control/build/arm_control': CMAKE_PREFIX_PATH=/opt/ros/humble /usr/bin/cmake --build /home/jj/dual_dummy/src/arm_control/build/arm_control -- -j4 -l4
[37.446s] DEBUG:colcon.colcon_core.event_handler.log_command:Invoked command in '/home/jj/dual_dummy/src/arm_control/build/arm_control' returned '0': CMAKE_PREFIX_PATH=/opt/ros/humble /usr/bin/cmake --build /home/jj/dual_dummy/src/arm_control/build/arm_control -- -j4 -l4
[37.466s] DEBUG:colcon.colcon_core.event_handler.log_command:Invoking command in '/home/jj/dual_dummy/src/arm_control/build/arm_control': CMAKE_PREFIX_PATH=/opt/ros/humble /usr/bin/cmake --install /home/jj/dual_dummy/src/arm_control/build/arm_control
[37.678s] Level 1:colcon.colcon_core.environment:create_environment_scripts_only(arm_control)
[37.679s] DEBUG:colcon.colcon_core.event_handler.log_command:Invoked command in '/home/jj/dual_dummy/src/arm_control/build/arm_control' returned '0': CMAKE_PREFIX_PATH=/opt/ros/humble /usr/bin/cmake --install /home/jj/dual_dummy/src/arm_control/build/arm_control
[37.685s] Level 1:colcon.colcon_core.environment:checking '/home/jj/dual_dummy/src/arm_control/install/arm_control' for CMake module files
[37.686s] Level 1:colcon.colcon_core.environment:checking '/home/jj/dual_dummy/src/arm_control/install/arm_control' for CMake config files
[37.687s] Level 1:colcon.colcon_core.shell:create_environment_hook('arm_control', 'cmake_prefix_path')
[37.687s] INFO:colcon.colcon_core.shell:Creating environment hook '/home/jj/dual_dummy/src/arm_control/install/arm_control/share/arm_control/hook/cmake_prefix_path.ps1'
[37.689s] INFO:colcon.colcon_core.shell:Creating environment descriptor '/home/jj/dual_dummy/src/arm_control/install/arm_control/share/arm_control/hook/cmake_prefix_path.dsv'
[37.690s] INFO:colcon.colcon_core.shell:Creating environment hook '/home/jj/dual_dummy/src/arm_control/install/arm_control/share/arm_control/hook/cmake_prefix_path.sh'
[37.691s] Level 1:colcon.colcon_core.environment:checking '/home/jj/dual_dummy/src/arm_control/install/arm_control/lib'
[37.691s] Level 1:colcon.colcon_core.shell:create_environment_hook('arm_control', 'ld_library_path_lib')
[37.692s] INFO:colcon.colcon_core.shell:Creating environment hook '/home/jj/dual_dummy/src/arm_control/install/arm_control/share/arm_control/hook/ld_library_path_lib.ps1'
[37.692s] INFO:colcon.colcon_core.shell:Creating environment descriptor '/home/jj/dual_dummy/src/arm_control/install/arm_control/share/arm_control/hook/ld_library_path_lib.dsv'
[37.693s] INFO:colcon.colcon_core.shell:Creating environment hook '/home/jj/dual_dummy/src/arm_control/install/arm_control/share/arm_control/hook/ld_library_path_lib.sh'
[37.693s] Level 1:colcon.colcon_core.environment:checking '/home/jj/dual_dummy/src/arm_control/install/arm_control/bin'
[37.693s] Level 1:colcon.colcon_core.environment:checking '/home/jj/dual_dummy/src/arm_control/install/arm_control/lib/pkgconfig/arm_control.pc'
[37.693s] Level 1:colcon.colcon_core.environment:checking '/home/jj/dual_dummy/src/arm_control/install/arm_control/lib/python3.10/site-packages'
[37.694s] Level 1:colcon.colcon_core.environment:checking '/home/jj/dual_dummy/src/arm_control/install/arm_control/bin'
[37.694s] INFO:colcon.colcon_core.shell:Creating package script '/home/jj/dual_dummy/src/arm_control/install/arm_control/share/arm_control/package.ps1'
[37.696s] INFO:colcon.colcon_core.shell:Creating package descriptor '/home/jj/dual_dummy/src/arm_control/install/arm_control/share/arm_control/package.dsv'
[37.697s] INFO:colcon.colcon_core.shell:Creating package script '/home/jj/dual_dummy/src/arm_control/install/arm_control/share/arm_control/package.sh'
[37.698s] INFO:colcon.colcon_core.shell:Creating package script '/home/jj/dual_dummy/src/arm_control/install/arm_control/share/arm_control/package.bash'
[37.699s] INFO:colcon.colcon_core.shell:Creating package script '/home/jj/dual_dummy/src/arm_control/install/arm_control/share/arm_control/package.zsh'
[37.701s] Level 1:colcon.colcon_core.environment:create_file_with_runtime_dependencies(/home/jj/dual_dummy/src/arm_control/install/arm_control/share/colcon-core/packages/arm_control)
[37.703s] Level 1:colcon.colcon_core.environment:create_environment_scripts_only(arm_control)
[37.703s] Level 1:colcon.colcon_core.environment:checking '/home/jj/dual_dummy/src/arm_control/install/arm_control' for CMake module files
[37.704s] Level 1:colcon.colcon_core.environment:checking '/home/jj/dual_dummy/src/arm_control/install/arm_control' for CMake config files
[37.705s] Level 1:colcon.colcon_core.shell:create_environment_hook('arm_control', 'cmake_prefix_path')
[37.705s] INFO:colcon.colcon_core.shell:Creating environment hook '/home/jj/dual_dummy/src/arm_control/install/arm_control/share/arm_control/hook/cmake_prefix_path.ps1'
[37.706s] INFO:colcon.colcon_core.shell:Creating environment descriptor '/home/jj/dual_dummy/src/arm_control/install/arm_control/share/arm_control/hook/cmake_prefix_path.dsv'
[37.707s] INFO:colcon.colcon_core.shell:Creating environment hook '/home/jj/dual_dummy/src/arm_control/install/arm_control/share/arm_control/hook/cmake_prefix_path.sh'
[37.708s] Level 1:colcon.colcon_core.environment:checking '/home/jj/dual_dummy/src/arm_control/install/arm_control/lib'
[37.708s] Level 1:colcon.colcon_core.shell:create_environment_hook('arm_control', 'ld_library_path_lib')
[37.708s] INFO:colcon.colcon_core.shell:Creating environment hook '/home/jj/dual_dummy/src/arm_control/install/arm_control/share/arm_control/hook/ld_library_path_lib.ps1'
[37.709s] INFO:colcon.colcon_core.shell:Creating environment descriptor '/home/jj/dual_dummy/src/arm_control/install/arm_control/share/arm_control/hook/ld_library_path_lib.dsv'
[37.709s] INFO:colcon.colcon_core.shell:Creating environment hook '/home/jj/dual_dummy/src/arm_control/install/arm_control/share/arm_control/hook/ld_library_path_lib.sh'
[37.710s] Level 1:colcon.colcon_core.environment:checking '/home/jj/dual_dummy/src/arm_control/install/arm_control/bin'
[37.710s] Level 1:colcon.colcon_core.environment:checking '/home/jj/dual_dummy/src/arm_control/install/arm_control/lib/pkgconfig/arm_control.pc'
[37.710s] Level 1:colcon.colcon_core.environment:checking '/home/jj/dual_dummy/src/arm_control/install/arm_control/lib/python3.10/site-packages'
[37.711s] Level 1:colcon.colcon_core.environment:checking '/home/jj/dual_dummy/src/arm_control/install/arm_control/bin'
[37.711s] INFO:colcon.colcon_core.shell:Creating package script '/home/jj/dual_dummy/src/arm_control/install/arm_control/share/arm_control/package.ps1'
[37.712s] INFO:colcon.colcon_core.shell:Creating package descriptor '/home/jj/dual_dummy/src/arm_control/install/arm_control/share/arm_control/package.dsv'
[37.713s] INFO:colcon.colcon_core.shell:Creating package script '/home/jj/dual_dummy/src/arm_control/install/arm_control/share/arm_control/package.sh'
[37.714s] INFO:colcon.colcon_core.shell:Creating package script '/home/jj/dual_dummy/src/arm_control/install/arm_control/share/arm_control/package.bash'
[37.714s] INFO:colcon.colcon_core.shell:Creating package script '/home/jj/dual_dummy/src/arm_control/install/arm_control/share/arm_control/package.zsh'
[37.715s] Level 1:colcon.colcon_core.environment:create_file_with_runtime_dependencies(/home/jj/dual_dummy/src/arm_control/install/arm_control/share/colcon-core/packages/arm_control)
[37.716s] DEBUG:colcon.colcon_parallel_executor.executor.parallel:closing loop
[37.716s] DEBUG:colcon.colcon_parallel_executor.executor.parallel:loop closed
[37.717s] DEBUG:colcon.colcon_parallel_executor.executor.parallel:run_until_complete finished with '0'
[37.717s] DEBUG:colcon.colcon_core.event_reactor:joining thread
[37.730s] INFO:colcon.colcon_core.plugin_system:Skipping extension 'colcon_notification.desktop_notification.terminal_notifier': Not used on non-Darwin systems
[37.730s] INFO:colcon.colcon_core.plugin_system:Skipping extension 'colcon_notification.desktop_notification.win32': Not used on non-Windows systems
[37.730s] INFO:colcon.colcon_notification.desktop_notification:Sending desktop notification using 'notify2'
[37.771s] DEBUG:colcon.colcon_core.event_reactor:joined thread
[37.771s] INFO:colcon.colcon_core.shell:Creating prefix script '/home/jj/dual_dummy/src/arm_control/install/local_setup.ps1'
[37.773s] INFO:colcon.colcon_core.shell:Creating prefix util module '/home/jj/dual_dummy/src/arm_control/install/_local_setup_util_ps1.py'
[37.776s] INFO:colcon.colcon_core.shell:Creating prefix chain script '/home/jj/dual_dummy/src/arm_control/install/setup.ps1'
[37.778s] INFO:colcon.colcon_core.shell:Creating prefix script '/home/jj/dual_dummy/src/arm_control/install/local_setup.sh'
[37.780s] INFO:colcon.colcon_core.shell:Creating prefix util module '/home/jj/dual_dummy/src/arm_control/install/_local_setup_util_sh.py'
[37.781s] INFO:colcon.colcon_core.shell:Creating prefix chain script '/home/jj/dual_dummy/src/arm_control/install/setup.sh'
[37.783s] INFO:colcon.colcon_core.shell:Creating prefix script '/home/jj/dual_dummy/src/arm_control/install/local_setup.bash'
[37.784s] INFO:colcon.colcon_core.shell:Creating prefix chain script '/home/jj/dual_dummy/src/arm_control/install/setup.bash'
[37.786s] INFO:colcon.colcon_core.shell:Creating prefix script '/home/jj/dual_dummy/src/arm_control/install/local_setup.zsh'
[37.788s] INFO:colcon.colcon_core.shell:Creating prefix chain script '/home/jj/dual_dummy/src/arm_control/install/setup.zsh'
