[0.040s] Invoking command in '/home/jj/dual_dummy/build/arm_control': CMAKE_PREFIX_PATH=${CMAKE_PREFIX_PATH}:/home/jj/dual_dummy/install/dummy2_description:/opt/ros/humble /usr/bin/cmake --build /home/jj/dual_dummy/build/arm_control -- -j4 -l4
[0.768s] [  1%] Built target arm_control__cpp
[0.769s] [ 10%] Built target arm_control__rosidl_generator_c
[0.769s] [ 14%] Built target motionlib
[0.769s] [ 14%] Built target ament_cmake_python_copy_arm_control
[0.769s] [ 22%] Built target arm_control__rosidl_typesupport_fastrtps_cpp
[0.769s] [ 31%] Built target arm_control__rosidl_typesupport_cpp
[0.769s] [ 40%] Built target arm_control__rosidl_typesupport_introspection_c
[0.769s] [ 49%] Built target arm_control__rosidl_typesupport_c
[0.769s] [ 57%] Built target arm_control__rosidl_typesupport_introspection_cpp
[0.769s] [35m[1mConsolidate compiler generated dependencies of target ik_node[0m
[0.769s] [ 61%] Built target trajectory_node
[0.769s] [ 64%] Built target ik_node
[0.770s] [ 68%] Built target arm_controller_node
[0.770s] [ 71%] Built target trajectory_viewer
[0.770s] [ 80%] Built target arm_control__rosidl_typesupport_fastrtps_c
[0.770s] [ 80%] Built target arm_control
[0.770s] [ 82%] Built target arm_control__py
[0.818s] [ 89%] Built target arm_control__rosidl_generator_py
[0.891s] [ 92%] Built target arm_control__rosidl_typesupport_fastrtps_c__pyext
[0.919s] [ 96%] Built target arm_control__rosidl_typesupport_introspection_c__pyext
[0.921s] [100%] Built target arm_control__rosidl_typesupport_c__pyext
[0.945s] running egg_info
[0.946s] writing arm_control.egg-info/PKG-INFO
[0.946s] writing dependency_links to arm_control.egg-info/dependency_links.txt
[0.947s] writing top-level names to arm_control.egg-info/top_level.txt
[0.953s] reading manifest file 'arm_control.egg-info/SOURCES.txt'
[0.958s] writing manifest file 'arm_control.egg-info/SOURCES.txt'
[1.032s] [100%] Built target ament_cmake_python_build_arm_control_egg
[1.060s] Invoked command in '/home/jj/dual_dummy/build/arm_control' returned '0': CMAKE_PREFIX_PATH=${CMAKE_PREFIX_PATH}:/home/jj/dual_dummy/install/dummy2_description:/opt/ros/humble /usr/bin/cmake --build /home/jj/dual_dummy/build/arm_control -- -j4 -l4
[1.086s] Invoking command in '/home/jj/dual_dummy/build/arm_control': CMAKE_PREFIX_PATH=${CMAKE_PREFIX_PATH}:/home/jj/dual_dummy/install/dummy2_description:/opt/ros/humble /usr/bin/cmake --install /home/jj/dual_dummy/build/arm_control
[1.103s] -- Install configuration: ""
[1.103s] -- Up-to-date: /home/jj/dual_dummy/install/arm_control/share/ament_index/resource_index/rosidl_interfaces/arm_control
[1.103s] -- Up-to-date: /home/jj/dual_dummy/install/arm_control/include/arm_control/arm_control
[1.103s] -- Up-to-date: /home/jj/dual_dummy/install/arm_control/include/arm_control/arm_control/msg
[1.103s] -- Up-to-date: /home/jj/dual_dummy/install/arm_control/include/arm_control/arm_control/msg/control_command.h
[1.104s] -- Up-to-date: /home/jj/dual_dummy/install/arm_control/include/arm_control/arm_control/msg/rosidl_generator_c__visibility_control.h
[1.104s] -- Up-to-date: /home/jj/dual_dummy/install/arm_control/include/arm_control/arm_control/msg/ik_result.h
[1.104s] -- Up-to-date: /home/jj/dual_dummy/install/arm_control/include/arm_control/arm_control/msg/detail
[1.107s] -- Up-to-date: /home/jj/dual_dummy/install/arm_control/include/arm_control/arm_control/msg/detail/trajectory_point__functions.h
[1.107s] -- Up-to-date: /home/jj/dual_dummy/install/arm_control/include/arm_control/arm_control/msg/detail/control_command__type_support.h
[1.107s] -- Up-to-date: /home/jj/dual_dummy/install/arm_control/include/arm_control/arm_control/msg/detail/trajectory_point__struct.h
[1.108s] -- Up-to-date: /home/jj/dual_dummy/install/arm_control/include/arm_control/arm_control/msg/detail/ik_result__struct.h
[1.108s] -- Up-to-date: /home/jj/dual_dummy/install/arm_control/include/arm_control/arm_control/msg/detail/control_command__functions.h
[1.108s] -- Up-to-date: /home/jj/dual_dummy/install/arm_control/include/arm_control/arm_control/msg/detail/control_command__struct.h
[1.108s] -- Up-to-date: /home/jj/dual_dummy/install/arm_control/include/arm_control/arm_control/msg/detail/trajectory_point__functions.c
[1.108s] -- Up-to-date: /home/jj/dual_dummy/install/arm_control/include/arm_control/arm_control/msg/detail/ik_result__functions.c
[1.108s] -- Up-to-date: /home/jj/dual_dummy/install/arm_control/include/arm_control/arm_control/msg/detail/control_command__functions.c
[1.108s] -- Up-to-date: /home/jj/dual_dummy/install/arm_control/include/arm_control/arm_control/msg/detail/trajectory_point__type_support.h
[1.108s] -- Up-to-date: /home/jj/dual_dummy/install/arm_control/include/arm_control/arm_control/msg/detail/ik_result__type_support.h
[1.109s] -- Up-to-date: /home/jj/dual_dummy/install/arm_control/include/arm_control/arm_control/msg/detail/ik_result__functions.h
[1.109s] -- Up-to-date: /home/jj/dual_dummy/install/arm_control/include/arm_control/arm_control/msg/trajectory_point.h
[1.109s] -- Up-to-date: /home/jj/dual_dummy/install/arm_control/share/arm_control/environment/library_path.sh
[1.109s] -- Up-to-date: /home/jj/dual_dummy/install/arm_control/share/arm_control/environment/library_path.dsv
[1.109s] -- Up-to-date: /home/jj/dual_dummy/install/arm_control/lib/libarm_control__rosidl_generator_c.so
[1.109s] -- Up-to-date: /home/jj/dual_dummy/install/arm_control/include/arm_control/arm_control
[1.109s] -- Up-to-date: /home/jj/dual_dummy/install/arm_control/include/arm_control/arm_control/msg
[1.109s] -- Up-to-date: /home/jj/dual_dummy/install/arm_control/include/arm_control/arm_control/msg/rosidl_typesupport_fastrtps_c__visibility_control.h
[1.109s] -- Up-to-date: /home/jj/dual_dummy/install/arm_control/include/arm_control/arm_control/msg/detail
[1.109s] -- Up-to-date: /home/jj/dual_dummy/install/arm_control/include/arm_control/arm_control/msg/detail/ik_result__rosidl_typesupport_fastrtps_c.h
[1.109s] -- Up-to-date: /home/jj/dual_dummy/install/arm_control/include/arm_control/arm_control/msg/detail/control_command__rosidl_typesupport_fastrtps_c.h
[1.109s] -- Up-to-date: /home/jj/dual_dummy/install/arm_control/include/arm_control/arm_control/msg/detail/trajectory_point__rosidl_typesupport_fastrtps_c.h
[1.110s] -- Up-to-date: /home/jj/dual_dummy/install/arm_control/lib/libarm_control__rosidl_typesupport_fastrtps_c.so
[1.110s] -- Up-to-date: /home/jj/dual_dummy/install/arm_control/include/arm_control/arm_control
[1.110s] -- Up-to-date: /home/jj/dual_dummy/install/arm_control/include/arm_control/arm_control/msg
[1.110s] -- Up-to-date: /home/jj/dual_dummy/install/arm_control/include/arm_control/arm_control/msg/control_command.hpp
[1.110s] -- Up-to-date: /home/jj/dual_dummy/install/arm_control/include/arm_control/arm_control/msg/ik_result.hpp
[1.110s] -- Up-to-date: /home/jj/dual_dummy/install/arm_control/include/arm_control/arm_control/msg/rosidl_generator_cpp__visibility_control.hpp
[1.110s] -- Up-to-date: /home/jj/dual_dummy/install/arm_control/include/arm_control/arm_control/msg/trajectory_point.hpp
[1.110s] -- Up-to-date: /home/jj/dual_dummy/install/arm_control/include/arm_control/arm_control/msg/detail
[1.110s] -- Up-to-date: /home/jj/dual_dummy/install/arm_control/include/arm_control/arm_control/msg/detail/control_command__type_support.hpp
[1.110s] -- Up-to-date: /home/jj/dual_dummy/install/arm_control/include/arm_control/arm_control/msg/detail/trajectory_point__type_support.hpp
[1.110s] -- Up-to-date: /home/jj/dual_dummy/install/arm_control/include/arm_control/arm_control/msg/detail/trajectory_point__struct.hpp
[1.110s] -- Up-to-date: /home/jj/dual_dummy/install/arm_control/include/arm_control/arm_control/msg/detail/ik_result__builder.hpp
[1.110s] -- Up-to-date: /home/jj/dual_dummy/install/arm_control/include/arm_control/arm_control/msg/detail/control_command__struct.hpp
[1.110s] -- Up-to-date: /home/jj/dual_dummy/install/arm_control/include/arm_control/arm_control/msg/detail/trajectory_point__builder.hpp
[1.110s] -- Up-to-date: /home/jj/dual_dummy/install/arm_control/include/arm_control/arm_control/msg/detail/ik_result__struct.hpp
[1.111s] -- Up-to-date: /home/jj/dual_dummy/install/arm_control/include/arm_control/arm_control/msg/detail/control_command__builder.hpp
[1.115s] -- Up-to-date: /home/jj/dual_dummy/install/arm_control/include/arm_control/arm_control/msg/detail/ik_result__type_support.hpp
[1.115s] -- Up-to-date: /home/jj/dual_dummy/install/arm_control/include/arm_control/arm_control/msg/detail/control_command__traits.hpp
[1.115s] -- Up-to-date: /home/jj/dual_dummy/install/arm_control/include/arm_control/arm_control/msg/detail/trajectory_point__traits.hpp
[1.115s] -- Up-to-date: /home/jj/dual_dummy/install/arm_control/include/arm_control/arm_control/msg/detail/ik_result__traits.hpp
[1.115s] -- Up-to-date: /home/jj/dual_dummy/install/arm_control/include/arm_control/arm_control
[1.115s] -- Up-to-date: /home/jj/dual_dummy/install/arm_control/include/arm_control/arm_control/msg
[1.115s] -- Up-to-date: /home/jj/dual_dummy/install/arm_control/include/arm_control/arm_control/msg/rosidl_typesupport_fastrtps_cpp__visibility_control.h
[1.116s] -- Up-to-date: /home/jj/dual_dummy/install/arm_control/include/arm_control/arm_control/msg/detail
[1.116s] -- Up-to-date: /home/jj/dual_dummy/install/arm_control/include/arm_control/arm_control/msg/detail/dds_fastrtps
[1.116s] -- Up-to-date: /home/jj/dual_dummy/install/arm_control/include/arm_control/arm_control/msg/detail/ik_result__rosidl_typesupport_fastrtps_cpp.hpp
[1.116s] -- Up-to-date: /home/jj/dual_dummy/install/arm_control/include/arm_control/arm_control/msg/detail/control_command__rosidl_typesupport_fastrtps_cpp.hpp
[1.116s] -- Up-to-date: /home/jj/dual_dummy/install/arm_control/include/arm_control/arm_control/msg/detail/trajectory_point__rosidl_typesupport_fastrtps_cpp.hpp
[1.116s] -- Up-to-date: /home/jj/dual_dummy/install/arm_control/lib/libarm_control__rosidl_typesupport_fastrtps_cpp.so
[1.116s] -- Up-to-date: /home/jj/dual_dummy/install/arm_control/include/arm_control/arm_control
[1.116s] -- Up-to-date: /home/jj/dual_dummy/install/arm_control/include/arm_control/arm_control/msg
[1.116s] -- Up-to-date: /home/jj/dual_dummy/install/arm_control/include/arm_control/arm_control/msg/rosidl_typesupport_introspection_c__visibility_control.h
[1.116s] -- Up-to-date: /home/jj/dual_dummy/install/arm_control/include/arm_control/arm_control/msg/detail
[1.116s] -- Up-to-date: /home/jj/dual_dummy/install/arm_control/include/arm_control/arm_control/msg/detail/trajectory_point__rosidl_typesupport_introspection_c.h
[1.116s] -- Up-to-date: /home/jj/dual_dummy/install/arm_control/include/arm_control/arm_control/msg/detail/ik_result__rosidl_typesupport_introspection_c.h
[1.117s] -- Up-to-date: /home/jj/dual_dummy/install/arm_control/include/arm_control/arm_control/msg/detail/control_command__rosidl_typesupport_introspection_c.h
[1.117s] -- Up-to-date: /home/jj/dual_dummy/install/arm_control/include/arm_control/arm_control/msg/detail/control_command__type_support.c
[1.117s] -- Up-to-date: /home/jj/dual_dummy/install/arm_control/include/arm_control/arm_control/msg/detail/trajectory_point__type_support.c
[1.117s] -- Up-to-date: /home/jj/dual_dummy/install/arm_control/include/arm_control/arm_control/msg/detail/ik_result__type_support.c
[1.117s] -- Up-to-date: /home/jj/dual_dummy/install/arm_control/lib/libarm_control__rosidl_typesupport_introspection_c.so
[1.117s] -- Up-to-date: /home/jj/dual_dummy/install/arm_control/lib/libarm_control__rosidl_typesupport_c.so
[1.117s] -- Up-to-date: /home/jj/dual_dummy/install/arm_control/include/arm_control/arm_control
[1.117s] -- Up-to-date: /home/jj/dual_dummy/install/arm_control/include/arm_control/arm_control/msg
[1.117s] -- Up-to-date: /home/jj/dual_dummy/install/arm_control/include/arm_control/arm_control/msg/detail
[1.117s] -- Up-to-date: /home/jj/dual_dummy/install/arm_control/include/arm_control/arm_control/msg/detail/control_command__type_support.cpp
[1.118s] -- Up-to-date: /home/jj/dual_dummy/install/arm_control/include/arm_control/arm_control/msg/detail/trajectory_point__type_support.cpp
[1.118s] -- Up-to-date: /home/jj/dual_dummy/install/arm_control/include/arm_control/arm_control/msg/detail/trajectory_point__rosidl_typesupport_introspection_cpp.hpp
[1.118s] -- Up-to-date: /home/jj/dual_dummy/install/arm_control/include/arm_control/arm_control/msg/detail/control_command__rosidl_typesupport_introspection_cpp.hpp
[1.118s] -- Up-to-date: /home/jj/dual_dummy/install/arm_control/include/arm_control/arm_control/msg/detail/ik_result__type_support.cpp
[1.118s] -- Up-to-date: /home/jj/dual_dummy/install/arm_control/include/arm_control/arm_control/msg/detail/ik_result__rosidl_typesupport_introspection_cpp.hpp
[1.118s] -- Up-to-date: /home/jj/dual_dummy/install/arm_control/lib/libarm_control__rosidl_typesupport_introspection_cpp.so
[1.119s] -- Up-to-date: /home/jj/dual_dummy/install/arm_control/lib/libarm_control__rosidl_typesupport_cpp.so
[1.119s] -- Up-to-date: /home/jj/dual_dummy/install/arm_control/share/arm_control/environment/pythonpath.sh
[1.119s] -- Up-to-date: /home/jj/dual_dummy/install/arm_control/share/arm_control/environment/pythonpath.dsv
[1.119s] -- Up-to-date: /home/jj/dual_dummy/install/arm_control/local/lib/python3.10/dist-packages/arm_control-0.0.0-py3.10.egg-info
[1.119s] -- Installing: /home/jj/dual_dummy/install/arm_control/local/lib/python3.10/dist-packages/arm_control-0.0.0-py3.10.egg-info/top_level.txt
[1.119s] -- Installing: /home/jj/dual_dummy/install/arm_control/local/lib/python3.10/dist-packages/arm_control-0.0.0-py3.10.egg-info/dependency_links.txt
[1.119s] -- Installing: /home/jj/dual_dummy/install/arm_control/local/lib/python3.10/dist-packages/arm_control-0.0.0-py3.10.egg-info/SOURCES.txt
[1.119s] -- Installing: /home/jj/dual_dummy/install/arm_control/local/lib/python3.10/dist-packages/arm_control-0.0.0-py3.10.egg-info/PKG-INFO
[1.120s] -- Up-to-date: /home/jj/dual_dummy/install/arm_control/local/lib/python3.10/dist-packages/arm_control
[1.120s] -- Up-to-date: /home/jj/dual_dummy/install/arm_control/local/lib/python3.10/dist-packages/arm_control/arm_control_s__rosidl_typesupport_introspection_c.cpython-310-x86_64-linux-gnu.so
[1.120s] -- Up-to-date: /home/jj/dual_dummy/install/arm_control/local/lib/python3.10/dist-packages/arm_control/_arm_control_s.ep.rosidl_typesupport_c.c
[1.120s] -- Up-to-date: /home/jj/dual_dummy/install/arm_control/local/lib/python3.10/dist-packages/arm_control/__init__.py
[1.120s] -- Up-to-date: /home/jj/dual_dummy/install/arm_control/local/lib/python3.10/dist-packages/arm_control/_arm_control_s.ep.rosidl_typesupport_fastrtps_c.c
[1.121s] -- Up-to-date: /home/jj/dual_dummy/install/arm_control/local/lib/python3.10/dist-packages/arm_control/libarm_control__rosidl_generator_py.so
[1.121s] -- Up-to-date: /home/jj/dual_dummy/install/arm_control/local/lib/python3.10/dist-packages/arm_control/_arm_control_s.ep.rosidl_typesupport_introspection_c.c
[1.121s] -- Up-to-date: /home/jj/dual_dummy/install/arm_control/local/lib/python3.10/dist-packages/arm_control/arm_control_s__rosidl_typesupport_c.cpython-310-x86_64-linux-gnu.so
[1.121s] -- Up-to-date: /home/jj/dual_dummy/install/arm_control/local/lib/python3.10/dist-packages/arm_control/msg
[1.121s] -- Up-to-date: /home/jj/dual_dummy/install/arm_control/local/lib/python3.10/dist-packages/arm_control/msg/_ik_result_s.c
[1.121s] -- Up-to-date: /home/jj/dual_dummy/install/arm_control/local/lib/python3.10/dist-packages/arm_control/msg/_trajectory_point.py
[1.121s] -- Up-to-date: /home/jj/dual_dummy/install/arm_control/local/lib/python3.10/dist-packages/arm_control/msg/_control_command.py
[1.121s] -- Up-to-date: /home/jj/dual_dummy/install/arm_control/local/lib/python3.10/dist-packages/arm_control/msg/__init__.py
[1.121s] -- Up-to-date: /home/jj/dual_dummy/install/arm_control/local/lib/python3.10/dist-packages/arm_control/msg/_control_command_s.c
[1.121s] -- Up-to-date: /home/jj/dual_dummy/install/arm_control/local/lib/python3.10/dist-packages/arm_control/msg/_ik_result.py
[1.121s] -- Up-to-date: /home/jj/dual_dummy/install/arm_control/local/lib/python3.10/dist-packages/arm_control/msg/_trajectory_point_s.c
[1.121s] -- Up-to-date: /home/jj/dual_dummy/install/arm_control/local/lib/python3.10/dist-packages/arm_control/arm_control_s__rosidl_typesupport_fastrtps_c.cpython-310-x86_64-linux-gnu.so
[1.198s] Listing '/home/jj/dual_dummy/install/arm_control/local/lib/python3.10/dist-packages/arm_control'...
[1.198s] Listing '/home/jj/dual_dummy/install/arm_control/local/lib/python3.10/dist-packages/arm_control/msg'...
[1.206s] -- Up-to-date: /home/jj/dual_dummy/install/arm_control/local/lib/python3.10/dist-packages/arm_control/arm_control_s__rosidl_typesupport_fastrtps_c.cpython-310-x86_64-linux-gnu.so
[1.207s] -- Up-to-date: /home/jj/dual_dummy/install/arm_control/local/lib/python3.10/dist-packages/arm_control/arm_control_s__rosidl_typesupport_introspection_c.cpython-310-x86_64-linux-gnu.so
[1.207s] -- Up-to-date: /home/jj/dual_dummy/install/arm_control/local/lib/python3.10/dist-packages/arm_control/arm_control_s__rosidl_typesupport_c.cpython-310-x86_64-linux-gnu.so
[1.208s] -- Up-to-date: /home/jj/dual_dummy/install/arm_control/lib/libarm_control__rosidl_generator_py.so
[1.208s] -- Up-to-date: /home/jj/dual_dummy/install/arm_control/share/arm_control/msg/IKResult.idl
[1.209s] -- Up-to-date: /home/jj/dual_dummy/install/arm_control/share/arm_control/msg/TrajectoryPoint.idl
[1.209s] -- Up-to-date: /home/jj/dual_dummy/install/arm_control/share/arm_control/msg/ControlCommand.idl
[1.209s] -- Up-to-date: /home/jj/dual_dummy/install/arm_control/share/arm_control/msg/IKResult.msg
[1.210s] -- Up-to-date: /home/jj/dual_dummy/install/arm_control/share/arm_control/msg/TrajectoryPoint.msg
[1.211s] -- Up-to-date: /home/jj/dual_dummy/install/arm_control/share/arm_control/msg/ControlCommand.msg
[1.211s] -- Up-to-date: /home/jj/dual_dummy/install/arm_control/lib/arm_control/ik_node
[1.211s] -- Up-to-date: /home/jj/dual_dummy/install/arm_control/lib/arm_control/trajectory_node
[1.212s] -- Up-to-date: /home/jj/dual_dummy/install/arm_control/lib/arm_control/arm_controller_node
[1.218s] -- Up-to-date: /home/jj/dual_dummy/install/arm_control/lib/arm_control/trajectory_viewer
[1.218s] -- Up-to-date: /home/jj/dual_dummy/install/arm_control/share/arm_control/msg
[1.218s] -- Up-to-date: /home/jj/dual_dummy/install/arm_control/share/arm_control/msg/ControlCommand.msg
[1.218s] -- Up-to-date: /home/jj/dual_dummy/install/arm_control/share/arm_control/msg/TrajectoryPoint.msg
[1.218s] -- Up-to-date: /home/jj/dual_dummy/install/arm_control/share/arm_control/msg/IKResult.msg
[1.219s] -- Up-to-date: /home/jj/dual_dummy/install/arm_control/share/arm_control/launch
[1.219s] -- Up-to-date: /home/jj/dual_dummy/install/arm_control/share/arm_control/launch/ik_node.launch.py
[1.219s] -- Up-to-date: /home/jj/dual_dummy/install/arm_control/share/ament_index/resource_index/package_run_dependencies/arm_control
[1.219s] -- Up-to-date: /home/jj/dual_dummy/install/arm_control/share/ament_index/resource_index/parent_prefix_path/arm_control
[1.219s] -- Up-to-date: /home/jj/dual_dummy/install/arm_control/share/arm_control/environment/ament_prefix_path.sh
[1.219s] -- Up-to-date: /home/jj/dual_dummy/install/arm_control/share/arm_control/environment/ament_prefix_path.dsv
[1.219s] -- Up-to-date: /home/jj/dual_dummy/install/arm_control/share/arm_control/environment/path.sh
[1.219s] -- Up-to-date: /home/jj/dual_dummy/install/arm_control/share/arm_control/environment/path.dsv
[1.219s] -- Up-to-date: /home/jj/dual_dummy/install/arm_control/share/arm_control/local_setup.bash
[1.219s] -- Up-to-date: /home/jj/dual_dummy/install/arm_control/share/arm_control/local_setup.sh
[1.219s] -- Up-to-date: /home/jj/dual_dummy/install/arm_control/share/arm_control/local_setup.zsh
[1.219s] -- Up-to-date: /home/jj/dual_dummy/install/arm_control/share/arm_control/local_setup.dsv
[1.219s] -- Installing: /home/jj/dual_dummy/install/arm_control/share/arm_control/package.dsv
[1.219s] -- Up-to-date: /home/jj/dual_dummy/install/arm_control/share/ament_index/resource_index/packages/arm_control
[1.219s] -- Up-to-date: /home/jj/dual_dummy/install/arm_control/share/arm_control/cmake/export_arm_control__rosidl_generator_cExport.cmake
[1.220s] -- Up-to-date: /home/jj/dual_dummy/install/arm_control/share/arm_control/cmake/export_arm_control__rosidl_generator_cExport-noconfig.cmake
[1.220s] -- Up-to-date: /home/jj/dual_dummy/install/arm_control/share/arm_control/cmake/export_arm_control__rosidl_typesupport_fastrtps_cExport.cmake
[1.223s] -- Up-to-date: /home/jj/dual_dummy/install/arm_control/share/arm_control/cmake/export_arm_control__rosidl_typesupport_fastrtps_cExport-noconfig.cmake
[1.223s] -- Up-to-date: /home/jj/dual_dummy/install/arm_control/share/arm_control/cmake/export_arm_control__rosidl_generator_cppExport.cmake
[1.223s] -- Up-to-date: /home/jj/dual_dummy/install/arm_control/share/arm_control/cmake/export_arm_control__rosidl_typesupport_fastrtps_cppExport.cmake
[1.223s] -- Up-to-date: /home/jj/dual_dummy/install/arm_control/share/arm_control/cmake/export_arm_control__rosidl_typesupport_fastrtps_cppExport-noconfig.cmake
[1.224s] -- Up-to-date: /home/jj/dual_dummy/install/arm_control/share/arm_control/cmake/arm_control__rosidl_typesupport_introspection_cExport.cmake
[1.224s] -- Up-to-date: /home/jj/dual_dummy/install/arm_control/share/arm_control/cmake/arm_control__rosidl_typesupport_introspection_cExport-noconfig.cmake
[1.224s] -- Up-to-date: /home/jj/dual_dummy/install/arm_control/share/arm_control/cmake/arm_control__rosidl_typesupport_cExport.cmake
[1.224s] -- Up-to-date: /home/jj/dual_dummy/install/arm_control/share/arm_control/cmake/arm_control__rosidl_typesupport_cExport-noconfig.cmake
[1.224s] -- Up-to-date: /home/jj/dual_dummy/install/arm_control/share/arm_control/cmake/arm_control__rosidl_typesupport_introspection_cppExport.cmake
[1.224s] -- Up-to-date: /home/jj/dual_dummy/install/arm_control/share/arm_control/cmake/arm_control__rosidl_typesupport_introspection_cppExport-noconfig.cmake
[1.224s] -- Up-to-date: /home/jj/dual_dummy/install/arm_control/share/arm_control/cmake/arm_control__rosidl_typesupport_cppExport.cmake
[1.224s] -- Up-to-date: /home/jj/dual_dummy/install/arm_control/share/arm_control/cmake/arm_control__rosidl_typesupport_cppExport-noconfig.cmake
[1.224s] -- Up-to-date: /home/jj/dual_dummy/install/arm_control/share/arm_control/cmake/export_arm_control__rosidl_generator_pyExport.cmake
[1.224s] -- Up-to-date: /home/jj/dual_dummy/install/arm_control/share/arm_control/cmake/export_arm_control__rosidl_generator_pyExport-noconfig.cmake
[1.224s] -- Up-to-date: /home/jj/dual_dummy/install/arm_control/share/arm_control/cmake/rosidl_cmake-extras.cmake
[1.224s] -- Up-to-date: /home/jj/dual_dummy/install/arm_control/share/arm_control/cmake/ament_cmake_export_dependencies-extras.cmake
[1.225s] -- Up-to-date: /home/jj/dual_dummy/install/arm_control/share/arm_control/cmake/ament_cmake_export_include_directories-extras.cmake
[1.227s] -- Up-to-date: /home/jj/dual_dummy/install/arm_control/share/arm_control/cmake/ament_cmake_export_libraries-extras.cmake
[1.227s] -- Up-to-date: /home/jj/dual_dummy/install/arm_control/share/arm_control/cmake/ament_cmake_export_targets-extras.cmake
[1.227s] -- Up-to-date: /home/jj/dual_dummy/install/arm_control/share/arm_control/cmake/rosidl_cmake_export_typesupport_targets-extras.cmake
[1.227s] -- Up-to-date: /home/jj/dual_dummy/install/arm_control/share/arm_control/cmake/rosidl_cmake_export_typesupport_libraries-extras.cmake
[1.227s] -- Up-to-date: /home/jj/dual_dummy/install/arm_control/share/arm_control/cmake/arm_controlConfig.cmake
[1.227s] -- Up-to-date: /home/jj/dual_dummy/install/arm_control/share/arm_control/cmake/arm_controlConfig-version.cmake
[1.227s] -- Up-to-date: /home/jj/dual_dummy/install/arm_control/share/arm_control/package.xml
[1.238s] Invoked command in '/home/jj/dual_dummy/build/arm_control' returned '0': CMAKE_PREFIX_PATH=${CMAKE_PREFIX_PATH}:/home/jj/dual_dummy/install/dummy2_description:/opt/ros/humble /usr/bin/cmake --install /home/jj/dual_dummy/build/arm_control
