[0.986s] Invoking command in '/home/jj/dual_dummy/src/rboot_libs': PYTHONPATH=/home/jj/dual_dummy/build/rboot_libs/prefix_override:/usr/lib/python3/dist-packages/colcon_core/task/python/colcon_distutils_commands:/home/jj/dual_dummy/install/rboot_libs/lib/python3.10/site-packages:${PYTHONPATH} /usr/bin/python3 -W ignore:setup.py install is deprecated -W ignore:easy_install command is deprecated setup.py egg_info --egg-base ../../build/rboot_libs build --build-base /home/jj/dual_dummy/build/rboot_libs/build install --record /home/jj/dual_dummy/build/rboot_libs/install.log --single-version-externally-managed install_data
[1.292s] running egg_info
[1.294s] writing ../../build/rboot_libs/rboot_libs.egg-info/PKG-INFO
[1.296s] writing dependency_links to ../../build/rboot_libs/rboot_libs.egg-info/dependency_links.txt
[1.298s] writing entry points to ../../build/rboot_libs/rboot_libs.egg-info/entry_points.txt
[1.299s] writing requirements to ../../build/rboot_libs/rboot_libs.egg-info/requires.txt
[1.302s] writing top-level names to ../../build/rboot_libs/rboot_libs.egg-info/top_level.txt
[1.308s] reading manifest file '../../build/rboot_libs/rboot_libs.egg-info/SOURCES.txt'
[1.311s] writing manifest file '../../build/rboot_libs/rboot_libs.egg-info/SOURCES.txt'
[1.312s] running build
[1.313s] running build_py
[1.315s] running install
[1.318s] running install_lib
[1.318s] running install_data
[1.321s] running install_egg_info
[1.326s] removing '/home/jj/dual_dummy/install/rboot_libs/lib/python3.10/site-packages/rboot_libs-0.0.0-py3.10.egg-info' (and everything under it)
[1.327s] Copying ../../build/rboot_libs/rboot_libs.egg-info to /home/jj/dual_dummy/install/rboot_libs/lib/python3.10/site-packages/rboot_libs-0.0.0-py3.10.egg-info
[1.341s] running install_scripts
[1.399s] writing list of installed files to '/home/jj/dual_dummy/build/rboot_libs/install.log'
[1.490s] Invoked command in '/home/jj/dual_dummy/src/rboot_libs' returned '0': PYTHONPATH=/home/jj/dual_dummy/build/rboot_libs/prefix_override:/usr/lib/python3/dist-packages/colcon_core/task/python/colcon_distutils_commands:/home/jj/dual_dummy/install/rboot_libs/lib/python3.10/site-packages:${PYTHONPATH} /usr/bin/python3 -W ignore:setup.py install is deprecated -W ignore:easy_install command is deprecated setup.py egg_info --egg-base ../../build/rboot_libs build --build-base /home/jj/dual_dummy/build/rboot_libs/build install --record /home/jj/dual_dummy/build/rboot_libs/install.log --single-version-externally-managed install_data
