[2.619s] Invoking command in '/home/jj/dual_dummy/src/dummy2_description': PYTHONPATH=/home/jj/dual_dummy/build/dummy2_description/prefix_override:/usr/lib/python3/dist-packages/colcon_core/task/python/colcon_distutils_commands:/home/jj/dual_dummy/install/dummy2_description/lib/python3.10/site-packages:${PYTHONPATH} /usr/bin/python3 -W ignore:setup.py install is deprecated -W ignore:easy_install command is deprecated setup.py egg_info --egg-base ../../build/dummy2_description build --build-base /home/jj/dual_dummy/build/dummy2_description/build install --record /home/jj/dual_dummy/build/dummy2_description/install.log --single-version-externally-managed install_data
[3.026s] running egg_info
[3.028s] writing ../../build/dummy2_description/dummy2_description.egg-info/PKG-INFO
[3.028s] writing dependency_links to ../../build/dummy2_description/dummy2_description.egg-info/dependency_links.txt
[3.028s] writing entry points to ../../build/dummy2_description/dummy2_description.egg-info/entry_points.txt
[3.028s] writing requirements to ../../build/dummy2_description/dummy2_description.egg-info/requires.txt
[3.028s] writing top-level names to ../../build/dummy2_description/dummy2_description.egg-info/top_level.txt
[3.033s] reading manifest file '../../build/dummy2_description/dummy2_description.egg-info/SOURCES.txt'
[3.035s] writing manifest file '../../build/dummy2_description/dummy2_description.egg-info/SOURCES.txt'
[3.035s] running build
[3.035s] running build_py
[3.039s] running install
[3.040s] running install_lib
[3.047s] running install_data
[3.047s] running install_egg_info
[3.054s] removing '/home/jj/dual_dummy/install/dummy2_description/lib/python3.10/site-packages/dummy2_description-0.0.0-py3.10.egg-info' (and everything under it)
[3.055s] Copying ../../build/dummy2_description/dummy2_description.egg-info to /home/jj/dual_dummy/install/dummy2_description/lib/python3.10/site-packages/dummy2_description-0.0.0-py3.10.egg-info
[3.060s] running install_scripts
[3.133s] writing list of installed files to '/home/jj/dual_dummy/build/dummy2_description/install.log'
[3.242s] Invoked command in '/home/jj/dual_dummy/src/dummy2_description' returned '0': PYTHONPATH=/home/jj/dual_dummy/build/dummy2_description/prefix_override:/usr/lib/python3/dist-packages/colcon_core/task/python/colcon_distutils_commands:/home/jj/dual_dummy/install/dummy2_description/lib/python3.10/site-packages:${PYTHONPATH} /usr/bin/python3 -W ignore:setup.py install is deprecated -W ignore:easy_install command is deprecated setup.py egg_info --egg-base ../../build/dummy2_description build --build-base /home/jj/dual_dummy/build/dummy2_description/build install --record /home/jj/dual_dummy/build/dummy2_description/install.log --single-version-externally-managed install_data
