-- The C compiler identification is GNU 11.4.0
-- The CXX compiler identification is GNU 11.4.0
-- Detecting C compiler ABI info
-- Detecting C compiler ABI info - done
-- Check for working C compiler: /usr/bin/cc - skipped
-- Detecting C compile features
-- Detecting C compile features - done
-- Detecting CXX compiler ABI info
-- Detecting CXX compiler ABI info - done
-- Check for working CXX compiler: /usr/bin/c++ - skipped
-- Detecting CXX compile features
-- Detecting CXX compile features - done
-- Found ament_cmake: 1.3.11 (/opt/ros/humble/share/ament_cmake/cmake)
-- Found Python3: /usr/bin/python3 (found version "3.10.12") found components: Interpreter 
-- Found rosidl_default_generators: 1.2.0 (/opt/ros/humble/share/rosidl_default_generators/cmake)
-- Using all available rosidl_typesupport_c: rosidl_typesupport_fastrtps_c;rosidl_typesupport_introspection_c
-- Found rosidl_adapter: 3.1.6 (/opt/ros/humble/share/rosidl_adapter/cmake)
-- Using all available rosidl_typesupport_cpp: rosidl_typesupport_fastrtps_cpp;rosidl_typesupport_introspection_cpp
-- Found ament_cmake_ros: 0.10.0 (/opt/ros/humble/share/ament_cmake_ros/cmake)
-- Using all available rosidl_typesupport_c: rosidl_typesupport_fastrtps_c;rosidl_typesupport_introspection_c
-- Using all available rosidl_typesupport_cpp: rosidl_typesupport_fastrtps_cpp;rosidl_typesupport_introspection_cpp
-- Found PythonInterp: /usr/bin/python3 (found suitable version "3.10.12", minimum required is "3.6") 
-- Found python_cmake_module: 0.10.0 (/opt/ros/humble/share/python_cmake_module/cmake)
-- Found PythonLibs: /usr/lib/x86_64-linux-gnu/libpython3.10.so (found suitable version "3.10.12", minimum required is "3.5") 
-- Using PYTHON_EXECUTABLE: /usr/bin/python3
-- Using PYTHON_INCLUDE_DIRS: /usr/include/python3.10
-- Using PYTHON_LIBRARIES: /usr/lib/x86_64-linux-gnu/libpython3.10.so
-- Found PythonExtra: .so  
-- Found ament_lint_auto: 0.12.12 (/opt/ros/humble/share/ament_lint_auto/cmake)
-- Added test 'copyright' to check source files copyright and LICENSE
-- Added test 'lint_cmake' to check CMake code style
-- Added test 'xmllint' to check XML markup files
-- Configuring done
-- Generating done
-- Build files have been written to: /home/jj/dual_dummy/build/rboot_interface
[  1%] [34m[1mGenerating C code for ROS interfaces[0m
[  3%] [34m[1mGenerating C++ code for ROS interfaces[0m
[  3%] Built target ament_cmake_python_copy_rboot_interface
running egg_info
creating rboot_interface.egg-info
writing rboot_interface.egg-info/PKG-INFO
writing dependency_links to rboot_interface.egg-info/dependency_links.txt
writing top-level names to rboot_interface.egg-info/top_level.txt
writing manifest file 'rboot_interface.egg-info/SOURCES.txt'
reading manifest file 'rboot_interface.egg-info/SOURCES.txt'
writing manifest file 'rboot_interface.egg-info/SOURCES.txt'
[  3%] Built target ament_cmake_python_build_rboot_interface_egg
[  4%] [32mBuilding C object CMakeFiles/rboot_interface__rosidl_generator_c.dir/rosidl_generator_c/rboot_interface/msg/detail/object_position__functions.c.o[0m
[  6%] [32mBuilding C object CMakeFiles/rboot_interface__rosidl_generator_c.dir/rosidl_generator_c/rboot_interface/msg/detail/rboot_position__functions.c.o[0m
[  7%] [32mBuilding C object CMakeFiles/rboot_interface__rosidl_generator_c.dir/rosidl_generator_c/rboot_interface/srv/detail/add_two_ints__functions.c.o[0m
[  7%] Built target rboot_interface__cpp
[  9%] [34m[1mGenerating C++ type support dispatch for ROS interfaces[0m
[ 11%] [32mBuilding C object CMakeFiles/rboot_interface__rosidl_generator_c.dir/rosidl_generator_c/rboot_interface/srv/detail/get_object_position__functions.c.o[0m
[ 12%] [32mBuilding C object CMakeFiles/rboot_interface__rosidl_generator_c.dir/rosidl_generator_c/rboot_interface/action/detail/move_circle__functions.c.o[0m
[ 14%] [34m[1mGenerating C++ type support for eProsima Fast-RTPS[0m
[ 15%] [34m[1mGenerating C++ introspection for ROS interfaces[0m
[ 17%] [32m[1mLinking C shared library librboot_interface__rosidl_generator_c.so[0m
[ 17%] Built target rboot_interface__rosidl_generator_c
[ 19%] [34m[1mGenerating C type support for eProsima Fast-RTPS[0m
[ 20%] [32mBuilding CXX object CMakeFiles/rboot_interface__rosidl_typesupport_cpp.dir/rosidl_typesupport_cpp/rboot_interface/msg/object_position__type_support.cpp.o[0m
[ 22%] [32mBuilding CXX object CMakeFiles/rboot_interface__rosidl_typesupport_introspection_cpp.dir/rosidl_typesupport_introspection_cpp/rboot_interface/msg/detail/object_position__type_support.cpp.o[0m
[ 23%] [32mBuilding CXX object CMakeFiles/rboot_interface__rosidl_typesupport_fastrtps_cpp.dir/rosidl_typesupport_fastrtps_cpp/rboot_interface/msg/detail/dds_fastrtps/object_position__type_support.cpp.o[0m
[ 25%] [32mBuilding CXX object CMakeFiles/rboot_interface__rosidl_typesupport_fastrtps_c.dir/rosidl_typesupport_fastrtps_c/rboot_interface/msg/detail/object_position__type_support_c.cpp.o[0m
[ 26%] [32mBuilding CXX object CMakeFiles/rboot_interface__rosidl_typesupport_cpp.dir/rosidl_typesupport_cpp/rboot_interface/msg/rboot_position__type_support.cpp.o[0m
[ 28%] [32mBuilding CXX object CMakeFiles/rboot_interface__rosidl_typesupport_introspection_cpp.dir/rosidl_typesupport_introspection_cpp/rboot_interface/msg/detail/rboot_position__type_support.cpp.o[0m
[ 30%] [32mBuilding CXX object CMakeFiles/rboot_interface__rosidl_typesupport_cpp.dir/rosidl_typesupport_cpp/rboot_interface/srv/add_two_ints__type_support.cpp.o[0m
[ 31%] [32mBuilding CXX object CMakeFiles/rboot_interface__rosidl_typesupport_fastrtps_cpp.dir/rosidl_typesupport_fastrtps_cpp/rboot_interface/msg/detail/dds_fastrtps/rboot_position__type_support.cpp.o[0m
[ 33%] [32mBuilding CXX object CMakeFiles/rboot_interface__rosidl_typesupport_fastrtps_c.dir/rosidl_typesupport_fastrtps_c/rboot_interface/msg/detail/rboot_position__type_support_c.cpp.o[0m
[ 34%] [32mBuilding CXX object CMakeFiles/rboot_interface__rosidl_typesupport_cpp.dir/rosidl_typesupport_cpp/rboot_interface/srv/get_object_position__type_support.cpp.o[0m
[ 36%] [32mBuilding CXX object CMakeFiles/rboot_interface__rosidl_typesupport_introspection_cpp.dir/rosidl_typesupport_introspection_cpp/rboot_interface/srv/detail/add_two_ints__type_support.cpp.o[0m
[ 38%] [32mBuilding CXX object CMakeFiles/rboot_interface__rosidl_typesupport_cpp.dir/rosidl_typesupport_cpp/rboot_interface/action/move_circle__type_support.cpp.o[0m
[ 39%] [32mBuilding CXX object CMakeFiles/rboot_interface__rosidl_typesupport_fastrtps_c.dir/rosidl_typesupport_fastrtps_c/rboot_interface/srv/detail/add_two_ints__type_support_c.cpp.o[0m
[ 41%] [32mBuilding CXX object CMakeFiles/rboot_interface__rosidl_typesupport_fastrtps_cpp.dir/rosidl_typesupport_fastrtps_cpp/rboot_interface/srv/detail/dds_fastrtps/add_two_ints__type_support.cpp.o[0m
[ 42%] [32mBuilding CXX object CMakeFiles/rboot_interface__rosidl_typesupport_introspection_cpp.dir/rosidl_typesupport_introspection_cpp/rboot_interface/srv/detail/get_object_position__type_support.cpp.o[0m
[ 44%] [32mBuilding CXX object CMakeFiles/rboot_interface__rosidl_typesupport_fastrtps_cpp.dir/rosidl_typesupport_fastrtps_cpp/rboot_interface/srv/detail/dds_fastrtps/get_object_position__type_support.cpp.o[0m
[ 46%] [32mBuilding CXX object CMakeFiles/rboot_interface__rosidl_typesupport_fastrtps_c.dir/rosidl_typesupport_fastrtps_c/rboot_interface/srv/detail/get_object_position__type_support_c.cpp.o[0m
[ 47%] [32m[1mLinking CXX shared library librboot_interface__rosidl_typesupport_cpp.so[0m
[ 47%] Built target rboot_interface__rosidl_typesupport_cpp
[ 49%] [34m[1mGenerating C introspection for ROS interfaces[0m
[ 52%] [32mBuilding CXX object CMakeFiles/rboot_interface__rosidl_typesupport_fastrtps_c.dir/rosidl_typesupport_fastrtps_c/rboot_interface/action/detail/move_circle__type_support_c.cpp.o[0m
[ 52%] [32mBuilding CXX object CMakeFiles/rboot_interface__rosidl_typesupport_introspection_cpp.dir/rosidl_typesupport_introspection_cpp/rboot_interface/action/detail/move_circle__type_support.cpp.o[0m
[ 53%] [32mBuilding CXX object CMakeFiles/rboot_interface__rosidl_typesupport_fastrtps_cpp.dir/rosidl_typesupport_fastrtps_cpp/rboot_interface/action/detail/dds_fastrtps/move_circle__type_support.cpp.o[0m
[ 55%] [32m[1mLinking CXX shared library librboot_interface__rosidl_typesupport_fastrtps_c.so[0m
[ 55%] Built target rboot_interface__rosidl_typesupport_fastrtps_c
[ 57%] [34m[1mGenerating C type support dispatch for ROS interfaces[0m
[ 58%] [32m[1mLinking CXX shared library librboot_interface__rosidl_typesupport_introspection_cpp.so[0m
[ 60%] [32mBuilding C object CMakeFiles/rboot_interface__rosidl_typesupport_introspection_c.dir/rosidl_typesupport_introspection_c/rboot_interface/msg/detail/object_position__type_support.c.o[0m
[ 61%] [32mBuilding C object CMakeFiles/rboot_interface__rosidl_typesupport_introspection_c.dir/rosidl_typesupport_introspection_c/rboot_interface/msg/detail/rboot_position__type_support.c.o[0m
[ 63%] [32mBuilding C object CMakeFiles/rboot_interface__rosidl_typesupport_introspection_c.dir/rosidl_typesupport_introspection_c/rboot_interface/srv/detail/add_two_ints__type_support.c.o[0m
[ 63%] Built target rboot_interface__rosidl_typesupport_introspection_cpp
[ 65%] [32mBuilding C object CMakeFiles/rboot_interface__rosidl_typesupport_introspection_c.dir/rosidl_typesupport_introspection_c/rboot_interface/srv/detail/get_object_position__type_support.c.o[0m
[ 66%] [32mBuilding C object CMakeFiles/rboot_interface__rosidl_typesupport_introspection_c.dir/rosidl_typesupport_introspection_c/rboot_interface/action/detail/move_circle__type_support.c.o[0m
[ 68%] [32m[1mLinking CXX shared library librboot_interface__rosidl_typesupport_fastrtps_cpp.so[0m
[ 69%] [32m[1mLinking C shared library librboot_interface__rosidl_typesupport_introspection_c.so[0m
[ 69%] Built target rboot_interface__rosidl_typesupport_introspection_c
[ 69%] Built target rboot_interface__rosidl_typesupport_fastrtps_cpp
[ 71%] [32mBuilding CXX object CMakeFiles/rboot_interface__rosidl_typesupport_c.dir/rosidl_typesupport_c/rboot_interface/msg/object_position__type_support.cpp.o[0m
[ 73%] [32mBuilding CXX object CMakeFiles/rboot_interface__rosidl_typesupport_c.dir/rosidl_typesupport_c/rboot_interface/srv/get_object_position__type_support.cpp.o[0m
[ 74%] [32mBuilding CXX object CMakeFiles/rboot_interface__rosidl_typesupport_c.dir/rosidl_typesupport_c/rboot_interface/action/move_circle__type_support.cpp.o[0m
[ 76%] [32mBuilding CXX object CMakeFiles/rboot_interface__rosidl_typesupport_c.dir/rosidl_typesupport_c/rboot_interface/srv/add_two_ints__type_support.cpp.o[0m
[ 77%] [32mBuilding CXX object CMakeFiles/rboot_interface__rosidl_typesupport_c.dir/rosidl_typesupport_c/rboot_interface/msg/rboot_position__type_support.cpp.o[0m
[ 79%] [32m[1mLinking CXX shared library librboot_interface__rosidl_typesupport_c.so[0m
[ 79%] Built target rboot_interface__rosidl_typesupport_c
[ 79%] Built target rboot_interface
[ 80%] [34m[1mGenerating Python code for ROS interfaces[0m
[ 80%] Built target rboot_interface__py
[ 82%] [32mBuilding C object CMakeFiles/rboot_interface__rosidl_generator_py.dir/rosidl_generator_py/rboot_interface/msg/_object_position_s.c.o[0m
[ 84%] [32mBuilding C object CMakeFiles/rboot_interface__rosidl_generator_py.dir/rosidl_generator_py/rboot_interface/srv/_get_object_position_s.c.o[0m
[ 85%] [32mBuilding C object CMakeFiles/rboot_interface__rosidl_generator_py.dir/rosidl_generator_py/rboot_interface/action/_move_circle_s.c.o[0m
[ 87%] [32mBuilding C object CMakeFiles/rboot_interface__rosidl_generator_py.dir/rosidl_generator_py/rboot_interface/srv/_add_two_ints_s.c.o[0m
[ 88%] [32mBuilding C object CMakeFiles/rboot_interface__rosidl_generator_py.dir/rosidl_generator_py/rboot_interface/msg/_rboot_position_s.c.o[0m
[ 90%] [32m[1mLinking C shared library rosidl_generator_py/rboot_interface/librboot_interface__rosidl_generator_py.so[0m
[ 90%] Built target rboot_interface__rosidl_generator_py
[ 92%] [32mBuilding C object CMakeFiles/rboot_interface__rosidl_typesupport_fastrtps_c__pyext.dir/rosidl_generator_py/rboot_interface/_rboot_interface_s.ep.rosidl_typesupport_fastrtps_c.c.o[0m
[ 93%] [32m[1mLinking C shared library rosidl_generator_py/rboot_interface/rboot_interface_s__rosidl_typesupport_fastrtps_c.cpython-310-x86_64-linux-gnu.so[0m
[ 93%] Built target rboot_interface__rosidl_typesupport_fastrtps_c__pyext
[ 95%] [32mBuilding C object CMakeFiles/rboot_interface__rosidl_typesupport_c__pyext.dir/rosidl_generator_py/rboot_interface/_rboot_interface_s.ep.rosidl_typesupport_c.c.o[0m
[ 96%] [32m[1mLinking C shared library rosidl_generator_py/rboot_interface/rboot_interface_s__rosidl_typesupport_c.cpython-310-x86_64-linux-gnu.so[0m
[ 96%] Built target rboot_interface__rosidl_typesupport_c__pyext
[ 98%] [32mBuilding C object CMakeFiles/rboot_interface__rosidl_typesupport_introspection_c__pyext.dir/rosidl_generator_py/rboot_interface/_rboot_interface_s.ep.rosidl_typesupport_introspection_c.c.o[0m
[100%] [32m[1mLinking C shared library rosidl_generator_py/rboot_interface/rboot_interface_s__rosidl_typesupport_introspection_c.cpython-310-x86_64-linux-gnu.so[0m
[100%] Built target rboot_interface__rosidl_typesupport_introspection_c__pyext
-- Install configuration: ""
-- Installing: /home/jj/dual_dummy/install/rboot_interface/share/ament_index/resource_index/rosidl_interfaces/rboot_interface
-- Installing: /home/jj/dual_dummy/install/rboot_interface/include/rboot_interface/rboot_interface
-- Installing: /home/jj/dual_dummy/install/rboot_interface/include/rboot_interface/rboot_interface/srv
-- Installing: /home/jj/dual_dummy/install/rboot_interface/include/rboot_interface/rboot_interface/srv/add_two_ints.h
-- Installing: /home/jj/dual_dummy/install/rboot_interface/include/rboot_interface/rboot_interface/srv/get_object_position.h
-- Installing: /home/jj/dual_dummy/install/rboot_interface/include/rboot_interface/rboot_interface/srv/detail
-- Installing: /home/jj/dual_dummy/install/rboot_interface/include/rboot_interface/rboot_interface/srv/detail/get_object_position__functions.c
-- Installing: /home/jj/dual_dummy/install/rboot_interface/include/rboot_interface/rboot_interface/srv/detail/add_two_ints__functions.c
-- Installing: /home/jj/dual_dummy/install/rboot_interface/include/rboot_interface/rboot_interface/srv/detail/get_object_position__type_support.h
-- Installing: /home/jj/dual_dummy/install/rboot_interface/include/rboot_interface/rboot_interface/srv/detail/add_two_ints__type_support.h
-- Installing: /home/jj/dual_dummy/install/rboot_interface/include/rboot_interface/rboot_interface/srv/detail/get_object_position__struct.h
-- Installing: /home/jj/dual_dummy/install/rboot_interface/include/rboot_interface/rboot_interface/srv/detail/get_object_position__functions.h
-- Installing: /home/jj/dual_dummy/install/rboot_interface/include/rboot_interface/rboot_interface/srv/detail/add_two_ints__struct.h
-- Installing: /home/jj/dual_dummy/install/rboot_interface/include/rboot_interface/rboot_interface/srv/detail/add_two_ints__functions.h
-- Installing: /home/jj/dual_dummy/install/rboot_interface/include/rboot_interface/rboot_interface/action
-- Installing: /home/jj/dual_dummy/install/rboot_interface/include/rboot_interface/rboot_interface/action/move_circle.h
-- Installing: /home/jj/dual_dummy/install/rboot_interface/include/rboot_interface/rboot_interface/action/detail
-- Installing: /home/jj/dual_dummy/install/rboot_interface/include/rboot_interface/rboot_interface/action/detail/move_circle__functions.h
-- Installing: /home/jj/dual_dummy/install/rboot_interface/include/rboot_interface/rboot_interface/action/detail/move_circle__struct.h
-- Installing: /home/jj/dual_dummy/install/rboot_interface/include/rboot_interface/rboot_interface/action/detail/move_circle__functions.c
-- Installing: /home/jj/dual_dummy/install/rboot_interface/include/rboot_interface/rboot_interface/action/detail/move_circle__type_support.h
-- Installing: /home/jj/dual_dummy/install/rboot_interface/include/rboot_interface/rboot_interface/msg
-- Installing: /home/jj/dual_dummy/install/rboot_interface/include/rboot_interface/rboot_interface/msg/rboot_position.h
-- Installing: /home/jj/dual_dummy/install/rboot_interface/include/rboot_interface/rboot_interface/msg/rosidl_generator_c__visibility_control.h
-- Installing: /home/jj/dual_dummy/install/rboot_interface/include/rboot_interface/rboot_interface/msg/object_position.h
-- Installing: /home/jj/dual_dummy/install/rboot_interface/include/rboot_interface/rboot_interface/msg/detail
-- Installing: /home/jj/dual_dummy/install/rboot_interface/include/rboot_interface/rboot_interface/msg/detail/object_position__functions.c
-- Installing: /home/jj/dual_dummy/install/rboot_interface/include/rboot_interface/rboot_interface/msg/detail/rboot_position__struct.h
-- Installing: /home/jj/dual_dummy/install/rboot_interface/include/rboot_interface/rboot_interface/msg/detail/object_position__type_support.h
-- Installing: /home/jj/dual_dummy/install/rboot_interface/include/rboot_interface/rboot_interface/msg/detail/rboot_position__type_support.h
-- Installing: /home/jj/dual_dummy/install/rboot_interface/include/rboot_interface/rboot_interface/msg/detail/rboot_position__functions.h
-- Installing: /home/jj/dual_dummy/install/rboot_interface/include/rboot_interface/rboot_interface/msg/detail/object_position__functions.h
-- Installing: /home/jj/dual_dummy/install/rboot_interface/include/rboot_interface/rboot_interface/msg/detail/rboot_position__functions.c
-- Installing: /home/jj/dual_dummy/install/rboot_interface/include/rboot_interface/rboot_interface/msg/detail/object_position__struct.h
-- Installing: /home/jj/dual_dummy/install/rboot_interface/share/rboot_interface/environment/library_path.sh
-- Installing: /home/jj/dual_dummy/install/rboot_interface/share/rboot_interface/environment/library_path.dsv
-- Installing: /home/jj/dual_dummy/install/rboot_interface/lib/librboot_interface__rosidl_generator_c.so
-- Set runtime path of "/home/jj/dual_dummy/install/rboot_interface/lib/librboot_interface__rosidl_generator_c.so" to ""
-- Up-to-date: /home/jj/dual_dummy/install/rboot_interface/include/rboot_interface/rboot_interface
-- Up-to-date: /home/jj/dual_dummy/install/rboot_interface/include/rboot_interface/rboot_interface/srv
-- Up-to-date: /home/jj/dual_dummy/install/rboot_interface/include/rboot_interface/rboot_interface/srv/detail
-- Installing: /home/jj/dual_dummy/install/rboot_interface/include/rboot_interface/rboot_interface/srv/detail/get_object_position__rosidl_typesupport_fastrtps_c.h
-- Installing: /home/jj/dual_dummy/install/rboot_interface/include/rboot_interface/rboot_interface/srv/detail/add_two_ints__rosidl_typesupport_fastrtps_c.h
-- Up-to-date: /home/jj/dual_dummy/install/rboot_interface/include/rboot_interface/rboot_interface/action
-- Up-to-date: /home/jj/dual_dummy/install/rboot_interface/include/rboot_interface/rboot_interface/action/detail
-- Installing: /home/jj/dual_dummy/install/rboot_interface/include/rboot_interface/rboot_interface/action/detail/move_circle__rosidl_typesupport_fastrtps_c.h
-- Up-to-date: /home/jj/dual_dummy/install/rboot_interface/include/rboot_interface/rboot_interface/msg
-- Installing: /home/jj/dual_dummy/install/rboot_interface/include/rboot_interface/rboot_interface/msg/rosidl_typesupport_fastrtps_c__visibility_control.h
-- Up-to-date: /home/jj/dual_dummy/install/rboot_interface/include/rboot_interface/rboot_interface/msg/detail
-- Installing: /home/jj/dual_dummy/install/rboot_interface/include/rboot_interface/rboot_interface/msg/detail/rboot_position__rosidl_typesupport_fastrtps_c.h
-- Installing: /home/jj/dual_dummy/install/rboot_interface/include/rboot_interface/rboot_interface/msg/detail/object_position__rosidl_typesupport_fastrtps_c.h
-- Installing: /home/jj/dual_dummy/install/rboot_interface/lib/librboot_interface__rosidl_typesupport_fastrtps_c.so
-- Set runtime path of "/home/jj/dual_dummy/install/rboot_interface/lib/librboot_interface__rosidl_typesupport_fastrtps_c.so" to ""
-- Up-to-date: /home/jj/dual_dummy/install/rboot_interface/include/rboot_interface/rboot_interface
-- Up-to-date: /home/jj/dual_dummy/install/rboot_interface/include/rboot_interface/rboot_interface/srv
-- Up-to-date: /home/jj/dual_dummy/install/rboot_interface/include/rboot_interface/rboot_interface/srv/detail
-- Installing: /home/jj/dual_dummy/install/rboot_interface/include/rboot_interface/rboot_interface/srv/detail/add_two_ints__type_support.c
-- Installing: /home/jj/dual_dummy/install/rboot_interface/include/rboot_interface/rboot_interface/srv/detail/add_two_ints__rosidl_typesupport_introspection_c.h
-- Installing: /home/jj/dual_dummy/install/rboot_interface/include/rboot_interface/rboot_interface/srv/detail/get_object_position__type_support.c
-- Installing: /home/jj/dual_dummy/install/rboot_interface/include/rboot_interface/rboot_interface/srv/detail/get_object_position__rosidl_typesupport_introspection_c.h
-- Up-to-date: /home/jj/dual_dummy/install/rboot_interface/include/rboot_interface/rboot_interface/action
-- Up-to-date: /home/jj/dual_dummy/install/rboot_interface/include/rboot_interface/rboot_interface/action/detail
-- Installing: /home/jj/dual_dummy/install/rboot_interface/include/rboot_interface/rboot_interface/action/detail/move_circle__rosidl_typesupport_introspection_c.h
-- Installing: /home/jj/dual_dummy/install/rboot_interface/include/rboot_interface/rboot_interface/action/detail/move_circle__type_support.c
-- Up-to-date: /home/jj/dual_dummy/install/rboot_interface/include/rboot_interface/rboot_interface/msg
-- Installing: /home/jj/dual_dummy/install/rboot_interface/include/rboot_interface/rboot_interface/msg/rosidl_typesupport_introspection_c__visibility_control.h
-- Up-to-date: /home/jj/dual_dummy/install/rboot_interface/include/rboot_interface/rboot_interface/msg/detail
-- Installing: /home/jj/dual_dummy/install/rboot_interface/include/rboot_interface/rboot_interface/msg/detail/object_position__type_support.c
-- Installing: /home/jj/dual_dummy/install/rboot_interface/include/rboot_interface/rboot_interface/msg/detail/object_position__rosidl_typesupport_introspection_c.h
-- Installing: /home/jj/dual_dummy/install/rboot_interface/include/rboot_interface/rboot_interface/msg/detail/rboot_position__type_support.c
-- Installing: /home/jj/dual_dummy/install/rboot_interface/include/rboot_interface/rboot_interface/msg/detail/rboot_position__rosidl_typesupport_introspection_c.h
-- Installing: /home/jj/dual_dummy/install/rboot_interface/lib/librboot_interface__rosidl_typesupport_introspection_c.so
-- Set runtime path of "/home/jj/dual_dummy/install/rboot_interface/lib/librboot_interface__rosidl_typesupport_introspection_c.so" to ""
-- Installing: /home/jj/dual_dummy/install/rboot_interface/lib/librboot_interface__rosidl_typesupport_c.so
-- Set runtime path of "/home/jj/dual_dummy/install/rboot_interface/lib/librboot_interface__rosidl_typesupport_c.so" to ""
-- Up-to-date: /home/jj/dual_dummy/install/rboot_interface/include/rboot_interface/rboot_interface
-- Up-to-date: /home/jj/dual_dummy/install/rboot_interface/include/rboot_interface/rboot_interface/srv
-- Installing: /home/jj/dual_dummy/install/rboot_interface/include/rboot_interface/rboot_interface/srv/add_two_ints.hpp
-- Installing: /home/jj/dual_dummy/install/rboot_interface/include/rboot_interface/rboot_interface/srv/get_object_position.hpp
-- Up-to-date: /home/jj/dual_dummy/install/rboot_interface/include/rboot_interface/rboot_interface/srv/detail
-- Installing: /home/jj/dual_dummy/install/rboot_interface/include/rboot_interface/rboot_interface/srv/detail/get_object_position__type_support.hpp
-- Installing: /home/jj/dual_dummy/install/rboot_interface/include/rboot_interface/rboot_interface/srv/detail/get_object_position__struct.hpp
-- Installing: /home/jj/dual_dummy/install/rboot_interface/include/rboot_interface/rboot_interface/srv/detail/add_two_ints__builder.hpp
-- Installing: /home/jj/dual_dummy/install/rboot_interface/include/rboot_interface/rboot_interface/srv/detail/add_two_ints__type_support.hpp
-- Installing: /home/jj/dual_dummy/install/rboot_interface/include/rboot_interface/rboot_interface/srv/detail/get_object_position__traits.hpp
-- Installing: /home/jj/dual_dummy/install/rboot_interface/include/rboot_interface/rboot_interface/srv/detail/add_two_ints__struct.hpp
-- Installing: /home/jj/dual_dummy/install/rboot_interface/include/rboot_interface/rboot_interface/srv/detail/add_two_ints__traits.hpp
-- Installing: /home/jj/dual_dummy/install/rboot_interface/include/rboot_interface/rboot_interface/srv/detail/get_object_position__builder.hpp
-- Up-to-date: /home/jj/dual_dummy/install/rboot_interface/include/rboot_interface/rboot_interface/action
-- Installing: /home/jj/dual_dummy/install/rboot_interface/include/rboot_interface/rboot_interface/action/move_circle.hpp
-- Up-to-date: /home/jj/dual_dummy/install/rboot_interface/include/rboot_interface/rboot_interface/action/detail
-- Installing: /home/jj/dual_dummy/install/rboot_interface/include/rboot_interface/rboot_interface/action/detail/move_circle__struct.hpp
-- Installing: /home/jj/dual_dummy/install/rboot_interface/include/rboot_interface/rboot_interface/action/detail/move_circle__traits.hpp
-- Installing: /home/jj/dual_dummy/install/rboot_interface/include/rboot_interface/rboot_interface/action/detail/move_circle__type_support.hpp
-- Installing: /home/jj/dual_dummy/install/rboot_interface/include/rboot_interface/rboot_interface/action/detail/move_circle__builder.hpp
-- Up-to-date: /home/jj/dual_dummy/install/rboot_interface/include/rboot_interface/rboot_interface/msg
-- Installing: /home/jj/dual_dummy/install/rboot_interface/include/rboot_interface/rboot_interface/msg/rosidl_generator_cpp__visibility_control.hpp
-- Installing: /home/jj/dual_dummy/install/rboot_interface/include/rboot_interface/rboot_interface/msg/rboot_position.hpp
-- Up-to-date: /home/jj/dual_dummy/install/rboot_interface/include/rboot_interface/rboot_interface/msg/detail
-- Installing: /home/jj/dual_dummy/install/rboot_interface/include/rboot_interface/rboot_interface/msg/detail/rboot_position__struct.hpp
-- Installing: /home/jj/dual_dummy/install/rboot_interface/include/rboot_interface/rboot_interface/msg/detail/object_position__struct.hpp
-- Installing: /home/jj/dual_dummy/install/rboot_interface/include/rboot_interface/rboot_interface/msg/detail/rboot_position__type_support.hpp
-- Installing: /home/jj/dual_dummy/install/rboot_interface/include/rboot_interface/rboot_interface/msg/detail/rboot_position__builder.hpp
-- Installing: /home/jj/dual_dummy/install/rboot_interface/include/rboot_interface/rboot_interface/msg/detail/object_position__builder.hpp
-- Installing: /home/jj/dual_dummy/install/rboot_interface/include/rboot_interface/rboot_interface/msg/detail/rboot_position__traits.hpp
-- Installing: /home/jj/dual_dummy/install/rboot_interface/include/rboot_interface/rboot_interface/msg/detail/object_position__type_support.hpp
-- Installing: /home/jj/dual_dummy/install/rboot_interface/include/rboot_interface/rboot_interface/msg/detail/object_position__traits.hpp
-- Installing: /home/jj/dual_dummy/install/rboot_interface/include/rboot_interface/rboot_interface/msg/object_position.hpp
-- Up-to-date: /home/jj/dual_dummy/install/rboot_interface/include/rboot_interface/rboot_interface
-- Up-to-date: /home/jj/dual_dummy/install/rboot_interface/include/rboot_interface/rboot_interface/srv
-- Up-to-date: /home/jj/dual_dummy/install/rboot_interface/include/rboot_interface/rboot_interface/srv/detail
-- Installing: /home/jj/dual_dummy/install/rboot_interface/include/rboot_interface/rboot_interface/srv/detail/dds_fastrtps
-- Installing: /home/jj/dual_dummy/install/rboot_interface/include/rboot_interface/rboot_interface/srv/detail/add_two_ints__rosidl_typesupport_fastrtps_cpp.hpp
-- Installing: /home/jj/dual_dummy/install/rboot_interface/include/rboot_interface/rboot_interface/srv/detail/get_object_position__rosidl_typesupport_fastrtps_cpp.hpp
-- Up-to-date: /home/jj/dual_dummy/install/rboot_interface/include/rboot_interface/rboot_interface/action
-- Up-to-date: /home/jj/dual_dummy/install/rboot_interface/include/rboot_interface/rboot_interface/action/detail
-- Installing: /home/jj/dual_dummy/install/rboot_interface/include/rboot_interface/rboot_interface/action/detail/dds_fastrtps
-- Installing: /home/jj/dual_dummy/install/rboot_interface/include/rboot_interface/rboot_interface/action/detail/move_circle__rosidl_typesupport_fastrtps_cpp.hpp
-- Up-to-date: /home/jj/dual_dummy/install/rboot_interface/include/rboot_interface/rboot_interface/msg
-- Installing: /home/jj/dual_dummy/install/rboot_interface/include/rboot_interface/rboot_interface/msg/rosidl_typesupport_fastrtps_cpp__visibility_control.h
-- Up-to-date: /home/jj/dual_dummy/install/rboot_interface/include/rboot_interface/rboot_interface/msg/detail
-- Installing: /home/jj/dual_dummy/install/rboot_interface/include/rboot_interface/rboot_interface/msg/detail/dds_fastrtps
-- Installing: /home/jj/dual_dummy/install/rboot_interface/include/rboot_interface/rboot_interface/msg/detail/rboot_position__rosidl_typesupport_fastrtps_cpp.hpp
-- Installing: /home/jj/dual_dummy/install/rboot_interface/include/rboot_interface/rboot_interface/msg/detail/object_position__rosidl_typesupport_fastrtps_cpp.hpp
-- Installing: /home/jj/dual_dummy/install/rboot_interface/lib/librboot_interface__rosidl_typesupport_fastrtps_cpp.so
-- Set runtime path of "/home/jj/dual_dummy/install/rboot_interface/lib/librboot_interface__rosidl_typesupport_fastrtps_cpp.so" to ""
-- Up-to-date: /home/jj/dual_dummy/install/rboot_interface/include/rboot_interface/rboot_interface
-- Up-to-date: /home/jj/dual_dummy/install/rboot_interface/include/rboot_interface/rboot_interface/srv
-- Up-to-date: /home/jj/dual_dummy/install/rboot_interface/include/rboot_interface/rboot_interface/srv/detail
-- Installing: /home/jj/dual_dummy/install/rboot_interface/include/rboot_interface/rboot_interface/srv/detail/get_object_position__rosidl_typesupport_introspection_cpp.hpp
-- Installing: /home/jj/dual_dummy/install/rboot_interface/include/rboot_interface/rboot_interface/srv/detail/get_object_position__type_support.cpp
-- Installing: /home/jj/dual_dummy/install/rboot_interface/include/rboot_interface/rboot_interface/srv/detail/add_two_ints__type_support.cpp
-- Installing: /home/jj/dual_dummy/install/rboot_interface/include/rboot_interface/rboot_interface/srv/detail/add_two_ints__rosidl_typesupport_introspection_cpp.hpp
-- Up-to-date: /home/jj/dual_dummy/install/rboot_interface/include/rboot_interface/rboot_interface/action
-- Up-to-date: /home/jj/dual_dummy/install/rboot_interface/include/rboot_interface/rboot_interface/action/detail
-- Installing: /home/jj/dual_dummy/install/rboot_interface/include/rboot_interface/rboot_interface/action/detail/move_circle__rosidl_typesupport_introspection_cpp.hpp
-- Installing: /home/jj/dual_dummy/install/rboot_interface/include/rboot_interface/rboot_interface/action/detail/move_circle__type_support.cpp
-- Up-to-date: /home/jj/dual_dummy/install/rboot_interface/include/rboot_interface/rboot_interface/msg
-- Up-to-date: /home/jj/dual_dummy/install/rboot_interface/include/rboot_interface/rboot_interface/msg/detail
-- Installing: /home/jj/dual_dummy/install/rboot_interface/include/rboot_interface/rboot_interface/msg/detail/rboot_position__type_support.cpp
-- Installing: /home/jj/dual_dummy/install/rboot_interface/include/rboot_interface/rboot_interface/msg/detail/object_position__rosidl_typesupport_introspection_cpp.hpp
-- Installing: /home/jj/dual_dummy/install/rboot_interface/include/rboot_interface/rboot_interface/msg/detail/rboot_position__rosidl_typesupport_introspection_cpp.hpp
-- Installing: /home/jj/dual_dummy/install/rboot_interface/include/rboot_interface/rboot_interface/msg/detail/object_position__type_support.cpp
-- Installing: /home/jj/dual_dummy/install/rboot_interface/lib/librboot_interface__rosidl_typesupport_introspection_cpp.so
-- Set runtime path of "/home/jj/dual_dummy/install/rboot_interface/lib/librboot_interface__rosidl_typesupport_introspection_cpp.so" to ""
-- Installing: /home/jj/dual_dummy/install/rboot_interface/lib/librboot_interface__rosidl_typesupport_cpp.so
-- Set runtime path of "/home/jj/dual_dummy/install/rboot_interface/lib/librboot_interface__rosidl_typesupport_cpp.so" to ""
-- Installing: /home/jj/dual_dummy/install/rboot_interface/share/rboot_interface/environment/pythonpath.sh
-- Installing: /home/jj/dual_dummy/install/rboot_interface/share/rboot_interface/environment/pythonpath.dsv
-- Installing: /home/jj/dual_dummy/install/rboot_interface/local/lib/python3.10/dist-packages/rboot_interface-0.0.0-py3.10.egg-info
-- Installing: /home/jj/dual_dummy/install/rboot_interface/local/lib/python3.10/dist-packages/rboot_interface-0.0.0-py3.10.egg-info/top_level.txt
-- Installing: /home/jj/dual_dummy/install/rboot_interface/local/lib/python3.10/dist-packages/rboot_interface-0.0.0-py3.10.egg-info/dependency_links.txt
-- Installing: /home/jj/dual_dummy/install/rboot_interface/local/lib/python3.10/dist-packages/rboot_interface-0.0.0-py3.10.egg-info/SOURCES.txt
-- Installing: /home/jj/dual_dummy/install/rboot_interface/local/lib/python3.10/dist-packages/rboot_interface-0.0.0-py3.10.egg-info/PKG-INFO
-- Installing: /home/jj/dual_dummy/install/rboot_interface/local/lib/python3.10/dist-packages/rboot_interface
-- Installing: /home/jj/dual_dummy/install/rboot_interface/local/lib/python3.10/dist-packages/rboot_interface/rboot_interface_s__rosidl_typesupport_c.cpython-310-x86_64-linux-gnu.so
-- Installing: /home/jj/dual_dummy/install/rboot_interface/local/lib/python3.10/dist-packages/rboot_interface/_rboot_interface_s.ep.rosidl_typesupport_fastrtps_c.c
-- Installing: /home/jj/dual_dummy/install/rboot_interface/local/lib/python3.10/dist-packages/rboot_interface/librboot_interface__rosidl_generator_py.so
-- Installing: /home/jj/dual_dummy/install/rboot_interface/local/lib/python3.10/dist-packages/rboot_interface/rboot_interface_s__rosidl_typesupport_introspection_c.cpython-310-x86_64-linux-gnu.so
-- Installing: /home/jj/dual_dummy/install/rboot_interface/local/lib/python3.10/dist-packages/rboot_interface/__init__.py
-- Installing: /home/jj/dual_dummy/install/rboot_interface/local/lib/python3.10/dist-packages/rboot_interface/srv
-- Installing: /home/jj/dual_dummy/install/rboot_interface/local/lib/python3.10/dist-packages/rboot_interface/srv/_get_object_position.py
-- Installing: /home/jj/dual_dummy/install/rboot_interface/local/lib/python3.10/dist-packages/rboot_interface/srv/_add_two_ints_s.c
-- Installing: /home/jj/dual_dummy/install/rboot_interface/local/lib/python3.10/dist-packages/rboot_interface/srv/__init__.py
-- Installing: /home/jj/dual_dummy/install/rboot_interface/local/lib/python3.10/dist-packages/rboot_interface/srv/_add_two_ints.py
-- Installing: /home/jj/dual_dummy/install/rboot_interface/local/lib/python3.10/dist-packages/rboot_interface/srv/_get_object_position_s.c
-- Installing: /home/jj/dual_dummy/install/rboot_interface/local/lib/python3.10/dist-packages/rboot_interface/action
-- Installing: /home/jj/dual_dummy/install/rboot_interface/local/lib/python3.10/dist-packages/rboot_interface/action/_move_circle_s.c
-- Installing: /home/jj/dual_dummy/install/rboot_interface/local/lib/python3.10/dist-packages/rboot_interface/action/__init__.py
-- Installing: /home/jj/dual_dummy/install/rboot_interface/local/lib/python3.10/dist-packages/rboot_interface/action/_move_circle.py
-- Installing: /home/jj/dual_dummy/install/rboot_interface/local/lib/python3.10/dist-packages/rboot_interface/msg
-- Installing: /home/jj/dual_dummy/install/rboot_interface/local/lib/python3.10/dist-packages/rboot_interface/msg/_object_position.py
-- Installing: /home/jj/dual_dummy/install/rboot_interface/local/lib/python3.10/dist-packages/rboot_interface/msg/_rboot_position.py
-- Installing: /home/jj/dual_dummy/install/rboot_interface/local/lib/python3.10/dist-packages/rboot_interface/msg/__init__.py
-- Installing: /home/jj/dual_dummy/install/rboot_interface/local/lib/python3.10/dist-packages/rboot_interface/msg/_rboot_position_s.c
-- Installing: /home/jj/dual_dummy/install/rboot_interface/local/lib/python3.10/dist-packages/rboot_interface/msg/_object_position_s.c
-- Installing: /home/jj/dual_dummy/install/rboot_interface/local/lib/python3.10/dist-packages/rboot_interface/rboot_interface_s__rosidl_typesupport_fastrtps_c.cpython-310-x86_64-linux-gnu.so
-- Installing: /home/jj/dual_dummy/install/rboot_interface/local/lib/python3.10/dist-packages/rboot_interface/_rboot_interface_s.ep.rosidl_typesupport_introspection_c.c
-- Installing: /home/jj/dual_dummy/install/rboot_interface/local/lib/python3.10/dist-packages/rboot_interface/_rboot_interface_s.ep.rosidl_typesupport_c.c
Listing '/home/jj/dual_dummy/install/rboot_interface/local/lib/python3.10/dist-packages/rboot_interface'...
Compiling '/home/jj/dual_dummy/install/rboot_interface/local/lib/python3.10/dist-packages/rboot_interface/__init__.py'...
Listing '/home/jj/dual_dummy/install/rboot_interface/local/lib/python3.10/dist-packages/rboot_interface/action'...
Compiling '/home/jj/dual_dummy/install/rboot_interface/local/lib/python3.10/dist-packages/rboot_interface/action/__init__.py'...
Compiling '/home/jj/dual_dummy/install/rboot_interface/local/lib/python3.10/dist-packages/rboot_interface/action/_move_circle.py'...
Listing '/home/jj/dual_dummy/install/rboot_interface/local/lib/python3.10/dist-packages/rboot_interface/msg'...
Compiling '/home/jj/dual_dummy/install/rboot_interface/local/lib/python3.10/dist-packages/rboot_interface/msg/__init__.py'...
Compiling '/home/jj/dual_dummy/install/rboot_interface/local/lib/python3.10/dist-packages/rboot_interface/msg/_object_position.py'...
Compiling '/home/jj/dual_dummy/install/rboot_interface/local/lib/python3.10/dist-packages/rboot_interface/msg/_rboot_position.py'...
Listing '/home/jj/dual_dummy/install/rboot_interface/local/lib/python3.10/dist-packages/rboot_interface/srv'...
Compiling '/home/jj/dual_dummy/install/rboot_interface/local/lib/python3.10/dist-packages/rboot_interface/srv/__init__.py'...
Compiling '/home/jj/dual_dummy/install/rboot_interface/local/lib/python3.10/dist-packages/rboot_interface/srv/_add_two_ints.py'...
Compiling '/home/jj/dual_dummy/install/rboot_interface/local/lib/python3.10/dist-packages/rboot_interface/srv/_get_object_position.py'...
-- Installing: /home/jj/dual_dummy/install/rboot_interface/local/lib/python3.10/dist-packages/rboot_interface/rboot_interface_s__rosidl_typesupport_fastrtps_c.cpython-310-x86_64-linux-gnu.so
-- Set runtime path of "/home/jj/dual_dummy/install/rboot_interface/local/lib/python3.10/dist-packages/rboot_interface/rboot_interface_s__rosidl_typesupport_fastrtps_c.cpython-310-x86_64-linux-gnu.so" to ""
-- Installing: /home/jj/dual_dummy/install/rboot_interface/local/lib/python3.10/dist-packages/rboot_interface/rboot_interface_s__rosidl_typesupport_introspection_c.cpython-310-x86_64-linux-gnu.so
-- Set runtime path of "/home/jj/dual_dummy/install/rboot_interface/local/lib/python3.10/dist-packages/rboot_interface/rboot_interface_s__rosidl_typesupport_introspection_c.cpython-310-x86_64-linux-gnu.so" to ""
-- Installing: /home/jj/dual_dummy/install/rboot_interface/local/lib/python3.10/dist-packages/rboot_interface/rboot_interface_s__rosidl_typesupport_c.cpython-310-x86_64-linux-gnu.so
-- Set runtime path of "/home/jj/dual_dummy/install/rboot_interface/local/lib/python3.10/dist-packages/rboot_interface/rboot_interface_s__rosidl_typesupport_c.cpython-310-x86_64-linux-gnu.so" to ""
-- Installing: /home/jj/dual_dummy/install/rboot_interface/lib/librboot_interface__rosidl_generator_py.so
-- Set runtime path of "/home/jj/dual_dummy/install/rboot_interface/lib/librboot_interface__rosidl_generator_py.so" to ""
-- Installing: /home/jj/dual_dummy/install/rboot_interface/share/rboot_interface/msg/ObjectPosition.idl
-- Installing: /home/jj/dual_dummy/install/rboot_interface/share/rboot_interface/msg/RbootPosition.idl
-- Installing: /home/jj/dual_dummy/install/rboot_interface/share/rboot_interface/srv/AddTwoInts.idl
-- Installing: /home/jj/dual_dummy/install/rboot_interface/share/rboot_interface/srv/GetObjectPosition.idl
-- Installing: /home/jj/dual_dummy/install/rboot_interface/share/rboot_interface/action/MoveCircle.idl
-- Installing: /home/jj/dual_dummy/install/rboot_interface/share/rboot_interface/msg/ObjectPosition.msg
-- Installing: /home/jj/dual_dummy/install/rboot_interface/share/rboot_interface/msg/RbootPosition.msg
-- Installing: /home/jj/dual_dummy/install/rboot_interface/share/rboot_interface/srv/AddTwoInts.srv
-- Installing: /home/jj/dual_dummy/install/rboot_interface/share/rboot_interface/srv/AddTwoInts_Request.msg
-- Installing: /home/jj/dual_dummy/install/rboot_interface/share/rboot_interface/srv/AddTwoInts_Response.msg
-- Installing: /home/jj/dual_dummy/install/rboot_interface/share/rboot_interface/srv/GetObjectPosition.srv
-- Installing: /home/jj/dual_dummy/install/rboot_interface/share/rboot_interface/srv/GetObjectPosition_Request.msg
-- Installing: /home/jj/dual_dummy/install/rboot_interface/share/rboot_interface/srv/GetObjectPosition_Response.msg
-- Installing: /home/jj/dual_dummy/install/rboot_interface/share/rboot_interface/action/MoveCircle.action
-- Installing: /home/jj/dual_dummy/install/rboot_interface/share/ament_index/resource_index/package_run_dependencies/rboot_interface
-- Installing: /home/jj/dual_dummy/install/rboot_interface/share/ament_index/resource_index/parent_prefix_path/rboot_interface
-- Installing: /home/jj/dual_dummy/install/rboot_interface/share/rboot_interface/environment/ament_prefix_path.sh
-- Installing: /home/jj/dual_dummy/install/rboot_interface/share/rboot_interface/environment/ament_prefix_path.dsv
-- Installing: /home/jj/dual_dummy/install/rboot_interface/share/rboot_interface/environment/path.sh
-- Installing: /home/jj/dual_dummy/install/rboot_interface/share/rboot_interface/environment/path.dsv
-- Installing: /home/jj/dual_dummy/install/rboot_interface/share/rboot_interface/local_setup.bash
-- Installing: /home/jj/dual_dummy/install/rboot_interface/share/rboot_interface/local_setup.sh
-- Installing: /home/jj/dual_dummy/install/rboot_interface/share/rboot_interface/local_setup.zsh
-- Installing: /home/jj/dual_dummy/install/rboot_interface/share/rboot_interface/local_setup.dsv
-- Installing: /home/jj/dual_dummy/install/rboot_interface/share/rboot_interface/package.dsv
-- Installing: /home/jj/dual_dummy/install/rboot_interface/share/ament_index/resource_index/packages/rboot_interface
-- Installing: /home/jj/dual_dummy/install/rboot_interface/share/rboot_interface/cmake/export_rboot_interface__rosidl_generator_cExport.cmake
-- Installing: /home/jj/dual_dummy/install/rboot_interface/share/rboot_interface/cmake/export_rboot_interface__rosidl_generator_cExport-noconfig.cmake
-- Installing: /home/jj/dual_dummy/install/rboot_interface/share/rboot_interface/cmake/export_rboot_interface__rosidl_typesupport_fastrtps_cExport.cmake
-- Installing: /home/jj/dual_dummy/install/rboot_interface/share/rboot_interface/cmake/export_rboot_interface__rosidl_typesupport_fastrtps_cExport-noconfig.cmake
-- Installing: /home/jj/dual_dummy/install/rboot_interface/share/rboot_interface/cmake/rboot_interface__rosidl_typesupport_introspection_cExport.cmake
-- Installing: /home/jj/dual_dummy/install/rboot_interface/share/rboot_interface/cmake/rboot_interface__rosidl_typesupport_introspection_cExport-noconfig.cmake
-- Installing: /home/jj/dual_dummy/install/rboot_interface/share/rboot_interface/cmake/rboot_interface__rosidl_typesupport_cExport.cmake
-- Installing: /home/jj/dual_dummy/install/rboot_interface/share/rboot_interface/cmake/rboot_interface__rosidl_typesupport_cExport-noconfig.cmake
-- Installing: /home/jj/dual_dummy/install/rboot_interface/share/rboot_interface/cmake/export_rboot_interface__rosidl_generator_cppExport.cmake
-- Installing: /home/jj/dual_dummy/install/rboot_interface/share/rboot_interface/cmake/export_rboot_interface__rosidl_typesupport_fastrtps_cppExport.cmake
-- Installing: /home/jj/dual_dummy/install/rboot_interface/share/rboot_interface/cmake/export_rboot_interface__rosidl_typesupport_fastrtps_cppExport-noconfig.cmake
-- Installing: /home/jj/dual_dummy/install/rboot_interface/share/rboot_interface/cmake/rboot_interface__rosidl_typesupport_introspection_cppExport.cmake
-- Installing: /home/jj/dual_dummy/install/rboot_interface/share/rboot_interface/cmake/rboot_interface__rosidl_typesupport_introspection_cppExport-noconfig.cmake
-- Installing: /home/jj/dual_dummy/install/rboot_interface/share/rboot_interface/cmake/rboot_interface__rosidl_typesupport_cppExport.cmake
-- Installing: /home/jj/dual_dummy/install/rboot_interface/share/rboot_interface/cmake/rboot_interface__rosidl_typesupport_cppExport-noconfig.cmake
-- Installing: /home/jj/dual_dummy/install/rboot_interface/share/rboot_interface/cmake/export_rboot_interface__rosidl_generator_pyExport.cmake
-- Installing: /home/jj/dual_dummy/install/rboot_interface/share/rboot_interface/cmake/export_rboot_interface__rosidl_generator_pyExport-noconfig.cmake
-- Installing: /home/jj/dual_dummy/install/rboot_interface/share/rboot_interface/cmake/rosidl_cmake-extras.cmake
-- Installing: /home/jj/dual_dummy/install/rboot_interface/share/rboot_interface/cmake/ament_cmake_export_dependencies-extras.cmake
-- Installing: /home/jj/dual_dummy/install/rboot_interface/share/rboot_interface/cmake/ament_cmake_export_include_directories-extras.cmake
-- Installing: /home/jj/dual_dummy/install/rboot_interface/share/rboot_interface/cmake/ament_cmake_export_libraries-extras.cmake
-- Installing: /home/jj/dual_dummy/install/rboot_interface/share/rboot_interface/cmake/ament_cmake_export_targets-extras.cmake
-- Installing: /home/jj/dual_dummy/install/rboot_interface/share/rboot_interface/cmake/rosidl_cmake_export_typesupport_targets-extras.cmake
-- Installing: /home/jj/dual_dummy/install/rboot_interface/share/rboot_interface/cmake/rosidl_cmake_export_typesupport_libraries-extras.cmake
-- Installing: /home/jj/dual_dummy/install/rboot_interface/share/rboot_interface/cmake/rboot_interfaceConfig.cmake
-- Installing: /home/jj/dual_dummy/install/rboot_interface/share/rboot_interface/cmake/rboot_interfaceConfig-version.cmake
-- Installing: /home/jj/dual_dummy/install/rboot_interface/share/rboot_interface/package.xml
