[0.052s] Invoking command in '/home/jj/dual_dummy/build/rboot_interface': CMAKE_PREFIX_PATH=/opt/ros/humble /usr/bin/cmake /home/jj/dual_dummy/src/rboot_interface -DCMAKE_INSTALL_PREFIX=/home/jj/dual_dummy/install/rboot_interface
[0.786s] -- The C compiler identification is GNU 11.4.0
[0.786s] -- The CXX compiler identification is GNU 11.4.0
[0.786s] -- Detecting C compiler ABI info
[0.786s] -- Detecting C compiler ABI info - done
[0.786s] -- Check for working C compiler: /usr/bin/cc - skipped
[0.786s] -- Detecting C compile features
[0.786s] -- Detecting C compile features - done
[0.786s] -- Detecting CXX compiler ABI info
[0.786s] -- Detecting CXX compiler ABI info - done
[0.786s] -- Check for working CXX compiler: /usr/bin/c++ - skipped
[0.786s] -- Detecting CXX compile features
[0.786s] -- Detecting CXX compile features - done
[0.848s] -- Found ament_cmake: 1.3.11 (/opt/ros/humble/share/ament_cmake/cmake)
[1.103s] -- Found Python3: /usr/bin/python3 (found version "3.10.12") found components: Interpreter 
[1.329s] -- Found rosidl_default_generators: 1.2.0 (/opt/ros/humble/share/rosidl_default_generators/cmake)
[1.345s] -- Using all available rosidl_typesupport_c: rosidl_typesupport_fastrtps_c;rosidl_typesupport_introspection_c
[1.369s] -- Found rosidl_adapter: 3.1.6 (/opt/ros/humble/share/rosidl_adapter/cmake)
[1.467s] -- Using all available rosidl_typesupport_cpp: rosidl_typesupport_fastrtps_cpp;rosidl_typesupport_introspection_cpp
[2.225s] -- Found ament_cmake_ros: 0.10.0 (/opt/ros/humble/share/ament_cmake_ros/cmake)
[2.505s] -- Using all available rosidl_typesupport_c: rosidl_typesupport_fastrtps_c;rosidl_typesupport_introspection_c
[2.866s] -- Using all available rosidl_typesupport_cpp: rosidl_typesupport_fastrtps_cpp;rosidl_typesupport_introspection_cpp
[2.897s] -- Found PythonInterp: /usr/bin/python3 (found suitable version "3.10.12", minimum required is "3.6") 
[2.903s] -- Found python_cmake_module: 0.10.0 (/opt/ros/humble/share/python_cmake_module/cmake)
[2.943s] -- Found PythonLibs: /usr/lib/x86_64-linux-gnu/libpython3.10.so (found suitable version "3.10.12", minimum required is "3.5") 
[2.944s] -- Using PYTHON_EXECUTABLE: /usr/bin/python3
[2.944s] -- Using PYTHON_INCLUDE_DIRS: /usr/include/python3.10
[2.944s] -- Using PYTHON_LIBRARIES: /usr/lib/x86_64-linux-gnu/libpython3.10.so
[2.969s] -- Found PythonExtra: .so  
[3.025s] -- Found ament_lint_auto: 0.12.12 (/opt/ros/humble/share/ament_lint_auto/cmake)
[3.078s] -- Added test 'copyright' to check source files copyright and LICENSE
[3.085s] -- Added test 'lint_cmake' to check CMake code style
[3.087s] -- Added test 'xmllint' to check XML markup files
[3.094s] -- Configuring done
[3.174s] -- Generating done
[3.199s] -- Build files have been written to: /home/jj/dual_dummy/build/rboot_interface
[3.214s] Invoked command in '/home/jj/dual_dummy/build/rboot_interface' returned '0': CMAKE_PREFIX_PATH=/opt/ros/humble /usr/bin/cmake /home/jj/dual_dummy/src/rboot_interface -DCMAKE_INSTALL_PREFIX=/home/jj/dual_dummy/install/rboot_interface
[3.215s] Invoking command in '/home/jj/dual_dummy/build/rboot_interface': CMAKE_PREFIX_PATH=/opt/ros/humble /usr/bin/cmake --build /home/jj/dual_dummy/build/rboot_interface -- -j4 -l4
[3.295s] [  1%] [34m[1mGenerating C code for ROS interfaces[0m
[3.321s] [  3%] [34m[1mGenerating C++ code for ROS interfaces[0m
[3.349s] [  3%] Built target ament_cmake_python_copy_rboot_interface
[3.798s] running egg_info
[3.798s] creating rboot_interface.egg-info
[3.798s] writing rboot_interface.egg-info/PKG-INFO
[3.798s] writing dependency_links to rboot_interface.egg-info/dependency_links.txt
[3.798s] writing top-level names to rboot_interface.egg-info/top_level.txt
[3.799s] writing manifest file 'rboot_interface.egg-info/SOURCES.txt'
[3.804s] reading manifest file 'rboot_interface.egg-info/SOURCES.txt'
[3.804s] writing manifest file 'rboot_interface.egg-info/SOURCES.txt'
[3.890s] [  3%] Built target ament_cmake_python_build_rboot_interface_egg
[5.309s] [  4%] [32mBuilding C object CMakeFiles/rboot_interface__rosidl_generator_c.dir/rosidl_generator_c/rboot_interface/msg/detail/object_position__functions.c.o[0m
[5.324s] [  6%] [32mBuilding C object CMakeFiles/rboot_interface__rosidl_generator_c.dir/rosidl_generator_c/rboot_interface/msg/detail/rboot_position__functions.c.o[0m
[5.362s] [  7%] [32mBuilding C object CMakeFiles/rboot_interface__rosidl_generator_c.dir/rosidl_generator_c/rboot_interface/srv/detail/add_two_ints__functions.c.o[0m
[5.406s] [  7%] Built target rboot_interface__cpp
[5.444s] [  9%] [34m[1mGenerating C++ type support dispatch for ROS interfaces[0m
[5.658s] [ 11%] [32mBuilding C object CMakeFiles/rboot_interface__rosidl_generator_c.dir/rosidl_generator_c/rboot_interface/srv/detail/get_object_position__functions.c.o[0m
[5.676s] [ 12%] [32mBuilding C object CMakeFiles/rboot_interface__rosidl_generator_c.dir/rosidl_generator_c/rboot_interface/action/detail/move_circle__functions.c.o[0m
[5.732s] [ 14%] [34m[1mGenerating C++ type support for eProsima Fast-RTPS[0m
[5.970s] [ 15%] [34m[1mGenerating C++ introspection for ROS interfaces[0m
[6.003s] [ 17%] [32m[1mLinking C shared library librboot_interface__rosidl_generator_c.so[0m
[6.245s] [ 17%] Built target rboot_interface__rosidl_generator_c
[6.294s] [ 19%] [34m[1mGenerating C type support for eProsima Fast-RTPS[0m
[7.941s] [ 20%] [32mBuilding CXX object CMakeFiles/rboot_interface__rosidl_typesupport_cpp.dir/rosidl_typesupport_cpp/rboot_interface/msg/object_position__type_support.cpp.o[0m
[8.085s] [ 22%] [32mBuilding CXX object CMakeFiles/rboot_interface__rosidl_typesupport_introspection_cpp.dir/rosidl_typesupport_introspection_cpp/rboot_interface/msg/detail/object_position__type_support.cpp.o[0m
[8.760s] [ 23%] [32mBuilding CXX object CMakeFiles/rboot_interface__rosidl_typesupport_fastrtps_cpp.dir/rosidl_typesupport_fastrtps_cpp/rboot_interface/msg/detail/dds_fastrtps/object_position__type_support.cpp.o[0m
[9.040s] [ 25%] [32mBuilding CXX object CMakeFiles/rboot_interface__rosidl_typesupport_fastrtps_c.dir/rosidl_typesupport_fastrtps_c/rboot_interface/msg/detail/object_position__type_support_c.cpp.o[0m
[9.195s] [ 26%] [32mBuilding CXX object CMakeFiles/rboot_interface__rosidl_typesupport_cpp.dir/rosidl_typesupport_cpp/rboot_interface/msg/rboot_position__type_support.cpp.o[0m
[9.697s] [ 28%] [32mBuilding CXX object CMakeFiles/rboot_interface__rosidl_typesupport_introspection_cpp.dir/rosidl_typesupport_introspection_cpp/rboot_interface/msg/detail/rboot_position__type_support.cpp.o[0m
[10.104s] [ 30%] [32mBuilding CXX object CMakeFiles/rboot_interface__rosidl_typesupport_cpp.dir/rosidl_typesupport_cpp/rboot_interface/srv/add_two_ints__type_support.cpp.o[0m
[10.388s] [ 31%] [32mBuilding CXX object CMakeFiles/rboot_interface__rosidl_typesupport_fastrtps_cpp.dir/rosidl_typesupport_fastrtps_cpp/rboot_interface/msg/detail/dds_fastrtps/rboot_position__type_support.cpp.o[0m
[10.608s] [ 33%] [32mBuilding CXX object CMakeFiles/rboot_interface__rosidl_typesupport_fastrtps_c.dir/rosidl_typesupport_fastrtps_c/rboot_interface/msg/detail/rboot_position__type_support_c.cpp.o[0m
[11.205s] [ 34%] [32mBuilding CXX object CMakeFiles/rboot_interface__rosidl_typesupport_cpp.dir/rosidl_typesupport_cpp/rboot_interface/srv/get_object_position__type_support.cpp.o[0m
[11.395s] [ 36%] [32mBuilding CXX object CMakeFiles/rboot_interface__rosidl_typesupport_introspection_cpp.dir/rosidl_typesupport_introspection_cpp/rboot_interface/srv/detail/add_two_ints__type_support.cpp.o[0m
[11.930s] [ 38%] [32mBuilding CXX object CMakeFiles/rboot_interface__rosidl_typesupport_cpp.dir/rosidl_typesupport_cpp/rboot_interface/action/move_circle__type_support.cpp.o[0m
[11.981s] [ 39%] [32mBuilding CXX object CMakeFiles/rboot_interface__rosidl_typesupport_fastrtps_c.dir/rosidl_typesupport_fastrtps_c/rboot_interface/srv/detail/add_two_ints__type_support_c.cpp.o[0m
[11.981s] [ 41%] [32mBuilding CXX object CMakeFiles/rboot_interface__rosidl_typesupport_fastrtps_cpp.dir/rosidl_typesupport_fastrtps_cpp/rboot_interface/srv/detail/dds_fastrtps/add_two_ints__type_support.cpp.o[0m
[13.033s] [ 42%] [32mBuilding CXX object CMakeFiles/rboot_interface__rosidl_typesupport_introspection_cpp.dir/rosidl_typesupport_introspection_cpp/rboot_interface/srv/detail/get_object_position__type_support.cpp.o[0m
[13.487s] [ 44%] [32mBuilding CXX object CMakeFiles/rboot_interface__rosidl_typesupport_fastrtps_cpp.dir/rosidl_typesupport_fastrtps_cpp/rboot_interface/srv/detail/dds_fastrtps/get_object_position__type_support.cpp.o[0m
[13.656s] [ 46%] [32mBuilding CXX object CMakeFiles/rboot_interface__rosidl_typesupport_fastrtps_c.dir/rosidl_typesupport_fastrtps_c/rboot_interface/srv/detail/get_object_position__type_support_c.cpp.o[0m
[14.336s] [ 47%] [32m[1mLinking CXX shared library librboot_interface__rosidl_typesupport_cpp.so[0m
[14.623s] [ 47%] Built target rboot_interface__rosidl_typesupport_cpp
[14.705s] [ 49%] [34m[1mGenerating C introspection for ROS interfaces[0m
[15.091s] [ 52%] [32mBuilding CXX object CMakeFiles/rboot_interface__rosidl_typesupport_fastrtps_c.dir/rosidl_typesupport_fastrtps_c/rboot_interface/action/detail/move_circle__type_support_c.cpp.o[0m
[15.092s] [ 52%] [32mBuilding CXX object CMakeFiles/rboot_interface__rosidl_typesupport_introspection_cpp.dir/rosidl_typesupport_introspection_cpp/rboot_interface/action/detail/move_circle__type_support.cpp.o[0m
[15.609s] [ 53%] [32mBuilding CXX object CMakeFiles/rboot_interface__rosidl_typesupport_fastrtps_cpp.dir/rosidl_typesupport_fastrtps_cpp/rboot_interface/action/detail/dds_fastrtps/move_circle__type_support.cpp.o[0m
[16.850s] [ 55%] [32m[1mLinking CXX shared library librboot_interface__rosidl_typesupport_fastrtps_c.so[0m
[17.657s] [ 55%] Built target rboot_interface__rosidl_typesupport_fastrtps_c
[17.699s] [ 57%] [34m[1mGenerating C type support dispatch for ROS interfaces[0m
[18.020s] [ 58%] [32m[1mLinking CXX shared library librboot_interface__rosidl_typesupport_introspection_cpp.so[0m
[18.212s] [ 60%] [32mBuilding C object CMakeFiles/rboot_interface__rosidl_typesupport_introspection_c.dir/rosidl_typesupport_introspection_c/rboot_interface/msg/detail/object_position__type_support.c.o[0m
[18.326s] [ 61%] [32mBuilding C object CMakeFiles/rboot_interface__rosidl_typesupport_introspection_c.dir/rosidl_typesupport_introspection_c/rboot_interface/msg/detail/rboot_position__type_support.c.o[0m
[18.432s] [ 63%] [32mBuilding C object CMakeFiles/rboot_interface__rosidl_typesupport_introspection_c.dir/rosidl_typesupport_introspection_c/rboot_interface/srv/detail/add_two_ints__type_support.c.o[0m
[18.473s] [ 63%] Built target rboot_interface__rosidl_typesupport_introspection_cpp
[18.505s] [ 65%] [32mBuilding C object CMakeFiles/rboot_interface__rosidl_typesupport_introspection_c.dir/rosidl_typesupport_introspection_c/rboot_interface/srv/detail/get_object_position__type_support.c.o[0m
[18.593s] [ 66%] [32mBuilding C object CMakeFiles/rboot_interface__rosidl_typesupport_introspection_c.dir/rosidl_typesupport_introspection_c/rboot_interface/action/detail/move_circle__type_support.c.o[0m
[18.917s] [ 68%] [32m[1mLinking CXX shared library librboot_interface__rosidl_typesupport_fastrtps_cpp.so[0m
[18.954s] [ 69%] [32m[1mLinking C shared library librboot_interface__rosidl_typesupport_introspection_c.so[0m
[19.100s] [ 69%] Built target rboot_interface__rosidl_typesupport_introspection_c
[19.435s] [ 69%] Built target rboot_interface__rosidl_typesupport_fastrtps_cpp
[20.237s] [ 71%] [32mBuilding CXX object CMakeFiles/rboot_interface__rosidl_typesupport_c.dir/rosidl_typesupport_c/rboot_interface/msg/object_position__type_support.cpp.o[0m
[20.370s] [ 73%] [32mBuilding CXX object CMakeFiles/rboot_interface__rosidl_typesupport_c.dir/rosidl_typesupport_c/rboot_interface/srv/get_object_position__type_support.cpp.o[0m
[20.474s] [ 74%] [32mBuilding CXX object CMakeFiles/rboot_interface__rosidl_typesupport_c.dir/rosidl_typesupport_c/rboot_interface/action/move_circle__type_support.cpp.o[0m
[20.600s] [ 76%] [32mBuilding CXX object CMakeFiles/rboot_interface__rosidl_typesupport_c.dir/rosidl_typesupport_c/rboot_interface/srv/add_two_ints__type_support.cpp.o[0m
[20.723s] [ 77%] [32mBuilding CXX object CMakeFiles/rboot_interface__rosidl_typesupport_c.dir/rosidl_typesupport_c/rboot_interface/msg/rboot_position__type_support.cpp.o[0m
[20.807s] [ 79%] [32m[1mLinking CXX shared library librboot_interface__rosidl_typesupport_c.so[0m
[20.890s] [ 79%] Built target rboot_interface__rosidl_typesupport_c
[20.969s] [ 79%] Built target rboot_interface
[21.074s] [ 80%] [34m[1mGenerating Python code for ROS interfaces[0m
[25.260s] [ 80%] Built target rboot_interface__py
[25.344s] [ 82%] [32mBuilding C object CMakeFiles/rboot_interface__rosidl_generator_py.dir/rosidl_generator_py/rboot_interface/msg/_object_position_s.c.o[0m
[25.702s] [ 84%] [32mBuilding C object CMakeFiles/rboot_interface__rosidl_generator_py.dir/rosidl_generator_py/rboot_interface/srv/_get_object_position_s.c.o[0m
[26.014s] [ 85%] [32mBuilding C object CMakeFiles/rboot_interface__rosidl_generator_py.dir/rosidl_generator_py/rboot_interface/action/_move_circle_s.c.o[0m
[26.465s] [ 87%] [32mBuilding C object CMakeFiles/rboot_interface__rosidl_generator_py.dir/rosidl_generator_py/rboot_interface/srv/_add_two_ints_s.c.o[0m
[26.795s] [ 88%] [32mBuilding C object CMakeFiles/rboot_interface__rosidl_generator_py.dir/rosidl_generator_py/rboot_interface/msg/_rboot_position_s.c.o[0m
[27.042s] [ 90%] [32m[1mLinking C shared library rosidl_generator_py/rboot_interface/librboot_interface__rosidl_generator_py.so[0m
[27.264s] [ 90%] Built target rboot_interface__rosidl_generator_py
[27.323s] [ 92%] [32mBuilding C object CMakeFiles/rboot_interface__rosidl_typesupport_fastrtps_c__pyext.dir/rosidl_generator_py/rboot_interface/_rboot_interface_s.ep.rosidl_typesupport_fastrtps_c.c.o[0m
[27.656s] [ 93%] [32m[1mLinking C shared library rosidl_generator_py/rboot_interface/rboot_interface_s__rosidl_typesupport_fastrtps_c.cpython-310-x86_64-linux-gnu.so[0m
[27.824s] [ 93%] Built target rboot_interface__rosidl_typesupport_fastrtps_c__pyext
[27.886s] [ 95%] [32mBuilding C object CMakeFiles/rboot_interface__rosidl_typesupport_c__pyext.dir/rosidl_generator_py/rboot_interface/_rboot_interface_s.ep.rosidl_typesupport_c.c.o[0m
[28.379s] [ 96%] [32m[1mLinking C shared library rosidl_generator_py/rboot_interface/rboot_interface_s__rosidl_typesupport_c.cpython-310-x86_64-linux-gnu.so[0m
[28.601s] [ 96%] Built target rboot_interface__rosidl_typesupport_c__pyext
[28.700s] [ 98%] [32mBuilding C object CMakeFiles/rboot_interface__rosidl_typesupport_introspection_c__pyext.dir/rosidl_generator_py/rboot_interface/_rboot_interface_s.ep.rosidl_typesupport_introspection_c.c.o[0m
[28.925s] [100%] [32m[1mLinking C shared library rosidl_generator_py/rboot_interface/rboot_interface_s__rosidl_typesupport_introspection_c.cpython-310-x86_64-linux-gnu.so[0m
[29.157s] [100%] Built target rboot_interface__rosidl_typesupport_introspection_c__pyext
[29.236s] Invoked command in '/home/jj/dual_dummy/build/rboot_interface' returned '0': CMAKE_PREFIX_PATH=/opt/ros/humble /usr/bin/cmake --build /home/jj/dual_dummy/build/rboot_interface -- -j4 -l4
[29.263s] Invoking command in '/home/jj/dual_dummy/build/rboot_interface': CMAKE_PREFIX_PATH=/opt/ros/humble /usr/bin/cmake --install /home/jj/dual_dummy/build/rboot_interface
[29.302s] -- Install configuration: ""
[29.304s] -- Installing: /home/jj/dual_dummy/install/rboot_interface/share/ament_index/resource_index/rosidl_interfaces/rboot_interface
[29.304s] -- Installing: /home/jj/dual_dummy/install/rboot_interface/include/rboot_interface/rboot_interface
[29.305s] -- Installing: /home/jj/dual_dummy/install/rboot_interface/include/rboot_interface/rboot_interface/srv
[29.305s] -- Installing: /home/jj/dual_dummy/install/rboot_interface/include/rboot_interface/rboot_interface/srv/add_two_ints.h
[29.305s] -- Installing: /home/jj/dual_dummy/install/rboot_interface/include/rboot_interface/rboot_interface/srv/get_object_position.h
[29.306s] -- Installing: /home/jj/dual_dummy/install/rboot_interface/include/rboot_interface/rboot_interface/srv/detail
[29.306s] -- Installing: /home/jj/dual_dummy/install/rboot_interface/include/rboot_interface/rboot_interface/srv/detail/get_object_position__functions.c
[29.308s] -- Installing: /home/jj/dual_dummy/install/rboot_interface/include/rboot_interface/rboot_interface/srv/detail/add_two_ints__functions.c
[29.309s] -- Installing: /home/jj/dual_dummy/install/rboot_interface/include/rboot_interface/rboot_interface/srv/detail/get_object_position__type_support.h
[29.310s] -- Installing: /home/jj/dual_dummy/install/rboot_interface/include/rboot_interface/rboot_interface/srv/detail/add_two_ints__type_support.h
[29.313s] -- Installing: /home/jj/dual_dummy/install/rboot_interface/include/rboot_interface/rboot_interface/srv/detail/get_object_position__struct.h
[29.313s] -- Installing: /home/jj/dual_dummy/install/rboot_interface/include/rboot_interface/rboot_interface/srv/detail/get_object_position__functions.h
[29.313s] -- Installing: /home/jj/dual_dummy/install/rboot_interface/include/rboot_interface/rboot_interface/srv/detail/add_two_ints__struct.h
[29.314s] -- Installing: /home/jj/dual_dummy/install/rboot_interface/include/rboot_interface/rboot_interface/srv/detail/add_two_ints__functions.h
[29.314s] -- Installing: /home/jj/dual_dummy/install/rboot_interface/include/rboot_interface/rboot_interface/action
[29.314s] -- Installing: /home/jj/dual_dummy/install/rboot_interface/include/rboot_interface/rboot_interface/action/move_circle.h
[29.314s] -- Installing: /home/jj/dual_dummy/install/rboot_interface/include/rboot_interface/rboot_interface/action/detail
[29.314s] -- Installing: /home/jj/dual_dummy/install/rboot_interface/include/rboot_interface/rboot_interface/action/detail/move_circle__functions.h
[29.314s] -- Installing: /home/jj/dual_dummy/install/rboot_interface/include/rboot_interface/rboot_interface/action/detail/move_circle__struct.h
[29.314s] -- Installing: /home/jj/dual_dummy/install/rboot_interface/include/rboot_interface/rboot_interface/action/detail/move_circle__functions.c
[29.315s] -- Installing: /home/jj/dual_dummy/install/rboot_interface/include/rboot_interface/rboot_interface/action/detail/move_circle__type_support.h
[29.316s] -- Installing: /home/jj/dual_dummy/install/rboot_interface/include/rboot_interface/rboot_interface/msg
[29.317s] -- Installing: /home/jj/dual_dummy/install/rboot_interface/include/rboot_interface/rboot_interface/msg/rboot_position.h
[29.318s] -- Installing: /home/jj/dual_dummy/install/rboot_interface/include/rboot_interface/rboot_interface/msg/rosidl_generator_c__visibility_control.h
[29.318s] -- Installing: /home/jj/dual_dummy/install/rboot_interface/include/rboot_interface/rboot_interface/msg/object_position.h
[29.319s] -- Installing: /home/jj/dual_dummy/install/rboot_interface/include/rboot_interface/rboot_interface/msg/detail
[29.319s] -- Installing: /home/jj/dual_dummy/install/rboot_interface/include/rboot_interface/rboot_interface/msg/detail/object_position__functions.c
[29.319s] -- Installing: /home/jj/dual_dummy/install/rboot_interface/include/rboot_interface/rboot_interface/msg/detail/rboot_position__struct.h
[29.320s] -- Installing: /home/jj/dual_dummy/install/rboot_interface/include/rboot_interface/rboot_interface/msg/detail/object_position__type_support.h
[29.320s] -- Installing: /home/jj/dual_dummy/install/rboot_interface/include/rboot_interface/rboot_interface/msg/detail/rboot_position__type_support.h
[29.321s] -- Installing: /home/jj/dual_dummy/install/rboot_interface/include/rboot_interface/rboot_interface/msg/detail/rboot_position__functions.h
[29.321s] -- Installing: /home/jj/dual_dummy/install/rboot_interface/include/rboot_interface/rboot_interface/msg/detail/object_position__functions.h
[29.322s] -- Installing: /home/jj/dual_dummy/install/rboot_interface/include/rboot_interface/rboot_interface/msg/detail/rboot_position__functions.c
[29.323s] -- Installing: /home/jj/dual_dummy/install/rboot_interface/include/rboot_interface/rboot_interface/msg/detail/object_position__struct.h
[29.324s] -- Installing: /home/jj/dual_dummy/install/rboot_interface/share/rboot_interface/environment/library_path.sh
[29.326s] -- Installing: /home/jj/dual_dummy/install/rboot_interface/share/rboot_interface/environment/library_path.dsv
[29.327s] -- Installing: /home/jj/dual_dummy/install/rboot_interface/lib/librboot_interface__rosidl_generator_c.so
[29.330s] -- Set runtime path of "/home/jj/dual_dummy/install/rboot_interface/lib/librboot_interface__rosidl_generator_c.so" to ""
[29.331s] -- Up-to-date: /home/jj/dual_dummy/install/rboot_interface/include/rboot_interface/rboot_interface
[29.331s] -- Up-to-date: /home/jj/dual_dummy/install/rboot_interface/include/rboot_interface/rboot_interface/srv
[29.331s] -- Up-to-date: /home/jj/dual_dummy/install/rboot_interface/include/rboot_interface/rboot_interface/srv/detail
[29.331s] -- Installing: /home/jj/dual_dummy/install/rboot_interface/include/rboot_interface/rboot_interface/srv/detail/get_object_position__rosidl_typesupport_fastrtps_c.h
[29.333s] -- Installing: /home/jj/dual_dummy/install/rboot_interface/include/rboot_interface/rboot_interface/srv/detail/add_two_ints__rosidl_typesupport_fastrtps_c.h
[29.333s] -- Up-to-date: /home/jj/dual_dummy/install/rboot_interface/include/rboot_interface/rboot_interface/action
[29.333s] -- Up-to-date: /home/jj/dual_dummy/install/rboot_interface/include/rboot_interface/rboot_interface/action/detail
[29.334s] -- Installing: /home/jj/dual_dummy/install/rboot_interface/include/rboot_interface/rboot_interface/action/detail/move_circle__rosidl_typesupport_fastrtps_c.h
[29.334s] -- Up-to-date: /home/jj/dual_dummy/install/rboot_interface/include/rboot_interface/rboot_interface/msg
[29.335s] -- Installing: /home/jj/dual_dummy/install/rboot_interface/include/rboot_interface/rboot_interface/msg/rosidl_typesupport_fastrtps_c__visibility_control.h
[29.335s] -- Up-to-date: /home/jj/dual_dummy/install/rboot_interface/include/rboot_interface/rboot_interface/msg/detail
[29.335s] -- Installing: /home/jj/dual_dummy/install/rboot_interface/include/rboot_interface/rboot_interface/msg/detail/rboot_position__rosidl_typesupport_fastrtps_c.h
[29.337s] -- Installing: /home/jj/dual_dummy/install/rboot_interface/include/rboot_interface/rboot_interface/msg/detail/object_position__rosidl_typesupport_fastrtps_c.h
[29.337s] -- Installing: /home/jj/dual_dummy/install/rboot_interface/lib/librboot_interface__rosidl_typesupport_fastrtps_c.so
[29.339s] -- Set runtime path of "/home/jj/dual_dummy/install/rboot_interface/lib/librboot_interface__rosidl_typesupport_fastrtps_c.so" to ""
[29.340s] -- Up-to-date: /home/jj/dual_dummy/install/rboot_interface/include/rboot_interface/rboot_interface
[29.340s] -- Up-to-date: /home/jj/dual_dummy/install/rboot_interface/include/rboot_interface/rboot_interface/srv
[29.340s] -- Up-to-date: /home/jj/dual_dummy/install/rboot_interface/include/rboot_interface/rboot_interface/srv/detail
[29.341s] -- Installing: /home/jj/dual_dummy/install/rboot_interface/include/rboot_interface/rboot_interface/srv/detail/add_two_ints__type_support.c
[29.341s] -- Installing: /home/jj/dual_dummy/install/rboot_interface/include/rboot_interface/rboot_interface/srv/detail/add_two_ints__rosidl_typesupport_introspection_c.h
[29.343s] -- Installing: /home/jj/dual_dummy/install/rboot_interface/include/rboot_interface/rboot_interface/srv/detail/get_object_position__type_support.c
[29.346s] -- Installing: /home/jj/dual_dummy/install/rboot_interface/include/rboot_interface/rboot_interface/srv/detail/get_object_position__rosidl_typesupport_introspection_c.h
[29.347s] -- Up-to-date: /home/jj/dual_dummy/install/rboot_interface/include/rboot_interface/rboot_interface/action
[29.348s] -- Up-to-date: /home/jj/dual_dummy/install/rboot_interface/include/rboot_interface/rboot_interface/action/detail
[29.349s] -- Installing: /home/jj/dual_dummy/install/rboot_interface/include/rboot_interface/rboot_interface/action/detail/move_circle__rosidl_typesupport_introspection_c.h
[29.350s] -- Installing: /home/jj/dual_dummy/install/rboot_interface/include/rboot_interface/rboot_interface/action/detail/move_circle__type_support.c
[29.351s] -- Up-to-date: /home/jj/dual_dummy/install/rboot_interface/include/rboot_interface/rboot_interface/msg
[29.351s] -- Installing: /home/jj/dual_dummy/install/rboot_interface/include/rboot_interface/rboot_interface/msg/rosidl_typesupport_introspection_c__visibility_control.h
[29.351s] -- Up-to-date: /home/jj/dual_dummy/install/rboot_interface/include/rboot_interface/rboot_interface/msg/detail
[29.352s] -- Installing: /home/jj/dual_dummy/install/rboot_interface/include/rboot_interface/rboot_interface/msg/detail/object_position__type_support.c
[29.352s] -- Installing: /home/jj/dual_dummy/install/rboot_interface/include/rboot_interface/rboot_interface/msg/detail/object_position__rosidl_typesupport_introspection_c.h
[29.354s] -- Installing: /home/jj/dual_dummy/install/rboot_interface/include/rboot_interface/rboot_interface/msg/detail/rboot_position__type_support.c
[29.356s] -- Installing: /home/jj/dual_dummy/install/rboot_interface/include/rboot_interface/rboot_interface/msg/detail/rboot_position__rosidl_typesupport_introspection_c.h
[29.359s] -- Installing: /home/jj/dual_dummy/install/rboot_interface/lib/librboot_interface__rosidl_typesupport_introspection_c.so
[29.359s] -- Set runtime path of "/home/jj/dual_dummy/install/rboot_interface/lib/librboot_interface__rosidl_typesupport_introspection_c.so" to ""
[29.359s] -- Installing: /home/jj/dual_dummy/install/rboot_interface/lib/librboot_interface__rosidl_typesupport_c.so
[29.359s] -- Set runtime path of "/home/jj/dual_dummy/install/rboot_interface/lib/librboot_interface__rosidl_typesupport_c.so" to ""
[29.359s] -- Up-to-date: /home/jj/dual_dummy/install/rboot_interface/include/rboot_interface/rboot_interface
[29.359s] -- Up-to-date: /home/jj/dual_dummy/install/rboot_interface/include/rboot_interface/rboot_interface/srv
[29.359s] -- Installing: /home/jj/dual_dummy/install/rboot_interface/include/rboot_interface/rboot_interface/srv/add_two_ints.hpp
[29.365s] -- Installing: /home/jj/dual_dummy/install/rboot_interface/include/rboot_interface/rboot_interface/srv/get_object_position.hpp
[29.367s] -- Up-to-date: /home/jj/dual_dummy/install/rboot_interface/include/rboot_interface/rboot_interface/srv/detail
[29.367s] -- Installing: /home/jj/dual_dummy/install/rboot_interface/include/rboot_interface/rboot_interface/srv/detail/get_object_position__type_support.hpp
[29.367s] -- Installing: /home/jj/dual_dummy/install/rboot_interface/include/rboot_interface/rboot_interface/srv/detail/get_object_position__struct.hpp
[29.367s] -- Installing: /home/jj/dual_dummy/install/rboot_interface/include/rboot_interface/rboot_interface/srv/detail/add_two_ints__builder.hpp
[29.368s] -- Installing: /home/jj/dual_dummy/install/rboot_interface/include/rboot_interface/rboot_interface/srv/detail/add_two_ints__type_support.hpp
[29.368s] -- Installing: /home/jj/dual_dummy/install/rboot_interface/include/rboot_interface/rboot_interface/srv/detail/get_object_position__traits.hpp
[29.368s] -- Installing: /home/jj/dual_dummy/install/rboot_interface/include/rboot_interface/rboot_interface/srv/detail/add_two_ints__struct.hpp
[29.368s] -- Installing: /home/jj/dual_dummy/install/rboot_interface/include/rboot_interface/rboot_interface/srv/detail/add_two_ints__traits.hpp
[29.368s] -- Installing: /home/jj/dual_dummy/install/rboot_interface/include/rboot_interface/rboot_interface/srv/detail/get_object_position__builder.hpp
[29.368s] -- Up-to-date: /home/jj/dual_dummy/install/rboot_interface/include/rboot_interface/rboot_interface/action
[29.371s] -- Installing: /home/jj/dual_dummy/install/rboot_interface/include/rboot_interface/rboot_interface/action/move_circle.hpp
[29.373s] -- Up-to-date: /home/jj/dual_dummy/install/rboot_interface/include/rboot_interface/rboot_interface/action/detail
[29.373s] -- Installing: /home/jj/dual_dummy/install/rboot_interface/include/rboot_interface/rboot_interface/action/detail/move_circle__struct.hpp
[29.373s] -- Installing: /home/jj/dual_dummy/install/rboot_interface/include/rboot_interface/rboot_interface/action/detail/move_circle__traits.hpp
[29.373s] -- Installing: /home/jj/dual_dummy/install/rboot_interface/include/rboot_interface/rboot_interface/action/detail/move_circle__type_support.hpp
[29.373s] -- Installing: /home/jj/dual_dummy/install/rboot_interface/include/rboot_interface/rboot_interface/action/detail/move_circle__builder.hpp
[29.379s] -- Up-to-date: /home/jj/dual_dummy/install/rboot_interface/include/rboot_interface/rboot_interface/msg
[29.379s] -- Installing: /home/jj/dual_dummy/install/rboot_interface/include/rboot_interface/rboot_interface/msg/rosidl_generator_cpp__visibility_control.hpp
[29.380s] -- Installing: /home/jj/dual_dummy/install/rboot_interface/include/rboot_interface/rboot_interface/msg/rboot_position.hpp
[29.380s] -- Up-to-date: /home/jj/dual_dummy/install/rboot_interface/include/rboot_interface/rboot_interface/msg/detail
[29.380s] -- Installing: /home/jj/dual_dummy/install/rboot_interface/include/rboot_interface/rboot_interface/msg/detail/rboot_position__struct.hpp
[29.380s] -- Installing: /home/jj/dual_dummy/install/rboot_interface/include/rboot_interface/rboot_interface/msg/detail/object_position__struct.hpp
[29.380s] -- Installing: /home/jj/dual_dummy/install/rboot_interface/include/rboot_interface/rboot_interface/msg/detail/rboot_position__type_support.hpp
[29.380s] -- Installing: /home/jj/dual_dummy/install/rboot_interface/include/rboot_interface/rboot_interface/msg/detail/rboot_position__builder.hpp
[29.380s] -- Installing: /home/jj/dual_dummy/install/rboot_interface/include/rboot_interface/rboot_interface/msg/detail/object_position__builder.hpp
[29.380s] -- Installing: /home/jj/dual_dummy/install/rboot_interface/include/rboot_interface/rboot_interface/msg/detail/rboot_position__traits.hpp
[29.380s] -- Installing: /home/jj/dual_dummy/install/rboot_interface/include/rboot_interface/rboot_interface/msg/detail/object_position__type_support.hpp
[29.380s] -- Installing: /home/jj/dual_dummy/install/rboot_interface/include/rboot_interface/rboot_interface/msg/detail/object_position__traits.hpp
[29.380s] -- Installing: /home/jj/dual_dummy/install/rboot_interface/include/rboot_interface/rboot_interface/msg/object_position.hpp
[29.380s] -- Up-to-date: /home/jj/dual_dummy/install/rboot_interface/include/rboot_interface/rboot_interface
[29.380s] -- Up-to-date: /home/jj/dual_dummy/install/rboot_interface/include/rboot_interface/rboot_interface/srv
[29.380s] -- Up-to-date: /home/jj/dual_dummy/install/rboot_interface/include/rboot_interface/rboot_interface/srv/detail
[29.380s] -- Installing: /home/jj/dual_dummy/install/rboot_interface/include/rboot_interface/rboot_interface/srv/detail/dds_fastrtps
[29.381s] -- Installing: /home/jj/dual_dummy/install/rboot_interface/include/rboot_interface/rboot_interface/srv/detail/add_two_ints__rosidl_typesupport_fastrtps_cpp.hpp
[29.381s] -- Installing: /home/jj/dual_dummy/install/rboot_interface/include/rboot_interface/rboot_interface/srv/detail/get_object_position__rosidl_typesupport_fastrtps_cpp.hpp
[29.381s] -- Up-to-date: /home/jj/dual_dummy/install/rboot_interface/include/rboot_interface/rboot_interface/action
[29.381s] -- Up-to-date: /home/jj/dual_dummy/install/rboot_interface/include/rboot_interface/rboot_interface/action/detail
[29.381s] -- Installing: /home/jj/dual_dummy/install/rboot_interface/include/rboot_interface/rboot_interface/action/detail/dds_fastrtps
[29.381s] -- Installing: /home/jj/dual_dummy/install/rboot_interface/include/rboot_interface/rboot_interface/action/detail/move_circle__rosidl_typesupport_fastrtps_cpp.hpp
[29.381s] -- Up-to-date: /home/jj/dual_dummy/install/rboot_interface/include/rboot_interface/rboot_interface/msg
[29.381s] -- Installing: /home/jj/dual_dummy/install/rboot_interface/include/rboot_interface/rboot_interface/msg/rosidl_typesupport_fastrtps_cpp__visibility_control.h
[29.381s] -- Up-to-date: /home/jj/dual_dummy/install/rboot_interface/include/rboot_interface/rboot_interface/msg/detail
[29.382s] -- Installing: /home/jj/dual_dummy/install/rboot_interface/include/rboot_interface/rboot_interface/msg/detail/dds_fastrtps
[29.382s] -- Installing: /home/jj/dual_dummy/install/rboot_interface/include/rboot_interface/rboot_interface/msg/detail/rboot_position__rosidl_typesupport_fastrtps_cpp.hpp
[29.382s] -- Installing: /home/jj/dual_dummy/install/rboot_interface/include/rboot_interface/rboot_interface/msg/detail/object_position__rosidl_typesupport_fastrtps_cpp.hpp
[29.382s] -- Installing: /home/jj/dual_dummy/install/rboot_interface/lib/librboot_interface__rosidl_typesupport_fastrtps_cpp.so
[29.382s] -- Set runtime path of "/home/jj/dual_dummy/install/rboot_interface/lib/librboot_interface__rosidl_typesupport_fastrtps_cpp.so" to ""
[29.382s] -- Up-to-date: /home/jj/dual_dummy/install/rboot_interface/include/rboot_interface/rboot_interface
[29.382s] -- Up-to-date: /home/jj/dual_dummy/install/rboot_interface/include/rboot_interface/rboot_interface/srv
[29.383s] -- Up-to-date: /home/jj/dual_dummy/install/rboot_interface/include/rboot_interface/rboot_interface/srv/detail
[29.383s] -- Installing: /home/jj/dual_dummy/install/rboot_interface/include/rboot_interface/rboot_interface/srv/detail/get_object_position__rosidl_typesupport_introspection_cpp.hpp
[29.389s] -- Installing: /home/jj/dual_dummy/install/rboot_interface/include/rboot_interface/rboot_interface/srv/detail/get_object_position__type_support.cpp
[29.389s] -- Installing: /home/jj/dual_dummy/install/rboot_interface/include/rboot_interface/rboot_interface/srv/detail/add_two_ints__type_support.cpp
[29.389s] -- Installing: /home/jj/dual_dummy/install/rboot_interface/include/rboot_interface/rboot_interface/srv/detail/add_two_ints__rosidl_typesupport_introspection_cpp.hpp
[29.389s] -- Up-to-date: /home/jj/dual_dummy/install/rboot_interface/include/rboot_interface/rboot_interface/action
[29.389s] -- Up-to-date: /home/jj/dual_dummy/install/rboot_interface/include/rboot_interface/rboot_interface/action/detail
[29.389s] -- Installing: /home/jj/dual_dummy/install/rboot_interface/include/rboot_interface/rboot_interface/action/detail/move_circle__rosidl_typesupport_introspection_cpp.hpp
[29.390s] -- Installing: /home/jj/dual_dummy/install/rboot_interface/include/rboot_interface/rboot_interface/action/detail/move_circle__type_support.cpp
[29.395s] -- Up-to-date: /home/jj/dual_dummy/install/rboot_interface/include/rboot_interface/rboot_interface/msg
[29.395s] -- Up-to-date: /home/jj/dual_dummy/install/rboot_interface/include/rboot_interface/rboot_interface/msg/detail
[29.396s] -- Installing: /home/jj/dual_dummy/install/rboot_interface/include/rboot_interface/rboot_interface/msg/detail/rboot_position__type_support.cpp
[29.396s] -- Installing: /home/jj/dual_dummy/install/rboot_interface/include/rboot_interface/rboot_interface/msg/detail/object_position__rosidl_typesupport_introspection_cpp.hpp
[29.396s] -- Installing: /home/jj/dual_dummy/install/rboot_interface/include/rboot_interface/rboot_interface/msg/detail/rboot_position__rosidl_typesupport_introspection_cpp.hpp
[29.396s] -- Installing: /home/jj/dual_dummy/install/rboot_interface/include/rboot_interface/rboot_interface/msg/detail/object_position__type_support.cpp
[29.397s] -- Installing: /home/jj/dual_dummy/install/rboot_interface/lib/librboot_interface__rosidl_typesupport_introspection_cpp.so
[29.403s] -- Set runtime path of "/home/jj/dual_dummy/install/rboot_interface/lib/librboot_interface__rosidl_typesupport_introspection_cpp.so" to ""
[29.403s] -- Installing: /home/jj/dual_dummy/install/rboot_interface/lib/librboot_interface__rosidl_typesupport_cpp.so
[29.403s] -- Set runtime path of "/home/jj/dual_dummy/install/rboot_interface/lib/librboot_interface__rosidl_typesupport_cpp.so" to ""
[29.403s] -- Installing: /home/jj/dual_dummy/install/rboot_interface/share/rboot_interface/environment/pythonpath.sh
[29.404s] -- Installing: /home/jj/dual_dummy/install/rboot_interface/share/rboot_interface/environment/pythonpath.dsv
[29.409s] -- Installing: /home/jj/dual_dummy/install/rboot_interface/local/lib/python3.10/dist-packages/rboot_interface-0.0.0-py3.10.egg-info
[29.409s] -- Installing: /home/jj/dual_dummy/install/rboot_interface/local/lib/python3.10/dist-packages/rboot_interface-0.0.0-py3.10.egg-info/top_level.txt
[29.409s] -- Installing: /home/jj/dual_dummy/install/rboot_interface/local/lib/python3.10/dist-packages/rboot_interface-0.0.0-py3.10.egg-info/dependency_links.txt
[29.410s] -- Installing: /home/jj/dual_dummy/install/rboot_interface/local/lib/python3.10/dist-packages/rboot_interface-0.0.0-py3.10.egg-info/SOURCES.txt
[29.411s] -- Installing: /home/jj/dual_dummy/install/rboot_interface/local/lib/python3.10/dist-packages/rboot_interface-0.0.0-py3.10.egg-info/PKG-INFO
[29.417s] -- Installing: /home/jj/dual_dummy/install/rboot_interface/local/lib/python3.10/dist-packages/rboot_interface
[29.417s] -- Installing: /home/jj/dual_dummy/install/rboot_interface/local/lib/python3.10/dist-packages/rboot_interface/rboot_interface_s__rosidl_typesupport_c.cpython-310-x86_64-linux-gnu.so
[29.417s] -- Installing: /home/jj/dual_dummy/install/rboot_interface/local/lib/python3.10/dist-packages/rboot_interface/_rboot_interface_s.ep.rosidl_typesupport_fastrtps_c.c
[29.417s] -- Installing: /home/jj/dual_dummy/install/rboot_interface/local/lib/python3.10/dist-packages/rboot_interface/librboot_interface__rosidl_generator_py.so
[29.417s] -- Installing: /home/jj/dual_dummy/install/rboot_interface/local/lib/python3.10/dist-packages/rboot_interface/rboot_interface_s__rosidl_typesupport_introspection_c.cpython-310-x86_64-linux-gnu.so
[29.417s] -- Installing: /home/jj/dual_dummy/install/rboot_interface/local/lib/python3.10/dist-packages/rboot_interface/__init__.py
[29.417s] -- Installing: /home/jj/dual_dummy/install/rboot_interface/local/lib/python3.10/dist-packages/rboot_interface/srv
[29.417s] -- Installing: /home/jj/dual_dummy/install/rboot_interface/local/lib/python3.10/dist-packages/rboot_interface/srv/_get_object_position.py
[29.418s] -- Installing: /home/jj/dual_dummy/install/rboot_interface/local/lib/python3.10/dist-packages/rboot_interface/srv/_add_two_ints_s.c
[29.418s] -- Installing: /home/jj/dual_dummy/install/rboot_interface/local/lib/python3.10/dist-packages/rboot_interface/srv/__init__.py
[29.419s] -- Installing: /home/jj/dual_dummy/install/rboot_interface/local/lib/python3.10/dist-packages/rboot_interface/srv/_add_two_ints.py
[29.419s] -- Installing: /home/jj/dual_dummy/install/rboot_interface/local/lib/python3.10/dist-packages/rboot_interface/srv/_get_object_position_s.c
[29.419s] -- Installing: /home/jj/dual_dummy/install/rboot_interface/local/lib/python3.10/dist-packages/rboot_interface/action
[29.419s] -- Installing: /home/jj/dual_dummy/install/rboot_interface/local/lib/python3.10/dist-packages/rboot_interface/action/_move_circle_s.c
[29.423s] -- Installing: /home/jj/dual_dummy/install/rboot_interface/local/lib/python3.10/dist-packages/rboot_interface/action/__init__.py
[29.423s] -- Installing: /home/jj/dual_dummy/install/rboot_interface/local/lib/python3.10/dist-packages/rboot_interface/action/_move_circle.py
[29.423s] -- Installing: /home/jj/dual_dummy/install/rboot_interface/local/lib/python3.10/dist-packages/rboot_interface/msg
[29.423s] -- Installing: /home/jj/dual_dummy/install/rboot_interface/local/lib/python3.10/dist-packages/rboot_interface/msg/_object_position.py
[29.423s] -- Installing: /home/jj/dual_dummy/install/rboot_interface/local/lib/python3.10/dist-packages/rboot_interface/msg/_rboot_position.py
[29.423s] -- Installing: /home/jj/dual_dummy/install/rboot_interface/local/lib/python3.10/dist-packages/rboot_interface/msg/__init__.py
[29.425s] -- Installing: /home/jj/dual_dummy/install/rboot_interface/local/lib/python3.10/dist-packages/rboot_interface/msg/_rboot_position_s.c
[29.426s] -- Installing: /home/jj/dual_dummy/install/rboot_interface/local/lib/python3.10/dist-packages/rboot_interface/msg/_object_position_s.c
[29.426s] -- Installing: /home/jj/dual_dummy/install/rboot_interface/local/lib/python3.10/dist-packages/rboot_interface/rboot_interface_s__rosidl_typesupport_fastrtps_c.cpython-310-x86_64-linux-gnu.so
[29.427s] -- Installing: /home/jj/dual_dummy/install/rboot_interface/local/lib/python3.10/dist-packages/rboot_interface/_rboot_interface_s.ep.rosidl_typesupport_introspection_c.c
[29.430s] -- Installing: /home/jj/dual_dummy/install/rboot_interface/local/lib/python3.10/dist-packages/rboot_interface/_rboot_interface_s.ep.rosidl_typesupport_c.c
[29.705s] Listing '/home/jj/dual_dummy/install/rboot_interface/local/lib/python3.10/dist-packages/rboot_interface'...
[29.705s] Compiling '/home/jj/dual_dummy/install/rboot_interface/local/lib/python3.10/dist-packages/rboot_interface/__init__.py'...
[29.705s] Listing '/home/jj/dual_dummy/install/rboot_interface/local/lib/python3.10/dist-packages/rboot_interface/action'...
[29.705s] Compiling '/home/jj/dual_dummy/install/rboot_interface/local/lib/python3.10/dist-packages/rboot_interface/action/__init__.py'...
[29.705s] Compiling '/home/jj/dual_dummy/install/rboot_interface/local/lib/python3.10/dist-packages/rboot_interface/action/_move_circle.py'...
[29.705s] Listing '/home/jj/dual_dummy/install/rboot_interface/local/lib/python3.10/dist-packages/rboot_interface/msg'...
[29.705s] Compiling '/home/jj/dual_dummy/install/rboot_interface/local/lib/python3.10/dist-packages/rboot_interface/msg/__init__.py'...
[29.705s] Compiling '/home/jj/dual_dummy/install/rboot_interface/local/lib/python3.10/dist-packages/rboot_interface/msg/_object_position.py'...
[29.705s] Compiling '/home/jj/dual_dummy/install/rboot_interface/local/lib/python3.10/dist-packages/rboot_interface/msg/_rboot_position.py'...
[29.705s] Listing '/home/jj/dual_dummy/install/rboot_interface/local/lib/python3.10/dist-packages/rboot_interface/srv'...
[29.705s] Compiling '/home/jj/dual_dummy/install/rboot_interface/local/lib/python3.10/dist-packages/rboot_interface/srv/__init__.py'...
[29.705s] Compiling '/home/jj/dual_dummy/install/rboot_interface/local/lib/python3.10/dist-packages/rboot_interface/srv/_add_two_ints.py'...
[29.705s] Compiling '/home/jj/dual_dummy/install/rboot_interface/local/lib/python3.10/dist-packages/rboot_interface/srv/_get_object_position.py'...
[29.716s] -- Installing: /home/jj/dual_dummy/install/rboot_interface/local/lib/python3.10/dist-packages/rboot_interface/rboot_interface_s__rosidl_typesupport_fastrtps_c.cpython-310-x86_64-linux-gnu.so
[29.717s] -- Set runtime path of "/home/jj/dual_dummy/install/rboot_interface/local/lib/python3.10/dist-packages/rboot_interface/rboot_interface_s__rosidl_typesupport_fastrtps_c.cpython-310-x86_64-linux-gnu.so" to ""
[29.718s] -- Installing: /home/jj/dual_dummy/install/rboot_interface/local/lib/python3.10/dist-packages/rboot_interface/rboot_interface_s__rosidl_typesupport_introspection_c.cpython-310-x86_64-linux-gnu.so
[29.722s] -- Set runtime path of "/home/jj/dual_dummy/install/rboot_interface/local/lib/python3.10/dist-packages/rboot_interface/rboot_interface_s__rosidl_typesupport_introspection_c.cpython-310-x86_64-linux-gnu.so" to ""
[29.723s] -- Installing: /home/jj/dual_dummy/install/rboot_interface/local/lib/python3.10/dist-packages/rboot_interface/rboot_interface_s__rosidl_typesupport_c.cpython-310-x86_64-linux-gnu.so
[29.723s] -- Set runtime path of "/home/jj/dual_dummy/install/rboot_interface/local/lib/python3.10/dist-packages/rboot_interface/rboot_interface_s__rosidl_typesupport_c.cpython-310-x86_64-linux-gnu.so" to ""
[29.723s] -- Installing: /home/jj/dual_dummy/install/rboot_interface/lib/librboot_interface__rosidl_generator_py.so
[29.728s] -- Set runtime path of "/home/jj/dual_dummy/install/rboot_interface/lib/librboot_interface__rosidl_generator_py.so" to ""
[29.729s] -- Installing: /home/jj/dual_dummy/install/rboot_interface/share/rboot_interface/msg/ObjectPosition.idl
[29.729s] -- Installing: /home/jj/dual_dummy/install/rboot_interface/share/rboot_interface/msg/RbootPosition.idl
[29.729s] -- Installing: /home/jj/dual_dummy/install/rboot_interface/share/rboot_interface/srv/AddTwoInts.idl
[29.729s] -- Installing: /home/jj/dual_dummy/install/rboot_interface/share/rboot_interface/srv/GetObjectPosition.idl
[29.729s] -- Installing: /home/jj/dual_dummy/install/rboot_interface/share/rboot_interface/action/MoveCircle.idl
[29.729s] -- Installing: /home/jj/dual_dummy/install/rboot_interface/share/rboot_interface/msg/ObjectPosition.msg
[29.733s] -- Installing: /home/jj/dual_dummy/install/rboot_interface/share/rboot_interface/msg/RbootPosition.msg
[29.733s] -- Installing: /home/jj/dual_dummy/install/rboot_interface/share/rboot_interface/srv/AddTwoInts.srv
[29.733s] -- Installing: /home/jj/dual_dummy/install/rboot_interface/share/rboot_interface/srv/AddTwoInts_Request.msg
[29.739s] -- Installing: /home/jj/dual_dummy/install/rboot_interface/share/rboot_interface/srv/AddTwoInts_Response.msg
[29.739s] -- Installing: /home/jj/dual_dummy/install/rboot_interface/share/rboot_interface/srv/GetObjectPosition.srv
[29.744s] -- Installing: /home/jj/dual_dummy/install/rboot_interface/share/rboot_interface/srv/GetObjectPosition_Request.msg
[29.744s] -- Installing: /home/jj/dual_dummy/install/rboot_interface/share/rboot_interface/srv/GetObjectPosition_Response.msg
[29.744s] -- Installing: /home/jj/dual_dummy/install/rboot_interface/share/rboot_interface/action/MoveCircle.action
[29.744s] -- Installing: /home/jj/dual_dummy/install/rboot_interface/share/ament_index/resource_index/package_run_dependencies/rboot_interface
[29.751s] -- Installing: /home/jj/dual_dummy/install/rboot_interface/share/ament_index/resource_index/parent_prefix_path/rboot_interface
[29.751s] -- Installing: /home/jj/dual_dummy/install/rboot_interface/share/rboot_interface/environment/ament_prefix_path.sh
[29.751s] -- Installing: /home/jj/dual_dummy/install/rboot_interface/share/rboot_interface/environment/ament_prefix_path.dsv
[29.770s] -- Installing: /home/jj/dual_dummy/install/rboot_interface/share/rboot_interface/environment/path.sh
[29.772s] -- Installing: /home/jj/dual_dummy/install/rboot_interface/share/rboot_interface/environment/path.dsv
[29.772s] -- Installing: /home/jj/dual_dummy/install/rboot_interface/share/rboot_interface/local_setup.bash
[29.772s] -- Installing: /home/jj/dual_dummy/install/rboot_interface/share/rboot_interface/local_setup.sh
[29.772s] -- Installing: /home/jj/dual_dummy/install/rboot_interface/share/rboot_interface/local_setup.zsh
[29.772s] -- Installing: /home/jj/dual_dummy/install/rboot_interface/share/rboot_interface/local_setup.dsv
[29.780s] -- Installing: /home/jj/dual_dummy/install/rboot_interface/share/rboot_interface/package.dsv
[29.782s] -- Installing: /home/jj/dual_dummy/install/rboot_interface/share/ament_index/resource_index/packages/rboot_interface
[29.784s] -- Installing: /home/jj/dual_dummy/install/rboot_interface/share/rboot_interface/cmake/export_rboot_interface__rosidl_generator_cExport.cmake
[29.790s] -- Installing: /home/jj/dual_dummy/install/rboot_interface/share/rboot_interface/cmake/export_rboot_interface__rosidl_generator_cExport-noconfig.cmake
[29.793s] -- Installing: /home/jj/dual_dummy/install/rboot_interface/share/rboot_interface/cmake/export_rboot_interface__rosidl_typesupport_fastrtps_cExport.cmake
[29.799s] -- Installing: /home/jj/dual_dummy/install/rboot_interface/share/rboot_interface/cmake/export_rboot_interface__rosidl_typesupport_fastrtps_cExport-noconfig.cmake
[29.800s] -- Installing: /home/jj/dual_dummy/install/rboot_interface/share/rboot_interface/cmake/rboot_interface__rosidl_typesupport_introspection_cExport.cmake
[29.803s] -- Installing: /home/jj/dual_dummy/install/rboot_interface/share/rboot_interface/cmake/rboot_interface__rosidl_typesupport_introspection_cExport-noconfig.cmake
[29.807s] -- Installing: /home/jj/dual_dummy/install/rboot_interface/share/rboot_interface/cmake/rboot_interface__rosidl_typesupport_cExport.cmake
[29.807s] -- Installing: /home/jj/dual_dummy/install/rboot_interface/share/rboot_interface/cmake/rboot_interface__rosidl_typesupport_cExport-noconfig.cmake
[29.808s] -- Installing: /home/jj/dual_dummy/install/rboot_interface/share/rboot_interface/cmake/export_rboot_interface__rosidl_generator_cppExport.cmake
[29.811s] -- Installing: /home/jj/dual_dummy/install/rboot_interface/share/rboot_interface/cmake/export_rboot_interface__rosidl_typesupport_fastrtps_cppExport.cmake
[29.812s] -- Installing: /home/jj/dual_dummy/install/rboot_interface/share/rboot_interface/cmake/export_rboot_interface__rosidl_typesupport_fastrtps_cppExport-noconfig.cmake
[29.812s] -- Installing: /home/jj/dual_dummy/install/rboot_interface/share/rboot_interface/cmake/rboot_interface__rosidl_typesupport_introspection_cppExport.cmake
[29.815s] -- Installing: /home/jj/dual_dummy/install/rboot_interface/share/rboot_interface/cmake/rboot_interface__rosidl_typesupport_introspection_cppExport-noconfig.cmake
[29.819s] -- Installing: /home/jj/dual_dummy/install/rboot_interface/share/rboot_interface/cmake/rboot_interface__rosidl_typesupport_cppExport.cmake
[29.821s] -- Installing: /home/jj/dual_dummy/install/rboot_interface/share/rboot_interface/cmake/rboot_interface__rosidl_typesupport_cppExport-noconfig.cmake
[29.823s] -- Installing: /home/jj/dual_dummy/install/rboot_interface/share/rboot_interface/cmake/export_rboot_interface__rosidl_generator_pyExport.cmake
[29.825s] -- Installing: /home/jj/dual_dummy/install/rboot_interface/share/rboot_interface/cmake/export_rboot_interface__rosidl_generator_pyExport-noconfig.cmake
[29.828s] -- Installing: /home/jj/dual_dummy/install/rboot_interface/share/rboot_interface/cmake/rosidl_cmake-extras.cmake
[29.832s] -- Installing: /home/jj/dual_dummy/install/rboot_interface/share/rboot_interface/cmake/ament_cmake_export_dependencies-extras.cmake
[29.832s] -- Installing: /home/jj/dual_dummy/install/rboot_interface/share/rboot_interface/cmake/ament_cmake_export_include_directories-extras.cmake
[29.833s] -- Installing: /home/jj/dual_dummy/install/rboot_interface/share/rboot_interface/cmake/ament_cmake_export_libraries-extras.cmake
[29.841s] -- Installing: /home/jj/dual_dummy/install/rboot_interface/share/rboot_interface/cmake/ament_cmake_export_targets-extras.cmake
[29.842s] -- Installing: /home/jj/dual_dummy/install/rboot_interface/share/rboot_interface/cmake/rosidl_cmake_export_typesupport_targets-extras.cmake
[29.857s] -- Installing: /home/jj/dual_dummy/install/rboot_interface/share/rboot_interface/cmake/rosidl_cmake_export_typesupport_libraries-extras.cmake
[29.857s] -- Installing: /home/jj/dual_dummy/install/rboot_interface/share/rboot_interface/cmake/rboot_interfaceConfig.cmake
[29.857s] -- Installing: /home/jj/dual_dummy/install/rboot_interface/share/rboot_interface/cmake/rboot_interfaceConfig-version.cmake
[29.862s] -- Installing: /home/jj/dual_dummy/install/rboot_interface/share/rboot_interface/package.xml
[29.880s] Invoked command in '/home/jj/dual_dummy/build/rboot_interface' returned '0': CMAKE_PREFIX_PATH=/opt/ros/humble /usr/bin/cmake --install /home/jj/dual_dummy/build/rboot_interface
