running egg_info
creating ../../build/rboot_topic/rboot_topic.egg-info
writing ../../build/rboot_topic/rboot_topic.egg-info/PKG-INFO
writing dependency_links to ../../build/rboot_topic/rboot_topic.egg-info/dependency_links.txt
writing entry points to ../../build/rboot_topic/rboot_topic.egg-info/entry_points.txt
writing requirements to ../../build/rboot_topic/rboot_topic.egg-info/requires.txt
writing top-level names to ../../build/rboot_topic/rboot_topic.egg-info/top_level.txt
writing manifest file '../../build/rboot_topic/rboot_topic.egg-info/SOURCES.txt'
reading manifest file '../../build/rboot_topic/rboot_topic.egg-info/SOURCES.txt'
writing manifest file '../../build/rboot_topic/rboot_topic.egg-info/SOURCES.txt'
running build
running build_py
creating /home/jj/dual_dummy/build/rboot_topic/build
creating /home/jj/dual_dummy/build/rboot_topic/build/lib
creating /home/jj/dual_dummy/build/rboot_topic/build/lib/rboot_topic
copying rboot_topic/__init__.py -> /home/jj/dual_dummy/build/rboot_topic/build/lib/rboot_topic
copying rboot_topic/dummy2_ros_controller.py -> /home/jj/dual_dummy/build/rboot_topic/build/lib/rboot_topic
copying rboot_topic/topic_helloworld_sub.py -> /home/jj/dual_dummy/build/rboot_topic/build/lib/rboot_topic
running install
running install_lib
creating /home/jj/dual_dummy/install/rboot_topic/lib/python3.10/site-packages/rboot_topic
copying /home/jj/dual_dummy/build/rboot_topic/build/lib/rboot_topic/__init__.py -> /home/jj/dual_dummy/install/rboot_topic/lib/python3.10/site-packages/rboot_topic
copying /home/jj/dual_dummy/build/rboot_topic/build/lib/rboot_topic/dummy2_ros_controller.py -> /home/jj/dual_dummy/install/rboot_topic/lib/python3.10/site-packages/rboot_topic
copying /home/jj/dual_dummy/build/rboot_topic/build/lib/rboot_topic/topic_helloworld_sub.py -> /home/jj/dual_dummy/install/rboot_topic/lib/python3.10/site-packages/rboot_topic
byte-compiling /home/jj/dual_dummy/install/rboot_topic/lib/python3.10/site-packages/rboot_topic/__init__.py to __init__.cpython-310.pyc
byte-compiling /home/jj/dual_dummy/install/rboot_topic/lib/python3.10/site-packages/rboot_topic/dummy2_ros_controller.py to dummy2_ros_controller.cpython-310.pyc
byte-compiling /home/jj/dual_dummy/install/rboot_topic/lib/python3.10/site-packages/rboot_topic/topic_helloworld_sub.py to topic_helloworld_sub.cpython-310.pyc
running install_data
creating /home/jj/dual_dummy/install/rboot_topic/share/ament_index
creating /home/jj/dual_dummy/install/rboot_topic/share/ament_index/resource_index
creating /home/jj/dual_dummy/install/rboot_topic/share/ament_index/resource_index/packages
copying resource/rboot_topic -> /home/jj/dual_dummy/install/rboot_topic/share/ament_index/resource_index/packages
copying package.xml -> /home/jj/dual_dummy/install/rboot_topic/share/rboot_topic
running install_egg_info
Copying ../../build/rboot_topic/rboot_topic.egg-info to /home/jj/dual_dummy/install/rboot_topic/lib/python3.10/site-packages/rboot_topic-0.0.1-py3.10.egg-info
running install_scripts
Installing dummy2_ros_controller script to /home/jj/dual_dummy/install/rboot_topic/lib/rboot_topic
writing list of installed files to '/home/jj/dual_dummy/build/rboot_topic/install.log'
