[2.941s] Invoking command in '/home/jj/dual_dummy/src/rboot_topic': AMENT_PREFIX_PATH=/home/jj/dual_dummy/install/rboot_interface:${AMENT_PREFIX_PATH} CMAKE_PREFIX_PATH=/home/jj/dual_dummy/install/rboot_interface LD_LIBRARY_PATH=/home/jj/dual_dummy/install/rboot_interface/lib:${LD_LIBRARY_PATH} PYTHONPATH=/home/jj/dual_dummy/build/rboot_topic/prefix_override:/usr/lib/python3/dist-packages/colcon_core/task/python/colcon_distutils_commands:/home/jj/dual_dummy/install/rboot_topic/lib/python3.10/site-packages:/home/jj/dual_dummy/install/rboot_interface/local/lib/python3.10/dist-packages:${PYTHONPATH} /usr/bin/python3 -W ignore:setup.py install is deprecated -W ignore:easy_install command is deprecated setup.py egg_info --egg-base ../../build/rboot_topic build --build-base /home/jj/dual_dummy/build/rboot_topic/build install --record /home/jj/dual_dummy/build/rboot_topic/install.log --single-version-externally-managed install_data
[3.556s] running egg_info
[3.562s] creating ../../build/rboot_topic/rboot_topic.egg-info
[3.562s] writing ../../build/rboot_topic/rboot_topic.egg-info/PKG-INFO
[3.562s] writing dependency_links to ../../build/rboot_topic/rboot_topic.egg-info/dependency_links.txt
[3.562s] writing entry points to ../../build/rboot_topic/rboot_topic.egg-info/entry_points.txt
[3.562s] writing requirements to ../../build/rboot_topic/rboot_topic.egg-info/requires.txt
[3.562s] writing top-level names to ../../build/rboot_topic/rboot_topic.egg-info/top_level.txt
[3.562s] writing manifest file '../../build/rboot_topic/rboot_topic.egg-info/SOURCES.txt'
[3.568s] reading manifest file '../../build/rboot_topic/rboot_topic.egg-info/SOURCES.txt'
[3.579s] writing manifest file '../../build/rboot_topic/rboot_topic.egg-info/SOURCES.txt'
[3.580s] running build
[3.580s] running build_py
[3.580s] creating /home/jj/dual_dummy/build/rboot_topic/build
[3.580s] creating /home/jj/dual_dummy/build/rboot_topic/build/lib
[3.580s] creating /home/jj/dual_dummy/build/rboot_topic/build/lib/rboot_topic
[3.580s] copying rboot_topic/__init__.py -> /home/jj/dual_dummy/build/rboot_topic/build/lib/rboot_topic
[3.580s] copying rboot_topic/dummy2_ros_controller.py -> /home/jj/dual_dummy/build/rboot_topic/build/lib/rboot_topic
[3.580s] copying rboot_topic/topic_helloworld_sub.py -> /home/jj/dual_dummy/build/rboot_topic/build/lib/rboot_topic
[3.580s] running install
[3.580s] running install_lib
[3.580s] creating /home/jj/dual_dummy/install/rboot_topic/lib/python3.10/site-packages/rboot_topic
[3.580s] copying /home/jj/dual_dummy/build/rboot_topic/build/lib/rboot_topic/__init__.py -> /home/jj/dual_dummy/install/rboot_topic/lib/python3.10/site-packages/rboot_topic
[3.580s] copying /home/jj/dual_dummy/build/rboot_topic/build/lib/rboot_topic/dummy2_ros_controller.py -> /home/jj/dual_dummy/install/rboot_topic/lib/python3.10/site-packages/rboot_topic
[3.581s] copying /home/jj/dual_dummy/build/rboot_topic/build/lib/rboot_topic/topic_helloworld_sub.py -> /home/jj/dual_dummy/install/rboot_topic/lib/python3.10/site-packages/rboot_topic
[3.586s] byte-compiling /home/jj/dual_dummy/install/rboot_topic/lib/python3.10/site-packages/rboot_topic/__init__.py to __init__.cpython-310.pyc
[3.586s] byte-compiling /home/jj/dual_dummy/install/rboot_topic/lib/python3.10/site-packages/rboot_topic/dummy2_ros_controller.py to dummy2_ros_controller.cpython-310.pyc
[3.590s] byte-compiling /home/jj/dual_dummy/install/rboot_topic/lib/python3.10/site-packages/rboot_topic/topic_helloworld_sub.py to topic_helloworld_sub.cpython-310.pyc
[3.590s] running install_data
[3.594s] creating /home/jj/dual_dummy/install/rboot_topic/share/ament_index
[3.594s] creating /home/jj/dual_dummy/install/rboot_topic/share/ament_index/resource_index
[3.594s] creating /home/jj/dual_dummy/install/rboot_topic/share/ament_index/resource_index/packages
[3.594s] copying resource/rboot_topic -> /home/jj/dual_dummy/install/rboot_topic/share/ament_index/resource_index/packages
[3.594s] copying package.xml -> /home/jj/dual_dummy/install/rboot_topic/share/rboot_topic
[3.594s] running install_egg_info
[3.603s] Copying ../../build/rboot_topic/rboot_topic.egg-info to /home/jj/dual_dummy/install/rboot_topic/lib/python3.10/site-packages/rboot_topic-0.0.1-py3.10.egg-info
[3.603s] running install_scripts
[3.632s] Installing dummy2_ros_controller script to /home/jj/dual_dummy/install/rboot_topic/lib/rboot_topic
[3.633s] writing list of installed files to '/home/jj/dual_dummy/build/rboot_topic/install.log'
[3.699s] Invoked command in '/home/jj/dual_dummy/src/rboot_topic' returned '0': AMENT_PREFIX_PATH=/home/jj/dual_dummy/install/rboot_interface:${AMENT_PREFIX_PATH} CMAKE_PREFIX_PATH=/home/jj/dual_dummy/install/rboot_interface LD_LIBRARY_PATH=/home/jj/dual_dummy/install/rboot_interface/lib:${LD_LIBRARY_PATH} PYTHONPATH=/home/jj/dual_dummy/build/rboot_topic/prefix_override:/usr/lib/python3/dist-packages/colcon_core/task/python/colcon_distutils_commands:/home/jj/dual_dummy/install/rboot_topic/lib/python3.10/site-packages:/home/jj/dual_dummy/install/rboot_interface/local/lib/python3.10/dist-packages:${PYTHONPATH} /usr/bin/python3 -W ignore:setup.py install is deprecated -W ignore:easy_install command is deprecated setup.py egg_info --egg-base ../../build/rboot_topic build --build-base /home/jj/dual_dummy/build/rboot_topic/build install --record /home/jj/dual_dummy/build/rboot_topic/install.log --single-version-externally-managed install_data
