[0.215s] DEBUG:colcon:Command line arguments: ['/usr/bin/colcon', 'build']
[0.215s] DEBUG:colcon:Parsed command line arguments: Namespace(log_base=None, log_level=None, verb_name='build', build_base='build', install_base='install', merge_install=False, symlink_install=False, test_result_base=None, continue_on_error=False, executor='parallel', parallel_workers=4, event_handlers=None, ignore_user_meta=False, metas=['./colcon.meta'], base_paths=['.'], packages_ignore=None, packages_ignore_regex=None, paths=None, packages_up_to=None, packages_up_to_regex=None, packages_above=None, packages_above_and_dependencies=None, packages_above_depth=None, packages_select_by_dep=None, packages_skip_by_dep=None, packages_skip_up_to=None, packages_select_build_failed=False, packages_skip_build_finished=False, packages_select_test_failures=False, packages_skip_test_passed=False, packages_select=None, packages_skip=None, packages_select_regex=None, packages_skip_regex=None, packages_start=None, packages_end=None, allow_overriding=[], cmake_args=None, cmake_target=None, cmake_target_skip_unavailable=False, cmake_clean_cache=False, cmake_clean_first=False, cmake_force_configure=False, ament_cmake_args=None, catkin_cmake_args=None, catkin_skip_building_tests=False, verb_parser=<colcon_defaults.argument_parser.defaults.DefaultArgumentsDecorator object at 0x786da5f6c0a0>, verb_extension=<colcon_core.verb.build.BuildVerb object at 0x786da5f2faf0>, main=<bound method BuildVerb.main of <colcon_core.verb.build.BuildVerb object at 0x786da5f2faf0>>)
[0.588s] Level 1:colcon.colcon_core.package_discovery:discover_packages(colcon_meta) check parameters
[0.589s] Level 1:colcon.colcon_core.package_discovery:discover_packages(recursive) check parameters
[0.589s] Level 1:colcon.colcon_core.package_discovery:discover_packages(ignore) check parameters
[0.589s] Level 1:colcon.colcon_core.package_discovery:discover_packages(path) check parameters
[0.589s] Level 1:colcon.colcon_core.package_discovery:discover_packages(colcon_meta) discover
[0.589s] Level 1:colcon.colcon_core.package_discovery:discover_packages(recursive) discover
[0.589s] INFO:colcon.colcon_core.package_discovery:Crawling recursively for packages in '/home/jj/dual_dummy'
[0.589s] Level 1:colcon.colcon_core.package_identification:_identify(.) by extensions ['ignore', 'ignore_ament_install']
[0.589s] Level 1:colcon.colcon_core.package_identification:_identify(.) by extension 'ignore'
[0.590s] Level 1:colcon.colcon_core.package_identification:_identify(.) by extension 'ignore_ament_install'
[0.590s] Level 1:colcon.colcon_core.package_identification:_identify(.) by extensions ['colcon_pkg']
[0.590s] Level 1:colcon.colcon_core.package_identification:_identify(.) by extension 'colcon_pkg'
[0.590s] Level 1:colcon.colcon_core.package_identification:_identify(.) by extensions ['colcon_meta']
[0.590s] Level 1:colcon.colcon_core.package_identification:_identify(.) by extension 'colcon_meta'
[0.590s] Level 1:colcon.colcon_core.package_identification:_identify(.) by extensions ['ros']
[0.590s] Level 1:colcon.colcon_core.package_identification:_identify(.) by extension 'ros'
[0.615s] Level 1:colcon.colcon_core.package_identification:_identify(.) by extensions ['cmake', 'python']
[0.615s] Level 1:colcon.colcon_core.package_identification:_identify(.) by extension 'cmake'
[0.615s] Level 1:colcon.colcon_core.package_identification:_identify(.) by extension 'python'
[0.616s] Level 1:colcon.colcon_core.package_identification:_identify(.) by extensions ['python_setup_py']
[0.616s] Level 1:colcon.colcon_core.package_identification:_identify(.) by extension 'python_setup_py'
[0.616s] Level 1:colcon.colcon_core.package_identification:_identify(build) by extensions ['ignore', 'ignore_ament_install']
[0.616s] Level 1:colcon.colcon_core.package_identification:_identify(build) by extension 'ignore'
[0.616s] Level 1:colcon.colcon_core.package_identification:_identify(build) ignored
[0.616s] Level 1:colcon.colcon_core.package_identification:_identify(install) by extensions ['ignore', 'ignore_ament_install']
[0.617s] Level 1:colcon.colcon_core.package_identification:_identify(install) by extension 'ignore'
[0.617s] Level 1:colcon.colcon_core.package_identification:_identify(install) ignored
[0.617s] Level 1:colcon.colcon_core.package_identification:_identify(log) by extensions ['ignore', 'ignore_ament_install']
[0.617s] Level 1:colcon.colcon_core.package_identification:_identify(log) by extension 'ignore'
[0.617s] Level 1:colcon.colcon_core.package_identification:_identify(log) ignored
[0.617s] Level 1:colcon.colcon_core.package_identification:_identify(src) by extensions ['ignore', 'ignore_ament_install']
[0.617s] Level 1:colcon.colcon_core.package_identification:_identify(src) by extension 'ignore'
[0.617s] Level 1:colcon.colcon_core.package_identification:_identify(src) by extension 'ignore_ament_install'
[0.618s] Level 1:colcon.colcon_core.package_identification:_identify(src) by extensions ['colcon_pkg']
[0.618s] Level 1:colcon.colcon_core.package_identification:_identify(src) by extension 'colcon_pkg'
[0.618s] Level 1:colcon.colcon_core.package_identification:_identify(src) by extensions ['colcon_meta']
[0.618s] Level 1:colcon.colcon_core.package_identification:_identify(src) by extension 'colcon_meta'
[0.618s] Level 1:colcon.colcon_core.package_identification:_identify(src) by extensions ['ros']
[0.618s] Level 1:colcon.colcon_core.package_identification:_identify(src) by extension 'ros'
[0.618s] Level 1:colcon.colcon_core.package_identification:_identify(src) by extensions ['cmake', 'python']
[0.618s] Level 1:colcon.colcon_core.package_identification:_identify(src) by extension 'cmake'
[0.618s] Level 1:colcon.colcon_core.package_identification:_identify(src) by extension 'python'
[0.618s] Level 1:colcon.colcon_core.package_identification:_identify(src) by extensions ['python_setup_py']
[0.618s] Level 1:colcon.colcon_core.package_identification:_identify(src) by extension 'python_setup_py'
[0.618s] Level 1:colcon.colcon_core.package_identification:_identify(src/arm_control) by extensions ['ignore', 'ignore_ament_install']
[0.618s] Level 1:colcon.colcon_core.package_identification:_identify(src/arm_control) by extension 'ignore'
[0.618s] Level 1:colcon.colcon_core.package_identification:_identify(src/arm_control) by extension 'ignore_ament_install'
[0.619s] Level 1:colcon.colcon_core.package_identification:_identify(src/arm_control) by extensions ['colcon_pkg']
[0.619s] Level 1:colcon.colcon_core.package_identification:_identify(src/arm_control) by extension 'colcon_pkg'
[0.619s] Level 1:colcon.colcon_core.package_identification:_identify(src/arm_control) by extensions ['colcon_meta']
[0.619s] Level 1:colcon.colcon_core.package_identification:_identify(src/arm_control) by extension 'colcon_meta'
[0.619s] Level 1:colcon.colcon_core.package_identification:_identify(src/arm_control) by extensions ['ros']
[0.619s] Level 1:colcon.colcon_core.package_identification:_identify(src/arm_control) by extension 'ros'
[0.626s] DEBUG:colcon.colcon_core.package_identification:Package 'src/arm_control' with type 'ros.ament_cmake' and name 'arm_control'
[0.626s] Level 1:colcon.colcon_core.package_identification:_identify(src/dummy2_description) by extensions ['ignore', 'ignore_ament_install']
[0.627s] Level 1:colcon.colcon_core.package_identification:_identify(src/dummy2_description) by extension 'ignore'
[0.627s] Level 1:colcon.colcon_core.package_identification:_identify(src/dummy2_description) by extension 'ignore_ament_install'
[0.627s] Level 1:colcon.colcon_core.package_identification:_identify(src/dummy2_description) by extensions ['colcon_pkg']
[0.627s] Level 1:colcon.colcon_core.package_identification:_identify(src/dummy2_description) by extension 'colcon_pkg'
[0.627s] Level 1:colcon.colcon_core.package_identification:_identify(src/dummy2_description) by extensions ['colcon_meta']
[0.627s] Level 1:colcon.colcon_core.package_identification:_identify(src/dummy2_description) by extension 'colcon_meta'
[0.628s] Level 1:colcon.colcon_core.package_identification:_identify(src/dummy2_description) by extensions ['ros']
[0.628s] Level 1:colcon.colcon_core.package_identification:_identify(src/dummy2_description) by extension 'ros'
[0.632s] DEBUG:colcon.colcon_core.package_identification:Package 'src/dummy2_description' with type 'ros.ament_python' and name 'dummy2_description'
[0.632s] Level 1:colcon.colcon_core.package_discovery:discover_packages(recursive) using defaults
[0.632s] Level 1:colcon.colcon_core.package_discovery:discover_packages(ignore) discover
[0.632s] Level 1:colcon.colcon_core.package_discovery:discover_packages(ignore) using defaults
[0.632s] Level 1:colcon.colcon_core.package_discovery:discover_packages(path) discover
[0.632s] Level 1:colcon.colcon_core.package_discovery:discover_packages(path) using defaults
[0.673s] Level 1:colcon.colcon_core.package_discovery:discover_packages(prefix_path) check parameters
[0.673s] Level 1:colcon.colcon_core.package_discovery:discover_packages(prefix_path) discover
[0.678s] DEBUG:colcon.colcon_installed_package_information.package_discovery:Found 2 installed packages in /home/jj/dual_dummy/install
[0.680s] DEBUG:colcon.colcon_installed_package_information.package_discovery:Found 360 installed packages in /opt/ros/humble
[0.710s] Level 1:colcon.colcon_core.package_discovery:discover_packages(prefix_path) using defaults
[0.763s] Level 5:colcon.colcon_core.verb:set package 'arm_control' build argument 'cmake_args' from command line to 'None'
[0.764s] Level 5:colcon.colcon_core.verb:set package 'arm_control' build argument 'cmake_target' from command line to 'None'
[0.764s] Level 5:colcon.colcon_core.verb:set package 'arm_control' build argument 'cmake_target_skip_unavailable' from command line to 'False'
[0.764s] Level 5:colcon.colcon_core.verb:set package 'arm_control' build argument 'cmake_clean_cache' from command line to 'False'
[0.764s] Level 5:colcon.colcon_core.verb:set package 'arm_control' build argument 'cmake_clean_first' from command line to 'False'
[0.764s] Level 5:colcon.colcon_core.verb:set package 'arm_control' build argument 'cmake_force_configure' from command line to 'False'
[0.764s] Level 5:colcon.colcon_core.verb:set package 'arm_control' build argument 'ament_cmake_args' from command line to 'None'
[0.764s] Level 5:colcon.colcon_core.verb:set package 'arm_control' build argument 'catkin_cmake_args' from command line to 'None'
[0.764s] Level 5:colcon.colcon_core.verb:set package 'arm_control' build argument 'catkin_skip_building_tests' from command line to 'False'
[0.764s] DEBUG:colcon.colcon_core.verb:Building package 'arm_control' with the following arguments: {'ament_cmake_args': None, 'build_base': '/home/jj/dual_dummy/build/arm_control', 'catkin_cmake_args': None, 'catkin_skip_building_tests': False, 'cmake_args': None, 'cmake_clean_cache': False, 'cmake_clean_first': False, 'cmake_force_configure': False, 'cmake_target': None, 'cmake_target_skip_unavailable': False, 'install_base': '/home/jj/dual_dummy/install/arm_control', 'merge_install': False, 'path': '/home/jj/dual_dummy/src/arm_control', 'symlink_install': False, 'test_result_base': None}
[0.764s] Level 5:colcon.colcon_core.verb:set package 'dummy2_description' build argument 'cmake_args' from command line to 'None'
[0.764s] Level 5:colcon.colcon_core.verb:set package 'dummy2_description' build argument 'cmake_target' from command line to 'None'
[0.765s] Level 5:colcon.colcon_core.verb:set package 'dummy2_description' build argument 'cmake_target_skip_unavailable' from command line to 'False'
[0.765s] Level 5:colcon.colcon_core.verb:set package 'dummy2_description' build argument 'cmake_clean_cache' from command line to 'False'
[0.765s] Level 5:colcon.colcon_core.verb:set package 'dummy2_description' build argument 'cmake_clean_first' from command line to 'False'
[0.765s] Level 5:colcon.colcon_core.verb:set package 'dummy2_description' build argument 'cmake_force_configure' from command line to 'False'
[0.765s] Level 5:colcon.colcon_core.verb:set package 'dummy2_description' build argument 'ament_cmake_args' from command line to 'None'
[0.765s] Level 5:colcon.colcon_core.verb:set package 'dummy2_description' build argument 'catkin_cmake_args' from command line to 'None'
[0.765s] Level 5:colcon.colcon_core.verb:set package 'dummy2_description' build argument 'catkin_skip_building_tests' from command line to 'False'
[0.765s] DEBUG:colcon.colcon_core.verb:Building package 'dummy2_description' with the following arguments: {'ament_cmake_args': None, 'build_base': '/home/jj/dual_dummy/build/dummy2_description', 'catkin_cmake_args': None, 'catkin_skip_building_tests': False, 'cmake_args': None, 'cmake_clean_cache': False, 'cmake_clean_first': False, 'cmake_force_configure': False, 'cmake_target': None, 'cmake_target_skip_unavailable': False, 'install_base': '/home/jj/dual_dummy/install/dummy2_description', 'merge_install': False, 'path': '/home/jj/dual_dummy/src/dummy2_description', 'symlink_install': False, 'test_result_base': None}
[0.765s] INFO:colcon.colcon_core.executor:Executing jobs using 'parallel' executor
[0.767s] DEBUG:colcon.colcon_parallel_executor.executor.parallel:run_until_complete
[0.767s] INFO:colcon.colcon_ros.task.ament_cmake.build:Building ROS package in '/home/jj/dual_dummy/src/arm_control' with build type 'ament_cmake'
[0.768s] INFO:colcon.colcon_cmake.task.cmake.build:Building CMake package in '/home/jj/dual_dummy/src/arm_control'
[0.775s] INFO:colcon.colcon_core.plugin_system:Skipping extension 'colcon_core.shell.bat': Not used on non-Windows systems
[0.776s] INFO:colcon.colcon_core.shell:Skip shell extension 'powershell' for command environment: Not usable outside of PowerShell
[0.776s] DEBUG:colcon.colcon_core.shell:Skip shell extension 'dsv' for command environment
[0.787s] INFO:colcon.colcon_ros.task.ament_python.build:Building ROS package in '/home/jj/dual_dummy/src/dummy2_description' with build type 'ament_python'
[0.787s] Level 1:colcon.colcon_core.shell:create_environment_hook('dummy2_description', 'ament_prefix_path')
[0.788s] INFO:colcon.colcon_core.shell:Creating environment hook '/home/jj/dual_dummy/install/dummy2_description/share/dummy2_description/hook/ament_prefix_path.ps1'
[0.790s] INFO:colcon.colcon_core.shell:Creating environment descriptor '/home/jj/dual_dummy/install/dummy2_description/share/dummy2_description/hook/ament_prefix_path.dsv'
[0.794s] INFO:colcon.colcon_core.shell:Creating environment hook '/home/jj/dual_dummy/install/dummy2_description/share/dummy2_description/hook/ament_prefix_path.sh'
[0.797s] INFO:colcon.colcon_core.shell:Skip shell extension 'powershell' for command environment: Not usable outside of PowerShell
[0.797s] DEBUG:colcon.colcon_core.shell:Skip shell extension 'dsv' for command environment
[0.812s] DEBUG:colcon.colcon_core.event_handler.log_command:Invoking command in '/home/jj/dual_dummy/build/arm_control': CMAKE_PREFIX_PATH=${CMAKE_PREFIX_PATH}:/home/jj/dual_dummy/install/dummy2_description:/opt/ros/humble /usr/bin/cmake --build /home/jj/dual_dummy/build/arm_control -- -j4 -l4
[2.013s] INFO:colcon.colcon_core.task.python.build:Building Python package in '/home/jj/dual_dummy/src/dummy2_description'
[2.015s] INFO:colcon.colcon_core.shell:Skip shell extension 'powershell' for command environment: Not usable outside of PowerShell
[2.015s] DEBUG:colcon.colcon_core.shell:Skip shell extension 'dsv' for command environment
[3.021s] DEBUG:colcon.colcon_core.event_handler.log_command:Invoking command in '/home/jj/dual_dummy/src/dummy2_description': PYTHONPATH=/home/jj/dual_dummy/build/dummy2_description/prefix_override:/usr/lib/python3/dist-packages/colcon_core/task/python/colcon_distutils_commands:/home/jj/dual_dummy/install/dummy2_description/lib/python3.10/site-packages:${PYTHONPATH} /usr/bin/python3 -W ignore:setup.py install is deprecated -W ignore:easy_install command is deprecated setup.py egg_info --egg-base ../../build/dummy2_description build --build-base /home/jj/dual_dummy/build/dummy2_description/build install --record /home/jj/dual_dummy/build/dummy2_description/install.log --single-version-externally-managed install_data
[3.595s] DEBUG:colcon.colcon_core.event_handler.log_command:Invoked command in '/home/jj/dual_dummy/src/dummy2_description' returned '0': PYTHONPATH=/home/jj/dual_dummy/build/dummy2_description/prefix_override:/usr/lib/python3/dist-packages/colcon_core/task/python/colcon_distutils_commands:/home/jj/dual_dummy/install/dummy2_description/lib/python3.10/site-packages:${PYTHONPATH} /usr/bin/python3 -W ignore:setup.py install is deprecated -W ignore:easy_install command is deprecated setup.py egg_info --egg-base ../../build/dummy2_description build --build-base /home/jj/dual_dummy/build/dummy2_description/build install --record /home/jj/dual_dummy/build/dummy2_description/install.log --single-version-externally-managed install_data
[3.605s] Level 1:colcon.colcon_core.environment:checking '/home/jj/dual_dummy/install/dummy2_description' for CMake module files
[3.607s] Level 1:colcon.colcon_core.environment:checking '/home/jj/dual_dummy/install/dummy2_description' for CMake config files
[3.609s] Level 1:colcon.colcon_core.environment:checking '/home/jj/dual_dummy/install/dummy2_description/lib'
[3.609s] Level 1:colcon.colcon_core.environment:checking '/home/jj/dual_dummy/install/dummy2_description/bin'
[3.610s] Level 1:colcon.colcon_core.environment:checking '/home/jj/dual_dummy/install/dummy2_description/lib/pkgconfig/dummy2_description.pc'
[3.610s] Level 1:colcon.colcon_core.environment:checking '/home/jj/dual_dummy/install/dummy2_description/lib/python3.10/site-packages'
[3.610s] Level 1:colcon.colcon_core.shell:create_environment_hook('dummy2_description', 'pythonpath')
[3.610s] INFO:colcon.colcon_core.shell:Creating environment hook '/home/jj/dual_dummy/install/dummy2_description/share/dummy2_description/hook/pythonpath.ps1'
[3.612s] INFO:colcon.colcon_core.shell:Creating environment descriptor '/home/jj/dual_dummy/install/dummy2_description/share/dummy2_description/hook/pythonpath.dsv'
[3.613s] INFO:colcon.colcon_core.shell:Creating environment hook '/home/jj/dual_dummy/install/dummy2_description/share/dummy2_description/hook/pythonpath.sh'
[3.616s] Level 1:colcon.colcon_core.environment:checking '/home/jj/dual_dummy/install/dummy2_description/bin'
[3.616s] Level 1:colcon.colcon_core.environment:create_environment_scripts_only(dummy2_description)
[3.617s] INFO:colcon.colcon_core.shell:Creating package script '/home/jj/dual_dummy/install/dummy2_description/share/dummy2_description/package.ps1'
[3.619s] INFO:colcon.colcon_core.shell:Creating package descriptor '/home/jj/dual_dummy/install/dummy2_description/share/dummy2_description/package.dsv'
[3.621s] INFO:colcon.colcon_core.shell:Creating package script '/home/jj/dual_dummy/install/dummy2_description/share/dummy2_description/package.sh'
[3.624s] INFO:colcon.colcon_core.shell:Creating package script '/home/jj/dual_dummy/install/dummy2_description/share/dummy2_description/package.bash'
[3.627s] INFO:colcon.colcon_core.shell:Creating package script '/home/jj/dual_dummy/install/dummy2_description/share/dummy2_description/package.zsh'
[3.629s] Level 1:colcon.colcon_core.environment:create_file_with_runtime_dependencies(/home/jj/dual_dummy/install/dummy2_description/share/colcon-core/packages/dummy2_description)
[19.754s] DEBUG:colcon.colcon_core.event_handler.log_command:Invoked command in '/home/jj/dual_dummy/build/arm_control' returned '0': CMAKE_PREFIX_PATH=${CMAKE_PREFIX_PATH}:/home/jj/dual_dummy/install/dummy2_description:/opt/ros/humble /usr/bin/cmake --build /home/jj/dual_dummy/build/arm_control -- -j4 -l4
[19.771s] DEBUG:colcon.colcon_core.event_handler.log_command:Invoking command in '/home/jj/dual_dummy/build/arm_control': CMAKE_PREFIX_PATH=${CMAKE_PREFIX_PATH}:/home/jj/dual_dummy/install/dummy2_description:/opt/ros/humble /usr/bin/cmake --install /home/jj/dual_dummy/build/arm_control
[19.865s] Level 1:colcon.colcon_core.environment:create_environment_scripts_only(arm_control)
[19.866s] Level 1:colcon.colcon_core.environment:checking '/home/jj/dual_dummy/install/arm_control' for CMake module files
[19.867s] DEBUG:colcon.colcon_core.event_handler.log_command:Invoked command in '/home/jj/dual_dummy/build/arm_control' returned '0': CMAKE_PREFIX_PATH=${CMAKE_PREFIX_PATH}:/home/jj/dual_dummy/install/dummy2_description:/opt/ros/humble /usr/bin/cmake --install /home/jj/dual_dummy/build/arm_control
[19.868s] Level 1:colcon.colcon_core.environment:checking '/home/jj/dual_dummy/install/arm_control' for CMake config files
[19.869s] Level 1:colcon.colcon_core.shell:create_environment_hook('arm_control', 'cmake_prefix_path')
[19.869s] INFO:colcon.colcon_core.shell:Creating environment hook '/home/jj/dual_dummy/install/arm_control/share/arm_control/hook/cmake_prefix_path.ps1'
[19.871s] INFO:colcon.colcon_core.shell:Creating environment descriptor '/home/jj/dual_dummy/install/arm_control/share/arm_control/hook/cmake_prefix_path.dsv'
[19.872s] INFO:colcon.colcon_core.shell:Creating environment hook '/home/jj/dual_dummy/install/arm_control/share/arm_control/hook/cmake_prefix_path.sh'
[19.873s] Level 1:colcon.colcon_core.environment:checking '/home/jj/dual_dummy/install/arm_control/lib'
[19.873s] Level 1:colcon.colcon_core.shell:create_environment_hook('arm_control', 'ld_library_path_lib')
[19.873s] INFO:colcon.colcon_core.shell:Creating environment hook '/home/jj/dual_dummy/install/arm_control/share/arm_control/hook/ld_library_path_lib.ps1'
[19.874s] INFO:colcon.colcon_core.shell:Creating environment descriptor '/home/jj/dual_dummy/install/arm_control/share/arm_control/hook/ld_library_path_lib.dsv'
[19.875s] INFO:colcon.colcon_core.shell:Creating environment hook '/home/jj/dual_dummy/install/arm_control/share/arm_control/hook/ld_library_path_lib.sh'
[19.875s] Level 1:colcon.colcon_core.environment:checking '/home/jj/dual_dummy/install/arm_control/bin'
[19.875s] Level 1:colcon.colcon_core.environment:checking '/home/jj/dual_dummy/install/arm_control/lib/pkgconfig/arm_control.pc'
[19.876s] Level 1:colcon.colcon_core.environment:checking '/home/jj/dual_dummy/install/arm_control/lib/python3.10/site-packages'
[19.876s] Level 1:colcon.colcon_core.environment:checking '/home/jj/dual_dummy/install/arm_control/bin'
[19.876s] INFO:colcon.colcon_core.shell:Creating package script '/home/jj/dual_dummy/install/arm_control/share/arm_control/package.ps1'
[19.877s] INFO:colcon.colcon_core.shell:Creating package descriptor '/home/jj/dual_dummy/install/arm_control/share/arm_control/package.dsv'
[19.878s] INFO:colcon.colcon_core.shell:Creating package script '/home/jj/dual_dummy/install/arm_control/share/arm_control/package.sh'
[19.879s] INFO:colcon.colcon_core.shell:Creating package script '/home/jj/dual_dummy/install/arm_control/share/arm_control/package.bash'
[19.879s] INFO:colcon.colcon_core.shell:Creating package script '/home/jj/dual_dummy/install/arm_control/share/arm_control/package.zsh'
[19.880s] Level 1:colcon.colcon_core.environment:create_file_with_runtime_dependencies(/home/jj/dual_dummy/install/arm_control/share/colcon-core/packages/arm_control)
[19.881s] Level 1:colcon.colcon_core.environment:create_environment_scripts_only(arm_control)
[19.882s] Level 1:colcon.colcon_core.environment:checking '/home/jj/dual_dummy/install/arm_control' for CMake module files
[19.883s] Level 1:colcon.colcon_core.environment:checking '/home/jj/dual_dummy/install/arm_control' for CMake config files
[19.883s] Level 1:colcon.colcon_core.shell:create_environment_hook('arm_control', 'cmake_prefix_path')
[19.883s] INFO:colcon.colcon_core.shell:Creating environment hook '/home/jj/dual_dummy/install/arm_control/share/arm_control/hook/cmake_prefix_path.ps1'
[19.884s] INFO:colcon.colcon_core.shell:Creating environment descriptor '/home/jj/dual_dummy/install/arm_control/share/arm_control/hook/cmake_prefix_path.dsv'
[19.885s] INFO:colcon.colcon_core.shell:Creating environment hook '/home/jj/dual_dummy/install/arm_control/share/arm_control/hook/cmake_prefix_path.sh'
[19.886s] Level 1:colcon.colcon_core.environment:checking '/home/jj/dual_dummy/install/arm_control/lib'
[19.886s] Level 1:colcon.colcon_core.shell:create_environment_hook('arm_control', 'ld_library_path_lib')
[19.887s] INFO:colcon.colcon_core.shell:Creating environment hook '/home/jj/dual_dummy/install/arm_control/share/arm_control/hook/ld_library_path_lib.ps1'
[19.888s] INFO:colcon.colcon_core.shell:Creating environment descriptor '/home/jj/dual_dummy/install/arm_control/share/arm_control/hook/ld_library_path_lib.dsv'
[19.889s] INFO:colcon.colcon_core.shell:Creating environment hook '/home/jj/dual_dummy/install/arm_control/share/arm_control/hook/ld_library_path_lib.sh'
[19.891s] Level 1:colcon.colcon_core.environment:checking '/home/jj/dual_dummy/install/arm_control/bin'
[19.891s] Level 1:colcon.colcon_core.environment:checking '/home/jj/dual_dummy/install/arm_control/lib/pkgconfig/arm_control.pc'
[19.891s] Level 1:colcon.colcon_core.environment:checking '/home/jj/dual_dummy/install/arm_control/lib/python3.10/site-packages'
[19.892s] Level 1:colcon.colcon_core.environment:checking '/home/jj/dual_dummy/install/arm_control/bin'
[19.892s] INFO:colcon.colcon_core.shell:Creating package script '/home/jj/dual_dummy/install/arm_control/share/arm_control/package.ps1'
[19.893s] INFO:colcon.colcon_core.shell:Creating package descriptor '/home/jj/dual_dummy/install/arm_control/share/arm_control/package.dsv'
[19.894s] INFO:colcon.colcon_core.shell:Creating package script '/home/jj/dual_dummy/install/arm_control/share/arm_control/package.sh'
[19.895s] INFO:colcon.colcon_core.shell:Creating package script '/home/jj/dual_dummy/install/arm_control/share/arm_control/package.bash'
[19.896s] INFO:colcon.colcon_core.shell:Creating package script '/home/jj/dual_dummy/install/arm_control/share/arm_control/package.zsh'
[19.897s] Level 1:colcon.colcon_core.environment:create_file_with_runtime_dependencies(/home/jj/dual_dummy/install/arm_control/share/colcon-core/packages/arm_control)
[19.899s] DEBUG:colcon.colcon_parallel_executor.executor.parallel:closing loop
[19.900s] DEBUG:colcon.colcon_parallel_executor.executor.parallel:loop closed
[19.900s] DEBUG:colcon.colcon_parallel_executor.executor.parallel:run_until_complete finished with '0'
[19.900s] DEBUG:colcon.colcon_core.event_reactor:joining thread
[19.909s] INFO:colcon.colcon_core.plugin_system:Skipping extension 'colcon_notification.desktop_notification.terminal_notifier': Not used on non-Darwin systems
[19.909s] INFO:colcon.colcon_core.plugin_system:Skipping extension 'colcon_notification.desktop_notification.win32': Not used on non-Windows systems
[19.909s] INFO:colcon.colcon_notification.desktop_notification:Sending desktop notification using 'notify2'
[19.931s] DEBUG:colcon.colcon_core.event_reactor:joined thread
[19.931s] INFO:colcon.colcon_core.shell:Creating prefix script '/home/jj/dual_dummy/install/local_setup.ps1'
[19.934s] INFO:colcon.colcon_core.shell:Creating prefix util module '/home/jj/dual_dummy/install/_local_setup_util_ps1.py'
[19.937s] INFO:colcon.colcon_core.shell:Creating prefix chain script '/home/jj/dual_dummy/install/setup.ps1'
[19.940s] INFO:colcon.colcon_core.shell:Creating prefix script '/home/jj/dual_dummy/install/local_setup.sh'
[19.941s] INFO:colcon.colcon_core.shell:Creating prefix util module '/home/jj/dual_dummy/install/_local_setup_util_sh.py'
[19.943s] INFO:colcon.colcon_core.shell:Creating prefix chain script '/home/jj/dual_dummy/install/setup.sh'
[19.945s] INFO:colcon.colcon_core.shell:Creating prefix script '/home/jj/dual_dummy/install/local_setup.bash'
[19.946s] INFO:colcon.colcon_core.shell:Creating prefix chain script '/home/jj/dual_dummy/install/setup.bash'
[19.949s] INFO:colcon.colcon_core.shell:Creating prefix script '/home/jj/dual_dummy/install/local_setup.zsh'
[19.950s] INFO:colcon.colcon_core.shell:Creating prefix chain script '/home/jj/dual_dummy/install/setup.zsh'
