[0.122s] DEBUG:colcon:Command line arguments: ['/usr/bin/colcon', 'build', '--packages-select', 'arm_control']
[0.123s] DEBUG:colcon:Parsed command line arguments: Namespace(log_base=None, log_level=None, verb_name='build', build_base='build', install_base='install', merge_install=False, symlink_install=False, test_result_base=None, continue_on_error=False, executor='parallel', parallel_workers=4, event_handlers=None, ignore_user_meta=False, metas=['./colcon.meta'], base_paths=['.'], packages_ignore=None, packages_ignore_regex=None, paths=None, packages_up_to=None, packages_up_to_regex=None, packages_above=None, packages_above_and_dependencies=None, packages_above_depth=None, packages_select_by_dep=None, packages_skip_by_dep=None, packages_skip_up_to=None, packages_select_build_failed=False, packages_skip_build_finished=False, packages_select_test_failures=False, packages_skip_test_passed=False, packages_select=['arm_control'], packages_skip=None, packages_select_regex=None, packages_skip_regex=None, packages_start=None, packages_end=None, allow_overriding=[], cmake_args=None, cmake_target=None, cmake_target_skip_unavailable=False, cmake_clean_cache=False, cmake_clean_first=False, cmake_force_configure=False, ament_cmake_args=None, catkin_cmake_args=None, catkin_skip_building_tests=False, verb_parser=<colcon_defaults.argument_parser.defaults.DefaultArgumentsDecorator object at 0x71e56762bc10>, verb_extension=<colcon_core.verb.build.BuildVerb object at 0x71e56762b6a0>, main=<bound method BuildVerb.main of <colcon_core.verb.build.BuildVerb object at 0x71e56762b6a0>>)
[0.318s] Level 1:colcon.colcon_core.package_discovery:discover_packages(colcon_meta) check parameters
[0.318s] Level 1:colcon.colcon_core.package_discovery:discover_packages(recursive) check parameters
[0.318s] Level 1:colcon.colcon_core.package_discovery:discover_packages(ignore) check parameters
[0.318s] Level 1:colcon.colcon_core.package_discovery:discover_packages(path) check parameters
[0.318s] Level 1:colcon.colcon_core.package_discovery:discover_packages(colcon_meta) discover
[0.318s] Level 1:colcon.colcon_core.package_discovery:discover_packages(recursive) discover
[0.318s] INFO:colcon.colcon_core.package_discovery:Crawling recursively for packages in '/home/jj/dual_dummy/src/arm_control'
[0.318s] Level 1:colcon.colcon_core.package_identification:_identify(.) by extensions ['ignore', 'ignore_ament_install']
[0.318s] Level 1:colcon.colcon_core.package_identification:_identify(.) by extension 'ignore'
[0.318s] Level 1:colcon.colcon_core.package_identification:_identify(.) by extension 'ignore_ament_install'
[0.318s] Level 1:colcon.colcon_core.package_identification:_identify(.) by extensions ['colcon_pkg']
[0.318s] Level 1:colcon.colcon_core.package_identification:_identify(.) by extension 'colcon_pkg'
[0.318s] Level 1:colcon.colcon_core.package_identification:_identify(.) by extensions ['colcon_meta']
[0.318s] Level 1:colcon.colcon_core.package_identification:_identify(.) by extension 'colcon_meta'
[0.318s] Level 1:colcon.colcon_core.package_identification:_identify(.) by extensions ['ros']
[0.318s] Level 1:colcon.colcon_core.package_identification:_identify(.) by extension 'ros'
[0.336s] DEBUG:colcon.colcon_core.package_identification:Package '.' with type 'ros.ament_cmake' and name 'arm_control'
[0.337s] Level 1:colcon.colcon_core.package_discovery:discover_packages(recursive) using defaults
[0.337s] Level 1:colcon.colcon_core.package_discovery:discover_packages(ignore) discover
[0.337s] Level 1:colcon.colcon_core.package_discovery:discover_packages(ignore) using defaults
[0.337s] Level 1:colcon.colcon_core.package_discovery:discover_packages(path) discover
[0.337s] Level 1:colcon.colcon_core.package_discovery:discover_packages(path) using defaults
[0.360s] Level 1:colcon.colcon_core.package_discovery:discover_packages(prefix_path) check parameters
[0.360s] Level 1:colcon.colcon_core.package_discovery:discover_packages(prefix_path) discover
[0.364s] DEBUG:colcon.colcon_installed_package_information.package_discovery:Found 360 installed packages in /opt/ros/humble
[0.386s] Level 1:colcon.colcon_core.package_discovery:discover_packages(prefix_path) using defaults
[0.450s] Level 5:colcon.colcon_core.verb:set package 'arm_control' build argument 'cmake_args' from command line to 'None'
[0.450s] Level 5:colcon.colcon_core.verb:set package 'arm_control' build argument 'cmake_target' from command line to 'None'
[0.450s] Level 5:colcon.colcon_core.verb:set package 'arm_control' build argument 'cmake_target_skip_unavailable' from command line to 'False'
[0.450s] Level 5:colcon.colcon_core.verb:set package 'arm_control' build argument 'cmake_clean_cache' from command line to 'False'
[0.450s] Level 5:colcon.colcon_core.verb:set package 'arm_control' build argument 'cmake_clean_first' from command line to 'False'
[0.451s] Level 5:colcon.colcon_core.verb:set package 'arm_control' build argument 'cmake_force_configure' from command line to 'False'
[0.451s] Level 5:colcon.colcon_core.verb:set package 'arm_control' build argument 'ament_cmake_args' from command line to 'None'
[0.451s] Level 5:colcon.colcon_core.verb:set package 'arm_control' build argument 'catkin_cmake_args' from command line to 'None'
[0.451s] Level 5:colcon.colcon_core.verb:set package 'arm_control' build argument 'catkin_skip_building_tests' from command line to 'False'
[0.451s] DEBUG:colcon.colcon_core.verb:Building package 'arm_control' with the following arguments: {'ament_cmake_args': None, 'build_base': '/home/jj/dual_dummy/src/arm_control/build/arm_control', 'catkin_cmake_args': None, 'catkin_skip_building_tests': False, 'cmake_args': None, 'cmake_clean_cache': False, 'cmake_clean_first': False, 'cmake_force_configure': False, 'cmake_target': None, 'cmake_target_skip_unavailable': False, 'install_base': '/home/jj/dual_dummy/src/arm_control/install/arm_control', 'merge_install': False, 'path': '/home/jj/dual_dummy/src/arm_control', 'symlink_install': False, 'test_result_base': None}
[0.451s] INFO:colcon.colcon_core.executor:Executing jobs using 'parallel' executor
[0.453s] DEBUG:colcon.colcon_parallel_executor.executor.parallel:run_until_complete
[0.453s] INFO:colcon.colcon_ros.task.ament_cmake.build:Building ROS package in '/home/jj/dual_dummy/src/arm_control' with build type 'ament_cmake'
[0.454s] INFO:colcon.colcon_cmake.task.cmake.build:Building CMake package in '/home/jj/dual_dummy/src/arm_control'
[0.456s] INFO:colcon.colcon_core.plugin_system:Skipping extension 'colcon_core.shell.bat': Not used on non-Windows systems
[0.457s] INFO:colcon.colcon_core.shell:Skip shell extension 'powershell' for command environment: Not usable outside of PowerShell
[0.457s] DEBUG:colcon.colcon_core.shell:Skip shell extension 'dsv' for command environment
[0.470s] DEBUG:colcon.colcon_core.event_handler.log_command:Invoking command in '/home/jj/dual_dummy/src/arm_control/build/arm_control': CMAKE_PREFIX_PATH=/opt/ros/humble /usr/bin/cmake /home/jj/dual_dummy/src/arm_control -DCMAKE_INSTALL_PREFIX=/home/jj/dual_dummy/src/arm_control/install/arm_control
[2.703s] DEBUG:colcon.colcon_core.event_handler.log_command:Invoked command in '/home/jj/dual_dummy/src/arm_control/build/arm_control' returned '0': CMAKE_PREFIX_PATH=/opt/ros/humble /usr/bin/cmake /home/jj/dual_dummy/src/arm_control -DCMAKE_INSTALL_PREFIX=/home/jj/dual_dummy/src/arm_control/install/arm_control
[2.703s] DEBUG:colcon.colcon_core.event_handler.log_command:Invoking command in '/home/jj/dual_dummy/src/arm_control/build/arm_control': CMAKE_PREFIX_PATH=/opt/ros/humble /usr/bin/cmake --build /home/jj/dual_dummy/src/arm_control/build/arm_control -- -j4 -l4
[22.419s] DEBUG:colcon.colcon_core.event_handler.log_command:Invoked command in '/home/jj/dual_dummy/src/arm_control/build/arm_control' returned '2': CMAKE_PREFIX_PATH=/opt/ros/humble /usr/bin/cmake --build /home/jj/dual_dummy/src/arm_control/build/arm_control -- -j4 -l4
[22.419s] Level 1:colcon.colcon_core.environment:create_environment_scripts_only(arm_control)
[22.427s] Level 1:colcon.colcon_core.environment:checking '/home/jj/dual_dummy/src/arm_control/install/arm_control' for CMake module files
[22.428s] Level 1:colcon.colcon_core.environment:checking '/home/jj/dual_dummy/src/arm_control/install/arm_control' for CMake config files
[22.428s] Level 1:colcon.colcon_core.environment:checking '/home/jj/dual_dummy/src/arm_control/install/arm_control/bin'
[22.429s] Level 1:colcon.colcon_core.environment:checking '/home/jj/dual_dummy/src/arm_control/install/arm_control/lib/pkgconfig/arm_control.pc'
[22.429s] Level 1:colcon.colcon_core.environment:checking '/home/jj/dual_dummy/src/arm_control/install/arm_control/lib/python3.10/site-packages'
[22.429s] Level 1:colcon.colcon_core.environment:checking '/home/jj/dual_dummy/src/arm_control/install/arm_control/bin'
[22.429s] INFO:colcon.colcon_core.shell:Creating package script '/home/jj/dual_dummy/src/arm_control/install/arm_control/share/arm_control/package.ps1'
[22.431s] INFO:colcon.colcon_core.shell:Creating package descriptor '/home/jj/dual_dummy/src/arm_control/install/arm_control/share/arm_control/package.dsv'
[22.432s] INFO:colcon.colcon_core.shell:Creating package script '/home/jj/dual_dummy/src/arm_control/install/arm_control/share/arm_control/package.sh'
[22.433s] INFO:colcon.colcon_core.shell:Creating package script '/home/jj/dual_dummy/src/arm_control/install/arm_control/share/arm_control/package.bash'
[22.435s] INFO:colcon.colcon_core.shell:Creating package script '/home/jj/dual_dummy/src/arm_control/install/arm_control/share/arm_control/package.zsh'
[22.436s] Level 1:colcon.colcon_core.environment:create_file_with_runtime_dependencies(/home/jj/dual_dummy/src/arm_control/install/arm_control/share/colcon-core/packages/arm_control)
[22.447s] DEBUG:colcon.colcon_parallel_executor.executor.parallel:closing loop
[22.448s] DEBUG:colcon.colcon_parallel_executor.executor.parallel:loop closed
[22.448s] DEBUG:colcon.colcon_parallel_executor.executor.parallel:run_until_complete finished with '2'
[22.448s] DEBUG:colcon.colcon_core.event_reactor:joining thread
[22.460s] INFO:colcon.colcon_core.plugin_system:Skipping extension 'colcon_notification.desktop_notification.terminal_notifier': Not used on non-Darwin systems
[22.461s] INFO:colcon.colcon_core.plugin_system:Skipping extension 'colcon_notification.desktop_notification.win32': Not used on non-Windows systems
[22.461s] INFO:colcon.colcon_notification.desktop_notification:Sending desktop notification using 'notify2'
[22.479s] DEBUG:colcon.colcon_core.event_reactor:joined thread
[22.480s] INFO:colcon.colcon_core.shell:Creating prefix script '/home/jj/dual_dummy/src/arm_control/install/local_setup.ps1'
[22.482s] INFO:colcon.colcon_core.shell:Creating prefix util module '/home/jj/dual_dummy/src/arm_control/install/_local_setup_util_ps1.py'
[22.484s] INFO:colcon.colcon_core.shell:Creating prefix chain script '/home/jj/dual_dummy/src/arm_control/install/setup.ps1'
[22.486s] INFO:colcon.colcon_core.shell:Creating prefix script '/home/jj/dual_dummy/src/arm_control/install/local_setup.sh'
[22.488s] INFO:colcon.colcon_core.shell:Creating prefix util module '/home/jj/dual_dummy/src/arm_control/install/_local_setup_util_sh.py'
[22.490s] INFO:colcon.colcon_core.shell:Creating prefix chain script '/home/jj/dual_dummy/src/arm_control/install/setup.sh'
[22.492s] INFO:colcon.colcon_core.shell:Creating prefix script '/home/jj/dual_dummy/src/arm_control/install/local_setup.bash'
[22.494s] INFO:colcon.colcon_core.shell:Creating prefix chain script '/home/jj/dual_dummy/src/arm_control/install/setup.bash'
[22.495s] INFO:colcon.colcon_core.shell:Creating prefix script '/home/jj/dual_dummy/src/arm_control/install/local_setup.zsh'
[22.496s] INFO:colcon.colcon_core.shell:Creating prefix chain script '/home/jj/dual_dummy/src/arm_control/install/setup.zsh'
