running egg_info
creating ../../build/rboot_launch/rboot_launch.egg-info
writing ../../build/rboot_launch/rboot_launch.egg-info/PKG-INFO
writing dependency_links to ../../build/rboot_launch/rboot_launch.egg-info/dependency_links.txt
writing entry points to ../../build/rboot_launch/rboot_launch.egg-info/entry_points.txt
writing requirements to ../../build/rboot_launch/rboot_launch.egg-info/requires.txt
writing top-level names to ../../build/rboot_launch/rboot_launch.egg-info/top_level.txt
writing manifest file '../../build/rboot_launch/rboot_launch.egg-info/SOURCES.txt'
reading manifest file '../../build/rboot_launch/rboot_launch.egg-info/SOURCES.txt'
writing manifest file '../../build/rboot_launch/rboot_launch.egg-info/SOURCES.txt'
running build
running build_py
creating /home/jj/dual_dummy/build/rboot_launch/build
creating /home/jj/dual_dummy/build/rboot_launch/build/lib
creating /home/jj/dual_dummy/build/rboot_launch/build/lib/rboot_launch
copying rboot_launch/__init__.py -> /home/jj/dual_dummy/build/rboot_launch/build/lib/rboot_launch
running install
running install_lib
creating /home/jj/dual_dummy/install/rboot_launch/lib/python3.10/site-packages/rboot_launch
copying /home/jj/dual_dummy/build/rboot_launch/build/lib/rboot_launch/__init__.py -> /home/jj/dual_dummy/install/rboot_launch/lib/python3.10/site-packages/rboot_launch
byte-compiling /home/jj/dual_dummy/install/rboot_launch/lib/python3.10/site-packages/rboot_launch/__init__.py to __init__.cpython-310.pyc
running install_data
creating /home/jj/dual_dummy/install/rboot_launch/share/ament_index
creating /home/jj/dual_dummy/install/rboot_launch/share/ament_index/resource_index
creating /home/jj/dual_dummy/install/rboot_launch/share/ament_index/resource_index/packages
copying resource/rboot_launch -> /home/jj/dual_dummy/install/rboot_launch/share/ament_index/resource_index/packages
copying package.xml -> /home/jj/dual_dummy/install/rboot_launch/share/rboot_launch
creating /home/jj/dual_dummy/install/rboot_launch/share/rboot_launch/launch
copying launch/rboot.launch.py -> /home/jj/dual_dummy/install/rboot_launch/share/rboot_launch/launch
running install_egg_info
Copying ../../build/rboot_launch/rboot_launch.egg-info to /home/jj/dual_dummy/install/rboot_launch/lib/python3.10/site-packages/rboot_launch-0.0.0-py3.10.egg-info
running install_scripts
writing list of installed files to '/home/jj/dual_dummy/build/rboot_launch/install.log'
