[1.508s] Invoking command in '/home/jj/dual_dummy/src/rboot_launch': PYTHONPATH=/home/jj/dual_dummy/build/rboot_launch/prefix_override:/usr/lib/python3/dist-packages/colcon_core/task/python/colcon_distutils_commands:/home/jj/dual_dummy/install/rboot_launch/lib/python3.10/site-packages:${PYTHONPATH} /usr/bin/python3 -W ignore:setup.py install is deprecated -W ignore:easy_install command is deprecated setup.py egg_info --egg-base ../../build/rboot_launch build --build-base /home/jj/dual_dummy/build/rboot_launch/build install --record /home/jj/dual_dummy/build/rboot_launch/install.log --single-version-externally-managed install_data
[1.819s] running egg_info
[1.819s] creating ../../build/rboot_launch/rboot_launch.egg-info
[1.819s] writing ../../build/rboot_launch/rboot_launch.egg-info/PKG-INFO
[1.819s] writing dependency_links to ../../build/rboot_launch/rboot_launch.egg-info/dependency_links.txt
[1.819s] writing entry points to ../../build/rboot_launch/rboot_launch.egg-info/entry_points.txt
[1.819s] writing requirements to ../../build/rboot_launch/rboot_launch.egg-info/requires.txt
[1.819s] writing top-level names to ../../build/rboot_launch/rboot_launch.egg-info/top_level.txt
[1.820s] writing manifest file '../../build/rboot_launch/rboot_launch.egg-info/SOURCES.txt'
[1.824s] reading manifest file '../../build/rboot_launch/rboot_launch.egg-info/SOURCES.txt'
[1.825s] writing manifest file '../../build/rboot_launch/rboot_launch.egg-info/SOURCES.txt'
[1.827s] running build
[1.827s] running build_py
[1.827s] creating /home/jj/dual_dummy/build/rboot_launch/build
[1.828s] creating /home/jj/dual_dummy/build/rboot_launch/build/lib
[1.828s] creating /home/jj/dual_dummy/build/rboot_launch/build/lib/rboot_launch
[1.829s] copying rboot_launch/__init__.py -> /home/jj/dual_dummy/build/rboot_launch/build/lib/rboot_launch
[1.830s] running install
[1.830s] running install_lib
[1.833s] creating /home/jj/dual_dummy/install/rboot_launch/lib/python3.10/site-packages/rboot_launch
[1.833s] copying /home/jj/dual_dummy/build/rboot_launch/build/lib/rboot_launch/__init__.py -> /home/jj/dual_dummy/install/rboot_launch/lib/python3.10/site-packages/rboot_launch
[1.833s] byte-compiling /home/jj/dual_dummy/install/rboot_launch/lib/python3.10/site-packages/rboot_launch/__init__.py to __init__.cpython-310.pyc
[1.834s] running install_data
[1.834s] creating /home/jj/dual_dummy/install/rboot_launch/share/ament_index
[1.835s] creating /home/jj/dual_dummy/install/rboot_launch/share/ament_index/resource_index
[1.835s] creating /home/jj/dual_dummy/install/rboot_launch/share/ament_index/resource_index/packages
[1.836s] copying resource/rboot_launch -> /home/jj/dual_dummy/install/rboot_launch/share/ament_index/resource_index/packages
[1.836s] copying package.xml -> /home/jj/dual_dummy/install/rboot_launch/share/rboot_launch
[1.837s] creating /home/jj/dual_dummy/install/rboot_launch/share/rboot_launch/launch
[1.837s] copying launch/rboot.launch.py -> /home/jj/dual_dummy/install/rboot_launch/share/rboot_launch/launch
[1.838s] running install_egg_info
[1.842s] Copying ../../build/rboot_launch/rboot_launch.egg-info to /home/jj/dual_dummy/install/rboot_launch/lib/python3.10/site-packages/rboot_launch-0.0.0-py3.10.egg-info
[1.842s] running install_scripts
[1.872s] writing list of installed files to '/home/jj/dual_dummy/build/rboot_launch/install.log'
[1.953s] Invoked command in '/home/jj/dual_dummy/src/rboot_launch' returned '0': PYTHONPATH=/home/jj/dual_dummy/build/rboot_launch/prefix_override:/usr/lib/python3/dist-packages/colcon_core/task/python/colcon_distutils_commands:/home/jj/dual_dummy/install/rboot_launch/lib/python3.10/site-packages:${PYTHONPATH} /usr/bin/python3 -W ignore:setup.py install is deprecated -W ignore:easy_install command is deprecated setup.py egg_info --egg-base ../../build/rboot_launch build --build-base /home/jj/dual_dummy/build/rboot_launch/build install --record /home/jj/dual_dummy/build/rboot_launch/install.log --single-version-externally-managed install_data
