[0.020s] Invoking command in '/home/jj/dual_dummy/src/arm_control/build/arm_control': CMAKE_PREFIX_PATH=/opt/ros/humble /usr/bin/cmake --build /home/jj/dual_dummy/src/arm_control/build/arm_control -- -j4 -l4
[0.110s] [35m[1mConsolidate compiler generated dependencies of target motionlib[0m
[0.131s] [  8%] Built target arm_control__rosidl_generator_c
[0.141s] [ 10%] Built target arm_control__cpp
[0.146s] [ 10%] Built target ament_cmake_python_copy_arm_control
[0.155s] [ 14%] Built target motionlib
[0.180s] [ 22%] Built target arm_control__rosidl_typesupport_introspection_c
[0.181s] [ 31%] Built target arm_control__rosidl_typesupport_fastrtps_c
[0.195s] [ 40%] Built target arm_control__rosidl_typesupport_c
[0.200s] [ 49%] Built target arm_control__rosidl_typesupport_introspection_cpp
[0.228s] [ 57%] Built target arm_control__rosidl_typesupport_cpp
[0.228s] [ 66%] Built target arm_control__rosidl_typesupport_fastrtps_cpp
[0.254s] [35m[1mConsolidate compiler generated dependencies of target trajectory_node[0m
[0.260s] [ 66%] Built target arm_control
[0.263s] [35m[1mConsolidate compiler generated dependencies of target ik_node[0m
[0.283s] [ 70%] Built target trajectory_node
[0.283s] [35m[1mConsolidate compiler generated dependencies of target arm_controller_node[0m
[0.317s] [ 73%] Built target arm_controller_node
[0.320s] [35m[1mConsolidate compiler generated dependencies of target trajectory_viewer[0m
[0.323s] [ 77%] Built target ik_node
[0.356s] [ 80%] Built target trajectory_viewer
[0.359s] [ 82%] Built target arm_control__py
[0.382s] [35m[1mConsolidate compiler generated dependencies of target arm_control__rosidl_generator_py[0m
[0.399s] [ 89%] Built target arm_control__rosidl_generator_py
[0.424s] [35m[1mConsolidate compiler generated dependencies of target arm_control__rosidl_typesupport_fastrtps_c__pyext[0m
[0.426s] [35m[1mConsolidate compiler generated dependencies of target arm_control__rosidl_typesupport_introspection_c__pyext[0m
[0.442s] [35m[1mConsolidate compiler generated dependencies of target arm_control__rosidl_typesupport_c__pyext[0m
[0.461s] [ 92%] Built target arm_control__rosidl_typesupport_fastrtps_c__pyext
[0.463s] [ 96%] Built target arm_control__rosidl_typesupport_introspection_c__pyext
[0.466s] running egg_info
[0.466s] [100%] Built target arm_control__rosidl_typesupport_c__pyext
[0.466s] writing arm_control.egg-info/PKG-INFO
[0.468s] writing dependency_links to arm_control.egg-info/dependency_links.txt
[0.468s] writing top-level names to arm_control.egg-info/top_level.txt
[0.472s] reading manifest file 'arm_control.egg-info/SOURCES.txt'
[0.473s] writing manifest file 'arm_control.egg-info/SOURCES.txt'
[0.511s] [100%] Built target ament_cmake_python_build_arm_control_egg
[0.527s] Invoked command in '/home/jj/dual_dummy/src/arm_control/build/arm_control' returned '0': CMAKE_PREFIX_PATH=/opt/ros/humble /usr/bin/cmake --build /home/jj/dual_dummy/src/arm_control/build/arm_control -- -j4 -l4
[0.542s] Invoking command in '/home/jj/dual_dummy/src/arm_control/build/arm_control': CMAKE_PREFIX_PATH=/opt/ros/humble /usr/bin/cmake --install /home/jj/dual_dummy/src/arm_control/build/arm_control
[0.552s] -- Install configuration: ""
[0.552s] -- Up-to-date: /home/jj/dual_dummy/src/arm_control/install/arm_control/share/ament_index/resource_index/rosidl_interfaces/arm_control
[0.552s] -- Up-to-date: /home/jj/dual_dummy/src/arm_control/install/arm_control/include/arm_control/arm_control
[0.553s] -- Up-to-date: /home/jj/dual_dummy/src/arm_control/install/arm_control/include/arm_control/arm_control/msg
[0.554s] -- Up-to-date: /home/jj/dual_dummy/src/arm_control/install/arm_control/include/arm_control/arm_control/msg/control_command.h
[0.554s] -- Up-to-date: /home/jj/dual_dummy/src/arm_control/install/arm_control/include/arm_control/arm_control/msg/rosidl_generator_c__visibility_control.h
[0.554s] -- Up-to-date: /home/jj/dual_dummy/src/arm_control/install/arm_control/include/arm_control/arm_control/msg/ik_result.h
[0.554s] -- Up-to-date: /home/jj/dual_dummy/src/arm_control/install/arm_control/include/arm_control/arm_control/msg/detail
[0.554s] -- Up-to-date: /home/jj/dual_dummy/src/arm_control/install/arm_control/include/arm_control/arm_control/msg/detail/trajectory_point__functions.h
[0.554s] -- Up-to-date: /home/jj/dual_dummy/src/arm_control/install/arm_control/include/arm_control/arm_control/msg/detail/control_command__type_support.h
[0.555s] -- Up-to-date: /home/jj/dual_dummy/src/arm_control/install/arm_control/include/arm_control/arm_control/msg/detail/trajectory_point__struct.h
[0.555s] -- Up-to-date: /home/jj/dual_dummy/src/arm_control/install/arm_control/include/arm_control/arm_control/msg/detail/ik_result__struct.h
[0.555s] -- Up-to-date: /home/jj/dual_dummy/src/arm_control/install/arm_control/include/arm_control/arm_control/msg/detail/control_command__functions.h
[0.555s] -- Up-to-date: /home/jj/dual_dummy/src/arm_control/install/arm_control/include/arm_control/arm_control/msg/detail/control_command__struct.h
[0.555s] -- Up-to-date: /home/jj/dual_dummy/src/arm_control/install/arm_control/include/arm_control/arm_control/msg/detail/trajectory_point__functions.c
[0.555s] -- Up-to-date: /home/jj/dual_dummy/src/arm_control/install/arm_control/include/arm_control/arm_control/msg/detail/ik_result__functions.c
[0.555s] -- Up-to-date: /home/jj/dual_dummy/src/arm_control/install/arm_control/include/arm_control/arm_control/msg/detail/control_command__functions.c
[0.555s] -- Up-to-date: /home/jj/dual_dummy/src/arm_control/install/arm_control/include/arm_control/arm_control/msg/detail/trajectory_point__type_support.h
[0.555s] -- Up-to-date: /home/jj/dual_dummy/src/arm_control/install/arm_control/include/arm_control/arm_control/msg/detail/ik_result__type_support.h
[0.555s] -- Up-to-date: /home/jj/dual_dummy/src/arm_control/install/arm_control/include/arm_control/arm_control/msg/detail/ik_result__functions.h
[0.555s] -- Up-to-date: /home/jj/dual_dummy/src/arm_control/install/arm_control/include/arm_control/arm_control/msg/trajectory_point.h
[0.555s] -- Up-to-date: /home/jj/dual_dummy/src/arm_control/install/arm_control/share/arm_control/environment/library_path.sh
[0.555s] -- Up-to-date: /home/jj/dual_dummy/src/arm_control/install/arm_control/share/arm_control/environment/library_path.dsv
[0.555s] -- Up-to-date: /home/jj/dual_dummy/src/arm_control/install/arm_control/lib/libarm_control__rosidl_generator_c.so
[0.556s] -- Up-to-date: /home/jj/dual_dummy/src/arm_control/install/arm_control/include/arm_control/arm_control
[0.556s] -- Up-to-date: /home/jj/dual_dummy/src/arm_control/install/arm_control/include/arm_control/arm_control/msg
[0.556s] -- Up-to-date: /home/jj/dual_dummy/src/arm_control/install/arm_control/include/arm_control/arm_control/msg/rosidl_typesupport_fastrtps_c__visibility_control.h
[0.556s] -- Up-to-date: /home/jj/dual_dummy/src/arm_control/install/arm_control/include/arm_control/arm_control/msg/detail
[0.556s] -- Up-to-date: /home/jj/dual_dummy/src/arm_control/install/arm_control/include/arm_control/arm_control/msg/detail/ik_result__rosidl_typesupport_fastrtps_c.h
[0.556s] -- Up-to-date: /home/jj/dual_dummy/src/arm_control/install/arm_control/include/arm_control/arm_control/msg/detail/control_command__rosidl_typesupport_fastrtps_c.h
[0.556s] -- Up-to-date: /home/jj/dual_dummy/src/arm_control/install/arm_control/include/arm_control/arm_control/msg/detail/trajectory_point__rosidl_typesupport_fastrtps_c.h
[0.556s] -- Up-to-date: /home/jj/dual_dummy/src/arm_control/install/arm_control/lib/libarm_control__rosidl_typesupport_fastrtps_c.so
[0.556s] -- Up-to-date: /home/jj/dual_dummy/src/arm_control/install/arm_control/include/arm_control/arm_control
[0.556s] -- Up-to-date: /home/jj/dual_dummy/src/arm_control/install/arm_control/include/arm_control/arm_control/msg
[0.556s] -- Up-to-date: /home/jj/dual_dummy/src/arm_control/install/arm_control/include/arm_control/arm_control/msg/control_command.hpp
[0.556s] -- Up-to-date: /home/jj/dual_dummy/src/arm_control/install/arm_control/include/arm_control/arm_control/msg/ik_result.hpp
[0.556s] -- Up-to-date: /home/jj/dual_dummy/src/arm_control/install/arm_control/include/arm_control/arm_control/msg/rosidl_generator_cpp__visibility_control.hpp
[0.556s] -- Up-to-date: /home/jj/dual_dummy/src/arm_control/install/arm_control/include/arm_control/arm_control/msg/trajectory_point.hpp
[0.557s] -- Up-to-date: /home/jj/dual_dummy/src/arm_control/install/arm_control/include/arm_control/arm_control/msg/detail
[0.557s] -- Up-to-date: /home/jj/dual_dummy/src/arm_control/install/arm_control/include/arm_control/arm_control/msg/detail/control_command__type_support.hpp
[0.557s] -- Up-to-date: /home/jj/dual_dummy/src/arm_control/install/arm_control/include/arm_control/arm_control/msg/detail/trajectory_point__type_support.hpp
[0.557s] -- Up-to-date: /home/jj/dual_dummy/src/arm_control/install/arm_control/include/arm_control/arm_control/msg/detail/trajectory_point__struct.hpp
[0.557s] -- Up-to-date: /home/jj/dual_dummy/src/arm_control/install/arm_control/include/arm_control/arm_control/msg/detail/ik_result__builder.hpp
[0.557s] -- Up-to-date: /home/jj/dual_dummy/src/arm_control/install/arm_control/include/arm_control/arm_control/msg/detail/control_command__struct.hpp
[0.558s] -- Up-to-date: /home/jj/dual_dummy/src/arm_control/install/arm_control/include/arm_control/arm_control/msg/detail/trajectory_point__builder.hpp
[0.558s] -- Up-to-date: /home/jj/dual_dummy/src/arm_control/install/arm_control/include/arm_control/arm_control/msg/detail/ik_result__struct.hpp
[0.558s] -- Up-to-date: /home/jj/dual_dummy/src/arm_control/install/arm_control/include/arm_control/arm_control/msg/detail/control_command__builder.hpp
[0.558s] -- Up-to-date: /home/jj/dual_dummy/src/arm_control/install/arm_control/include/arm_control/arm_control/msg/detail/ik_result__type_support.hpp
[0.558s] -- Up-to-date: /home/jj/dual_dummy/src/arm_control/install/arm_control/include/arm_control/arm_control/msg/detail/control_command__traits.hpp
[0.558s] -- Up-to-date: /home/jj/dual_dummy/src/arm_control/install/arm_control/include/arm_control/arm_control/msg/detail/trajectory_point__traits.hpp
[0.558s] -- Up-to-date: /home/jj/dual_dummy/src/arm_control/install/arm_control/include/arm_control/arm_control/msg/detail/ik_result__traits.hpp
[0.558s] -- Up-to-date: /home/jj/dual_dummy/src/arm_control/install/arm_control/include/arm_control/arm_control
[0.559s] -- Up-to-date: /home/jj/dual_dummy/src/arm_control/install/arm_control/include/arm_control/arm_control/msg
[0.559s] -- Up-to-date: /home/jj/dual_dummy/src/arm_control/install/arm_control/include/arm_control/arm_control/msg/rosidl_typesupport_fastrtps_cpp__visibility_control.h
[0.559s] -- Up-to-date: /home/jj/dual_dummy/src/arm_control/install/arm_control/include/arm_control/arm_control/msg/detail
[0.559s] -- Up-to-date: /home/jj/dual_dummy/src/arm_control/install/arm_control/include/arm_control/arm_control/msg/detail/dds_fastrtps
[0.559s] -- Up-to-date: /home/jj/dual_dummy/src/arm_control/install/arm_control/include/arm_control/arm_control/msg/detail/ik_result__rosidl_typesupport_fastrtps_cpp.hpp
[0.559s] -- Up-to-date: /home/jj/dual_dummy/src/arm_control/install/arm_control/include/arm_control/arm_control/msg/detail/control_command__rosidl_typesupport_fastrtps_cpp.hpp
[0.559s] -- Up-to-date: /home/jj/dual_dummy/src/arm_control/install/arm_control/include/arm_control/arm_control/msg/detail/trajectory_point__rosidl_typesupport_fastrtps_cpp.hpp
[0.559s] -- Up-to-date: /home/jj/dual_dummy/src/arm_control/install/arm_control/lib/libarm_control__rosidl_typesupport_fastrtps_cpp.so
[0.559s] -- Up-to-date: /home/jj/dual_dummy/src/arm_control/install/arm_control/include/arm_control/arm_control
[0.559s] -- Up-to-date: /home/jj/dual_dummy/src/arm_control/install/arm_control/include/arm_control/arm_control/msg
[0.559s] -- Up-to-date: /home/jj/dual_dummy/src/arm_control/install/arm_control/include/arm_control/arm_control/msg/rosidl_typesupport_introspection_c__visibility_control.h
[0.559s] -- Up-to-date: /home/jj/dual_dummy/src/arm_control/install/arm_control/include/arm_control/arm_control/msg/detail
[0.560s] -- Up-to-date: /home/jj/dual_dummy/src/arm_control/install/arm_control/include/arm_control/arm_control/msg/detail/trajectory_point__rosidl_typesupport_introspection_c.h
[0.560s] -- Up-to-date: /home/jj/dual_dummy/src/arm_control/install/arm_control/include/arm_control/arm_control/msg/detail/ik_result__rosidl_typesupport_introspection_c.h
[0.560s] -- Up-to-date: /home/jj/dual_dummy/src/arm_control/install/arm_control/include/arm_control/arm_control/msg/detail/control_command__rosidl_typesupport_introspection_c.h
[0.560s] -- Up-to-date: /home/jj/dual_dummy/src/arm_control/install/arm_control/include/arm_control/arm_control/msg/detail/control_command__type_support.c
[0.560s] -- Up-to-date: /home/jj/dual_dummy/src/arm_control/install/arm_control/include/arm_control/arm_control/msg/detail/trajectory_point__type_support.c
[0.560s] -- Up-to-date: /home/jj/dual_dummy/src/arm_control/install/arm_control/include/arm_control/arm_control/msg/detail/ik_result__type_support.c
[0.560s] -- Up-to-date: /home/jj/dual_dummy/src/arm_control/install/arm_control/lib/libarm_control__rosidl_typesupport_introspection_c.so
[0.560s] -- Up-to-date: /home/jj/dual_dummy/src/arm_control/install/arm_control/lib/libarm_control__rosidl_typesupport_c.so
[0.560s] -- Up-to-date: /home/jj/dual_dummy/src/arm_control/install/arm_control/include/arm_control/arm_control
[0.560s] -- Up-to-date: /home/jj/dual_dummy/src/arm_control/install/arm_control/include/arm_control/arm_control/msg
[0.560s] -- Up-to-date: /home/jj/dual_dummy/src/arm_control/install/arm_control/include/arm_control/arm_control/msg/detail
[0.560s] -- Up-to-date: /home/jj/dual_dummy/src/arm_control/install/arm_control/include/arm_control/arm_control/msg/detail/control_command__type_support.cpp
[0.560s] -- Up-to-date: /home/jj/dual_dummy/src/arm_control/install/arm_control/include/arm_control/arm_control/msg/detail/trajectory_point__type_support.cpp
[0.561s] -- Up-to-date: /home/jj/dual_dummy/src/arm_control/install/arm_control/include/arm_control/arm_control/msg/detail/trajectory_point__rosidl_typesupport_introspection_cpp.hpp
[0.561s] -- Up-to-date: /home/jj/dual_dummy/src/arm_control/install/arm_control/include/arm_control/arm_control/msg/detail/control_command__rosidl_typesupport_introspection_cpp.hpp
[0.561s] -- Up-to-date: /home/jj/dual_dummy/src/arm_control/install/arm_control/include/arm_control/arm_control/msg/detail/ik_result__type_support.cpp
[0.561s] -- Up-to-date: /home/jj/dual_dummy/src/arm_control/install/arm_control/include/arm_control/arm_control/msg/detail/ik_result__rosidl_typesupport_introspection_cpp.hpp
[0.561s] -- Up-to-date: /home/jj/dual_dummy/src/arm_control/install/arm_control/lib/libarm_control__rosidl_typesupport_introspection_cpp.so
[0.561s] -- Up-to-date: /home/jj/dual_dummy/src/arm_control/install/arm_control/lib/libarm_control__rosidl_typesupport_cpp.so
[0.561s] -- Up-to-date: /home/jj/dual_dummy/src/arm_control/install/arm_control/share/arm_control/environment/pythonpath.sh
[0.561s] -- Up-to-date: /home/jj/dual_dummy/src/arm_control/install/arm_control/share/arm_control/environment/pythonpath.dsv
[0.561s] -- Up-to-date: /home/jj/dual_dummy/src/arm_control/install/arm_control/local/lib/python3.10/dist-packages/arm_control-0.0.0-py3.10.egg-info
[0.561s] -- Installing: /home/jj/dual_dummy/src/arm_control/install/arm_control/local/lib/python3.10/dist-packages/arm_control-0.0.0-py3.10.egg-info/top_level.txt
[0.561s] -- Installing: /home/jj/dual_dummy/src/arm_control/install/arm_control/local/lib/python3.10/dist-packages/arm_control-0.0.0-py3.10.egg-info/dependency_links.txt
[0.561s] -- Installing: /home/jj/dual_dummy/src/arm_control/install/arm_control/local/lib/python3.10/dist-packages/arm_control-0.0.0-py3.10.egg-info/SOURCES.txt
[0.561s] -- Installing: /home/jj/dual_dummy/src/arm_control/install/arm_control/local/lib/python3.10/dist-packages/arm_control-0.0.0-py3.10.egg-info/PKG-INFO
[0.562s] -- Up-to-date: /home/jj/dual_dummy/src/arm_control/install/arm_control/local/lib/python3.10/dist-packages/arm_control
[0.562s] -- Up-to-date: /home/jj/dual_dummy/src/arm_control/install/arm_control/local/lib/python3.10/dist-packages/arm_control/arm_control_s__rosidl_typesupport_introspection_c.cpython-310-x86_64-linux-gnu.so
[0.562s] -- Up-to-date: /home/jj/dual_dummy/src/arm_control/install/arm_control/local/lib/python3.10/dist-packages/arm_control/_arm_control_s.ep.rosidl_typesupport_c.c
[0.562s] -- Up-to-date: /home/jj/dual_dummy/src/arm_control/install/arm_control/local/lib/python3.10/dist-packages/arm_control/__init__.py
[0.562s] -- Up-to-date: /home/jj/dual_dummy/src/arm_control/install/arm_control/local/lib/python3.10/dist-packages/arm_control/_arm_control_s.ep.rosidl_typesupport_fastrtps_c.c
[0.562s] -- Up-to-date: /home/jj/dual_dummy/src/arm_control/install/arm_control/local/lib/python3.10/dist-packages/arm_control/libarm_control__rosidl_generator_py.so
[0.562s] -- Up-to-date: /home/jj/dual_dummy/src/arm_control/install/arm_control/local/lib/python3.10/dist-packages/arm_control/_arm_control_s.ep.rosidl_typesupport_introspection_c.c
[0.562s] -- Up-to-date: /home/jj/dual_dummy/src/arm_control/install/arm_control/local/lib/python3.10/dist-packages/arm_control/arm_control_s__rosidl_typesupport_c.cpython-310-x86_64-linux-gnu.so
[0.562s] -- Up-to-date: /home/jj/dual_dummy/src/arm_control/install/arm_control/local/lib/python3.10/dist-packages/arm_control/msg
[0.562s] -- Up-to-date: /home/jj/dual_dummy/src/arm_control/install/arm_control/local/lib/python3.10/dist-packages/arm_control/msg/_ik_result_s.c
[0.562s] -- Up-to-date: /home/jj/dual_dummy/src/arm_control/install/arm_control/local/lib/python3.10/dist-packages/arm_control/msg/_trajectory_point.py
[0.562s] -- Up-to-date: /home/jj/dual_dummy/src/arm_control/install/arm_control/local/lib/python3.10/dist-packages/arm_control/msg/_control_command.py
[0.563s] -- Up-to-date: /home/jj/dual_dummy/src/arm_control/install/arm_control/local/lib/python3.10/dist-packages/arm_control/msg/__init__.py
[0.563s] -- Up-to-date: /home/jj/dual_dummy/src/arm_control/install/arm_control/local/lib/python3.10/dist-packages/arm_control/msg/_control_command_s.c
[0.563s] -- Up-to-date: /home/jj/dual_dummy/src/arm_control/install/arm_control/local/lib/python3.10/dist-packages/arm_control/msg/_ik_result.py
[0.563s] -- Up-to-date: /home/jj/dual_dummy/src/arm_control/install/arm_control/local/lib/python3.10/dist-packages/arm_control/msg/_trajectory_point_s.c
[0.563s] -- Up-to-date: /home/jj/dual_dummy/src/arm_control/install/arm_control/local/lib/python3.10/dist-packages/arm_control/arm_control_s__rosidl_typesupport_fastrtps_c.cpython-310-x86_64-linux-gnu.so
[0.589s] Listing '/home/jj/dual_dummy/src/arm_control/install/arm_control/local/lib/python3.10/dist-packages/arm_control'...
[0.589s] Listing '/home/jj/dual_dummy/src/arm_control/install/arm_control/local/lib/python3.10/dist-packages/arm_control/msg'...
[0.594s] -- Up-to-date: /home/jj/dual_dummy/src/arm_control/install/arm_control/local/lib/python3.10/dist-packages/arm_control/arm_control_s__rosidl_typesupport_fastrtps_c.cpython-310-x86_64-linux-gnu.so
[0.595s] -- Up-to-date: /home/jj/dual_dummy/src/arm_control/install/arm_control/local/lib/python3.10/dist-packages/arm_control/arm_control_s__rosidl_typesupport_introspection_c.cpython-310-x86_64-linux-gnu.so
[0.595s] -- Up-to-date: /home/jj/dual_dummy/src/arm_control/install/arm_control/local/lib/python3.10/dist-packages/arm_control/arm_control_s__rosidl_typesupport_c.cpython-310-x86_64-linux-gnu.so
[0.596s] -- Up-to-date: /home/jj/dual_dummy/src/arm_control/install/arm_control/lib/libarm_control__rosidl_generator_py.so
[0.596s] -- Up-to-date: /home/jj/dual_dummy/src/arm_control/install/arm_control/share/arm_control/msg/IKResult.idl
[0.596s] -- Up-to-date: /home/jj/dual_dummy/src/arm_control/install/arm_control/share/arm_control/msg/TrajectoryPoint.idl
[0.597s] -- Up-to-date: /home/jj/dual_dummy/src/arm_control/install/arm_control/share/arm_control/msg/ControlCommand.idl
[0.597s] -- Up-to-date: /home/jj/dual_dummy/src/arm_control/install/arm_control/share/arm_control/msg/IKResult.msg
[0.597s] -- Up-to-date: /home/jj/dual_dummy/src/arm_control/install/arm_control/share/arm_control/msg/TrajectoryPoint.msg
[0.597s] -- Up-to-date: /home/jj/dual_dummy/src/arm_control/install/arm_control/share/arm_control/msg/ControlCommand.msg
[0.597s] -- Up-to-date: /home/jj/dual_dummy/src/arm_control/install/arm_control/lib/arm_control/ik_node
[0.597s] -- Up-to-date: /home/jj/dual_dummy/src/arm_control/install/arm_control/lib/arm_control/trajectory_node
[0.597s] -- Up-to-date: /home/jj/dual_dummy/src/arm_control/install/arm_control/lib/arm_control/arm_controller_node
[0.598s] -- Up-to-date: /home/jj/dual_dummy/src/arm_control/install/arm_control/lib/arm_control/trajectory_viewer
[0.598s] -- Up-to-date: /home/jj/dual_dummy/src/arm_control/install/arm_control/share/arm_control/msg
[0.598s] -- Up-to-date: /home/jj/dual_dummy/src/arm_control/install/arm_control/share/arm_control/msg/ControlCommand.msg
[0.598s] -- Up-to-date: /home/jj/dual_dummy/src/arm_control/install/arm_control/share/arm_control/msg/TrajectoryPoint.msg
[0.598s] -- Up-to-date: /home/jj/dual_dummy/src/arm_control/install/arm_control/share/arm_control/msg/IKResult.msg
[0.598s] -- Up-to-date: /home/jj/dual_dummy/src/arm_control/install/arm_control/share/ament_index/resource_index/package_run_dependencies/arm_control
[0.599s] -- Up-to-date: /home/jj/dual_dummy/src/arm_control/install/arm_control/share/ament_index/resource_index/parent_prefix_path/arm_control
[0.599s] -- Up-to-date: /home/jj/dual_dummy/src/arm_control/install/arm_control/share/arm_control/environment/ament_prefix_path.sh
[0.599s] -- Up-to-date: /home/jj/dual_dummy/src/arm_control/install/arm_control/share/arm_control/environment/ament_prefix_path.dsv
[0.599s] -- Up-to-date: /home/jj/dual_dummy/src/arm_control/install/arm_control/share/arm_control/environment/path.sh
[0.599s] -- Up-to-date: /home/jj/dual_dummy/src/arm_control/install/arm_control/share/arm_control/environment/path.dsv
[0.599s] -- Up-to-date: /home/jj/dual_dummy/src/arm_control/install/arm_control/share/arm_control/local_setup.bash
[0.599s] -- Up-to-date: /home/jj/dual_dummy/src/arm_control/install/arm_control/share/arm_control/local_setup.sh
[0.599s] -- Up-to-date: /home/jj/dual_dummy/src/arm_control/install/arm_control/share/arm_control/local_setup.zsh
[0.600s] -- Up-to-date: /home/jj/dual_dummy/src/arm_control/install/arm_control/share/arm_control/local_setup.dsv
[0.600s] -- Installing: /home/jj/dual_dummy/src/arm_control/install/arm_control/share/arm_control/package.dsv
[0.600s] -- Up-to-date: /home/jj/dual_dummy/src/arm_control/install/arm_control/share/ament_index/resource_index/packages/arm_control
[0.600s] -- Up-to-date: /home/jj/dual_dummy/src/arm_control/install/arm_control/share/arm_control/cmake/export_arm_control__rosidl_generator_cExport.cmake
[0.600s] -- Up-to-date: /home/jj/dual_dummy/src/arm_control/install/arm_control/share/arm_control/cmake/export_arm_control__rosidl_generator_cExport-noconfig.cmake
[0.600s] -- Up-to-date: /home/jj/dual_dummy/src/arm_control/install/arm_control/share/arm_control/cmake/export_arm_control__rosidl_typesupport_fastrtps_cExport.cmake
[0.600s] -- Up-to-date: /home/jj/dual_dummy/src/arm_control/install/arm_control/share/arm_control/cmake/export_arm_control__rosidl_typesupport_fastrtps_cExport-noconfig.cmake
[0.600s] -- Up-to-date: /home/jj/dual_dummy/src/arm_control/install/arm_control/share/arm_control/cmake/export_arm_control__rosidl_generator_cppExport.cmake
[0.600s] -- Up-to-date: /home/jj/dual_dummy/src/arm_control/install/arm_control/share/arm_control/cmake/export_arm_control__rosidl_typesupport_fastrtps_cppExport.cmake
[0.601s] -- Up-to-date: /home/jj/dual_dummy/src/arm_control/install/arm_control/share/arm_control/cmake/export_arm_control__rosidl_typesupport_fastrtps_cppExport-noconfig.cmake
[0.601s] -- Up-to-date: /home/jj/dual_dummy/src/arm_control/install/arm_control/share/arm_control/cmake/arm_control__rosidl_typesupport_introspection_cExport.cmake
[0.601s] -- Up-to-date: /home/jj/dual_dummy/src/arm_control/install/arm_control/share/arm_control/cmake/arm_control__rosidl_typesupport_introspection_cExport-noconfig.cmake
[0.601s] -- Up-to-date: /home/jj/dual_dummy/src/arm_control/install/arm_control/share/arm_control/cmake/arm_control__rosidl_typesupport_cExport.cmake
[0.601s] -- Up-to-date: /home/jj/dual_dummy/src/arm_control/install/arm_control/share/arm_control/cmake/arm_control__rosidl_typesupport_cExport-noconfig.cmake
[0.601s] -- Up-to-date: /home/jj/dual_dummy/src/arm_control/install/arm_control/share/arm_control/cmake/arm_control__rosidl_typesupport_introspection_cppExport.cmake
[0.601s] -- Up-to-date: /home/jj/dual_dummy/src/arm_control/install/arm_control/share/arm_control/cmake/arm_control__rosidl_typesupport_introspection_cppExport-noconfig.cmake
[0.602s] -- Up-to-date: /home/jj/dual_dummy/src/arm_control/install/arm_control/share/arm_control/cmake/arm_control__rosidl_typesupport_cppExport.cmake
[0.602s] -- Up-to-date: /home/jj/dual_dummy/src/arm_control/install/arm_control/share/arm_control/cmake/arm_control__rosidl_typesupport_cppExport-noconfig.cmake
[0.602s] -- Up-to-date: /home/jj/dual_dummy/src/arm_control/install/arm_control/share/arm_control/cmake/export_arm_control__rosidl_generator_pyExport.cmake
[0.602s] -- Up-to-date: /home/jj/dual_dummy/src/arm_control/install/arm_control/share/arm_control/cmake/export_arm_control__rosidl_generator_pyExport-noconfig.cmake
[0.602s] -- Up-to-date: /home/jj/dual_dummy/src/arm_control/install/arm_control/share/arm_control/cmake/rosidl_cmake-extras.cmake
[0.602s] -- Up-to-date: /home/jj/dual_dummy/src/arm_control/install/arm_control/share/arm_control/cmake/ament_cmake_export_dependencies-extras.cmake
[0.602s] -- Up-to-date: /home/jj/dual_dummy/src/arm_control/install/arm_control/share/arm_control/cmake/ament_cmake_export_include_directories-extras.cmake
[0.602s] -- Up-to-date: /home/jj/dual_dummy/src/arm_control/install/arm_control/share/arm_control/cmake/ament_cmake_export_libraries-extras.cmake
[0.602s] -- Up-to-date: /home/jj/dual_dummy/src/arm_control/install/arm_control/share/arm_control/cmake/ament_cmake_export_targets-extras.cmake
[0.602s] -- Up-to-date: /home/jj/dual_dummy/src/arm_control/install/arm_control/share/arm_control/cmake/rosidl_cmake_export_typesupport_targets-extras.cmake
[0.602s] -- Up-to-date: /home/jj/dual_dummy/src/arm_control/install/arm_control/share/arm_control/cmake/rosidl_cmake_export_typesupport_libraries-extras.cmake
[0.602s] -- Up-to-date: /home/jj/dual_dummy/src/arm_control/install/arm_control/share/arm_control/cmake/arm_controlConfig.cmake
[0.602s] -- Up-to-date: /home/jj/dual_dummy/src/arm_control/install/arm_control/share/arm_control/cmake/arm_controlConfig-version.cmake
[0.603s] -- Up-to-date: /home/jj/dual_dummy/src/arm_control/install/arm_control/share/arm_control/package.xml
[0.605s] Invoked command in '/home/jj/dual_dummy/src/arm_control/build/arm_control' returned '0': CMAKE_PREFIX_PATH=/opt/ros/humble /usr/bin/cmake --install /home/jj/dual_dummy/src/arm_control/build/arm_control
